  Creating makefile for ChaosVisualDebugger (no existing makefile)
  Parsing headers for ChaosVisualDebugger
    Running UnrealHeaderTool ChaosVisualDebugger "D:\ub\Engine\Intermediate\Build\Win64\ChaosVisualDebugger\Development\ChaosVisualDebugger.uhtmanifest" -LogCmds="loginit warning, logexit warning, logdatabase error" -Unattended -WarningsAsErrors -abslog="D:\ub\Engine\Programs\UnrealBuildTool\Log_UHT.txt"
  LogInit: Display: Loading text-based GConfig....
  Reflection code generated for ChaosVisualDebugger in 3.8952986 seconds
  Building ChaosVisualDebugger...
  Using Visual Studio 2019 14.29.30133 toolchain (C:\Program Files (x86)\Microsoft Visual Studio\2019\Community\VC\Tools\MSVC\14.29.30133) and Windows 10.0.18362.0 SDK (C:\Program Files (x86)\Windows Kits\10).
  Building 112 actions with 8 processes...
    [1/112] BuildSettings.cpp
    [2/112] PCH.ImageWrapper.cpp
    [3/112] Default.rc2
    [4/112] Module.TraceLog.cpp
    [5/112] SharedPCH.Core.ShadowErrors.cpp
    [6/112] PCH.Core.cpp
    [7/112] SharedPCH.CoreUObject.ShadowErrors.cpp
    [8/112] Module.ImageWrapper.gen.cpp
    [9/112] PCH.CoreUObject.cpp
    [10/112] Module.ImageWrapper.cpp
    [11/112] Module.Settings.cpp
    [12/112] Module.Projects.cpp
    [13/112] AutomationMessagesModule.cpp
    [14/112] EngineMessagesModule.cpp
    [15/112] Module.Json.cpp
    [16/112] Module.AutomationController.cpp
    [17/112] Module.SessionServices.cpp
    [18/112] SharedPCH.Slate.ShadowErrors.cpp
    [19/112] SessionServiceMessages.gen.cpp
    [20/112] Module.SourceCodeAccess.gen.cpp
    [21/112] SessionMessages.init.gen.cpp
    [22/112] Module.SlateReflector.gen.cpp
    [23/112] Module.SourceCodeAccess.cpp
    [24/112] Module.EditorStyle.gen.cpp
    [25/112] Module.RenderCore.2_of_3.cpp
    [26/112] Module.AutomationWindow.gen.cpp
    [27/112] Module.ScreenShotComparisonTools.cpp
    [28/112] Module.InputCore.gen.cpp
    [29/112] Module.StandaloneRenderer.cpp
    [30/112] Analytics.cpp
    [31/112] Module.SlateCore.2_of_3.cpp
    [32/112] SessionMessagesModule.cpp
    [33/112] Module.SlateCore.1_of_3.cpp
    [34/112] Module.ScreenShotComparisonTools.gen.cpp
    [35/112] AutomationWorkerMessages.gen.cpp
    [36/112] Module.ApplicationCore.cpp
    [37/112] EngineServiceMessages.gen.cpp
    [38/112] Module.InputCore.cpp
    [39/112] Module.MessageLog.cpp
    [40/112] EngineMessages.init.gen.cpp
    [41/112] AutomationMessages.init.gen.cpp
    [42/112] FileServerMessages.gen.cpp
    [43/112] UnrealEdMessagesModule.cpp
    [44/112] Module.EditorStyle.cpp
    [45/112] Module.Slate.gen.cpp
    [46/112] Module.DesktopPlatform.cpp
    [47/112] Module.TraceServices.cpp
    [48/112] Module.AutomationWindow.cpp
    [49/112] Module.SlateCore.3_of_3.cpp
    [50/112] Module.AutomationWorker.cpp
    [51/112] Module.RenderCore.3_of_3.cpp
    [52/112] Module.Slate.5_of_5.cpp
    [53/112] Module.SSL.cpp
    [54/112] Module.RHI.cpp
    [55/112] Module.TraceAnalysis.cpp
    [56/112] Module.Cbor.cpp
    [57/112] Module.AppFramework.cpp
    [58/112] UnrealEdMessages.init.gen.cpp
    [59/112] Module.GeForceNOWWrapper.cpp
    [60/112] Module.SlateCore.gen.cpp
    [61/112] Module.TraceInsights.5_of_5.cpp
    [62/112] AssetEditorMessages.gen.cpp
    [63/112] Module.Messaging.cpp
    [64/112] Module.Slate.3_of_5.cpp
    [65/112] Module.ChaosVisualDebugger.cpp
    [66/112] Module.Sockets.cpp
    [67/112] Module.Slate.4_of_5.cpp
    [68/112] Module.AutomationController.gen.cpp
    [69/112] Module.AssetRegistry.gen.cpp
    [70/112] WorkspaceMenuStructureModule.cpp
    [71/112] Module.HTTP.cpp
    [72/112] Module.AnalyticsET.cpp
    [73/112] Module.TraceInsights.3_of_5.cpp
    [74/112] NetCommonModule.cpp
    [75/112] Module.Slate.1_of_5.cpp
    [76/112] Module.XmlParser.cpp
    [77/112] Module.JsonUtilities.cpp
    [78/112] Module.JsonUtilities.gen.cpp
    [79/112] Module.Core.7_of_15.cpp
    [80/112] Module.Core.10_of_15.cpp
    [81/112] Module.Core.2_of_15.cpp
    [82/112] Module.Core.4_of_15.cpp
    [83/112] Module.Core.5_of_15.cpp
    [84/112] Module.TraceInsights.4_of_5.cpp
    [85/112] Module.TraceInsights.1_of_5.cpp
    [86/112] Module.Slate.2_of_5.cpp
    [87/112] Module.Core.3_of_15.cpp
    [88/112] Module.TraceInsights.2_of_5.cpp
    [89/112] Module.Core.1_of_15.cpp
    [90/112] Module.Core.9_of_15.cpp
    [91/112] Module.Core.13_of_15.cpp
    [92/112] Module.Core.15_of_15.cpp
    [93/112] Module.Core.14_of_15.cpp
    [94/112] Module.CoreUObject.gen.cpp
    [95/112] Module.CoreUObject.3_of_9.cpp
    [96/112] Module.CoreUObject.9_of_9.cpp
    [97/112] Module.CoreUObject.1_of_9.cpp
    [98/112] Module.Core.8_of_15.cpp
    [99/112] Module.CoreUObject.2_of_9.cpp
    [100/112] Module.CoreUObject.6_of_9.cpp
    [101/112] Module.CoreUObject.7_of_9.cpp
    [102/112] Module.Core.11_of_15.cpp
    [103/112] Module.Core.12_of_15.cpp
    [104/112] Module.CoreUObject.8_of_9.cpp
    [105/112] Module.Core.6_of_15.cpp
    [106/112] Module.RenderCore.1_of_3.cpp
    [107/112] Module.CoreUObject.5_of_9.cpp
    [108/112] Module.CoreUObject.4_of_9.cpp
    [109/112] Module.AssetRegistry.cpp
    [110/112] Module.SlateReflector.cpp
    [111/112] ChaosVisualDebugger.exe
       D:\ub\Engine\Binaries\Win64\ChaosVisualDebugger.lib 占쏙옙占싱브러占쏙옙 占쏙옙 D:\ub\Engine\Binaries\Win64\ChaosVisualDebugger.exp 占쏙옙체占쏙옙 占쏙옙占쏙옙占싹곤옙 占쌍쏙옙占싹댐옙.
    [112/112] ChaosVisualDebugger.target
  Total time in Parallel executor: 396.81 seconds
  Total execution time: 31631.60 seconds
