  Creating makefile for CrashReportClient (no existing makefile)
  Parsing headers for CrashReportClient
    Running UnrealHeaderTool CrashReportClient "D:\ub\Engine\Intermediate\Build\Win64\CrashReportClient\Development\CrashReportClient.uhtmanifest" -LogCmds="loginit warning, logexit warning, logdatabase error" -Unattended -WarningsAsErrors -abslog="D:\ub\Engine\Programs\UnrealBuildTool\Log_UHT.txt"
  LogInit: Display: Loading text-based GConfig....
  Reflection code generated for CrashReportClient in 2.7047007 seconds
  Building CrashReportClient...
  Using Visual Studio 2019 14.29.30133 toolchain (C:\Program Files (x86)\Microsoft Visual Studio\2019\Community\VC\Tools\MSVC\14.29.30133) and Windows 10.0.18362.0 SDK (C:\Program Files (x86)\Windows Kits\10).
  Building 76 actions with 8 processes...
    [1/76] BuildSettings.cpp
    [2/76] Default.rc2
    [3/76] PCH.ImageWrapper.cpp
    [4/76] Module.TraceLog.cpp
    [5/76] SharedPCH.Core.ShadowErrors.cpp
    [6/76] NetCommonModule.cpp
    [7/76] SharedPCH.CoreUObject.ShadowErrors.cpp
    [8/76] PCH.Core.cpp
    [9/76] Analytics.cpp
    [10/76] Module.ImageWrapper.gen.cpp
    [11/76] Module.SSL.cpp
    [12/76] PCH.CoreUObject.cpp
    [13/76] Module.ImageWrapper.cpp
    [14/76] Module.AnalyticsET.cpp
    [15/76] Module.Projects.cpp
    [16/76] Module.Slate.gen.cpp
    [17/76] Module.HTTP.cpp
    [18/76] SharedPCH.Slate.ShadowErrors.cpp
    [19/76] Module.Messaging.cpp
    [20/76] Module.CrashDebugHelper.cpp
    [21/76] Module.InputCore.gen.cpp
    [22/76] Module.Sockets.cpp
    [23/76] Module.AssetRegistry.gen.cpp
    [24/76] Module.InputCore.cpp
    [25/76] Module.ApplicationCore.cpp
    [26/76] Module.XmlParser.cpp
    [27/76] Module.EditorStyle.gen.cpp
    [28/76] Module.LauncherPlatform.cpp
    [29/76] Module.Json.cpp
    [30/76] Module.Slate.1_of_5.cpp
    [31/76] Module.Slate.3_of_5.cpp
    [32/76] Module.Slate.2_of_5.cpp
    [33/76] RSA.cpp
    [34/76] Module.SlateReflector.gen.cpp
    [35/76] Module.PakFile.cpp
    [36/76] Module.CrashReportCore.cpp
    [37/76] Module.CrashReportClient.cpp
    [38/76] Module.EditorStyle.cpp
    [39/76] Module.SlateCore.2_of_3.cpp
    [40/76] Module.SlateCore.gen.cpp
    [41/76] Module.Slate.5_of_5.cpp
    [42/76] Module.StandaloneRenderer.cpp
    [43/76] Module.Core.9_of_15.cpp
    [44/76] Module.Core.5_of_15.cpp
    [45/76] Module.SlateCore.1_of_3.cpp
    [46/76] Module.CoreUObject.gen.cpp
    [47/76] Module.SlateReflector.cpp
    [48/76] Module.CoreUObject.3_of_9.cpp
    [49/76] Module.AssetRegistry.cpp
    [50/76] Module.Slate.4_of_5.cpp
    [51/76] Module.Core.12_of_15.cpp
    [52/76] Module.CoreUObject.2_of_9.cpp
    [53/76] Module.Core.7_of_15.cpp
    [54/76] Module.Core.3_of_15.cpp
    [55/76] Module.Core.6_of_15.cpp
    [56/76] Module.Core.11_of_15.cpp
    [57/76] Module.CoreUObject.6_of_9.cpp
    [58/76] Module.CoreUObject.8_of_9.cpp
    [59/76] Module.CoreUObject.5_of_9.cpp
    [60/76] Module.Core.4_of_15.cpp
    [61/76] Module.Core.2_of_15.cpp
    [62/76] Module.CoreUObject.9_of_9.cpp
    [63/76] Module.Core.14_of_15.cpp
    [64/76] Module.Core.1_of_15.cpp
    [65/76] Module.Core.15_of_15.cpp
    [66/76] Module.Core.13_of_15.cpp
    [67/76] Module.Core.10_of_15.cpp
    [68/76] Module.CoreUObject.7_of_9.cpp
    [69/76] Module.DesktopPlatform.cpp
    [70/76] Module.MessageLog.cpp
    [71/76] Module.SlateCore.3_of_3.cpp
    [72/76] Module.Core.8_of_15.cpp
    [73/76] Module.CoreUObject.4_of_9.cpp
    [74/76] Module.CoreUObject.1_of_9.cpp
    [75/76] CrashReportClient-Win64-Development.exe
icu.lib(numfmt.obj) : fatal error LNK1235: COFF 占쏙옙호 占쏙옙占싱븝옙占쏙옙 占쌌삼옙퓸占쏙옙킬占?占쌩몌옙占실억옙占쏙옙占싹댐옙.
C:\Program Files (x86)\Microsoft Visual Studio\2019\Community\MSBuild\Microsoft\VC\v160\Microsoft.MakeFile.Targets(45,5): error MSB3073: "D:\ub\Engine\Build\BatchFiles\Build.bat CrashReportClient Win64 Development -WaitMutex -FromMsBuild" 명령이 종료되었습니다(코드: 6).
