  Creating makefile for DatasmithSDK (no existing makefile)
  Building DatasmithSDK...
  Using Visual Studio 2019 14.29.30133 toolchain (C:\Program Files (x86)\Microsoft Visual Studio\2019\Community\VC\Tools\MSVC\14.29.30133) and Windows 10.0.18362.0 SDK (C:\Program Files (x86)\Windows Kits\10).
  Building 75 actions with 8 processes...
    [1/75] PCH.ImageWrapper.cpp
    [2/75] Module.Networking.cpp
    [3/75] PCH.Core.cpp
    [4/75] Module.MeshUtilitiesCommon.cpp
    [5/75] NetCommonModule.cpp
    [6/75] Module.DatasmithCore.gen.cpp
    [7/75] PCH.CoreUObject.cpp
    [8/75] Module.StaticMeshDescription.gen.cpp
    [9/75] Module.Json.cpp
    [10/75] Module.Core.15_of_15.cpp
    [11/75] Module.Core.5_of_15.cpp
    [12/75] Module.CoreUObject.gen.cpp
    [13/75] Module.Core.12_of_15.cpp
    [14/75] Module.Cbor.cpp
    [15/75] Module.SlateCore.2_of_3.cpp
    [16/75] Module.Core.13_of_15.cpp
    [17/75] Module.Core.14_of_15.cpp
    [18/75] Module.Projects.cpp
    [19/75] Module.Serialization.cpp
    [20/75] Module.Serialization.gen.cpp
    [21/75] BuildSettings.cpp
    [22/75] Module.Core.9_of_15.cpp
    [23/75] Module.Core.1_of_15.cpp
    [24/75] Module.InputCore.gen.cpp
    [25/75] Module.TraceLog.cpp
    [26/75] Module.Core.7_of_15.cpp
    [27/75] Module.Core.8_of_15.cpp
    [28/75] Module.UdpMessaging.gen.cpp
    [29/75] Module.UdpMessaging.cpp
    [30/75] Module.ApplicationCore.cpp
    [31/75] Module.InputCore.cpp
    [32/75] Module.Sockets.cpp
    [33/75] Module.Core.10_of_15.cpp
    [34/75] Module.SlateCore.gen.cpp
    [35/75] Module.Core.2_of_15.cpp
    [36/75] Module.XmlParser.cpp
    [37/75] Module.DatasmithExporter.cpp
    [38/75] DatasmithSDK.cpp
    [39/75] Module.Core.3_of_15.cpp
    [40/75] MessagingCommonModule.cpp
    [41/75] Module.ImageWrapper.gen.cpp
    [42/75] Module.DatasmithCore.cpp
    [43/75] Module.StandaloneRenderer.cpp
    [44/75] Module.StaticMeshDescription.cpp
    [45/75] Module.Messaging.cpp
    [46/75] Module.DirectLink.gen.cpp
    [47/75] Module.DirectLink.cpp
    [48/75] Module.SlateCore.3_of_3.cpp
    [49/75] Module.CoreUObject.8_of_9.cpp
    [50/75] Module.Core.11_of_15.cpp
    [51/75] Module.Slate.1_of_5.cpp
    [52/75] Module.CoreUObject.9_of_9.cpp
    [53/75] Module.CoreUObject.6_of_9.cpp
    [54/75] Module.Slate.3_of_5.cpp
    [55/75] Module.Slate.2_of_5.cpp
    [56/75] Module.Core.4_of_15.cpp
    [57/75] Module.Slate.gen.cpp
    [58/75] Module.CoreUObject.5_of_9.cpp
    [59/75] Module.CoreUObject.7_of_9.cpp
    [60/75] Module.Slate.4_of_5.cpp
    [61/75] Module.CoreUObject.3_of_9.cpp
    [62/75] Module.CoreUObject.2_of_9.cpp
    [63/75] Default.rc2
    [64/75] Module.MeshDescription.gen.cpp
    [65/75] RawMesh.cpp
    [66/75] Module.MeshDescription.cpp
    [67/75] Module.Core.6_of_15.cpp
    [68/75] Module.ImageWrapper.cpp
    [69/75] Module.CoreUObject.1_of_9.cpp
    [70/75] Module.CoreUObject.4_of_9.cpp
    [71/75] Module.Slate.5_of_5.cpp
    [72/75] Module.SlateCore.1_of_3.cpp
    [73/75] DatasmithSDK.dll
       D:\ub\Engine\Binaries\Win64\DatasmithSDK\DatasmithSDK.lib 占쏙옙占싱브러占쏙옙 占쏙옙 D:\ub\Engine\Binaries\Win64\DatasmithSDK\DatasmithSDK.exp 占쏙옙체占쏙옙 占쏙옙占쏙옙占싹곤옙 占쌍쏙옙占싹댐옙.
    [74/75] DatasmithSDK.target
    [75/75] Executing post build script (PostBuild-1.bat)
    Copying D:\ub\Engine\Source\Programs\Enterprise\Datasmith\DatasmithSDK\Documentation\*.* to D:\ub\Engine\Binaries\Win64\DatasmithSDK\Documentation\
    D:\ub\Engine\Source\Programs\Enterprise\Datasmith\DatasmithSDK\Documentation\1.Welcome.md
    D:\ub\Engine\Source\Programs\Enterprise\Datasmith\DatasmithSDK\Documentation\2.SetUpYourProject.md
    D:\ub\Engine\Source\Programs\Enterprise\Datasmith\DatasmithSDK\Documentation\3.ExportToDatasmith.md
    D:\ub\Engine\Source\Programs\Enterprise\Datasmith\DatasmithSDK\Documentation\Third Party Software Notices.pdf
    D:\ub\Engine\Source\Programs\Enterprise\Datasmith\DatasmithSDK\Documentation\build\DatasmithSDK_config.txt
    D:\ub\Engine\Source\Programs\Enterprise\Datasmith\DatasmithSDK\Documentation\build\examples.dox
    D:\ub\Engine\Source\Programs\Enterprise\Datasmith\DatasmithSDK\Documentation\build\footer.txt
    D:\ub\Engine\Source\Programs\Enterprise\Datasmith\DatasmithSDK\Documentation\build\header.txt
    D:\ub\Engine\Source\Programs\Enterprise\Datasmith\DatasmithSDK\Documentation\build\run_doxygen.bat
    D:\ub\Engine\Source\Programs\Enterprise\Datasmith\DatasmithSDK\Documentation\build\styles.css
    D:\ub\Engine\Source\Programs\Enterprise\Datasmith\DatasmithSDK\Documentation\build\output\Datasmith SDK Documentation.html
    D:\ub\Engine\Source\Programs\Enterprise\Datasmith\DatasmithSDK\Documentation\build\output\Datasmith SDK Documentation.zip
    12 File(s) copied
    Copying D:\ub\Engine\Source\Runtime\Datasmith\DatasmithCore\Public\*.h to D:\ub\Engine\Binaries\Win64\DatasmithSDK\Public\
    D:\ub\Engine\Source\Runtime\Datasmith\DatasmithCore\Public\DatasmithAnimationElements.h
    D:\ub\Engine\Source\Runtime\Datasmith\DatasmithCore\Public\DatasmithAnimationSerializer.h
    D:\ub\Engine\Source\Runtime\Datasmith\DatasmithCore\Public\DatasmithCore.h
    D:\ub\Engine\Source\Runtime\Datasmith\DatasmithCore\Public\DatasmithDefinitions.h
    D:\ub\Engine\Source\Runtime\Datasmith\DatasmithCore\Public\DatasmithMaterialElements.h
    D:\ub\Engine\Source\Runtime\Datasmith\DatasmithCore\Public\DatasmithMaterialsUtils.h
    D:\ub\Engine\Source\Runtime\Datasmith\DatasmithCore\Public\DatasmithMesh.h
    D:\ub\Engine\Source\Runtime\Datasmith\DatasmithCore\Public\DatasmithMeshUObject.h
    D:\ub\Engine\Source\Runtime\Datasmith\DatasmithCore\Public\DatasmithSceneFactory.h
    D:\ub\Engine\Source\Runtime\Datasmith\DatasmithCore\Public\DatasmithSceneXmlReader.h
    D:\ub\Engine\Source\Runtime\Datasmith\DatasmithCore\Public\DatasmithSceneXmlWriter.h
    D:\ub\Engine\Source\Runtime\Datasmith\DatasmithCore\Public\DatasmithTypes.h
    D:\ub\Engine\Source\Runtime\Datasmith\DatasmithCore\Public\DatasmithUtils.h
    D:\ub\Engine\Source\Runtime\Datasmith\DatasmithCore\Public\DatasmithVariantElements.h
    D:\ub\Engine\Source\Runtime\Datasmith\DatasmithCore\Public\IDatasmithSceneElements.h
    D:\ub\Engine\Source\Runtime\Datasmith\DatasmithCore\Public\DirectLink\DatasmithDirectLinkTools.h
    D:\ub\Engine\Source\Runtime\Datasmith\DatasmithCore\Public\DirectLink\DatasmithSceneReceiver.h
    17 File(s) copied
    Copying D:\ub\Engine\Source\Runtime\Datasmith\DirectLink\Public\*.h to D:\ub\Engine\Binaries\Win64\DatasmithSDK\Public\
    D:\ub\Engine\Source\Runtime\Datasmith\DirectLink\Public\DirectLinkCommon.h
    D:\ub\Engine\Source\Runtime\Datasmith\DirectLink\Public\DirectLinkConnectionRequestHandler.h
    D:\ub\Engine\Source\Runtime\Datasmith\DirectLink\Public\DirectLinkDeltaConsumer.h
    D:\ub\Engine\Source\Runtime\Datasmith\DirectLink\Public\DirectLinkElementSnapshot.h
    D:\ub\Engine\Source\Runtime\Datasmith\DirectLink\Public\DirectLinkEndpoint.h
    D:\ub\Engine\Source\Runtime\Datasmith\DirectLink\Public\DirectLinkLog.h
    D:\ub\Engine\Source\Runtime\Datasmith\DirectLink\Public\DirectLinkMisc.h
    D:\ub\Engine\Source\Runtime\Datasmith\DirectLink\Public\DirectLinkModule.h
    D:\ub\Engine\Source\Runtime\Datasmith\DirectLink\Public\DirectLinkParameterStore.h
    D:\ub\Engine\Source\Runtime\Datasmith\DirectLink\Public\DirectLinkSceneGraphNode.h
    D:\ub\Engine\Source\Runtime\Datasmith\DirectLink\Public\DirectLinkSceneSnapshot.h
    D:\ub\Engine\Source\Runtime\Datasmith\DirectLink\Public\DirectLinkSerialMethods.h
    12 File(s) copied
    Copying D:\ub\Engine\Source\Developer\Datasmith\DatasmithExporter\Public\*.h to D:\ub\Engine\Binaries\Win64\DatasmithSDK\Public\
    D:\ub\Engine\Source\Developer\Datasmith\DatasmithExporter\Public\DatasmithDirectLink.h
    D:\ub\Engine\Source\Developer\Datasmith\DatasmithExporter\Public\DatasmithExporterManager.h
    D:\ub\Engine\Source\Developer\Datasmith\DatasmithExporter\Public\DatasmithExportOptions.h
    D:\ub\Engine\Source\Developer\Datasmith\DatasmithExporter\Public\DatasmithLogger.h
    D:\ub\Engine\Source\Developer\Datasmith\DatasmithExporter\Public\DatasmithMeshExporter.h
    D:\ub\Engine\Source\Developer\Datasmith\DatasmithExporter\Public\DatasmithProgressManager.h
    D:\ub\Engine\Source\Developer\Datasmith\DatasmithExporter\Public\DatasmithSceneExporter.h
    7 File(s) copied
    Copying D:\ub\Engine\Source\Runtime\TraceLog\Public\*.h to D:\ub\Engine\Binaries\Win64\DatasmithSDK\Private\
    D:\ub\Engine\Source\Runtime\TraceLog\Public\Trace\Config.h
    D:\ub\Engine\Source\Runtime\TraceLog\Public\Trace\Trace.h
    D:\ub\Engine\Source\Runtime\TraceLog\Public\Trace\Detail\Atomic.h
    D:\ub\Engine\Source\Runtime\TraceLog\Public\Trace\Detail\Channel.h
    D:\ub\Engine\Source\Runtime\TraceLog\Public\Trace\Detail\EventNode.h
    D:\ub\Engine\Source\Runtime\TraceLog\Public\Trace\Detail\Field.h
    D:\ub\Engine\Source\Runtime\TraceLog\Public\Trace\Detail\LogScope.h
    D:\ub\Engine\Source\Runtime\TraceLog\Public\Trace\Detail\Protocol.h
    D:\ub\Engine\Source\Runtime\TraceLog\Public\Trace\Detail\Trace.h
    D:\ub\Engine\Source\Runtime\TraceLog\Public\Trace\Detail\Protocols\Protocol0.h
    D:\ub\Engine\Source\Runtime\TraceLog\Public\Trace\Detail\Protocols\Protocol1.h
    D:\ub\Engine\Source\Runtime\TraceLog\Public\Trace\Detail\Protocols\Protocol2.h
    D:\ub\Engine\Source\Runtime\TraceLog\Public\Trace\Detail\Protocols\Protocol3.h
    D:\ub\Engine\Source\Runtime\TraceLog\Public\Trace\Detail\Protocols\Protocol4.h
    14 File(s) copied
    Copying D:\ub\Engine\Source\Runtime\TraceLog\Public\*.inl to D:\ub\Engine\Binaries\Win64\DatasmithSDK\Private\
    D:\ub\Engine\Source\Runtime\TraceLog\Public\Trace\Trace.inl
    D:\ub\Engine\Source\Runtime\TraceLog\Public\Trace\Detail\Channel.inl
    D:\ub\Engine\Source\Runtime\TraceLog\Public\Trace\Detail\LogScope.inl
    D:\ub\Engine\Source\Runtime\TraceLog\Public\Trace\Detail\Writer.inl
    4 File(s) copied
    Copying D:\ub\Engine\Source\Runtime\Messaging\Public\*.h to D:\ub\Engine\Binaries\Win64\DatasmithSDK\Private\
    D:\ub\Engine\Source\Runtime\Messaging\Public\IAuthorizeMessageRecipients.h
    D:\ub\Engine\Source\Runtime\Messaging\Public\IMessageAttachment.h
    D:\ub\Engine\Source\Runtime\Messaging\Public\IMessageBridge.h
    D:\ub\Engine\Source\Runtime\Messaging\Public\IMessageBus.h
    D:\ub\Engine\Source\Runtime\Messaging\Public\IMessageBusListener.h
    D:\ub\Engine\Source\Runtime\Messaging\Public\IMessageContext.h
    D:\ub\Engine\Source\Runtime\Messaging\Public\IMessageHandler.h
    D:\ub\Engine\Source\Runtime\Messaging\Public\IMessageInterceptor.h
    D:\ub\Engine\Source\Runtime\Messaging\Public\IMessageReceiver.h
    D:\ub\Engine\Source\Runtime\Messaging\Public\IMessageSender.h
    D:\ub\Engine\Source\Runtime\Messaging\Public\IMessageSubscription.h
    D:\ub\Engine\Source\Runtime\Messaging\Public\IMessageTracer.h
    D:\ub\Engine\Source\Runtime\Messaging\Public\IMessageTracerBreakpoint.h
    D:\ub\Engine\Source\Runtime\Messaging\Public\IMessageTransport.h
    D:\ub\Engine\Source\Runtime\Messaging\Public\IMessageTransportHandler.h
    D:\ub\Engine\Source\Runtime\Messaging\Public\IMessagingModule.h
    D:\ub\Engine\Source\Runtime\Messaging\Public\IMutableMessageContext.h
    D:\ub\Engine\Source\Runtime\Messaging\Public\INetworkMessagingExtension.h
    18 File(s) copied
    Copying D:\ub\Engine\Source\Runtime\Core\Public\*.h to D:\ub\Engine\Binaries\Win64\DatasmithSDK\Private\
    D:\ub\Engine\Source\Runtime\Core\Public\Core.h
    D:\ub\Engine\Source\Runtime\Core\Public\CoreFwd.h
    D:\ub\Engine\Source\Runtime\Core\Public\CoreGlobals.h
    D:\ub\Engine\Source\Runtime\Core\Public\CoreMinimal.h
    D:\ub\Engine\Source\Runtime\Core\Public\CoreSharedPCH.h
    D:\ub\Engine\Source\Runtime\Core\Public\CoreTypes.h
    D:\ub\Engine\Source\Runtime\Core\Public\PixelFormat.h
    D:\ub\Engine\Source\Runtime\Core\Public\Algo\Accumulate.h
    D:\ub\Engine\Source\Runtime\Core\Public\Algo\AllOf.h
    D:\ub\Engine\Source\Runtime\Core\Public\Algo\AnyOf.h
    D:\ub\Engine\Source\Runtime\Core\Public\Algo\BinarySearch.h
    D:\ub\Engine\Source\Runtime\Core\Public\Algo\Common.h
    D:\ub\Engine\Source\Runtime\Core\Public\Algo\Compare.h
    D:\ub\Engine\Source\Runtime\Core\Public\Algo\Copy.h
    D:\ub\Engine\Source\Runtime\Core\Public\Algo\Count.h
    D:\ub\Engine\Source\Runtime\Core\Public\Algo\Find.h
    D:\ub\Engine\Source\Runtime\Core\Public\Algo\FindLast.h
    D:\ub\Engine\Source\Runtime\Core\Public\Algo\FindSequence.h
    D:\ub\Engine\Source\Runtime\Core\Public\Algo\FindSortedStringCaseInsensitive.h
    D:\ub\Engine\Source\Runtime\Core\Public\Algo\ForEach.h
    D:\ub\Engine\Source\Runtime\Core\Public\Algo\Heapify.h
    D:\ub\Engine\Source\Runtime\Core\Public\Algo\HeapSort.h
    D:\ub\Engine\Source\Runtime\Core\Public\Algo\IndexOf.h
    D:\ub\Engine\Source\Runtime\Core\Public\Algo\IntroSort.h
    D:\ub\Engine\Source\Runtime\Core\Public\Algo\IsHeap.h
    D:\ub\Engine\Source\Runtime\Core\Public\Algo\IsSorted.h
    D:\ub\Engine\Source\Runtime\Core\Public\Algo\LegacySort.h
    D:\ub\Engine\Source\Runtime\Core\Public\Algo\LevenshteinDistance.h
    D:\ub\Engine\Source\Runtime\Core\Public\Algo\MaxElement.h
    D:\ub\Engine\Source\Runtime\Core\Public\Algo\MinElement.h
    D:\ub\Engine\Source\Runtime\Core\Public\Algo\NoneOf.h
    D:\ub\Engine\Source\Runtime\Core\Public\Algo\Partition.h
    D:\ub\Engine\Source\Runtime\Core\Public\Algo\RandomShuffle.h
    D:\ub\Engine\Source\Runtime\Core\Public\Algo\RemoveIf.h
    D:\ub\Engine\Source\Runtime\Core\Public\Algo\Replace.h
    D:\ub\Engine\Source\Runtime\Core\Public\Algo\Reverse.h
    D:\ub\Engine\Source\Runtime\Core\Public\Algo\Rotate.h
    D:\ub\Engine\Source\Runtime\Core\Public\Algo\SelectRandomWeighted.h
    D:\ub\Engine\Source\Runtime\Core\Public\Algo\Sort.h
    D:\ub\Engine\Source\Runtime\Core\Public\Algo\StableSort.h
    D:\ub\Engine\Source\Runtime\Core\Public\Algo\Transform.h
    D:\ub\Engine\Source\Runtime\Core\Public\Algo\Unique.h
    D:\ub\Engine\Source\Runtime\Core\Public\Algo\Impl\BinaryHeap.h
    D:\ub\Engine\Source\Runtime\Core\Public\Algo\Impl\RangePointerType.h
    D:\ub\Engine\Source\Runtime\Core\Public\Android\AndroidCriticalSection.h
    D:\ub\Engine\Source\Runtime\Core\Public\Android\AndroidErrorOutputDevice.h
    D:\ub\Engine\Source\Runtime\Core\Public\Android\AndroidJava.h
    D:\ub\Engine\Source\Runtime\Core\Public\Android\AndroidJavaEnv.h
    D:\ub\Engine\Source\Runtime\Core\Public\Android\AndroidJavaMessageBox.h
    D:\ub\Engine\Source\Runtime\Core\Public\Android\AndroidPlatform.h
    D:\ub\Engine\Source\Runtime\Core\Public\Android\AndroidPlatformAffinity.h
    D:\ub\Engine\Source\Runtime\Core\Public\Android\AndroidPlatformAtomics.h
    D:\ub\Engine\Source\Runtime\Core\Public\Android\AndroidPlatformCompilerPreSetup.h
    D:\ub\Engine\Source\Runtime\Core\Public\Android\AndroidPlatformCompilerSetup.h
    D:\ub\Engine\Source\Runtime\Core\Public\Android\AndroidPlatformCrashContext.h
    D:\ub\Engine\Source\Runtime\Core\Public\Android\AndroidPlatformFile.h
    D:\ub\Engine\Source\Runtime\Core\Public\Android\AndroidPlatformMath.h
    D:\ub\Engine\Source\Runtime\Core\Public\Android\AndroidPlatformMemory.h
    D:\ub\Engine\Source\Runtime\Core\Public\Android\AndroidPlatformMisc.h
    D:\ub\Engine\Source\Runtime\Core\Public\Android\AndroidPlatformOutputDevices.h
    D:\ub\Engine\Source\Runtime\Core\Public\Android\AndroidPlatformProcess.h
    D:\ub\Engine\Source\Runtime\Core\Public\Android\AndroidPlatformProperties.h
    D:\ub\Engine\Source\Runtime\Core\Public\Android\AndroidPlatformRunnableThread.h
    D:\ub\Engine\Source\Runtime\Core\Public\Android\AndroidPlatformStackWalk.h
    D:\ub\Engine\Source\Runtime\Core\Public\Android\AndroidPlatformString.h
    D:\ub\Engine\Source\Runtime\Core\Public\Android\AndroidPlatformTime.h
    D:\ub\Engine\Source\Runtime\Core\Public\Android\AndroidPlatformTLS.h
    D:\ub\Engine\Source\Runtime\Core\Public\Android\AndroidStats.h
    D:\ub\Engine\Source\Runtime\Core\Public\Android\AndroidSystemIncludes.h
    D:\ub\Engine\Source\Runtime\Core\Public\Apple\AppleLLM.h
    D:\ub\Engine\Source\Runtime\Core\Public\Apple\ApplePlatformAffinity.h
    D:\ub\Engine\Source\Runtime\Core\Public\Apple\ApplePlatformAtomics.h
    D:\ub\Engine\Source\Runtime\Core\Public\Apple\ApplePlatformCompilerPreSetup.h
    D:\ub\Engine\Source\Runtime\Core\Public\Apple\ApplePlatformCrashContext.h
    D:\ub\Engine\Source\Runtime\Core\Public\Apple\ApplePlatformDebugEvents.h
    D:\ub\Engine\Source\Runtime\Core\Public\Apple\ApplePlatformFile.h
    D:\ub\Engine\Source\Runtime\Core\Public\Apple\ApplePlatformMemory.h
    D:\ub\Engine\Source\Runtime\Core\Public\Apple\ApplePlatformMisc.h
    D:\ub\Engine\Source\Runtime\Core\Public\Apple\ApplePlatformRunnableThread.h
    D:\ub\Engine\Source\Runtime\Core\Public\Apple\ApplePlatformStackWalk.h
    D:\ub\Engine\Source\Runtime\Core\Public\Apple\ApplePlatformString.h
    D:\ub\Engine\Source\Runtime\Core\Public\Apple\ApplePlatformSymbolication.h
    D:\ub\Engine\Source\Runtime\Core\Public\Apple\ApplePlatformTime.h
    D:\ub\Engine\Source\Runtime\Core\Public\Apple\ApplePlatformTLS.h
    D:\ub\Engine\Source\Runtime\Core\Public\Apple\CFRef.h
    D:\ub\Engine\Source\Runtime\Core\Public\Apple\PostAppleSystemHeaders.h
    D:\ub\Engine\Source\Runtime\Core\Public\Apple\PreAppleSystemHeaders.h
    D:\ub\Engine\Source\Runtime\Core\Public\Async\Async.h
    D:\ub\Engine\Source\Runtime\Core\Public\Async\AsyncFileHandle.h
    D:\ub\Engine\Source\Runtime\Core\Public\Async\AsyncResult.h
    D:\ub\Engine\Source\Runtime\Core\Public\Async\AsyncWork.h
    D:\ub\Engine\Source\Runtime\Core\Public\Async\Future.h
    D:\ub\Engine\Source\Runtime\Core\Public\Async\IAsyncProgress.h
    D:\ub\Engine\Source\Runtime\Core\Public\Async\IAsyncTask.h
    D:\ub\Engine\Source\Runtime\Core\Public\Async\MappedFileHandle.h
    D:\ub\Engine\Source\Runtime\Core\Public\Async\ParallelFor.h
    D:\ub\Engine\Source\Runtime\Core\Public\Async\TaskGraphInterfaces.h
    D:\ub\Engine\Source\Runtime\Core\Public\Clang\ClangPlatform.h
    D:\ub\Engine\Source\Runtime\Core\Public\Clang\ClangPlatformAtomics.h
    D:\ub\Engine\Source\Runtime\Core\Public\Clang\ClangPlatformCodeAnalysis.h
    D:\ub\Engine\Source\Runtime\Core\Public\Clang\ClangPlatformCompilerPreSetup.h
    D:\ub\Engine\Source\Runtime\Core\Public\Clang\ClangPlatformMath.h
    D:\ub\Engine\Source\Runtime\Core\Public\Compression\lz4.h
    D:\ub\Engine\Source\Runtime\Core\Public\Compression\lz4hc.h
    D:\ub\Engine\Source\Runtime\Core\Public\Concepts\EqualityComparable.h
    D:\ub\Engine\Source\Runtime\Core\Public\Concepts\GetTypeHashable.h
    D:\ub\Engine\Source\Runtime\Core\Public\Concepts\Insertable.h
    D:\ub\Engine\Source\Runtime\Core\Public\Containers\AllocatorFixedSizeFreeList.h
    D:\ub\Engine\Source\Runtime\Core\Public\Containers\Array.h
    D:\ub\Engine\Source\Runtime\Core\Public\Containers\ArrayBuilder.h
    D:\ub\Engine\Source\Runtime\Core\Public\Containers\ArrayView.h
    D:\ub\Engine\Source\Runtime\Core\Public\Containers\BackgroundableTicker.h
    D:\ub\Engine\Source\Runtime\Core\Public\Containers\BasicArray.h
    D:\ub\Engine\Source\Runtime\Core\Public\Containers\BinaryHeap.h
    D:\ub\Engine\Source\Runtime\Core\Public\Containers\BitArray.h
    D:\ub\Engine\Source\Runtime\Core\Public\Containers\ChunkedArray.h
    D:\ub\Engine\Source\Runtime\Core\Public\Containers\CircularBuffer.h
    D:\ub\Engine\Source\Runtime\Core\Public\Containers\CircularQueue.h
    D:\ub\Engine\Source\Runtime\Core\Public\Containers\ContainerAllocationPolicies.h
    D:\ub\Engine\Source\Runtime\Core\Public\Containers\ContainersFwd.h
    D:\ub\Engine\Source\Runtime\Core\Public\Containers\DiscardableKeyValueCache.h
    D:\ub\Engine\Source\Runtime\Core\Public\Containers\DynamicRHIResourceArray.h
    D:\ub\Engine\Source\Runtime\Core\Public\Containers\EnumAsByte.h
    D:\ub\Engine\Source\Runtime\Core\Public\Containers\HashTable.h
    D:\ub\Engine\Source\Runtime\Core\Public\Containers\IndirectArray.h
    D:\ub\Engine\Source\Runtime\Core\Public\Containers\LazyPrintf.h
    D:\ub\Engine\Source\Runtime\Core\Public\Containers\List.h
    D:\ub\Engine\Source\Runtime\Core\Public\Containers\LockFreeFixedSizeAllocator.h
    D:\ub\Engine\Source\Runtime\Core\Public\Containers\LockFreeList.h
    D:\ub\Engine\Source\Runtime\Core\Public\Containers\LruCache.h
    D:\ub\Engine\Source\Runtime\Core\Public\Containers\Map.h
    D:\ub\Engine\Source\Runtime\Core\Public\Containers\MapBuilder.h
    D:\ub\Engine\Source\Runtime\Core\Public\Containers\MRUArray.h
    D:\ub\Engine\Source\Runtime\Core\Public\Containers\Queue.h
    D:\ub\Engine\Source\Runtime\Core\Public\Containers\ResourceArray.h
    D:\ub\Engine\Source\Runtime\Core\Public\Containers\RingBuffer.h
    D:\ub\Engine\Source\Runtime\Core\Public\Containers\ScriptArray.h
    D:\ub\Engine\Source\Runtime\Core\Public\Containers\Set.h
    D:\ub\Engine\Source\Runtime\Core\Public\Containers\SortedMap.h
    D:\ub\Engine\Source\Runtime\Core\Public\Containers\SparseArray.h
    D:\ub\Engine\Source\Runtime\Core\Public\Containers\StackTracker.h
    D:\ub\Engine\Source\Runtime\Core\Public\Containers\StaticArray.h
    D:\ub\Engine\Source\Runtime\Core\Public\Containers\StaticBitArray.h
    D:\ub\Engine\Source\Runtime\Core\Public\Containers\StringConv.h
    D:\ub\Engine\Source\Runtime\Core\Public\Containers\StringFwd.h
    D:\ub\Engine\Source\Runtime\Core\Public\Containers\StringView.h
    D:\ub\Engine\Source\Runtime\Core\Public\Containers\Ticker.h
    D:\ub\Engine\Source\Runtime\Core\Public\Containers\TransArray.h
    D:\ub\Engine\Source\Runtime\Core\Public\Containers\TripleBuffer.h
    D:\ub\Engine\Source\Runtime\Core\Public\Containers\Union.h
    D:\ub\Engine\Source\Runtime\Core\Public\Containers\UnrealString.h
    D:\ub\Engine\Source\Runtime\Core\Public\Delegates\Delegate.h
    D:\ub\Engine\Source\Runtime\Core\Public\Delegates\DelegateBase.h
    D:\ub\Engine\Source\Runtime\Core\Public\Delegates\DelegateCombinations.h
    D:\ub\Engine\Source\Runtime\Core\Public\Delegates\DelegateInstanceInterface.h
    D:\ub\Engine\Source\Runtime\Core\Public\Delegates\DelegateInstancesImpl.h
    D:\ub\Engine\Source\Runtime\Core\Public\Delegates\DelegateSettings.h
    D:\ub\Engine\Source\Runtime\Core\Public\Delegates\IDelegateInstance.h
    D:\ub\Engine\Source\Runtime\Core\Public\Delegates\IntegerSequence.h
    D:\ub\Engine\Source\Runtime\Core\Public\Delegates\MulticastDelegateBase.h
    D:\ub\Engine\Source\Runtime\Core\Public\Experimental\Containers\RobinHoodHashTable.h
    D:\ub\Engine\Source\Runtime\Core\Public\Experimental\Containers\SherwoodHashTable.h
    D:\ub\Engine\Source\Runtime\Core\Public\Features\IModularFeature.h
    D:\ub\Engine\Source\Runtime\Core\Public\Features\IModularFeatures.h
    D:\ub\Engine\Source\Runtime\Core\Public\FileCache\FileCache.h
    D:\ub\Engine\Source\Runtime\Core\Public\FramePro\FramePro.h
    D:\ub\Engine\Source\Runtime\Core\Public\FramePro\FrameProProfiler.h
    D:\ub\Engine\Source\Runtime\Core\Public\FramePro\FrameProUE4.h
    D:\ub\Engine\Source\Runtime\Core\Public\GenericPlatform\GenericPlatform.h
    D:\ub\Engine\Source\Runtime\Core\Public\GenericPlatform\GenericPlatformAffinity.h
    D:\ub\Engine\Source\Runtime\Core\Public\GenericPlatform\GenericPlatformAtomics.h
    D:\ub\Engine\Source\Runtime\Core\Public\GenericPlatform\GenericPlatformChunkInstall.h
    D:\ub\Engine\Source\Runtime\Core\Public\GenericPlatform\GenericPlatformCompilerPreSetup.h
    D:\ub\Engine\Source\Runtime\Core\Public\GenericPlatform\GenericPlatformCrashContext.h
    D:\ub\Engine\Source\Runtime\Core\Public\GenericPlatform\GenericPlatformCriticalSection.h
    D:\ub\Engine\Source\Runtime\Core\Public\GenericPlatform\GenericPlatformDriver.h
    D:\ub\Engine\Source\Runtime\Core\Public\GenericPlatform\GenericPlatformFile.h
    D:\ub\Engine\Source\Runtime\Core\Public\GenericPlatform\GenericPlatformMallocCrash.h
    D:\ub\Engine\Source\Runtime\Core\Public\GenericPlatform\GenericPlatformMath.h
    D:\ub\Engine\Source\Runtime\Core\Public\GenericPlatform\GenericPlatformMemory.h
    D:\ub\Engine\Source\Runtime\Core\Public\GenericPlatform\GenericPlatformMemoryPoolStats.h
    D:\ub\Engine\Source\Runtime\Core\Public\GenericPlatform\GenericPlatformMisc.h
    D:\ub\Engine\Source\Runtime\Core\Public\GenericPlatform\GenericPlatformNamedPipe.h
    D:\ub\Engine\Source\Runtime\Core\Public\GenericPlatform\GenericPlatformOutputDevices.h
    D:\ub\Engine\Source\Runtime\Core\Public\GenericPlatform\GenericPlatformProcess.h
    D:\ub\Engine\Source\Runtime\Core\Public\GenericPlatform\GenericPlatformProperties.h
    D:\ub\Engine\Source\Runtime\Core\Public\GenericPlatform\GenericPlatformStackWalk.h
    D:\ub\Engine\Source\Runtime\Core\Public\GenericPlatform\GenericPlatformStricmp.h
    D:\ub\Engine\Source\Runtime\Core\Public\GenericPlatform\GenericPlatformString.h
    D:\ub\Engine\Source\Runtime\Core\Public\GenericPlatform\GenericPlatformSymbolication.h
    D:\ub\Engine\Source\Runtime\Core\Public\GenericPlatform\GenericPlatformTime.h
    D:\ub\Engine\Source\Runtime\Core\Public\GenericPlatform\GenericPlatformTLS.h
    D:\ub\Engine\Source\Runtime\Core\Public\GenericPlatform\GenericWidePlatformString.h
    D:\ub\Engine\Source\Runtime\Core\Public\GenericPlatform\MicrosoftPlatformString.h
    D:\ub\Engine\Source\Runtime\Core\Public\GenericPlatform\OSAllocationPool.h
    D:\ub\Engine\Source\Runtime\Core\Public\GenericPlatform\StandardPlatformString.h
    D:\ub\Engine\Source\Runtime\Core\Public\HAL\ConsoleManager.h
    D:\ub\Engine\Source\Runtime\Core\Public\HAL\CriticalSection.h
    D:\ub\Engine\Source\Runtime\Core\Public\HAL\DiskUtilizationTracker.h
    D:\ub\Engine\Source\Runtime\Core\Public\HAL\Event.h
    D:\ub\Engine\Source\Runtime\Core\Public\HAL\ExceptionHandling.h
    D:\ub\Engine\Source\Runtime\Core\Public\HAL\FeedbackContextAnsi.h
    D:\ub\Engine\Source\Runtime\Core\Public\HAL\FileManager.h
    D:\ub\Engine\Source\Runtime\Core\Public\HAL\FileManagerGeneric.h
    D:\ub\Engine\Source\Runtime\Core\Public\HAL\IConsoleManager.h
    D:\ub\Engine\Source\Runtime\Core\Public\HAL\IPlatformFileCachedWrapper.h
    D:\ub\Engine\Source\Runtime\Core\Public\HAL\IPlatformFileLogWrapper.h
    D:\ub\Engine\Source\Runtime\Core\Public\HAL\IPlatformFileManagedStorageWrapper.h
    D:\ub\Engine\Source\Runtime\Core\Public\HAL\IPlatformFileModule.h
    D:\ub\Engine\Source\Runtime\Core\Public\HAL\IPlatformFileOpenLogWrapper.h
    D:\ub\Engine\Source\Runtime\Core\Public\HAL\LowLevelMemStats.h
    D:\ub\Engine\Source\Runtime\Core\Public\HAL\LowLevelMemTracker.h
    D:\ub\Engine\Source\Runtime\Core\Public\HAL\MallocAnsi.h
    D:\ub\Engine\Source\Runtime\Core\Public\HAL\MallocBinned.h
    D:\ub\Engine\Source\Runtime\Core\Public\HAL\MallocBinned2.h
    D:\ub\Engine\Source\Runtime\Core\Public\HAL\MallocBinned3.h
    D:\ub\Engine\Source\Runtime\Core\Public\HAL\MallocBinnedArena.h
    D:\ub\Engine\Source\Runtime\Core\Public\HAL\MallocBinnedCommon.h
    D:\ub\Engine\Source\Runtime\Core\Public\HAL\MallocBinnedGPU.h
    D:\ub\Engine\Source\Runtime\Core\Public\HAL\MallocCallstackHandler.h
    D:\ub\Engine\Source\Runtime\Core\Public\HAL\MallocDebug.h
    D:\ub\Engine\Source\Runtime\Core\Public\HAL\MallocDoubleFreeFinder.h
    D:\ub\Engine\Source\Runtime\Core\Public\HAL\MallocFrameProfiler.h
    D:\ub\Engine\Source\Runtime\Core\Public\HAL\MallocJemalloc.h
    D:\ub\Engine\Source\Runtime\Core\Public\HAL\MallocLeakDetection.h
    D:\ub\Engine\Source\Runtime\Core\Public\HAL\MallocMimalloc.h
    D:\ub\Engine\Source\Runtime\Core\Public\HAL\MallocPoisonProxy.h
    D:\ub\Engine\Source\Runtime\Core\Public\HAL\MallocReplayProxy.h
    D:\ub\Engine\Source\Runtime\Core\Public\HAL\MallocStomp.h
    D:\ub\Engine\Source\Runtime\Core\Public\HAL\MallocTBB.h
    D:\ub\Engine\Source\Runtime\Core\Public\HAL\MallocThreadSafeProxy.h
    D:\ub\Engine\Source\Runtime\Core\Public\HAL\MallocTimer.h
    D:\ub\Engine\Source\Runtime\Core\Public\HAL\MemoryBase.h
    D:\ub\Engine\Source\Runtime\Core\Public\HAL\MemoryMisc.h
    D:\ub\Engine\Source\Runtime\Core\Public\HAL\OutputDevices.h
    D:\ub\Engine\Source\Runtime\Core\Public\HAL\PageCache.h
    D:\ub\Engine\Source\Runtime\Core\Public\HAL\Platform.h
    D:\ub\Engine\Source\Runtime\Core\Public\HAL\PlatformAffinity.h
    D:\ub\Engine\Source\Runtime\Core\Public\HAL\PlatformAtomics.h
    D:\ub\Engine\Source\Runtime\Core\Public\HAL\PlatformCrashContext.h
    D:\ub\Engine\Source\Runtime\Core\Public\HAL\PlatformCrt.h
    D:\ub\Engine\Source\Runtime\Core\Public\HAL\PlatformFile.h
    D:\ub\Engine\Source\Runtime\Core\Public\HAL\PlatformFileCommon.h
    D:\ub\Engine\Source\Runtime\Core\Public\HAL\PlatformFilemanager.h
    D:\ub\Engine\Source\Runtime\Core\Public\HAL\PlatformIncludes.h
    D:\ub\Engine\Source\Runtime\Core\Public\HAL\PlatformMallocCrash.h
    D:\ub\Engine\Source\Runtime\Core\Public\HAL\PlatformMath.h
    D:\ub\Engine\Source\Runtime\Core\Public\HAL\PlatformMemory.h
    D:\ub\Engine\Source\Runtime\Core\Public\HAL\PlatformMisc.h
    D:\ub\Engine\Source\Runtime\Core\Public\HAL\PlatformNamedPipe.h
    D:\ub\Engine\Source\Runtime\Core\Public\HAL\PlatformOutputDevices.h
    D:\ub\Engine\Source\Runtime\Core\Public\HAL\PlatformProcess.h
    D:\ub\Engine\Source\Runtime\Core\Public\HAL\PlatformProperties.h
    D:\ub\Engine\Source\Runtime\Core\Public\HAL\PlatformStackWalk.h
    D:\ub\Engine\Source\Runtime\Core\Public\HAL\PlatformString.h
    D:\ub\Engine\Source\Runtime\Core\Public\HAL\PlatformTime.h
    D:\ub\Engine\Source\Runtime\Core\Public\HAL\PlatformTLS.h
    D:\ub\Engine\Source\Runtime\Core\Public\HAL\PreprocessorHelpers.h
    D:\ub\Engine\Source\Runtime\Core\Public\HAL\PThreadCriticalSection.h
    D:\ub\Engine\Source\Runtime\Core\Public\HAL\PThreadEvent.h
    D:\ub\Engine\Source\Runtime\Core\Public\HAL\PThreadRWLock.h
    D:\ub\Engine\Source\Runtime\Core\Public\HAL\Runnable.h
    D:\ub\Engine\Source\Runtime\Core\Public\HAL\RunnableThread.h
    D:\ub\Engine\Source\Runtime\Core\Public\HAL\Thread.h
    D:\ub\Engine\Source\Runtime\Core\Public\HAL\ThreadHeartBeat.h
    D:\ub\Engine\Source\Runtime\Core\Public\HAL\ThreadingBase.h
    D:\ub\Engine\Source\Runtime\Core\Public\HAL\ThreadManager.h
    D:\ub\Engine\Source\Runtime\Core\Public\HAL\ThreadSafeBool.h
    D:\ub\Engine\Source\Runtime\Core\Public\HAL\ThreadSafeCounter.h
    D:\ub\Engine\Source\Runtime\Core\Public\HAL\ThreadSafeCounter64.h
    D:\ub\Engine\Source\Runtime\Core\Public\HAL\ThreadSingleton.h
    D:\ub\Engine\Source\Runtime\Core\Public\HAL\TlsAutoCleanup.h
    D:\ub\Engine\Source\Runtime\Core\Public\HAL\UnrealMemory.h
    D:\ub\Engine\Source\Runtime\Core\Public\HAL\VirtualAllocator.h
    D:\ub\Engine\Source\Runtime\Core\Public\HAL\Allocators\CachedOSPageAllocator.h
    D:\ub\Engine\Source\Runtime\Core\Public\HAL\Allocators\CachedOSVeryLargePageAllocator.h
    D:\ub\Engine\Source\Runtime\Core\Public\HAL\Allocators\PooledVirtualMemoryAllocator.h
    D:\ub\Engine\Source\Runtime\Core\Public\Hash\CityHash.h
    D:\ub\Engine\Source\Runtime\Core\Public\Hash\xxhash.h
    D:\ub\Engine\Source\Runtime\Core\Public\HoloLens\AllowWindowsPlatformAtomics.h
    D:\ub\Engine\Source\Runtime\Core\Public\HoloLens\AllowWindowsPlatformTypes.h
    D:\ub\Engine\Source\Runtime\Core\Public\HoloLens\HideWindowsPlatformAtomics.h
    D:\ub\Engine\Source\Runtime\Core\Public\HoloLens\HideWindowsPlatformTypes.h
    D:\ub\Engine\Source\Runtime\Core\Public\HoloLens\HoloLensCriticalSection.h
    D:\ub\Engine\Source\Runtime\Core\Public\HoloLens\HoloLensIncludes.h
    D:\ub\Engine\Source\Runtime\Core\Public\HoloLens\HoloLensPlatform.h
    D:\ub\Engine\Source\Runtime\Core\Public\HoloLens\HoloLensPlatformAffinity.h
    D:\ub\Engine\Source\Runtime\Core\Public\HoloLens\HoloLensPlatformAtomics.h
    D:\ub\Engine\Source\Runtime\Core\Public\HoloLens\HoloLensPlatformCompilerPreSetup.h
    D:\ub\Engine\Source\Runtime\Core\Public\HoloLens\HoloLensPlatformCompilerSetup.h
    D:\ub\Engine\Source\Runtime\Core\Public\HoloLens\HoloLensPlatformCrashContext.h
    D:\ub\Engine\Source\Runtime\Core\Public\HoloLens\HoloLensPlatformFile.h
    D:\ub\Engine\Source\Runtime\Core\Public\HoloLens\HoloLensPlatformIncludes.h
    D:\ub\Engine\Source\Runtime\Core\Public\HoloLens\HoloLensPlatformMath.h
    D:\ub\Engine\Source\Runtime\Core\Public\HoloLens\HoloLensPlatformMemory.h
    D:\ub\Engine\Source\Runtime\Core\Public\HoloLens\HoloLensPlatformMisc.h
    D:\ub\Engine\Source\Runtime\Core\Public\HoloLens\HoloLensPlatformOutputDevices.h
    D:\ub\Engine\Source\Runtime\Core\Public\HoloLens\HoloLensPlatformProcess.h
    D:\ub\Engine\Source\Runtime\Core\Public\HoloLens\HoloLensPlatformProperties.h
    D:\ub\Engine\Source\Runtime\Core\Public\HoloLens\HoloLensPlatformStackWalk.h
    D:\ub\Engine\Source\Runtime\Core\Public\HoloLens\HoloLensPlatformString.h
    D:\ub\Engine\Source\Runtime\Core\Public\HoloLens\HoloLensPlatformTime.h
    D:\ub\Engine\Source\Runtime\Core\Public\HoloLens\HoloLensPlatformTLS.h
    D:\ub\Engine\Source\Runtime\Core\Public\HoloLens\HoloLensSystemIncludes.h
    D:\ub\Engine\Source\Runtime\Core\Public\HoloLens\MinHoloLensApi.h
    D:\ub\Engine\Source\Runtime\Core\Public\HoloLens\PostHoloLensApi.h
    D:\ub\Engine\Source\Runtime\Core\Public\HoloLens\PreHoloLensApi.h
    D:\ub\Engine\Source\Runtime\Core\Public\HoloLens\WindowsHWrapper.h
    D:\ub\Engine\Source\Runtime\Core\Public\Internationalization\BreakIterator.h
    D:\ub\Engine\Source\Runtime\Core\Public\Internationalization\Culture.h
    D:\ub\Engine\Source\Runtime\Core\Public\Internationalization\CulturePointer.h
    D:\ub\Engine\Source\Runtime\Core\Public\Internationalization\FastDecimalFormat.h
    D:\ub\Engine\Source\Runtime\Core\Public\Internationalization\GatherableTextData.h
    D:\ub\Engine\Source\Runtime\Core\Public\Internationalization\IBreakIterator.h
    D:\ub\Engine\Source\Runtime\Core\Public\Internationalization\ICustomCulture.h
    D:\ub\Engine\Source\Runtime\Core\Public\Internationalization\ILocalizedTextSource.h
    D:\ub\Engine\Source\Runtime\Core\Public\Internationalization\Internationalization.h
    D:\ub\Engine\Source\Runtime\Core\Public\Internationalization\InternationalizationArchive.h
    D:\ub\Engine\Source\Runtime\Core\Public\Internationalization\InternationalizationManifest.h
    D:\ub\Engine\Source\Runtime\Core\Public\Internationalization\InternationalizationMetadata.h
    D:\ub\Engine\Source\Runtime\Core\Public\Internationalization\ITextData.h
    D:\ub\Engine\Source\Runtime\Core\Public\Internationalization\ITextFormatArgumentModifier.h
    D:\ub\Engine\Source\Runtime\Core\Public\Internationalization\ITextGenerator.h
    D:\ub\Engine\Source\Runtime\Core\Public\Internationalization\LocalizedTextSourceTypes.h
    D:\ub\Engine\Source\Runtime\Core\Public\Internationalization\LocKeyFuncs.h
    D:\ub\Engine\Source\Runtime\Core\Public\Internationalization\LocTesting.h
    D:\ub\Engine\Source\Runtime\Core\Public\Internationalization\PolyglotTextData.h
    D:\ub\Engine\Source\Runtime\Core\Public\Internationalization\Regex.h
    D:\ub\Engine\Source\Runtime\Core\Public\Internationalization\StringTableCore.h
    D:\ub\Engine\Source\Runtime\Core\Public\Internationalization\StringTableCoreFwd.h
    D:\ub\Engine\Source\Runtime\Core\Public\Internationalization\StringTableRegistry.h
    D:\ub\Engine\Source\Runtime\Core\Public\Internationalization\Text.h
    D:\ub\Engine\Source\Runtime\Core\Public\Internationalization\TextChronoFormatter.h
    D:\ub\Engine\Source\Runtime\Core\Public\Internationalization\TextFormatter.h
    D:\ub\Engine\Source\Runtime\Core\Public\Internationalization\TextGeneratorBase.h
    D:\ub\Engine\Source\Runtime\Core\Public\Internationalization\TextKey.h
    D:\ub\Engine\Source\Runtime\Core\Public\Internationalization\TextLocalizationManager.h
    D:\ub\Engine\Source\Runtime\Core\Public\Internationalization\TextLocalizationManagerGlobals.h
    D:\ub\Engine\Source\Runtime\Core\Public\Internationalization\TextLocalizationResource.h
    D:\ub\Engine\Source\Runtime\Core\Public\Internationalization\TextLocalizationResourceVersion.h
    D:\ub\Engine\Source\Runtime\Core\Public\Internationalization\TextNamespaceFwd.h
    D:\ub\Engine\Source\Runtime\Core\Public\Internationalization\TextNamespaceUtil.h
    D:\ub\Engine\Source\Runtime\Core\Public\Internationalization\TextTransformer.h
    D:\ub\Engine\Source\Runtime\Core\Public\IO\IoContainerId.h
    D:\ub\Engine\Source\Runtime\Core\Public\IO\IoDispatcher.h
    D:\ub\Engine\Source\Runtime\Core\Public\IO\IoDispatcherBackend.h
    D:\ub\Engine\Source\Runtime\Core\Public\IOS\IOSAsyncTask.h
    D:\ub\Engine\Source\Runtime\Core\Public\IOS\IOSCommandLineHelper.h
    D:\ub\Engine\Source\Runtime\Core\Public\IOS\IOSCriticalSection.h
    D:\ub\Engine\Source\Runtime\Core\Public\IOS\IOSErrorOutputDevice.h
    D:\ub\Engine\Source\Runtime\Core\Public\IOS\IOSMallocZone.h
    D:\ub\Engine\Source\Runtime\Core\Public\IOS\IOSPlatform.h
    D:\ub\Engine\Source\Runtime\Core\Public\IOS\IOSPlatformAffinity.h
    D:\ub\Engine\Source\Runtime\Core\Public\IOS\IOSPlatformAtomics.h
    D:\ub\Engine\Source\Runtime\Core\Public\IOS\IOSPlatformCompilerPreSetup.h
    D:\ub\Engine\Source\Runtime\Core\Public\IOS\IOSPlatformCompilerSetup.h
    D:\ub\Engine\Source\Runtime\Core\Public\IOS\IOSPlatformCrashContext.h
    D:\ub\Engine\Source\Runtime\Core\Public\IOS\IOSPlatformFile.h
    D:\ub\Engine\Source\Runtime\Core\Public\IOS\IOSPlatformMath.h
    D:\ub\Engine\Source\Runtime\Core\Public\IOS\IOSPlatformMemory.h
    D:\ub\Engine\Source\Runtime\Core\Public\IOS\IOSPlatformMisc.h
    D:\ub\Engine\Source\Runtime\Core\Public\IOS\IOSPlatformOutputDevices.h
    D:\ub\Engine\Source\Runtime\Core\Public\IOS\IOSPlatformPLCrashReporterIncludes.h
    D:\ub\Engine\Source\Runtime\Core\Public\IOS\IOSPlatformProcess.h
    D:\ub\Engine\Source\Runtime\Core\Public\IOS\IOSPlatformProperties.h
    D:\ub\Engine\Source\Runtime\Core\Public\IOS\IOSPlatformStackWalk.h
    D:\ub\Engine\Source\Runtime\Core\Public\IOS\IOSPlatformString.h
    D:\ub\Engine\Source\Runtime\Core\Public\IOS\IOSPlatformTime.h
    D:\ub\Engine\Source\Runtime\Core\Public\IOS\IOSPlatformTLS.h
    D:\ub\Engine\Source\Runtime\Core\Public\IOS\IOSSystemIncludes.h
    D:\ub\Engine\Source\Runtime\Core\Public\Linux\LinuxCriticalSection.h
    D:\ub\Engine\Source\Runtime\Core\Public\Linux\LinuxPlatform.h
    D:\ub\Engine\Source\Runtime\Core\Public\Linux\LinuxPlatformAffinity.h
    D:\ub\Engine\Source\Runtime\Core\Public\Linux\LinuxPlatformAtomics.h
    D:\ub\Engine\Source\Runtime\Core\Public\Linux\LinuxPlatformCompilerPreSetup.h
    D:\ub\Engine\Source\Runtime\Core\Public\Linux\LinuxPlatformCompilerSetup.h
    D:\ub\Engine\Source\Runtime\Core\Public\Linux\LinuxPlatformCrashContext.h
    D:\ub\Engine\Source\Runtime\Core\Public\Linux\LinuxPlatformFile.h
    D:\ub\Engine\Source\Runtime\Core\Public\Linux\LinuxPlatformMath.h
    D:\ub\Engine\Source\Runtime\Core\Public\Linux\LinuxPlatformMemory.h
    D:\ub\Engine\Source\Runtime\Core\Public\Linux\LinuxPlatformMisc.h
    D:\ub\Engine\Source\Runtime\Core\Public\Linux\LinuxPlatformOutputDevices.h
    D:\ub\Engine\Source\Runtime\Core\Public\Linux\LinuxPlatformProcess.h
    D:\ub\Engine\Source\Runtime\Core\Public\Linux\LinuxPlatformProperties.h
    D:\ub\Engine\Source\Runtime\Core\Public\Linux\LinuxPlatformStackWalk.h
    D:\ub\Engine\Source\Runtime\Core\Public\Linux\LinuxPlatformString.h
    D:\ub\Engine\Source\Runtime\Core\Public\Linux\LinuxPlatformTime.h
    D:\ub\Engine\Source\Runtime\Core\Public\Linux\LinuxPlatformTLS.h
    D:\ub\Engine\Source\Runtime\Core\Public\Linux\LinuxSystemIncludes.h
    D:\ub\Engine\Source\Runtime\Core\Public\Logging\IMessageLog.h
    D:\ub\Engine\Source\Runtime\Core\Public\Logging\LogCategory.h
    D:\ub\Engine\Source\Runtime\Core\Public\Logging\LogMacros.h
    D:\ub\Engine\Source\Runtime\Core\Public\Logging\LogScopedCategoryAndVerbosityOverride.h
    D:\ub\Engine\Source\Runtime\Core\Public\Logging\LogScopedVerbosityOverride.h
    D:\ub\Engine\Source\Runtime\Core\Public\Logging\LogSuppressionInterface.h
    D:\ub\Engine\Source\Runtime\Core\Public\Logging\LogTrace.h
    D:\ub\Engine\Source\Runtime\Core\Public\Logging\LogVerbosity.h
    D:\ub\Engine\Source\Runtime\Core\Public\Logging\MessageLog.h
    D:\ub\Engine\Source\Runtime\Core\Public\Logging\TokenizedMessage.h
    D:\ub\Engine\Source\Runtime\Core\Public\Lumin\LuminCriticalSection.h
    D:\ub\Engine\Source\Runtime\Core\Public\Lumin\LuminPlatform.h
    D:\ub\Engine\Source\Runtime\Core\Public\Lumin\LuminPlatformAffinity.h
    D:\ub\Engine\Source\Runtime\Core\Public\Lumin\LuminPlatformAtomics.h
    D:\ub\Engine\Source\Runtime\Core\Public\Lumin\LuminPlatformCompilerPreSetup.h
    D:\ub\Engine\Source\Runtime\Core\Public\Lumin\LuminPlatformCompilerSetup.h
    D:\ub\Engine\Source\Runtime\Core\Public\Lumin\LuminPlatformDelegates.h
    D:\ub\Engine\Source\Runtime\Core\Public\Lumin\LuminPlatformFile.h
    D:\ub\Engine\Source\Runtime\Core\Public\Lumin\LuminPlatformMath.h
    D:\ub\Engine\Source\Runtime\Core\Public\Lumin\LuminPlatformMemory.h
    D:\ub\Engine\Source\Runtime\Core\Public\Lumin\LuminPlatformMisc.h
    D:\ub\Engine\Source\Runtime\Core\Public\Lumin\LuminPlatformOutputDevices.h
    D:\ub\Engine\Source\Runtime\Core\Public\Lumin\LuminPlatformProcess.h
    D:\ub\Engine\Source\Runtime\Core\Public\Lumin\LuminPlatformProperties.h
    D:\ub\Engine\Source\Runtime\Core\Public\Lumin\LuminPlatformStackWalk.h
    D:\ub\Engine\Source\Runtime\Core\Public\Lumin\LuminPlatformString.h
    D:\ub\Engine\Source\Runtime\Core\Public\Lumin\LuminPlatformTime.h
    D:\ub\Engine\Source\Runtime\Core\Public\Lumin\LuminPlatformTLS.h
    D:\ub\Engine\Source\Runtime\Core\Public\Lumin\CAPIShims\IMagicLeapLibraryLoader.h
    D:\ub\Engine\Source\Runtime\Core\Public\Lumin\CAPIShims\LuminAPI.h
    D:\ub\Engine\Source\Runtime\Core\Public\Lumin\CAPIShims\LuminAPIDispatch.h
    D:\ub\Engine\Source\Runtime\Core\Public\Lumin\CAPIShims\LuminAPIFileInfo.h
    D:\ub\Engine\Source\Runtime\Core\Public\Lumin\CAPIShims\LuminAPIImpl.h
    D:\ub\Engine\Source\Runtime\Core\Public\Lumin\CAPIShims\LuminAPIInput.h
    D:\ub\Engine\Source\Runtime\Core\Public\Lumin\CAPIShims\LuminAPIKeyCodes.h
    D:\ub\Engine\Source\Runtime\Core\Public\Lumin\CAPIShims\LuminAPILifecycle.h
    D:\ub\Engine\Source\Runtime\Core\Public\Lumin\CAPIShims\LuminAPILocale.h
    D:\ub\Engine\Source\Runtime\Core\Public\Lumin\CAPIShims\LuminAPILogging.h
    D:\ub\Engine\Source\Runtime\Core\Public\Lumin\CAPIShims\LuminAPIPlatform.h
    D:\ub\Engine\Source\Runtime\Core\Public\Lumin\CAPIShims\LuminAPISharedFile.h
    D:\ub\Engine\Source\Runtime\Core\Public\Lumin\CAPIShims\LuminAPITypes.h
    D:\ub\Engine\Source\Runtime\Core\Public\Lumin\CAPIShims\LuminAPIVersion.h
    D:\ub\Engine\Source\Runtime\Core\Public\Mac\CocoaThread.h
    D:\ub\Engine\Source\Runtime\Core\Public\Mac\MacCriticalSection.h
    D:\ub\Engine\Source\Runtime\Core\Public\Mac\MacErrorOutputDevice.h
    D:\ub\Engine\Source\Runtime\Core\Public\Mac\MacMallocZone.h
    D:\ub\Engine\Source\Runtime\Core\Public\Mac\MacPlatform.h
    D:\ub\Engine\Source\Runtime\Core\Public\Mac\MacPlatformAffinity.h
    D:\ub\Engine\Source\Runtime\Core\Public\Mac\MacPlatformAtomics.h
    D:\ub\Engine\Source\Runtime\Core\Public\Mac\MacPlatformCompilerPreSetup.h
    D:\ub\Engine\Source\Runtime\Core\Public\Mac\MacPlatformCompilerSetup.h
    D:\ub\Engine\Source\Runtime\Core\Public\Mac\MacPlatformCrashContext.h
    D:\ub\Engine\Source\Runtime\Core\Public\Mac\MacPlatformFile.h
    D:\ub\Engine\Source\Runtime\Core\Public\Mac\MacPlatformMath.h
    D:\ub\Engine\Source\Runtime\Core\Public\Mac\MacPlatformMemory.h
    D:\ub\Engine\Source\Runtime\Core\Public\Mac\MacPlatformMisc.h
    D:\ub\Engine\Source\Runtime\Core\Public\Mac\MacPlatformOutputDevices.h
    D:\ub\Engine\Source\Runtime\Core\Public\Mac\MacPlatformProcess.h
    D:\ub\Engine\Source\Runtime\Core\Public\Mac\MacPlatformProperties.h
    D:\ub\Engine\Source\Runtime\Core\Public\Mac\MacPlatformStackWalk.h
    D:\ub\Engine\Source\Runtime\Core\Public\Mac\MacPlatformString.h
    D:\ub\Engine\Source\Runtime\Core\Public\Mac\MacPlatformTime.h
    D:\ub\Engine\Source\Runtime\Core\Public\Mac\MacPlatformTLS.h
    D:\ub\Engine\Source\Runtime\Core\Public\Mac\MacSystemIncludes.h
    D:\ub\Engine\Source\Runtime\Core\Public\Math\Axis.h
    D:\ub\Engine\Source\Runtime\Core\Public\Math\BasicMathExpressionEvaluator.h
    D:\ub\Engine\Source\Runtime\Core\Public\Math\BigInt.h
    D:\ub\Engine\Source\Runtime\Core\Public\Math\Box.h
    D:\ub\Engine\Source\Runtime\Core\Public\Math\Box2D.h
    D:\ub\Engine\Source\Runtime\Core\Public\Math\BoxSphereBounds.h
    D:\ub\Engine\Source\Runtime\Core\Public\Math\CapsuleShape.h
    D:\ub\Engine\Source\Runtime\Core\Public\Math\ClipProjectionMatrix.h
    D:\ub\Engine\Source\Runtime\Core\Public\Math\Color.h
    D:\ub\Engine\Source\Runtime\Core\Public\Math\ColorList.h
    D:\ub\Engine\Source\Runtime\Core\Public\Math\ConvexHull2d.h
    D:\ub\Engine\Source\Runtime\Core\Public\Math\CurveEdInterface.h
    D:\ub\Engine\Source\Runtime\Core\Public\Math\DualQuat.h
    D:\ub\Engine\Source\Runtime\Core\Public\Math\Edge.h
    D:\ub\Engine\Source\Runtime\Core\Public\Math\Float16.h
    D:\ub\Engine\Source\Runtime\Core\Public\Math\Float16Color.h
    D:\ub\Engine\Source\Runtime\Core\Public\Math\Float32.h
    D:\ub\Engine\Source\Runtime\Core\Public\Math\FloatPacker.h
    D:\ub\Engine\Source\Runtime\Core\Public\Math\GenericOctree.h
    D:\ub\Engine\Source\Runtime\Core\Public\Math\GenericOctreePublic.h
    D:\ub\Engine\Source\Runtime\Core\Public\Math\Halton.h
    D:\ub\Engine\Source\Runtime\Core\Public\Math\Int128.h
    D:\ub\Engine\Source\Runtime\Core\Public\Math\InterpCurve.h
    D:\ub\Engine\Source\Runtime\Core\Public\Math\InterpCurvePoint.h
    D:\ub\Engine\Source\Runtime\Core\Public\Math\Interval.h
    D:\ub\Engine\Source\Runtime\Core\Public\Math\IntPoint.h
    D:\ub\Engine\Source\Runtime\Core\Public\Math\IntRect.h
    D:\ub\Engine\Source\Runtime\Core\Public\Math\IntVector.h
    D:\ub\Engine\Source\Runtime\Core\Public\Math\InverseRotationMatrix.h
    D:\ub\Engine\Source\Runtime\Core\Public\Math\MathFwd.h
    D:\ub\Engine\Source\Runtime\Core\Public\Math\Matrix.h
    D:\ub\Engine\Source\Runtime\Core\Public\Math\MirrorMatrix.h
    D:\ub\Engine\Source\Runtime\Core\Public\Math\MovingWindowAverageFast.h
    D:\ub\Engine\Source\Runtime\Core\Public\Math\NumericLimits.h
    D:\ub\Engine\Source\Runtime\Core\Public\Math\OrientedBox.h
    D:\ub\Engine\Source\Runtime\Core\Public\Math\OrthoMatrix.h
    D:\ub\Engine\Source\Runtime\Core\Public\Math\PackedVector.h
    D:\ub\Engine\Source\Runtime\Core\Public\Math\PerspectiveMatrix.h
    D:\ub\Engine\Source\Runtime\Core\Public\Math\Plane.h
    D:\ub\Engine\Source\Runtime\Core\Public\Math\Quat.h
    D:\ub\Engine\Source\Runtime\Core\Public\Math\QuatRotationTranslationMatrix.h
    D:\ub\Engine\Source\Runtime\Core\Public\Math\RandomStream.h
    D:\ub\Engine\Source\Runtime\Core\Public\Math\Range.h
    D:\ub\Engine\Source\Runtime\Core\Public\Math\RangeBound.h
    D:\ub\Engine\Source\Runtime\Core\Public\Math\RangeSet.h
    D:\ub\Engine\Source\Runtime\Core\Public\Math\Ray.h
    D:\ub\Engine\Source\Runtime\Core\Public\Math\RotationAboutPointMatrix.h
    D:\ub\Engine\Source\Runtime\Core\Public\Math\RotationMatrix.h
    D:\ub\Engine\Source\Runtime\Core\Public\Math\RotationTranslationMatrix.h
    D:\ub\Engine\Source\Runtime\Core\Public\Math\Rotator.h
    D:\ub\Engine\Source\Runtime\Core\Public\Math\ScalarRegister.h
    D:\ub\Engine\Source\Runtime\Core\Public\Math\ScaleMatrix.h
    D:\ub\Engine\Source\Runtime\Core\Public\Math\ScaleRotationTranslationMatrix.h
    D:\ub\Engine\Source\Runtime\Core\Public\Math\SHMath.h
    D:\ub\Engine\Source\Runtime\Core\Public\Math\Sobol.h
    D:\ub\Engine\Source\Runtime\Core\Public\Math\Sphere.h
    D:\ub\Engine\Source\Runtime\Core\Public\Math\sse_mathfun.h
    D:\ub\Engine\Source\Runtime\Core\Public\Math\StatisticalFloat.h
    D:\ub\Engine\Source\Runtime\Core\Public\Math\Transform.h
    D:\ub\Engine\Source\Runtime\Core\Public\Math\TransformCalculus.h
    D:\ub\Engine\Source\Runtime\Core\Public\Math\TransformCalculus2D.h
    D:\ub\Engine\Source\Runtime\Core\Public\Math\TransformCalculus3D.h
    D:\ub\Engine\Source\Runtime\Core\Public\Math\TransformNonVectorized.h
    D:\ub\Engine\Source\Runtime\Core\Public\Math\TransformVectorized.h
    D:\ub\Engine\Source\Runtime\Core\Public\Math\TranslationMatrix.h
    D:\ub\Engine\Source\Runtime\Core\Public\Math\TwoVectors.h
    D:\ub\Engine\Source\Runtime\Core\Public\Math\UnitConversion.h
    D:\ub\Engine\Source\Runtime\Core\Public\Math\UnrealMath.h
    D:\ub\Engine\Source\Runtime\Core\Public\Math\UnrealMathDirectX.h
    D:\ub\Engine\Source\Runtime\Core\Public\Math\UnrealMathFPU.h
    D:\ub\Engine\Source\Runtime\Core\Public\Math\UnrealMathNeon.h
    D:\ub\Engine\Source\Runtime\Core\Public\Math\UnrealMathSSE.h
    D:\ub\Engine\Source\Runtime\Core\Public\Math\UnrealMathUtility.h
    D:\ub\Engine\Source\Runtime\Core\Public\Math\UnrealMathVectorCommon.h
    D:\ub\Engine\Source\Runtime\Core\Public\Math\UnrealMathVectorConstants.h
    D:\ub\Engine\Source\Runtime\Core\Public\Math\UnrealPlatformMathSSE.h
    D:\ub\Engine\Source\Runtime\Core\Public\Math\UnrealPlatformMathSSE4.h
    D:\ub\Engine\Source\Runtime\Core\Public\Math\Vector.h
    D:\ub\Engine\Source\Runtime\Core\Public\Math\Vector2D.h
    D:\ub\Engine\Source\Runtime\Core\Public\Math\Vector2DHalf.h
    D:\ub\Engine\Source\Runtime\Core\Public\Math\Vector4.h
    D:\ub\Engine\Source\Runtime\Core\Public\Math\VectorRegister.h
    D:\ub\Engine\Source\Runtime\Core\Public\Memory\MemoryArena.h
    D:\ub\Engine\Source\Runtime\Core\Public\MemPro\MemPro.h
    D:\ub\Engine\Source\Runtime\Core\Public\MemPro\MemProProfiler.h
    D:\ub\Engine\Source\Runtime\Core\Public\Microsoft\AllowMicrosoftPlatformAtomics.h
    D:\ub\Engine\Source\Runtime\Core\Public\Microsoft\AllowMicrosoftPlatformTypes.h
    D:\ub\Engine\Source\Runtime\Core\Public\Microsoft\COMPointer.h
    D:\ub\Engine\Source\Runtime\Core\Public\Microsoft\HideMicrosoftPlatformAtomics.h
    D:\ub\Engine\Source\Runtime\Core\Public\Microsoft\HideMicrosoftPlatformTypes.h
    D:\ub\Engine\Source\Runtime\Core\Public\Microsoft\MicrosoftPlatformMath.h
    D:\ub\Engine\Source\Runtime\Core\Public\Microsoft\MinWindows.h
    D:\ub\Engine\Source\Runtime\Core\Public\Microsoft\PostWindowsApi.h
    D:\ub\Engine\Source\Runtime\Core\Public\Microsoft\PreWindowsApi.h
    D:\ub\Engine\Source\Runtime\Core\Public\Microsoft\WindowsHWrapper.h
    D:\ub\Engine\Source\Runtime\Core\Public\Misc\AES.h
    D:\ub\Engine\Source\Runtime\Core\Public\Misc\App.h
    D:\ub\Engine\Source\Runtime\Core\Public\Misc\AsciiSet.h
    D:\ub\Engine\Source\Runtime\Core\Public\Misc\AssertionMacros.h
    D:\ub\Engine\Source\Runtime\Core\Public\Misc\AsyncTaskNotification.h
    D:\ub\Engine\Source\Runtime\Core\Public\Misc\Attribute.h
    D:\ub\Engine\Source\Runtime\Core\Public\Misc\AutomationEvent.h
    D:\ub\Engine\Source\Runtime\Core\Public\Misc\AutomationTest.h
    D:\ub\Engine\Source\Runtime\Core\Public\Misc\Base64.h
    D:\ub\Engine\Source\Runtime\Core\Public\Misc\BlacklistNames.h
    D:\ub\Engine\Source\Runtime\Core\Public\Misc\BufferedOutputDevice.h
    D:\ub\Engine\Source\Runtime\Core\Public\Misc\Build.h
    D:\ub\Engine\Source\Runtime\Core\Public\Misc\ByteSwap.h
    D:\ub\Engine\Source\Runtime\Core\Public\Misc\CallbackDevice.h
    D:\ub\Engine\Source\Runtime\Core\Public\Misc\Change.h
    D:\ub\Engine\Source\Runtime\Core\Public\Misc\Char.h
    D:\ub\Engine\Source\Runtime\Core\Public\Misc\CommandLine.h
    D:\ub\Engine\Source\Runtime\Core\Public\Misc\CompilationResult.h
    D:\ub\Engine\Source\Runtime\Core\Public\Misc\CompressedGrowableBuffer.h
    D:\ub\Engine\Source\Runtime\Core\Public\Misc\Compression.h
    D:\ub\Engine\Source\Runtime\Core\Public\Misc\CompressionFlags.h
    D:\ub\Engine\Source\Runtime\Core\Public\Misc\ConfigCacheIni.h
    D:\ub\Engine\Source\Runtime\Core\Public\Misc\CoreAsyncTaskNotificationImpl.h
    D:\ub\Engine\Source\Runtime\Core\Public\Misc\CoreDefines.h
    D:\ub\Engine\Source\Runtime\Core\Public\Misc\CoreDelegates.h
    D:\ub\Engine\Source\Runtime\Core\Public\Misc\CoreMisc.h
    D:\ub\Engine\Source\Runtime\Core\Public\Misc\CoreMiscDefines.h
    D:\ub\Engine\Source\Runtime\Core\Public\Misc\CoreStats.h
    D:\ub\Engine\Source\Runtime\Core\Public\Misc\Crc.h
    D:\ub\Engine\Source\Runtime\Core\Public\Misc\CString.h
    D:\ub\Engine\Source\Runtime\Core\Public\Misc\DataDrivenPlatformInfoRegistry.h
    D:\ub\Engine\Source\Runtime\Core\Public\Misc\DateTime.h
    D:\ub\Engine\Source\Runtime\Core\Public\Misc\DefaultValueHelper.h
    D:\ub\Engine\Source\Runtime\Core\Public\Misc\DelayedAutoRegister.h
    D:\ub\Engine\Source\Runtime\Core\Public\Misc\DelegateFilter.h
    D:\ub\Engine\Source\Runtime\Core\Public\Misc\DisableOldUETypes.h
    D:\ub\Engine\Source\Runtime\Core\Public\Misc\EmbeddedCommunication.h
    D:\ub\Engine\Source\Runtime\Core\Public\Misc\EngineBuildSettings.h
    D:\ub\Engine\Source\Runtime\Core\Public\Misc\EngineVersion.h
    D:\ub\Engine\Source\Runtime\Core\Public\Misc\EngineVersionBase.h
    D:\ub\Engine\Source\Runtime\Core\Public\Misc\EngineVersionComparison.h
    D:\ub\Engine\Source\Runtime\Core\Public\Misc\EnumClassFlags.h
    D:\ub\Engine\Source\Runtime\Core\Public\Misc\EnumRange.h
    D:\ub\Engine\Source\Runtime\Core\Public\Misc\Exec.h
    D:\ub\Engine\Source\Runtime\Core\Public\Misc\ExpressionParser.h
    D:\ub\Engine\Source\Runtime\Core\Public\Misc\ExpressionParserTypes.h
    D:\ub\Engine\Source\Runtime\Core\Public\Misc\FallbackStruct.h
    D:\ub\Engine\Source\Runtime\Core\Public\Misc\FbxErrors.h
    D:\ub\Engine\Source\Runtime\Core\Public\Misc\FeedbackContext.h
    D:\ub\Engine\Source\Runtime\Core\Public\Misc\FeedbackContextMarkup.h
    D:\ub\Engine\Source\Runtime\Core\Public\Misc\FieldAccessor.h
    D:\ub\Engine\Source\Runtime\Core\Public\Misc\FileHelper.h
    D:\ub\Engine\Source\Runtime\Core\Public\Misc\FilterCollection.h
    D:\ub\Engine\Source\Runtime\Core\Public\Misc\Fnv.h
    D:\ub\Engine\Source\Runtime\Core\Public\Misc\Fork.h
    D:\ub\Engine\Source\Runtime\Core\Public\Misc\FrameNumber.h
    D:\ub\Engine\Source\Runtime\Core\Public\Misc\FrameRate.h
    D:\ub\Engine\Source\Runtime\Core\Public\Misc\FrameTime.h
    D:\ub\Engine\Source\Runtime\Core\Public\Misc\FrameValue.h
    D:\ub\Engine\Source\Runtime\Core\Public\Misc\GeneratedTypeName.h
    D:\ub\Engine\Source\Runtime\Core\Public\Misc\GenericGrowableAllocator.h
    D:\ub\Engine\Source\Runtime\Core\Public\Misc\Guid.h
    D:\ub\Engine\Source\Runtime\Core\Public\Misc\ICompressionFormat.h
    D:\ub\Engine\Source\Runtime\Core\Public\Misc\IEngineCrypto.h
    D:\ub\Engine\Source\Runtime\Core\Public\Misc\IFilter.h
    D:\ub\Engine\Source\Runtime\Core\Public\Misc\ILifeCycle.h
    D:\ub\Engine\Source\Runtime\Core\Public\Misc\InlineValue.h
    D:\ub\Engine\Source\Runtime\Core\Public\Misc\InteractiveProcess.h
    D:\ub\Engine\Source\Runtime\Core\Public\Misc\IQueuedWork.h
    D:\ub\Engine\Source\Runtime\Core\Public\Misc\ITransaction.h
    D:\ub\Engine\Source\Runtime\Core\Public\Misc\KeyChainUtilities.h
    D:\ub\Engine\Source\Runtime\Core\Public\Misc\LazySingleton.h
    D:\ub\Engine\Source\Runtime\Core\Public\Misc\LocalTimestampDirectoryVisitor.h
    D:\ub\Engine\Source\Runtime\Core\Public\Misc\MapErrors.h
    D:\ub\Engine\Source\Runtime\Core\Public\Misc\MemoryReadStream.h
    D:\ub\Engine\Source\Runtime\Core\Public\Misc\MemStack.h
    D:\ub\Engine\Source\Runtime\Core\Public\Misc\MessageDialog.h
    D:\ub\Engine\Source\Runtime\Core\Public\Misc\MonitoredProcess.h
    D:\ub\Engine\Source\Runtime\Core\Public\Misc\MonolithicHeaderBoilerplate.h
    D:\ub\Engine\Source\Runtime\Core\Public\Misc\NetworkGuid.h
    D:\ub\Engine\Source\Runtime\Core\Public\Misc\NetworkVersion.h
    D:\ub\Engine\Source\Runtime\Core\Public\Misc\NoopCounter.h
    D:\ub\Engine\Source\Runtime\Core\Public\Misc\ObjectThumbnail.h
    D:\ub\Engine\Source\Runtime\Core\Public\Misc\Optional.h
    D:\ub\Engine\Source\Runtime\Core\Public\Misc\OutputDevice.h
    D:\ub\Engine\Source\Runtime\Core\Public\Misc\OutputDeviceAnsiError.h
    D:\ub\Engine\Source\Runtime\Core\Public\Misc\OutputDeviceArchiveWrapper.h
    D:\ub\Engine\Source\Runtime\Core\Public\Misc\OutputDeviceConsole.h
    D:\ub\Engine\Source\Runtime\Core\Public\Misc\OutputDeviceDebug.h
    D:\ub\Engine\Source\Runtime\Core\Public\Misc\OutputDeviceError.h
    D:\ub\Engine\Source\Runtime\Core\Public\Misc\OutputDeviceFile.h
    D:\ub\Engine\Source\Runtime\Core\Public\Misc\OutputDeviceHelper.h
    D:\ub\Engine\Source\Runtime\Core\Public\Misc\OutputDeviceMemory.h
    D:\ub\Engine\Source\Runtime\Core\Public\Misc\OutputDeviceNull.h
    D:\ub\Engine\Source\Runtime\Core\Public\Misc\OutputDeviceRedirector.h
    D:\ub\Engine\Source\Runtime\Core\Public\Misc\Parse.h
    D:\ub\Engine\Source\Runtime\Core\Public\Misc\Paths.h
    D:\ub\Engine\Source\Runtime\Core\Public\Misc\PathViews.h
    D:\ub\Engine\Source\Runtime\Core\Public\Misc\PreloadableFile.h
    D:\ub\Engine\Source\Runtime\Core\Public\Misc\PreLoadFile.h
    D:\ub\Engine\Source\Runtime\Core\Public\Misc\QualifiedFrameTime.h
    D:\ub\Engine\Source\Runtime\Core\Public\Misc\QueuedThreadPool.h
    D:\ub\Engine\Source\Runtime\Core\Public\Misc\RemoteConfigIni.h
    D:\ub\Engine\Source\Runtime\Core\Public\Misc\RuntimeErrors.h
    D:\ub\Engine\Source\Runtime\Core\Public\Misc\ScopedEvent.h
    D:\ub\Engine\Source\Runtime\Core\Public\Misc\ScopedSlowTask.h
    D:\ub\Engine\Source\Runtime\Core\Public\Misc\ScopeExit.h
    D:\ub\Engine\Source\Runtime\Core\Public\Misc\ScopeLock.h
    D:\ub\Engine\Source\Runtime\Core\Public\Misc\ScopeRWLock.h
    D:\ub\Engine\Source\Runtime\Core\Public\Misc\ScopeTryLock.h
    D:\ub\Engine\Source\Runtime\Core\Public\Misc\SecureHash.h
    D:\ub\Engine\Source\Runtime\Core\Public\Misc\SingleThreadEvent.h
    D:\ub\Engine\Source\Runtime\Core\Public\Misc\SingleThreadRunnable.h
    D:\ub\Engine\Source\Runtime\Core\Public\Misc\SlowTask.h
    D:\ub\Engine\Source\Runtime\Core\Public\Misc\SlowTaskStack.h
    D:\ub\Engine\Source\Runtime\Core\Public\Misc\StaticAssertCompleteType.h
    D:\ub\Engine\Source\Runtime\Core\Public\Misc\StringBuilder.h
    D:\ub\Engine\Source\Runtime\Core\Public\Misc\StringFormatArg.h
    D:\ub\Engine\Source\Runtime\Core\Public\Misc\StringFormatter.h
    D:\ub\Engine\Source\Runtime\Core\Public\Misc\StringUtility.h
    D:\ub\Engine\Source\Runtime\Core\Public\Misc\StructBuilder.h
    D:\ub\Engine\Source\Runtime\Core\Public\Misc\TextFilter.h
    D:\ub\Engine\Source\Runtime\Core\Public\Misc\TextFilterExpressionEvaluator.h
    D:\ub\Engine\Source\Runtime\Core\Public\Misc\TextFilterUtils.h
    D:\ub\Engine\Source\Runtime\Core\Public\Misc\Timecode.h
    D:\ub\Engine\Source\Runtime\Core\Public\Misc\TimeGuard.h
    D:\ub\Engine\Source\Runtime\Core\Public\Misc\Timespan.h
    D:\ub\Engine\Source\Runtime\Core\Public\Misc\TVariant.h
    D:\ub\Engine\Source\Runtime\Core\Public\Misc\TVariantMeta.h
    D:\ub\Engine\Source\Runtime\Core\Public\Misc\TypeContainer.h
    D:\ub\Engine\Source\Runtime\Core\Public\Misc\UProjectInfo.h
    D:\ub\Engine\Source\Runtime\Core\Public\Misc\VarArgs.h
    D:\ub\Engine\Source\Runtime\Core\Public\Misc\Variant.h
    D:\ub\Engine\Source\Runtime\Core\Public\Misc\WildcardString.h
    D:\ub\Engine\Source\Runtime\Core\Public\Modules\BuildVersion.h
    D:\ub\Engine\Source\Runtime\Core\Public\Modules\ModuleInterface.h
    D:\ub\Engine\Source\Runtime\Core\Public\Modules\ModuleManager.h
    D:\ub\Engine\Source\Runtime\Core\Public\Modules\ModuleManifest.h
    D:\ub\Engine\Source\Runtime\Core\Public\Modules\ModuleObserver.h
    D:\ub\Engine\Source\Runtime\Core\Public\Modules\Boilerplate\ModuleBoilerplate.h
    D:\ub\Engine\Source\Runtime\Core\Public\MSVC\MSVCPlatform.h
    D:\ub\Engine\Source\Runtime\Core\Public\ProfilingDebugging\ABTesting.h
    D:\ub\Engine\Source\Runtime\Core\Public\ProfilingDebugging\CookStats.h
    D:\ub\Engine\Source\Runtime\Core\Public\ProfilingDebugging\CountersTrace.h
    D:\ub\Engine\Source\Runtime\Core\Public\ProfilingDebugging\CpuProfilerTrace.h
    D:\ub\Engine\Source\Runtime\Core\Public\ProfilingDebugging\CsvProfiler.h
    D:\ub\Engine\Source\Runtime\Core\Public\ProfilingDebugging\CsvProfilerTrace.h
    D:\ub\Engine\Source\Runtime\Core\Public\ProfilingDebugging\DebuggingDefines.h
    D:\ub\Engine\Source\Runtime\Core\Public\ProfilingDebugging\DiagnosticTable.h
    D:\ub\Engine\Source\Runtime\Core\Public\ProfilingDebugging\ExternalProfiler.h
    D:\ub\Engine\Source\Runtime\Core\Public\ProfilingDebugging\FormatArgsTrace.h
    D:\ub\Engine\Source\Runtime\Core\Public\ProfilingDebugging\Histogram.h
    D:\ub\Engine\Source\Runtime\Core\Public\ProfilingDebugging\InstanceCounter.h
    D:\ub\Engine\Source\Runtime\Core\Public\ProfilingDebugging\LoadTimeTracker.h
    D:\ub\Engine\Source\Runtime\Core\Public\ProfilingDebugging\MallocProfiler.h
    D:\ub\Engine\Source\Runtime\Core\Public\ProfilingDebugging\MiscTrace.h
    D:\ub\Engine\Source\Runtime\Core\Public\ProfilingDebugging\PlatformFileTrace.h
    D:\ub\Engine\Source\Runtime\Core\Public\ProfilingDebugging\ProfilingHelpers.h
    D:\ub\Engine\Source\Runtime\Core\Public\ProfilingDebugging\ResourceSize.h
    D:\ub\Engine\Source\Runtime\Core\Public\ProfilingDebugging\ScopedDebugInfo.h
    D:\ub\Engine\Source\Runtime\Core\Public\ProfilingDebugging\ScopedTimers.h
    D:\ub\Engine\Source\Runtime\Core\Public\ProfilingDebugging\TraceAuxiliary.h
    D:\ub\Engine\Source\Runtime\Core\Public\ProfilingDebugging\UMemoryDefines.h
    D:\ub\Engine\Source\Runtime\Core\Public\Serialization\Archive.h
    D:\ub\Engine\Source\Runtime\Core\Public\Serialization\ArchiveLoadCompressedProxy.h
    D:\ub\Engine\Source\Runtime\Core\Public\Serialization\ArchiveProxy.h
    D:\ub\Engine\Source\Runtime\Core\Public\Serialization\ArchiveSaveCompressedProxy.h
    D:\ub\Engine\Source\Runtime\Core\Public\Serialization\ArchiveSerializedPropertyChain.h
    D:\ub\Engine\Source\Runtime\Core\Public\Serialization\ArrayReader.h
    D:\ub\Engine\Source\Runtime\Core\Public\Serialization\ArrayWriter.h
    D:\ub\Engine\Source\Runtime\Core\Public\Serialization\BitArchive.h
    D:\ub\Engine\Source\Runtime\Core\Public\Serialization\BitReader.h
    D:\ub\Engine\Source\Runtime\Core\Public\Serialization\BitWriter.h
    D:\ub\Engine\Source\Runtime\Core\Public\Serialization\BufferArchive.h
    D:\ub\Engine\Source\Runtime\Core\Public\Serialization\BufferReader.h
    D:\ub\Engine\Source\Runtime\Core\Public\Serialization\BufferWriter.h
    D:\ub\Engine\Source\Runtime\Core\Public\Serialization\CompressedChunkInfo.h
    D:\ub\Engine\Source\Runtime\Core\Public\Serialization\CustomVersion.h
    D:\ub\Engine\Source\Runtime\Core\Public\Serialization\FileRegions.h
    D:\ub\Engine\Source\Runtime\Core\Public\Serialization\LargeMemoryData.h
    D:\ub\Engine\Source\Runtime\Core\Public\Serialization\LargeMemoryReader.h
    D:\ub\Engine\Source\Runtime\Core\Public\Serialization\LargeMemoryWriter.h
    D:\ub\Engine\Source\Runtime\Core\Public\Serialization\LoadTimeTrace.h
    D:\ub\Engine\Source\Runtime\Core\Public\Serialization\MemoryArchive.h
    D:\ub\Engine\Source\Runtime\Core\Public\Serialization\MemoryHasher.h
    D:\ub\Engine\Source\Runtime\Core\Public\Serialization\MemoryImage.h
    D:\ub\Engine\Source\Runtime\Core\Public\Serialization\MemoryImageWriter.h
    D:\ub\Engine\Source\Runtime\Core\Public\Serialization\MemoryLayout.h
    D:\ub\Engine\Source\Runtime\Core\Public\Serialization\MemoryReader.h
    D:\ub\Engine\Source\Runtime\Core\Public\Serialization\MemoryWriter.h
    D:\ub\Engine\Source\Runtime\Core\Public\Serialization\NameAsStringIndexProxyArchive.h
    D:\ub\Engine\Source\Runtime\Core\Public\Serialization\NameAsStringProxyArchive.h
    D:\ub\Engine\Source\Runtime\Core\Public\Serialization\StaticMemoryReader.h
    D:\ub\Engine\Source\Runtime\Core\Public\Serialization\StructuredArchive.h
    D:\ub\Engine\Source\Runtime\Core\Public\Serialization\StructuredArchiveFormatter.h
    D:\ub\Engine\Source\Runtime\Core\Public\Serialization\VarInt.h
    D:\ub\Engine\Source\Runtime\Core\Public\Serialization\Csv\CsvParser.h
    D:\ub\Engine\Source\Runtime\Core\Public\Serialization\Formatters\BinaryArchiveFormatter.h
    D:\ub\Engine\Source\Runtime\Core\Public\Stats\Stats.h
    D:\ub\Engine\Source\Runtime\Core\Public\Stats\Stats2.h
    D:\ub\Engine\Source\Runtime\Core\Public\Stats\StatsCommon.h
    D:\ub\Engine\Source\Runtime\Core\Public\Stats\StatsData.h
    D:\ub\Engine\Source\Runtime\Core\Public\Stats\StatsFile.h
    D:\ub\Engine\Source\Runtime\Core\Public\Stats\StatsHierarchical.h
    D:\ub\Engine\Source\Runtime\Core\Public\Stats\StatsMallocProfilerProxy.h
    D:\ub\Engine\Source\Runtime\Core\Public\Stats\StatsMisc.h
    D:\ub\Engine\Source\Runtime\Core\Public\Stats\StatsTrace.h
    D:\ub\Engine\Source\Runtime\Core\Public\String\BytesToHex.h
    D:\ub\Engine\Source\Runtime\Core\Public\String\Find.h
    D:\ub\Engine\Source\Runtime\Core\Public\String\HexToBytes.h
    D:\ub\Engine\Source\Runtime\Core\Public\String\LexFromString.h
    D:\ub\Engine\Source\Runtime\Core\Public\String\ParseLines.h
    D:\ub\Engine\Source\Runtime\Core\Public\String\ParseTokens.h
    D:\ub\Engine\Source\Runtime\Core\Public\Templates\AlignmentTemplates.h
    D:\ub\Engine\Source\Runtime\Core\Public\Templates\AlignOf.h
    D:\ub\Engine\Source\Runtime\Core\Public\Templates\AndOrNot.h
    D:\ub\Engine\Source\Runtime\Core\Public\Templates\AreTypesEqual.h
    D:\ub\Engine\Source\Runtime\Core\Public\Templates\Atomic.h
    D:\ub\Engine\Source\Runtime\Core\Public\Templates\ChooseClass.h
    D:\ub\Engine\Source\Runtime\Core\Public\Templates\CopyQualifiersAndRefsFromTo.h
    D:\ub\Engine\Source\Runtime\Core\Public\Templates\CopyQualifiersFromTo.h
    D:\ub\Engine\Source\Runtime\Core\Public\Templates\Decay.h
    D:\ub\Engine\Source\Runtime\Core\Public\Templates\EnableIf.h
    D:\ub\Engine\Source\Runtime\Core\Public\Templates\EqualTo.h
    D:\ub\Engine\Source\Runtime\Core\Public\Templates\Function.h
    D:\ub\Engine\Source\Runtime\Core\Public\Templates\Greater.h
    D:\ub\Engine\Source\Runtime\Core\Public\Templates\HasGetTypeHash.h
    D:\ub\Engine\Source\Runtime\Core\Public\Templates\HasInserterOperator.h
    D:\ub\Engine\Source\Runtime\Core\Public\Templates\HasOperatorEquals.h
    D:\ub\Engine\Source\Runtime\Core\Public\Templates\Identity.h
    D:\ub\Engine\Source\Runtime\Core\Public\Templates\IdentityFunctor.h
    D:\ub\Engine\Source\Runtime\Core\Public\Templates\IntegralConstant.h
    D:\ub\Engine\Source\Runtime\Core\Public\Templates\Invoke.h
    D:\ub\Engine\Source\Runtime\Core\Public\Templates\IsAbstract.h
    D:\ub\Engine\Source\Runtime\Core\Public\Templates\IsArithmetic.h
    D:\ub\Engine\Source\Runtime\Core\Public\Templates\IsArray.h
    D:\ub\Engine\Source\Runtime\Core\Public\Templates\IsArrayOrRefOfType.h
    D:\ub\Engine\Source\Runtime\Core\Public\Templates\IsClass.h
    D:\ub\Engine\Source\Runtime\Core\Public\Templates\IsConst.h
    D:\ub\Engine\Source\Runtime\Core\Public\Templates\IsConstructible.h
    D:\ub\Engine\Source\Runtime\Core\Public\Templates\IsEnum.h
    D:\ub\Engine\Source\Runtime\Core\Public\Templates\IsEnumClass.h
    D:\ub\Engine\Source\Runtime\Core\Public\Templates\IsFloatingPoint.h
    D:\ub\Engine\Source\Runtime\Core\Public\Templates\IsInitializerList.h
    D:\ub\Engine\Source\Runtime\Core\Public\Templates\IsIntegral.h
    D:\ub\Engine\Source\Runtime\Core\Public\Templates\IsInvocable.h
    D:\ub\Engine\Source\Runtime\Core\Public\Templates\IsMemberPointer.h
    D:\ub\Engine\Source\Runtime\Core\Public\Templates\IsPODType.h
    D:\ub\Engine\Source\Runtime\Core\Public\Templates\IsPointer.h
    D:\ub\Engine\Source\Runtime\Core\Public\Templates\IsPolymorphic.h
    D:\ub\Engine\Source\Runtime\Core\Public\Templates\IsSigned.h
    D:\ub\Engine\Source\Runtime\Core\Public\Templates\IsTrivial.h
    D:\ub\Engine\Source\Runtime\Core\Public\Templates\IsTriviallyCopyAssignable.h
    D:\ub\Engine\Source\Runtime\Core\Public\Templates\IsTriviallyCopyConstructible.h
    D:\ub\Engine\Source\Runtime\Core\Public\Templates\IsTriviallyDestructible.h
    D:\ub\Engine\Source\Runtime\Core\Public\Templates\IsValidVariadicFunctionArg.h
    D:\ub\Engine\Source\Runtime\Core\Public\Templates\Less.h
    D:\ub\Engine\Source\Runtime\Core\Public\Templates\LosesQualifiersFromTo.h
    D:\ub\Engine\Source\Runtime\Core\Public\Templates\MaxSizeof.h
    D:\ub\Engine\Source\Runtime\Core\Public\Templates\MemoryOps.h
    D:\ub\Engine\Source\Runtime\Core\Public\Templates\Models.h
    D:\ub\Engine\Source\Runtime\Core\Public\Templates\NonNullPointer.h
    D:\ub\Engine\Source\Runtime\Core\Public\Templates\PimplPtr.h
    D:\ub\Engine\Source\Runtime\Core\Public\Templates\PointerIsConvertibleFromTo.h
    D:\ub\Engine\Source\Runtime\Core\Public\Templates\RefCounting.h
    D:\ub\Engine\Source\Runtime\Core\Public\Templates\RemoveCV.h
    D:\ub\Engine\Source\Runtime\Core\Public\Templates\RemoveExtent.h
    D:\ub\Engine\Source\Runtime\Core\Public\Templates\RemoveReference.h
    D:\ub\Engine\Source\Runtime\Core\Public\Templates\RetainedRef.h
    D:\ub\Engine\Source\Runtime\Core\Public\Templates\ReversePredicate.h
    D:\ub\Engine\Source\Runtime\Core\Public\Templates\ScopedCallback.h
    D:\ub\Engine\Source\Runtime\Core\Public\Templates\SharedPointer.h
    D:\ub\Engine\Source\Runtime\Core\Public\Templates\SharedPointerInternals.h
    D:\ub\Engine\Source\Runtime\Core\Public\Templates\Sorting.h
    D:\ub\Engine\Source\Runtime\Core\Public\Templates\Tuple.h
    D:\ub\Engine\Source\Runtime\Core\Public\Templates\TypeCompatibleBytes.h
    D:\ub\Engine\Source\Runtime\Core\Public\Templates\TypeHash.h
    D:\ub\Engine\Source\Runtime\Core\Public\Templates\UniqueObj.h
    D:\ub\Engine\Source\Runtime\Core\Public\Templates\UniquePtr.h
    D:\ub\Engine\Source\Runtime\Core\Public\Templates\UnrealTemplate.h
    D:\ub\Engine\Source\Runtime\Core\Public\Templates\UnrealTypeTraits.h
    D:\ub\Engine\Source\Runtime\Core\Public\Templates\ValueOrError.h
    D:\ub\Engine\Source\Runtime\Core\Public\Traits\ElementType.h
    D:\ub\Engine\Source\Runtime\Core\Public\Traits\IntType.h
    D:\ub\Engine\Source\Runtime\Core\Public\Traits\IsContiguousContainer.h
    D:\ub\Engine\Source\Runtime\Core\Public\Traits\IsVoidType.h
    D:\ub\Engine\Source\Runtime\Core\Public\Unix\UnixCriticalSection.h
    D:\ub\Engine\Source\Runtime\Core\Public\Unix\UnixErrorOutputDevice.h
    D:\ub\Engine\Source\Runtime\Core\Public\Unix\UnixPlatform.h
    D:\ub\Engine\Source\Runtime\Core\Public\Unix\UnixPlatformAtomics.h
    D:\ub\Engine\Source\Runtime\Core\Public\Unix\UnixPlatformCompilerPreSetup.h
    D:\ub\Engine\Source\Runtime\Core\Public\Unix\UnixPlatformCompilerSetup.h
    D:\ub\Engine\Source\Runtime\Core\Public\Unix\UnixPlatformCrashContext.h
    D:\ub\Engine\Source\Runtime\Core\Public\Unix\UnixPlatformFile.h
    D:\ub\Engine\Source\Runtime\Core\Public\Unix\UnixPlatformMath.h
    D:\ub\Engine\Source\Runtime\Core\Public\Unix\UnixPlatformMemory.h
    D:\ub\Engine\Source\Runtime\Core\Public\Unix\UnixPlatformMisc.h
    D:\ub\Engine\Source\Runtime\Core\Public\Unix\UnixPlatformOutputDevices.h
    D:\ub\Engine\Source\Runtime\Core\Public\Unix\UnixPlatformProcess.h
    D:\ub\Engine\Source\Runtime\Core\Public\Unix\UnixPlatformRealTimeSignals.h
    D:\ub\Engine\Source\Runtime\Core\Public\Unix\UnixPlatformRunnableThread.h
    D:\ub\Engine\Source\Runtime\Core\Public\Unix\UnixPlatformStackWalk.h
    D:\ub\Engine\Source\Runtime\Core\Public\Unix\UnixPlatformString.h
    D:\ub\Engine\Source\Runtime\Core\Public\Unix\UnixPlatformTime.h
    D:\ub\Engine\Source\Runtime\Core\Public\Unix\UnixPlatformTLS.h
    D:\ub\Engine\Source\Runtime\Core\Public\Unix\UnixSignalHeartBeat.h
    D:\ub\Engine\Source\Runtime\Core\Public\Unix\UnixSystemIncludes.h
    D:\ub\Engine\Source\Runtime\Core\Public\UObject\AnimObjectVersion.h
    D:\ub\Engine\Source\Runtime\Core\Public\UObject\AnimPhysObjectVersion.h
    D:\ub\Engine\Source\Runtime\Core\Public\UObject\AutomationObjectVersion.h
    D:\ub\Engine\Source\Runtime\Core\Public\UObject\BlueprintsObjectVersion.h
    D:\ub\Engine\Source\Runtime\Core\Public\UObject\BuildObjectVersion.h
    D:\ub\Engine\Source\Runtime\Core\Public\UObject\CineCameraObjectVersion.h
    D:\ub\Engine\Source\Runtime\Core\Public\UObject\CoreObjectVersion.h
    D:\ub\Engine\Source\Runtime\Core\Public\UObject\DebugSerializationFlags.h
    D:\ub\Engine\Source\Runtime\Core\Public\UObject\DestructionObjectVersion.h
    D:\ub\Engine\Source\Runtime\Core\Public\UObject\DevObjectVersion.h
    D:\ub\Engine\Source\Runtime\Core\Public\UObject\EditorObjectVersion.h
    D:\ub\Engine\Source\Runtime\Core\Public\UObject\EnterpriseObjectVersion.h
    D:\ub\Engine\Source\Runtime\Core\Public\UObject\ExternalPhysicsCustomObjectVersion.h
    D:\ub\Engine\Source\Runtime\Core\Public\UObject\ExternalPhysicsMaterialCustomObjectVersion.h
    D:\ub\Engine\Source\Runtime\Core\Public\UObject\FortniteMainBranchObjectVersion.h
    D:\ub\Engine\Source\Runtime\Core\Public\UObject\FortniteReleaseBranchCustomObjectVersion.h
    D:\ub\Engine\Source\Runtime\Core\Public\UObject\FrameworkObjectVersion.h
    D:\ub\Engine\Source\Runtime\Core\Public\UObject\GeometryObjectVersion.h
    D:\ub\Engine\Source\Runtime\Core\Public\UObject\LoadTimesObjectVersion.h
    D:\ub\Engine\Source\Runtime\Core\Public\UObject\MediaFrameWorkObjectVersion.h
    D:\ub\Engine\Source\Runtime\Core\Public\UObject\MobileObjectVersion.h
    D:\ub\Engine\Source\Runtime\Core\Public\UObject\NameBatchSerialization.h
    D:\ub\Engine\Source\Runtime\Core\Public\UObject\NameTypes.h
    D:\ub\Engine\Source\Runtime\Core\Public\UObject\NetworkingObjectVersion.h
    D:\ub\Engine\Source\Runtime\Core\Public\UObject\NiagaraObjectVersion.h
    D:\ub\Engine\Source\Runtime\Core\Public\UObject\ObjectVersion.h
    D:\ub\Engine\Source\Runtime\Core\Public\UObject\OnlineObjectVersion.h
    D:\ub\Engine\Source\Runtime\Core\Public\UObject\PhysicsObjectVersion.h
    D:\ub\Engine\Source\Runtime\Core\Public\UObject\PlatformObjectVersion.h
    D:\ub\Engine\Source\Runtime\Core\Public\UObject\PropertyPortFlags.h
    D:\ub\Engine\Source\Runtime\Core\Public\UObject\ReflectionCaptureObjectVersion.h
    D:\ub\Engine\Source\Runtime\Core\Public\UObject\ReleaseObjectVersion.h
    D:\ub\Engine\Source\Runtime\Core\Public\UObject\RenderingObjectVersion.h
    D:\ub\Engine\Source\Runtime\Core\Public\UObject\ScriptDelegates.h
    D:\ub\Engine\Source\Runtime\Core\Public\UObject\SequencerObjectVersion.h
    D:\ub\Engine\Source\Runtime\Core\Public\UObject\UnrealNames.h
    D:\ub\Engine\Source\Runtime\Core\Public\UObject\UObjectHierarchyFwd.h
    D:\ub\Engine\Source\Runtime\Core\Public\UObject\VirtualProductionObjectVersion.h
    D:\ub\Engine\Source\Runtime\Core\Public\UObject\VRObjectVersion.h
    D:\ub\Engine\Source\Runtime\Core\Public\UObject\WeakObjectPtrTemplates.h
    D:\ub\Engine\Source\Runtime\Core\Public\Windows\AllowWindowsPlatformAtomics.h
    D:\ub\Engine\Source\Runtime\Core\Public\Windows\AllowWindowsPlatformTypes.h
    D:\ub\Engine\Source\Runtime\Core\Public\Windows\COMPointer.h
    D:\ub\Engine\Source\Runtime\Core\Public\Windows\HideWindowsPlatformAtomics.h
    D:\ub\Engine\Source\Runtime\Core\Public\Windows\HideWindowsPlatformTypes.h
    D:\ub\Engine\Source\Runtime\Core\Public\Windows\MinimalWindowsApi.h
    D:\ub\Engine\Source\Runtime\Core\Public\Windows\MinWindows.h
    D:\ub\Engine\Source\Runtime\Core\Public\Windows\PostWindowsApi.h
    D:\ub\Engine\Source\Runtime\Core\Public\Windows\PreWindowsApi.h
    D:\ub\Engine\Source\Runtime\Core\Public\Windows\WindowsCriticalSection.h
    D:\ub\Engine\Source\Runtime\Core\Public\Windows\WindowsErrorOutputDevice.h
    D:\ub\Engine\Source\Runtime\Core\Public\Windows\WindowsEventLogOutputDevice.h
    D:\ub\Engine\Source\Runtime\Core\Public\Windows\WindowsHWrapper.h
    D:\ub\Engine\Source\Runtime\Core\Public\Windows\WIndowsPlatform.h
    D:\ub\Engine\Source\Runtime\Core\Public\Windows\WindowsPlatformAffinity.h
    D:\ub\Engine\Source\Runtime\Core\Public\Windows\WindowsPlatformAtomics.h
    D:\ub\Engine\Source\Runtime\Core\Public\Windows\WindowsPlatformCodeAnalysis.h
    D:\ub\Engine\Source\Runtime\Core\Public\Windows\WindowsPlatformCompilerPreSetup.h
    D:\ub\Engine\Source\Runtime\Core\Public\Windows\WindowsPlatformCompilerSetup.h
    D:\ub\Engine\Source\Runtime\Core\Public\Windows\WindowsPlatformCrashContext.h
    D:\ub\Engine\Source\Runtime\Core\Public\Windows\WindowsPlatformFile.h
    D:\ub\Engine\Source\Runtime\Core\Public\Windows\WindowsPlatformMath.h
    D:\ub\Engine\Source\Runtime\Core\Public\Windows\WindowsPlatformMemory.h
    D:\ub\Engine\Source\Runtime\Core\Public\Windows\WindowsPlatformMisc.h
    D:\ub\Engine\Source\Runtime\Core\Public\Windows\WindowsPlatformNamedPipe.h
    D:\ub\Engine\Source\Runtime\Core\Public\Windows\WindowsPlatformOutputDevices.h
    D:\ub\Engine\Source\Runtime\Core\Public\Windows\WindowsPlatformProcess.h
    D:\ub\Engine\Source\Runtime\Core\Public\Windows\WindowsPlatformProperties.h
    D:\ub\Engine\Source\Runtime\Core\Public\Windows\WindowsPlatformStackWalk.h
    D:\ub\Engine\Source\Runtime\Core\Public\Windows\WindowsPlatformString.h
    D:\ub\Engine\Source\Runtime\Core\Public\Windows\WindowsPlatformTime.h
    D:\ub\Engine\Source\Runtime\Core\Public\Windows\WindowsPlatformTLS.h
    D:\ub\Engine\Source\Runtime\Core\Public\Windows\WindowsSystemIncludes.h
    928 File(s) copied
    Copying D:\ub\Engine\Source\Runtime\Core\Public\*.inl to D:\ub\Engine\Binaries\Win64\DatasmithSDK\Private\
    D:\ub\Engine\Source\Runtime\Core\Public\Containers\StringView.inl
    D:\ub\Engine\Source\Runtime\Core\Public\Delegates\DelegateSignatureImpl.inl
    D:\ub\Engine\Source\Runtime\Core\Public\HAL\FMemory.inl
    D:\ub\Engine\Source\Runtime\Core\Public\Math\GenericOctree.inl
    D:\ub\Engine\Source\Runtime\Core\Public\Math\Matrix.inl
    D:\ub\Engine\Source\Runtime\Core\Public\Math\UnitConversion.inl
    D:\ub\Engine\Source\Runtime\Core\Public\Misc\ExpressionParserTypes.inl
    D:\ub\Engine\Source\Runtime\Core\Public\Templates\SharedPointerTesting.inl
    D:\ub\Engine\Source\Runtime\Core\Public\UObject\UnrealNames.inl
    9 File(s) copied
    Copying D:\ub\Engine\Source\Runtime\CoreUObject\Public\*.h to D:\ub\Engine\Binaries\Win64\DatasmithSDK\Private\
    D:\ub\Engine\Source\Runtime\CoreUObject\Public\CoreUObject.h
    D:\ub\Engine\Source\Runtime\CoreUObject\Public\CoreUObjectSharedPCH.h
    D:\ub\Engine\Source\Runtime\CoreUObject\Public\AssetRegistry\ARFilter.h
    D:\ub\Engine\Source\Runtime\CoreUObject\Public\AssetRegistry\AssetBundleData.h
    D:\ub\Engine\Source\Runtime\CoreUObject\Public\AssetRegistry\AssetData.h
    D:\ub\Engine\Source\Runtime\CoreUObject\Public\AssetRegistry\AssetDataTagMap.h
    D:\ub\Engine\Source\Runtime\CoreUObject\Public\AssetRegistry\AssetDataTagMapSerializationDetails.h
    D:\ub\Engine\Source\Runtime\CoreUObject\Public\Blueprint\BlueprintSupport.h
    D:\ub\Engine\Source\Runtime\CoreUObject\Public\Internationalization\IPackageLocalizationCache.h
    D:\ub\Engine\Source\Runtime\CoreUObject\Public\Internationalization\PackageLocalizationCache.h
    D:\ub\Engine\Source\Runtime\CoreUObject\Public\Internationalization\PackageLocalizationManager.h
    D:\ub\Engine\Source\Runtime\CoreUObject\Public\Internationalization\PackageLocalizationUtil.h
    D:\ub\Engine\Source\Runtime\CoreUObject\Public\Internationalization\StabilizeLocalizationKeys.h
    D:\ub\Engine\Source\Runtime\CoreUObject\Public\Internationalization\TextPackageNamespaceUtil.h
    D:\ub\Engine\Source\Runtime\CoreUObject\Public\Misc\AssetRegistryInterface.h
    D:\ub\Engine\Source\Runtime\CoreUObject\Public\Misc\ExclusiveLoadPackageTimeTracker.h
    D:\ub\Engine\Source\Runtime\CoreUObject\Public\Misc\HotReloadInterface.h
    D:\ub\Engine\Source\Runtime\CoreUObject\Public\Misc\NotifyHook.h
    D:\ub\Engine\Source\Runtime\CoreUObject\Public\Misc\PackageName.h
    D:\ub\Engine\Source\Runtime\CoreUObject\Public\Misc\RedirectCollector.h
    D:\ub\Engine\Source\Runtime\CoreUObject\Public\Misc\StringAssetReference.h
    D:\ub\Engine\Source\Runtime\CoreUObject\Public\Misc\StringClassReference.h
    D:\ub\Engine\Source\Runtime\CoreUObject\Public\Misc\TextBuffer.h
    D:\ub\Engine\Source\Runtime\CoreUObject\Public\Misc\UObjectToken.h
    D:\ub\Engine\Source\Runtime\CoreUObject\Public\Misc\WorldCompositionUtility.h
    D:\ub\Engine\Source\Runtime\CoreUObject\Public\Serialization\ArchiveCountMem.h
    D:\ub\Engine\Source\Runtime\CoreUObject\Public\Serialization\ArchiveFindCulprit.h
    D:\ub\Engine\Source\Runtime\CoreUObject\Public\Serialization\ArchiveHasReferences.h
    D:\ub\Engine\Source\Runtime\CoreUObject\Public\Serialization\ArchiveObjectCrc32.h
    D:\ub\Engine\Source\Runtime\CoreUObject\Public\Serialization\ArchiveObjectGraph.h
    D:\ub\Engine\Source\Runtime\CoreUObject\Public\Serialization\ArchiveObjectPropertyMapper.h
    D:\ub\Engine\Source\Runtime\CoreUObject\Public\Serialization\ArchiveReferenceMarker.h
    D:\ub\Engine\Source\Runtime\CoreUObject\Public\Serialization\ArchiveReplaceObjectRef.h
    D:\ub\Engine\Source\Runtime\CoreUObject\Public\Serialization\ArchiveReplaceOrClearExternalReferences.h
    D:\ub\Engine\Source\Runtime\CoreUObject\Public\Serialization\ArchiveScriptReferenceCollector.h
    D:\ub\Engine\Source\Runtime\CoreUObject\Public\Serialization\ArchiveShowReferences.h
    D:\ub\Engine\Source\Runtime\CoreUObject\Public\Serialization\ArchiveStackTrace.h
    D:\ub\Engine\Source\Runtime\CoreUObject\Public\Serialization\ArchiveTraceRoute.h
    D:\ub\Engine\Source\Runtime\CoreUObject\Public\Serialization\ArchiveUObject.h
    D:\ub\Engine\Source\Runtime\CoreUObject\Public\Serialization\ArchiveUObjectBase.h
    D:\ub\Engine\Source\Runtime\CoreUObject\Public\Serialization\ArchiveUObjectFromStructuredArchive.h
    D:\ub\Engine\Source\Runtime\CoreUObject\Public\Serialization\AsyncLoading2.h
    D:\ub\Engine\Source\Runtime\CoreUObject\Public\Serialization\AsyncPackageLoader.h
    D:\ub\Engine\Source\Runtime\CoreUObject\Public\Serialization\BulkData.h
    D:\ub\Engine\Source\Runtime\CoreUObject\Public\Serialization\BulkData2.h
    D:\ub\Engine\Source\Runtime\CoreUObject\Public\Serialization\BulkDataBuffer.h
    D:\ub\Engine\Source\Runtime\CoreUObject\Public\Serialization\BulkDataCommon.h
    D:\ub\Engine\Source\Runtime\CoreUObject\Public\Serialization\BulkDataManifest.h
    D:\ub\Engine\Source\Runtime\CoreUObject\Public\Serialization\BulkDataReader.h
    D:\ub\Engine\Source\Runtime\CoreUObject\Public\Serialization\BulkDataWriter.h
    D:\ub\Engine\Source\Runtime\CoreUObject\Public\Serialization\DeferredMessageLog.h
    D:\ub\Engine\Source\Runtime\CoreUObject\Public\Serialization\DuplicatedDataReader.h
    D:\ub\Engine\Source\Runtime\CoreUObject\Public\Serialization\DuplicatedDataWriter.h
    D:\ub\Engine\Source\Runtime\CoreUObject\Public\Serialization\DuplicatedObject.h
    D:\ub\Engine\Source\Runtime\CoreUObject\Public\Serialization\FindObjectReferencers.h
    D:\ub\Engine\Source\Runtime\CoreUObject\Public\Serialization\FindReferencersArchive.h
    D:\ub\Engine\Source\Runtime\CoreUObject\Public\Serialization\ObjectAndNameAsStringProxyArchive.h
    D:\ub\Engine\Source\Runtime\CoreUObject\Public\Serialization\ObjectReader.h
    D:\ub\Engine\Source\Runtime\CoreUObject\Public\Serialization\ObjectWriter.h
    D:\ub\Engine\Source\Runtime\CoreUObject\Public\Serialization\PropertyLocalizationDataGathering.h
    D:\ub\Engine\Source\Runtime\CoreUObject\Public\Serialization\SerializedPropertyScope.h
    D:\ub\Engine\Source\Runtime\CoreUObject\Public\Serialization\TextReferenceCollector.h
    D:\ub\Engine\Source\Runtime\CoreUObject\Public\Serialization\TraceReferences.h
    D:\ub\Engine\Source\Runtime\CoreUObject\Public\Serialization\Formatters\JsonArchiveInputFormatter.h
    D:\ub\Engine\Source\Runtime\CoreUObject\Public\Serialization\Formatters\JsonArchiveOutputFormatter.h
    D:\ub\Engine\Source\Runtime\CoreUObject\Public\Templates\Casts.h
    D:\ub\Engine\Source\Runtime\CoreUObject\Public\Templates\NonNullSubclassOf.h
    D:\ub\Engine\Source\Runtime\CoreUObject\Public\Templates\SubclassOf.h
    D:\ub\Engine\Source\Runtime\CoreUObject\Public\UObject\AssetPtr.h
    D:\ub\Engine\Source\Runtime\CoreUObject\Public\UObject\Class.h
    D:\ub\Engine\Source\Runtime\CoreUObject\Public\UObject\ClassTree.h
    D:\ub\Engine\Source\Runtime\CoreUObject\Public\UObject\ConstructorHelpers.h
    D:\ub\Engine\Source\Runtime\CoreUObject\Public\UObject\CoreNative.h
    D:\ub\Engine\Source\Runtime\CoreUObject\Public\UObject\CoreNet.h
    D:\ub\Engine\Source\Runtime\CoreUObject\Public\UObject\CoreNetTypes.h
    D:\ub\Engine\Source\Runtime\CoreUObject\Public\UObject\CoreOnline.h
    D:\ub\Engine\Source\Runtime\CoreUObject\Public\UObject\CoreOnlineFwd.h
    D:\ub\Engine\Source\Runtime\CoreUObject\Public\UObject\CoreRedirects.h
    D:\ub\Engine\Source\Runtime\CoreUObject\Public\UObject\DefineUPropertyMacros.h
    D:\ub\Engine\Source\Runtime\CoreUObject\Public\UObject\EnumProperty.h
    D:\ub\Engine\Source\Runtime\CoreUObject\Public\UObject\ErrorException.h
    D:\ub\Engine\Source\Runtime\CoreUObject\Public\UObject\FastReferenceCollector.h
    D:\ub\Engine\Source\Runtime\CoreUObject\Public\UObject\FastReferenceCollectorOptions.h
    D:\ub\Engine\Source\Runtime\CoreUObject\Public\UObject\Field.h
    D:\ub\Engine\Source\Runtime\CoreUObject\Public\UObject\FieldIterator.h
    D:\ub\Engine\Source\Runtime\CoreUObject\Public\UObject\FieldPath.h
    D:\ub\Engine\Source\Runtime\CoreUObject\Public\UObject\FieldPathProperty.h
    D:\ub\Engine\Source\Runtime\CoreUObject\Public\UObject\GarbageCollection.h
    D:\ub\Engine\Source\Runtime\CoreUObject\Public\UObject\GCObject.h
    D:\ub\Engine\Source\Runtime\CoreUObject\Public\UObject\GCObjectScopeGuard.h
    D:\ub\Engine\Source\Runtime\CoreUObject\Public\UObject\GeneratedCppIncludes.h
    D:\ub\Engine\Source\Runtime\CoreUObject\Public\UObject\Interface.h
    D:\ub\Engine\Source\Runtime\CoreUObject\Public\UObject\LazyObjectPtr.h
    D:\ub\Engine\Source\Runtime\CoreUObject\Public\UObject\LevelGuids.h
    D:\ub\Engine\Source\Runtime\CoreUObject\Public\UObject\Linker.h
    D:\ub\Engine\Source\Runtime\CoreUObject\Public\UObject\LinkerDiff.h
    D:\ub\Engine\Source\Runtime\CoreUObject\Public\UObject\LinkerInstancingContext.h
    D:\ub\Engine\Source\Runtime\CoreUObject\Public\UObject\LinkerLoad.h
    D:\ub\Engine\Source\Runtime\CoreUObject\Public\UObject\LinkerSave.h
    D:\ub\Engine\Source\Runtime\CoreUObject\Public\UObject\MetaData.h
    D:\ub\Engine\Source\Runtime\CoreUObject\Public\UObject\NoExportTypes.h
    D:\ub\Engine\Source\Runtime\CoreUObject\Public\UObject\Object.h
    D:\ub\Engine\Source\Runtime\CoreUObject\Public\UObject\ObjectKey.h
    D:\ub\Engine\Source\Runtime\CoreUObject\Public\UObject\ObjectMacros.h
    D:\ub\Engine\Source\Runtime\CoreUObject\Public\UObject\ObjectMemoryAnalyzer.h
    D:\ub\Engine\Source\Runtime\CoreUObject\Public\UObject\ObjectRedirector.h
    D:\ub\Engine\Source\Runtime\CoreUObject\Public\UObject\ObjectResource.h
    D:\ub\Engine\Source\Runtime\CoreUObject\Public\UObject\Package.h
    D:\ub\Engine\Source\Runtime\CoreUObject\Public\UObject\PackageFileSummary.h
    D:\ub\Engine\Source\Runtime\CoreUObject\Public\UObject\PackageId.h
    D:\ub\Engine\Source\Runtime\CoreUObject\Public\UObject\PackageReload.h
    D:\ub\Engine\Source\Runtime\CoreUObject\Public\UObject\PersistentObjectPtr.h
    D:\ub\Engine\Source\Runtime\CoreUObject\Public\UObject\PrimaryAssetId.h
    D:\ub\Engine\Source\Runtime\CoreUObject\Public\UObject\PropertyAccessUtil.h
    D:\ub\Engine\Source\Runtime\CoreUObject\Public\UObject\PropertyIterator.h
    D:\ub\Engine\Source\Runtime\CoreUObject\Public\UObject\PropertyProxyArchive.h
    D:\ub\Engine\Source\Runtime\CoreUObject\Public\UObject\PropertyTag.h
    D:\ub\Engine\Source\Runtime\CoreUObject\Public\UObject\PropertyTempVal.h
    D:\ub\Engine\Source\Runtime\CoreUObject\Public\UObject\PurgingReferenceCollector.h
    D:\ub\Engine\Source\Runtime\CoreUObject\Public\UObject\ReferenceChainSearch.h
    D:\ub\Engine\Source\Runtime\CoreUObject\Public\UObject\ReferencerFinder.h
    D:\ub\Engine\Source\Runtime\CoreUObject\Public\UObject\ReflectedTypeAccessors.h
    D:\ub\Engine\Source\Runtime\CoreUObject\Public\UObject\SavePackage.h
    D:\ub\Engine\Source\Runtime\CoreUObject\Public\UObject\Script.h
    D:\ub\Engine\Source\Runtime\CoreUObject\Public\UObject\ScriptInterface.h
    D:\ub\Engine\Source\Runtime\CoreUObject\Public\UObject\ScriptMacros.h
    D:\ub\Engine\Source\Runtime\CoreUObject\Public\UObject\ScriptSerialization.h
    D:\ub\Engine\Source\Runtime\CoreUObject\Public\UObject\ScriptStackTracker.h
    D:\ub\Engine\Source\Runtime\CoreUObject\Public\UObject\SoftObjectPath.h
    D:\ub\Engine\Source\Runtime\CoreUObject\Public\UObject\SoftObjectPtr.h
    D:\ub\Engine\Source\Runtime\CoreUObject\Public\UObject\SparseDelegate.h
    D:\ub\Engine\Source\Runtime\CoreUObject\Public\UObject\Stack.h
    D:\ub\Engine\Source\Runtime\CoreUObject\Public\UObject\StrongObjectPtr.h
    D:\ub\Engine\Source\Runtime\CoreUObject\Public\UObject\StructOnScope.h
    D:\ub\Engine\Source\Runtime\CoreUObject\Public\UObject\TextProperty.h
    D:\ub\Engine\Source\Runtime\CoreUObject\Public\UObject\UndefineUPropertyMacros.h
    D:\ub\Engine\Source\Runtime\CoreUObject\Public\UObject\UnrealType.h
    D:\ub\Engine\Source\Runtime\CoreUObject\Public\UObject\UnrealTypePrivate.h
    D:\ub\Engine\Source\Runtime\CoreUObject\Public\UObject\UObject.h
    D:\ub\Engine\Source\Runtime\CoreUObject\Public\UObject\UObjectAllocator.h
    D:\ub\Engine\Source\Runtime\CoreUObject\Public\UObject\UObjectAnnotation.h
    D:\ub\Engine\Source\Runtime\CoreUObject\Public\UObject\UObjectArray.h
    D:\ub\Engine\Source\Runtime\CoreUObject\Public\UObject\UObjectBase.h
    D:\ub\Engine\Source\Runtime\CoreUObject\Public\UObject\UObjectBaseUtility.h
    D:\ub\Engine\Source\Runtime\CoreUObject\Public\UObject\UObjectClusters.h
    D:\ub\Engine\Source\Runtime\CoreUObject\Public\UObject\UObjectGlobals.h
    D:\ub\Engine\Source\Runtime\CoreUObject\Public\UObject\UObjectHash.h
    D:\ub\Engine\Source\Runtime\CoreUObject\Public\UObject\UObjectIterator.h
    D:\ub\Engine\Source\Runtime\CoreUObject\Public\UObject\UObjectMarks.h
    D:\ub\Engine\Source\Runtime\CoreUObject\Public\UObject\UObjectThreadContext.h
    D:\ub\Engine\Source\Runtime\CoreUObject\Public\UObject\WeakFieldPtr.h
    D:\ub\Engine\Source\Runtime\CoreUObject\Public\UObject\WeakInterfacePtr.h
    D:\ub\Engine\Source\Runtime\CoreUObject\Public\UObject\WeakObjectPtr.h
    153 File(s) copied
  Total time in Parallel executor: 300.94 seconds
  Total execution time: 307.17 seconds
