  Creating makefile for HeadlessChaosPerf (no existing makefile)
  Building HeadlessChaosPerf...
  Using Visual Studio 2019 14.29.30133 toolchain (C:\Program Files (x86)\Microsoft Visual Studio\2019\Community\VC\Tools\MSVC\14.29.30133) and Windows 10.0.18362.0 SDK (C:\Program Files (x86)\Windows Kits\10).
  Building 73 actions with 8 processes...
    [1/73] Default.rc2
    [2/73] BuildSettings.cpp
    [3/73] Module.TraceLog.cpp
    [4/73] SharedPCH.Core.ShadowErrors.cpp
    [5/73] PCH.Core.cpp
    [6/73] SharedPCH.CoreUObject.ShadowErrors.cpp
    [7/73] Module.GeForceNOWWrapper.cpp
    [8/73] PCH.CoreUObject.cpp
    [9/73] Module.MeshUtilitiesCommon.cpp
    [10/73] Module.RenderCore.3_of_3.cpp
    [11/73] Module.RHI.cpp
    [12/73] Module.RenderCore.2_of_3.cpp
    [13/73] container.cc
    [14/73] Module.Voronoi.cpp
    [15/73] c_loops.cc
    [16/73] container_prd.cc
    [17/73] pre_container.cc
    [18/73] v_base.cc
    [19/73] unitcell.cc
    [20/73] wall.cc
    [21/73] v_compute.cc
    [22/73] Module.RenderCore.1_of_3.cpp
    [23/73] Module.DeveloperSettings.cpp
    [24/73] Module.SlateCore.gen.cpp
    [25/73] ChaosCoreModule.cpp
    [26/73] Module.Chaos.gen.cpp
    [27/73] Module.GeometricObjects.cpp
    [28/73] cell.cc
    [29/73] Module.DeveloperSettings.gen.cpp
    [30/73] Module.ChaosVehiclesCore.cpp
    [31/73] Module.Chaos.3_of_5.cpp
    [32/73] Module.Json.cpp
    [33/73] Module.InputCore.gen.cpp
    [34/73] Module.Chaos.2_of_5.cpp
    [35/73] Module.Chaos.5_of_5.cpp
    [36/73] Module.ApplicationCore.cpp
    [37/73] Module.InputCore.cpp
    [38/73] Module.HeadlessChaosPerf.cpp
    [39/73] Module.PhysicsCore.gen.cpp
    [40/73] Module.Core.8_of_15.cpp
    [41/73] Module.Chaos.4_of_5.cpp
    [42/73] Module.SlateCore.2_of_3.cpp
    [43/73] Module.SlateCore.3_of_3.cpp
    [44/73] Module.SlateCore.1_of_3.cpp
    [45/73] Module.Core.15_of_15.cpp
    [46/73] Module.Core.9_of_15.cpp
    [47/73] Module.Core.12_of_15.cpp
    [48/73] Module.Core.10_of_15.cpp
    [49/73] Module.CoreUObject.3_of_9.cpp
    [50/73] Module.CoreUObject.gen.cpp
    [51/73] Module.CoreUObject.2_of_9.cpp
    [52/73] Module.Core.6_of_15.cpp
    [53/73] Module.Core.11_of_15.cpp
    [54/73] Module.Core.2_of_15.cpp
    [55/73] Module.CoreUObject.1_of_9.cpp
    [56/73] Module.Core.14_of_15.cpp
    [57/73] Module.Core.1_of_15.cpp
    [58/73] Module.PhysicsCore.cpp
    [59/73] Module.CoreUObject.6_of_9.cpp
    [60/73] Module.Core.3_of_15.cpp
    [61/73] Module.CoreUObject.5_of_9.cpp
    [62/73] Module.Core.4_of_15.cpp
    [63/73] Module.Core.7_of_15.cpp
    [64/73] Module.Core.5_of_15.cpp
    [65/73] Module.CoreUObject.9_of_9.cpp
    [66/73] Module.Projects.cpp
    [67/73] Module.CoreUObject.7_of_9.cpp
    [68/73] Module.CoreUObject.8_of_9.cpp
    [69/73] Module.Core.13_of_15.cpp
    [70/73] Module.CoreUObject.4_of_9.cpp
    [71/73] Module.Chaos.1_of_5.cpp
    [72/73] HeadlessChaosPerf.exe
       D:\ub\Engine\Binaries\Win64\NotForLicensees\HeadlessChaosPerf.lib 占쏙옙占싱브러占쏙옙 占쏙옙 D:\ub\Engine\Binaries\Win64\NotForLicensees\HeadlessChaosPerf.exp 占쏙옙체占쏙옙 占쏙옙占쏙옙占싹곤옙 占쌍쏙옙占싹댐옙.
    [73/73] HeadlessChaosPerf.target
  Total time in Parallel executor: 305.16 seconds
  Total execution time: 614.54 seconds
