  Creating makefile for LiveCodingConsole (no existing makefile)
  Building LiveCodingConsole...
  Using Visual Studio 2019 14.29.30133 toolchain (C:\Program Files (x86)\Microsoft Visual Studio\2019\Community\VC\Tools\MSVC\14.29.30133) and Windows 10.0.18362.0 SDK (C:\Program Files (x86)\Windows Kits\10).
  Building 69 actions with 8 processes...
    [1/69] dte80a.cpp
    [2/69] PCH.ImageWrapper.cpp
    [3/69] BuildSettings.cpp
    [4/69] xxhash.c
    [5/69] Default.rc2
    [6/69] dte80a.tlh
    [7/69] Module.TraceLog.cpp
    [8/69] SharedPCH.Core.ShadowErrors.cpp
    [9/69] PCH.Core.cpp
    [10/69] SharedPCH.CoreUObject.ShadowErrors.cpp
    [11/69] Module.ImageWrapper.gen.cpp
    [12/69] Module.Settings.cpp
    [13/69] PCH.CoreUObject.cpp
    [14/69] Module.ImageWrapper.cpp
    [15/69] Module.DesktopPlatform.cpp
    [16/69] Module.LiveCoding.gen.cpp
    [17/69] Module.LiveCoding.cpp
    [18/69] Module.Json.cpp
    [19/69] Module.InputCore.gen.cpp
    [20/69] Module.InputCore.cpp
    [21/69] Module.StandaloneRenderer.cpp
    [22/69] SharedPCH.Slate.ShadowErrors.cpp
    [23/69] Module.SourceCodeAccess.cpp
    [24/69] Module.Projects.cpp
    [25/69] Module.Slate.gen.cpp
    [26/69] Module.EditorStyle.gen.cpp
    [27/69] Module.EditorStyle.cpp
    [28/69] Module.SourceCodeAccess.gen.cpp
    [29/69] Module.LiveCodingServer.cpp
    [30/69] Module.SlateCore.1_of_3.cpp
    [31/69] Module.ApplicationCore.cpp
    [32/69] Module.MessageLog.cpp
    [33/69] Module.Slate.5_of_5.cpp
    [34/69] Module.SlateCore.gen.cpp
    [35/69] Module.Slate.2_of_5.cpp
    [36/69] Module.SlateCore.2_of_3.cpp
    [37/69] Module.Core.10_of_15.cpp
    [38/69] Module.SlateCore.3_of_3.cpp
    [39/69] Module.Core.7_of_15.cpp
    [40/69] Module.Core.9_of_15.cpp
    [41/69] Module.Core.6_of_15.cpp
    [42/69] Module.CoreUObject.6_of_9.cpp
    [43/69] Module.Slate.3_of_5.cpp
    [44/69] Module.Core.5_of_15.cpp
    [45/69] Module.Core.11_of_15.cpp
    [46/69] Module.Slate.4_of_5.cpp
    [47/69] Module.Core.4_of_15.cpp
    [48/69] Module.CoreUObject.gen.cpp
    [49/69] Module.Core.3_of_15.cpp
    [50/69] Module.CoreUObject.8_of_9.cpp
    [51/69] Module.Core.15_of_15.cpp
    [52/69] Module.CoreUObject.2_of_9.cpp
    [53/69] Module.Core.2_of_15.cpp
    [54/69] Module.Core.14_of_15.cpp
    [55/69] Module.CoreUObject.3_of_9.cpp
    [56/69] Module.Core.13_of_15.cpp
    [57/69] Module.CoreUObject.7_of_9.cpp
    [58/69] Module.CoreUObject.5_of_9.cpp
    [59/69] Module.CoreUObject.9_of_9.cpp
    [60/69] Module.Core.1_of_15.cpp
    [61/69] Module.Core.12_of_15.cpp
    [62/69] Module.CoreUObject.1_of_9.cpp
    [63/69] Module.VisualStudioSourceCodeAccess.cpp
    [64/69] Module.Core.8_of_15.cpp
    [65/69] Module.LiveCodingConsole.cpp
    [66/69] Module.CoreUObject.4_of_9.cpp
    [67/69] Module.Slate.1_of_5.cpp
    [68/69] LiveCodingConsole.exe
       D:\ub\Engine\Binaries\Win64\LiveCodingConsole.lib 占쏙옙占싱브러占쏙옙 占쏙옙 D:\ub\Engine\Binaries\Win64\LiveCodingConsole.exp 占쏙옙체占쏙옙 占쏙옙占쏙옙占싹곤옙 占쌍쏙옙占싹댐옙.
    [69/69] LiveCodingConsole.target
  Total time in Parallel executor: 208.66 seconds
  Total execution time: 1201.82 seconds
