  Creating makefile for ShaderCompileWorker (no existing makefile)
  Building ShaderCompileWorker...
  Using Visual Studio 2019 14.29.30133 toolchain (C:\Program Files (x86)\Microsoft Visual Studio\2019\Community\VC\Tools\MSVC\14.29.30133) and Windows 10.0.18362.0 SDK (C:\Program Files (x86)\Windows Kits\10).
  Building 161 actions with 8 processes...
    [1/161] Default.rc2
    [2/161] BuildSettings.cpp
    [3/161] PCH.ImageWrapper.cpp
    [4/161] Module.TraceLog.cpp
    [5/161] ShaderCompileWorker-TraceLog.dll
       D:\ub\Engine\Intermediate\Build\Win64\ShaderCompileWorker\Development\TraceLog\ShaderCompileWorker-TraceLog.suppressed.lib 占쏙옙占싱브러占쏙옙 占쏙옙 D:\ub\Engine\Intermediate\Build\Win64\ShaderCompileWorker\Development\TraceLog\ShaderCompileWorker-TraceLog.suppressed.exp 占쏙옙체占쏙옙 占쏙옙占쏙옙占싹곤옙 占쌍쏙옙占싹댐옙.
    [6/161] ShaderCompileWorker-BuildSettings.dll
       D:\ub\Engine\Intermediate\Build\Win64\ShaderCompileWorker\Development\BuildSettings\ShaderCompileWorker-BuildSettings.suppressed.lib 占쏙옙占싱브러占쏙옙 占쏙옙 D:\ub\Engine\Intermediate\Build\Win64\ShaderCompileWorker\Development\BuildSettings\ShaderCompileWorker-BuildSettings.suppressed.exp 占쏙옙체占쏙옙 占쏙옙占쏙옙占싹곤옙 占쌍쏙옙占싹댐옙.
    [7/161] SharedPCH.Core.ShadowErrors.cpp
    [8/161] SharedPCH.CoreUObject.ShadowErrors.cpp
    [9/161] Module.ImageWrapper.gen.cpp
    [10/161] PCH.Core.cpp
    [11/161] PCH.CoreUObject.cpp
    [12/161] Module.ImageWrapper.cpp
    [13/161] Module.ApplicationCore.cpp
    [14/161] Module.ShaderCompileWorker.cpp
    [15/161] Module.RenderCore.3_of_3.cpp
    [16/161] SharedPCH.Slate.ShadowErrors.cpp
    [17/161] Module.RenderCore.2_of_3.cpp
    [18/161] Module.Core.7_of_15.cpp
    [19/161] Module.Core.8_of_15.cpp
    [20/161] Module.Core.9_of_15.cpp
    [21/161] Module.Core.6_of_15.cpp
    [22/161] Module.Core.2_of_15.cpp
    [23/161] Module.Core.5_of_15.cpp
    [24/161] Module.Core.4_of_15.cpp
    [25/161] Module.Core.13_of_15.cpp
    [26/161] Module.Core.3_of_15.cpp
    [27/161] Module.CoreUObject.gen.cpp
    [28/161] Module.CoreUObject.9_of_9.cpp
    [29/161] Module.Core.15_of_15.cpp
    [30/161] Module.Core.11_of_15.cpp
    [31/161] Module.Core.14_of_15.cpp
    [32/161] Module.Core.1_of_15.cpp
    [33/161] Module.Core.12_of_15.cpp
    [34/161] Module.CoreUObject.5_of_9.cpp
    [35/161] Module.CoreUObject.2_of_9.cpp
    [36/161] Module.CoreUObject.3_of_9.cpp
    [37/161] Module.CoreUObject.6_of_9.cpp
    [38/161] ShaderPreprocessor.cpp
    [39/161] ImageCore.cpp
    [40/161] Module.Json.cpp
    [41/161] Module.Projects.cpp
    [42/161] Module.ShaderCompilerCommon.cpp
    [43/161] Module.CoreUObject.1_of_9.cpp
    [44/161] Module.CoreUObject.7_of_9.cpp
    [45/161] Module.SlateCore.gen.cpp
    [46/161] Module.RHI.cpp
    [47/161] Module.SlateCore.3_of_3.cpp
    [48/161] Module.SlateCore.2_of_3.cpp
    [49/161] Module.InputCore.gen.cpp
    [50/161] Module.DesktopPlatform.cpp
    [51/161] Module.InputCore.cpp
    [52/161] Module.Slate.gen.cpp
    [53/161] Module.CoreUObject.4_of_9.cpp
    [54/161] Module.FileUtilities.cpp
    [55/161] TextureFormatIntelISPCTexComp.cpp
    [56/161] Module.LauncherPlatform.cpp
    [57/161] IPlatformFileSandboxWrapper.cpp
    [58/161] Module.AudioPlatformConfiguration.cpp
    [59/161] Module.Slate.5_of_5.cpp
    [60/161] Module.EditorStyle.gen.cpp
    [61/161] Module.VectorVM.gen.cpp
    [62/161] Module.UELibSampleRate.cpp
    [63/161] Module.Slate.4_of_5.cpp
    [64/161] Module.Slate.2_of_5.cpp
    [65/161] TextureFormatASTC.cpp
    [66/161] Module.VectorVM.cpp
    [67/161] Module.AudioPlatformConfiguration.gen.cpp
    [68/161] Module.EditorStyle.cpp
    [69/161] Module.GeForceNOWWrapper.cpp
    [70/161] Module.SSL.cpp
    [71/161] TextureFormatETC2.cpp
    [72/161] Module.Slate.3_of_5.cpp
    [73/161] TextureFormatPVR.cpp
    [74/161] ShaderCompileWorker-TextureFormatPVR.lib
       D:\ub\Engine\Intermediate\Build\Win64\ShaderCompileWorker\Development\TextureFormatPVR\ShaderCompileWorker-TextureFormatPVR.lib 占쏙옙占싱브러占쏙옙 占쏙옙 D:\ub\Engine\Intermediate\Build\Win64\ShaderCompileWorker\Development\TextureFormatPVR\ShaderCompileWorker-TextureFormatPVR.exp 占쏙옙체占쏙옙 占쏙옙占쏙옙占싹곤옙 占쌍쏙옙占싹댐옙.
    [75/161] ShaderCompileWorker-TextureFormatASTC.lib
       D:\ub\Engine\Intermediate\Build\Win64\ShaderCompileWorker\Development\TextureFormatASTC\ShaderCompileWorker-TextureFormatASTC.lib 占쏙옙占싱브러占쏙옙 占쏙옙 D:\ub\Engine\Intermediate\Build\Win64\ShaderCompileWorker\Development\TextureFormatASTC\ShaderCompileWorker-TextureFormatASTC.exp 占쏙옙체占쏙옙 占쏙옙占쏙옙占싹곤옙 占쌍쏙옙占싹댐옙.
    [76/161] ShaderCompileWorker-TextureFormatETC2.lib
       D:\ub\Engine\Intermediate\Build\Win64\ShaderCompileWorker\Development\TextureFormatETC2\ShaderCompileWorker-TextureFormatETC2.lib 占쏙옙占싱브러占쏙옙 占쏙옙 D:\ub\Engine\Intermediate\Build\Win64\ShaderCompileWorker\Development\TextureFormatETC2\ShaderCompileWorker-TextureFormatETC2.exp 占쏙옙체占쏙옙 占쏙옙占쏙옙占싹곤옙 占쌍쏙옙占싹댐옙.
    [77/161] Module.Slate.1_of_5.cpp
    [78/161] ShaderCompileWorker.lib
       D:\ub\Engine\Intermediate\Build\Win64\ShaderCompileWorker\Development\ShaderCompileWorker.lib 占쏙옙占싱브러占쏙옙 占쏙옙 D:\ub\Engine\Intermediate\Build\Win64\ShaderCompileWorker\Development\ShaderCompileWorker.exp 占쏙옙체占쏙옙 占쏙옙占쏙옙占싹곤옙 占쌍쏙옙占싹댐옙.
    [79/161] Module.ShaderFormatVectorVM.cpp
    [80/161] Module.ShaderFormatD3D.cpp
    [81/161] ShaderCompileWorker-ShaderFormatVectorVM.lib
       D:\ub\Engine\Intermediate\Build\Win64\ShaderCompileWorker\Development\ShaderFormatVectorVM\ShaderCompileWorker-ShaderFormatVectorVM.lib 占쏙옙占싱브러占쏙옙 占쏙옙 D:\ub\Engine\Intermediate\Build\Win64\ShaderCompileWorker\Development\ShaderFormatVectorVM\ShaderCompileWorker-ShaderFormatVectorVM.exp 占쏙옙체占쏙옙 占쏙옙占쏙옙占싹곤옙 占쌍쏙옙占싹댐옙.
    [82/161] ShaderCompileWorker-ShaderFormatD3D.lib
       D:\ub\Engine\Intermediate\Build\Win64\ShaderCompileWorker\Development\ShaderFormatD3D\ShaderCompileWorker-ShaderFormatD3D.lib 占쏙옙占싱브러占쏙옙 占쏙옙 D:\ub\Engine\Intermediate\Build\Win64\ShaderCompileWorker\Development\ShaderFormatD3D\ShaderCompileWorker-ShaderFormatD3D.exp 占쏙옙체占쏙옙 占쏙옙占쏙옙占싹곤옙 占쌍쏙옙占싹댐옙.
    [83/161] ShaderCompileWorker-ShaderCompilerCommon.lib
       D:\ub\Engine\Intermediate\Build\Win64\ShaderCompileWorker\Development\ShaderCompilerCommon\ShaderCompileWorker-ShaderCompilerCommon.lib 占쏙옙占싱브러占쏙옙 占쏙옙 D:\ub\Engine\Intermediate\Build\Win64\ShaderCompileWorker\Development\ShaderCompilerCommon\ShaderCompileWorker-ShaderCompilerCommon.exp 占쏙옙체占쏙옙 占쏙옙占쏙옙占싹곤옙 占쌍쏙옙占싹댐옙.
    [84/161] Module.DerivedDataCache.cpp
    [85/161] ShaderCompileWorker-ApplicationCore.lib
       D:\ub\Engine\Intermediate\Build\Win64\ShaderCompileWorker\Development\ApplicationCore\ShaderCompileWorker-ApplicationCore.lib 占쏙옙占싱브러占쏙옙 占쏙옙 D:\ub\Engine\Intermediate\Build\Win64\ShaderCompileWorker\Development\ApplicationCore\ShaderCompileWorker-ApplicationCore.exp 占쏙옙체占쏙옙 占쏙옙占쏙옙占싹곤옙 占쌍쏙옙占싹댐옙.
    [86/161] ShaderCompileWorker-DerivedDataCache.lib
       D:\ub\Engine\Intermediate\Build\Win64\ShaderCompileWorker\Development\DerivedDataCache\ShaderCompileWorker-DerivedDataCache.lib 占쏙옙占싱브러占쏙옙 占쏙옙 D:\ub\Engine\Intermediate\Build\Win64\ShaderCompileWorker\Development\DerivedDataCache\ShaderCompileWorker-DerivedDataCache.exp 占쏙옙체占쏙옙 占쏙옙占쏙옙占싹곤옙 占쌍쏙옙占싹댐옙.
    [87/161] ShaderCompileWorker-Json.lib
       D:\ub\Engine\Intermediate\Build\Win64\ShaderCompileWorker\Development\Json\ShaderCompileWorker-Json.lib 占쏙옙占싱브러占쏙옙 占쏙옙 D:\ub\Engine\Intermediate\Build\Win64\ShaderCompileWorker\Development\Json\ShaderCompileWorker-Json.exp 占쏙옙체占쏙옙 占쏙옙占쏙옙占싹곤옙 占쌍쏙옙占싹댐옙.
    [88/161] ShaderCompileWorker-TraceLog.lib
       D:\ub\Engine\Intermediate\Build\Win64\ShaderCompileWorker\Development\TraceLog\ShaderCompileWorker-TraceLog.lib 占쏙옙占싱브러占쏙옙 占쏙옙 D:\ub\Engine\Intermediate\Build\Win64\ShaderCompileWorker\Development\TraceLog\ShaderCompileWorker-TraceLog.exp 占쏙옙체占쏙옙 占쏙옙占쏙옙占싹곤옙 占쌍쏙옙占싹댐옙.
    [89/161] ShaderCompileWorker-ShaderPreprocessor.lib
       D:\ub\Engine\Intermediate\Build\Win64\ShaderCompileWorker\Development\ShaderPreprocessor\ShaderCompileWorker-ShaderPreprocessor.lib 占쏙옙占싱브러占쏙옙 占쏙옙 D:\ub\Engine\Intermediate\Build\Win64\ShaderCompileWorker\Development\ShaderPreprocessor\ShaderCompileWorker-ShaderPreprocessor.exp 占쏙옙체占쏙옙 占쏙옙占쏙옙占싹곤옙 占쌍쏙옙占싹댐옙.
    [90/161] ShaderCompileWorker-Projects.lib
       D:\ub\Engine\Intermediate\Build\Win64\ShaderCompileWorker\Development\Projects\ShaderCompileWorker-Projects.lib 占쏙옙占싱브러占쏙옙 占쏙옙 D:\ub\Engine\Intermediate\Build\Win64\ShaderCompileWorker\Development\Projects\ShaderCompileWorker-Projects.exp 占쏙옙체占쏙옙 占쏙옙占쏙옙占싹곤옙 占쌍쏙옙占싹댐옙.
    [91/161] ShaderCompileWorker-ImageCore.lib
       D:\ub\Engine\Intermediate\Build\Win64\ShaderCompileWorker\Development\ImageCore\ShaderCompileWorker-ImageCore.lib 占쏙옙占싱브러占쏙옙 占쏙옙 D:\ub\Engine\Intermediate\Build\Win64\ShaderCompileWorker\Development\ImageCore\ShaderCompileWorker-ImageCore.exp 占쏙옙체占쏙옙 占쏙옙占쏙옙占싹곤옙 占쌍쏙옙占싹댐옙.
    [92/161] Module.ShaderFormatOpenGL.cpp
    [93/161] ShaderCompileWorker-ShaderFormatOpenGL.lib
       D:\ub\Engine\Intermediate\Build\Win64\ShaderCompileWorker\Development\ShaderFormatOpenGL\ShaderCompileWorker-ShaderFormatOpenGL.lib 占쏙옙占싱브러占쏙옙 占쏙옙 D:\ub\Engine\Intermediate\Build\Win64\ShaderCompileWorker\Development\ShaderFormatOpenGL\ShaderCompileWorker-ShaderFormatOpenGL.exp 占쏙옙체占쏙옙 占쏙옙占쏙옙占싹곤옙 占쌍쏙옙占싹댐옙.
    [94/161] ShaderCompileWorker-RHI.lib
       D:\ub\Engine\Intermediate\Build\Win64\ShaderCompileWorker\Development\RHI\ShaderCompileWorker-RHI.lib 占쏙옙占싱브러占쏙옙 占쏙옙 D:\ub\Engine\Intermediate\Build\Win64\ShaderCompileWorker\Development\RHI\ShaderCompileWorker-RHI.exp 占쏙옙체占쏙옙 占쏙옙占쏙옙占싹곤옙 占쌍쏙옙占싹댐옙.
    [95/161] ShaderCompileWorker-DesktopPlatform.lib
       D:\ub\Engine\Intermediate\Build\Win64\ShaderCompileWorker\Development\DesktopPlatform\ShaderCompileWorker-DesktopPlatform.lib 占쏙옙占싱브러占쏙옙 占쏙옙 D:\ub\Engine\Intermediate\Build\Win64\ShaderCompileWorker\Development\DesktopPlatform\ShaderCompileWorker-DesktopPlatform.exp 占쏙옙체占쏙옙 占쏙옙占쏙옙占싹곤옙 占쌍쏙옙占싹댐옙.
    [96/161] ShaderCompileWorker-SSL.lib
       D:\ub\Engine\Intermediate\Build\Win64\ShaderCompileWorker\Development\SSL\ShaderCompileWorker-SSL.lib 占쏙옙占싱브러占쏙옙 占쏙옙 D:\ub\Engine\Intermediate\Build\Win64\ShaderCompileWorker\Development\SSL\ShaderCompileWorker-SSL.exp 占쏙옙체占쏙옙 占쏙옙占쏙옙占싹곤옙 占쌍쏙옙占싹댐옙.
    [97/161] ShaderCompileWorker-FileUtilities.lib
       D:\ub\Engine\Intermediate\Build\Win64\ShaderCompileWorker\Development\FileUtilities\ShaderCompileWorker-FileUtilities.lib 占쏙옙占싱브러占쏙옙 占쏙옙 D:\ub\Engine\Intermediate\Build\Win64\ShaderCompileWorker\Development\FileUtilities\ShaderCompileWorker-FileUtilities.exp 占쏙옙체占쏙옙 占쏙옙占쏙옙占싹곤옙 占쌍쏙옙占싹댐옙.
    [98/161] Module.VulkanShaderFormat.cpp
    [99/161] Module.Core.10_of_15.cpp
    [100/161] ShaderCompileWorker-LauncherPlatform.lib
       D:\ub\Engine\Intermediate\Build\Win64\ShaderCompileWorker\Development\LauncherPlatform\ShaderCompileWorker-LauncherPlatform.lib 占쏙옙占싱브러占쏙옙 占쏙옙 D:\ub\Engine\Intermediate\Build\Win64\ShaderCompileWorker\Development\LauncherPlatform\ShaderCompileWorker-LauncherPlatform.exp 占쏙옙체占쏙옙 占쏙옙占쏙옙占싹곤옙 占쌍쏙옙占싹댐옙.
    [101/161] ShaderCompileWorker-VulkanShaderFormat.lib
       D:\ub\Engine\Intermediate\Build\Win64\ShaderCompileWorker\Development\VulkanShaderFormat\ShaderCompileWorker-VulkanShaderFormat.lib 占쏙옙占싱브러占쏙옙 占쏙옙 D:\ub\Engine\Intermediate\Build\Win64\ShaderCompileWorker\Development\VulkanShaderFormat\ShaderCompileWorker-VulkanShaderFormat.exp 占쏙옙체占쏙옙 占쏙옙占쏙옙占싹곤옙 占쌍쏙옙占싹댐옙.
    [102/161] ShaderCompileWorker-SandboxFile.lib
       D:\ub\Engine\Intermediate\Build\Win64\ShaderCompileWorker\Development\SandboxFile\ShaderCompileWorker-SandboxFile.lib 占쏙옙占싱브러占쏙옙 占쏙옙 D:\ub\Engine\Intermediate\Build\Win64\ShaderCompileWorker\Development\SandboxFile\ShaderCompileWorker-SandboxFile.exp 占쏙옙체占쏙옙 占쏙옙占쏙옙占싹곤옙 占쌍쏙옙占싹댐옙.
    [103/161] ShaderCompileWorker-TextureFormatIntelISPCTexComp.lib
       D:\ub\Engine\Intermediate\Build\Win64\ShaderCompileWorker\Development\TextureFormatIntelISPCTexComp\ShaderCompileWorker-TextureFormatIntelISPCTexComp.lib 占쏙옙占싱브러占쏙옙 占쏙옙 D:\ub\Engine\Intermediate\Build\Win64\ShaderCompileWorker\Development\TextureFormatIntelISPCTexComp\ShaderCompileWorker-TextureFormatIntelISPCTexComp.exp 占쏙옙체占쏙옙 占쏙옙占쏙옙占싹곤옙 占쌍쏙옙占싹댐옙.
    [104/161] ShaderCompileWorker-UELibSampleRate.lib
       D:\ub\Engine\Intermediate\Build\Win64\ShaderCompileWorker\Development\UELibSampleRate\ShaderCompileWorker-UELibSampleRate.lib 占쏙옙占싱브러占쏙옙 占쏙옙 D:\ub\Engine\Intermediate\Build\Win64\ShaderCompileWorker\Development\UELibSampleRate\ShaderCompileWorker-UELibSampleRate.exp 占쏙옙체占쏙옙 占쏙옙占쏙옙占싹곤옙 占쌍쏙옙占싹댐옙.
    [105/161] ShaderCompileWorker-GeForceNOWWrapper.lib
       D:\ub\Engine\Intermediate\Build\Win64\ShaderCompileWorker\Development\GeForceNOWWrapper\ShaderCompileWorker-GeForceNOWWrapper.lib 占쏙옙占싱브러占쏙옙 占쏙옙 D:\ub\Engine\Intermediate\Build\Win64\ShaderCompileWorker\Development\GeForceNOWWrapper\ShaderCompileWorker-GeForceNOWWrapper.exp 占쏙옙체占쏙옙 占쏙옙占쏙옙占싹곤옙 占쌍쏙옙占싹댐옙.
    [106/161] ShaderCompileWorker-BuildSettings.lib
       D:\ub\Engine\Intermediate\Build\Win64\ShaderCompileWorker\Development\BuildSettings\ShaderCompileWorker-BuildSettings.lib 占쏙옙占싱브러占쏙옙 占쏙옙 D:\ub\Engine\Intermediate\Build\Win64\ShaderCompileWorker\Development\BuildSettings\ShaderCompileWorker-BuildSettings.exp 占쏙옙체占쏙옙 占쏙옙占쏙옙占싹곤옙 占쌍쏙옙占싹댐옙.
    [107/161] Module.TargetPlatform.cpp
    [108/161] ShaderCompileWorker-InputCore.lib
       D:\ub\Engine\Intermediate\Build\Win64\ShaderCompileWorker\Development\InputCore\ShaderCompileWorker-InputCore.lib 占쏙옙占싱브러占쏙옙 占쏙옙 D:\ub\Engine\Intermediate\Build\Win64\ShaderCompileWorker\Development\InputCore\ShaderCompileWorker-InputCore.exp 占쏙옙체占쏙옙 占쏙옙占쏙옙占싹곤옙 占쌍쏙옙占싹댐옙.
    [109/161] ShaderCompileWorker-ImageWrapper.lib
       D:\ub\Engine\Intermediate\Build\Win64\ShaderCompileWorker\Development\ImageWrapper\ShaderCompileWorker-ImageWrapper.lib 占쏙옙占싱브러占쏙옙 占쏙옙 D:\ub\Engine\Intermediate\Build\Win64\ShaderCompileWorker\Development\ImageWrapper\ShaderCompileWorker-ImageWrapper.exp 占쏙옙체占쏙옙 占쏙옙占쏙옙占싹곤옙 占쌍쏙옙占싹댐옙.
    [110/161] ShaderCompileWorker-VectorVM.lib
       D:\ub\Engine\Intermediate\Build\Win64\ShaderCompileWorker\Development\VectorVM\ShaderCompileWorker-VectorVM.lib 占쏙옙占싱브러占쏙옙 占쏙옙 D:\ub\Engine\Intermediate\Build\Win64\ShaderCompileWorker\Development\VectorVM\ShaderCompileWorker-VectorVM.exp 占쏙옙체占쏙옙 占쏙옙占쏙옙占싹곤옙 占쌍쏙옙占싹댐옙.
    [111/161] ShaderCompileWorker-TargetPlatform.lib
       D:\ub\Engine\Intermediate\Build\Win64\ShaderCompileWorker\Development\TargetPlatform\ShaderCompileWorker-TargetPlatform.lib 占쏙옙占싱브러占쏙옙 占쏙옙 D:\ub\Engine\Intermediate\Build\Win64\ShaderCompileWorker\Development\TargetPlatform\ShaderCompileWorker-TargetPlatform.exp 占쏙옙체占쏙옙 占쏙옙占쏙옙占싹곤옙 占쌍쏙옙占싹댐옙.
    [112/161] ShaderCompileWorker-EditorStyle.lib
       D:\ub\Engine\Intermediate\Build\Win64\ShaderCompileWorker\Development\EditorStyle\ShaderCompileWorker-EditorStyle.lib 占쏙옙占싱브러占쏙옙 占쏙옙 D:\ub\Engine\Intermediate\Build\Win64\ShaderCompileWorker\Development\EditorStyle\ShaderCompileWorker-EditorStyle.exp 占쏙옙체占쏙옙 占쏙옙占쏙옙占싹곤옙 占쌍쏙옙占싹댐옙.
    [113/161] ShaderCompileWorker-AudioPlatformConfiguration.lib
       D:\ub\Engine\Intermediate\Build\Win64\ShaderCompileWorker\Development\AudioPlatformConfiguration\ShaderCompileWorker-AudioPlatformConfiguration.lib 占쏙옙占싱브러占쏙옙 占쏙옙 D:\ub\Engine\Intermediate\Build\Win64\ShaderCompileWorker\Development\AudioPlatformConfiguration\ShaderCompileWorker-AudioPlatformConfiguration.exp 占쏙옙체占쏙옙 占쏙옙占쏙옙占싹곤옙 占쌍쏙옙占싹댐옙.
    [114/161] ShaderCompileWorker-Slate.lib
       D:\ub\Engine\Intermediate\Build\Win64\ShaderCompileWorker\Development\Slate\ShaderCompileWorker-Slate.lib 占쏙옙占싱브러占쏙옙 占쏙옙 D:\ub\Engine\Intermediate\Build\Win64\ShaderCompileWorker\Development\Slate\ShaderCompileWorker-Slate.exp 占쏙옙체占쏙옙 占쏙옙占쏙옙占싹곤옙 占쌍쏙옙占싹댐옙.
    [115/161] ShaderCompileWorker-Core.lib
       D:\ub\Engine\Intermediate\Build\Win64\ShaderCompileWorker\Development\Core\ShaderCompileWorker-Core.lib 占쏙옙占싱브러占쏙옙 占쏙옙 D:\ub\Engine\Intermediate\Build\Win64\ShaderCompileWorker\Development\Core\ShaderCompileWorker-Core.exp 占쏙옙체占쏙옙 占쏙옙占쏙옙占싹곤옙 占쌍쏙옙占싹댐옙.
    [116/161] ShaderCompileWorker-TextureFormatIntelISPCTexComp.dll
       D:\ub\Engine\Intermediate\Build\Win64\ShaderCompileWorker\Development\TextureFormatIntelISPCTexComp\ShaderCompileWorker-TextureFormatIntelISPCTexComp.suppressed.lib 占쏙옙占싱브러占쏙옙 占쏙옙 D:\ub\Engine\Intermediate\Build\Win64\ShaderCompileWorker\Development\TextureFormatIntelISPCTexComp\ShaderCompileWorker-TextureFormatIntelISPCTexComp.suppressed.exp 占쏙옙체占쏙옙 占쏙옙占쏙옙占싹곤옙 占쌍쏙옙占싹댐옙.
    [117/161] ShaderCompileWorker-Core.dll
       D:\ub\Engine\Intermediate\Build\Win64\ShaderCompileWorker\Development\Core\ShaderCompileWorker-Core.suppressed.lib 占쏙옙占싱브러占쏙옙 占쏙옙 D:\ub\Engine\Intermediate\Build\Win64\ShaderCompileWorker\Development\Core\ShaderCompileWorker-Core.suppressed.exp 占쏙옙체占쏙옙 占쏙옙占쏙옙占싹곤옙 占쌍쏙옙占싹댐옙.
    [118/161] ShaderCompileWorker-DesktopPlatform.dll
       D:\ub\Engine\Intermediate\Build\Win64\ShaderCompileWorker\Development\DesktopPlatform\ShaderCompileWorker-DesktopPlatform.suppressed.lib 占쏙옙占싱브러占쏙옙 占쏙옙 D:\ub\Engine\Intermediate\Build\Win64\ShaderCompileWorker\Development\DesktopPlatform\ShaderCompileWorker-DesktopPlatform.suppressed.exp 占쏙옙체占쏙옙 占쏙옙占쏙옙占싹곤옙 占쌍쏙옙占싹댐옙.
    [119/161] ShaderCompileWorker-SSL.dll
       D:\ub\Engine\Intermediate\Build\Win64\ShaderCompileWorker\Development\SSL\ShaderCompileWorker-SSL.suppressed.lib 占쏙옙占싱브러占쏙옙 占쏙옙 D:\ub\Engine\Intermediate\Build\Win64\ShaderCompileWorker\Development\SSL\ShaderCompileWorker-SSL.suppressed.exp 占쏙옙체占쏙옙 占쏙옙占쏙옙占싹곤옙 占쌍쏙옙占싹댐옙.
    [120/161] ShaderCompileWorker-Projects.dll
       D:\ub\Engine\Intermediate\Build\Win64\ShaderCompileWorker\Development\Projects\ShaderCompileWorker-Projects.suppressed.lib 占쏙옙占싱브러占쏙옙 占쏙옙 D:\ub\Engine\Intermediate\Build\Win64\ShaderCompileWorker\Development\Projects\ShaderCompileWorker-Projects.suppressed.exp 占쏙옙체占쏙옙 占쏙옙占쏙옙占싹곤옙 占쌍쏙옙占싹댐옙.
    [121/161] ShaderCompileWorker-ApplicationCore.dll
       D:\ub\Engine\Intermediate\Build\Win64\ShaderCompileWorker\Development\ApplicationCore\ShaderCompileWorker-ApplicationCore.suppressed.lib 占쏙옙占싱브러占쏙옙 占쏙옙 D:\ub\Engine\Intermediate\Build\Win64\ShaderCompileWorker\Development\ApplicationCore\ShaderCompileWorker-ApplicationCore.suppressed.exp 占쏙옙체占쏙옙 占쏙옙占쏙옙占싹곤옙 占쌍쏙옙占싹댐옙.
    [122/161] ShaderCompileWorker-LauncherPlatform.dll
       D:\ub\Engine\Intermediate\Build\Win64\ShaderCompileWorker\Development\LauncherPlatform\ShaderCompileWorker-LauncherPlatform.suppressed.lib 占쏙옙占싱브러占쏙옙 占쏙옙 D:\ub\Engine\Intermediate\Build\Win64\ShaderCompileWorker\Development\LauncherPlatform\ShaderCompileWorker-LauncherPlatform.suppressed.exp 占쏙옙체占쏙옙 占쏙옙占쏙옙占싹곤옙 占쌍쏙옙占싹댐옙.
    [123/161] ShaderCompileWorker-GeForceNOWWrapper.dll
       D:\ub\Engine\Intermediate\Build\Win64\ShaderCompileWorker\Development\GeForceNOWWrapper\ShaderCompileWorker-GeForceNOWWrapper.suppressed.lib 占쏙옙占싱브러占쏙옙 占쏙옙 D:\ub\Engine\Intermediate\Build\Win64\ShaderCompileWorker\Development\GeForceNOWWrapper\ShaderCompileWorker-GeForceNOWWrapper.suppressed.exp 占쏙옙체占쏙옙 占쏙옙占쏙옙占싹곤옙 占쌍쏙옙占싹댐옙.
    [124/161] ShaderCompileWorker-SandboxFile.dll
       D:\ub\Engine\Intermediate\Build\Win64\ShaderCompileWorker\Development\SandboxFile\ShaderCompileWorker-SandboxFile.suppressed.lib 占쏙옙占싱브러占쏙옙 占쏙옙 D:\ub\Engine\Intermediate\Build\Win64\ShaderCompileWorker\Development\SandboxFile\ShaderCompileWorker-SandboxFile.suppressed.exp 占쏙옙체占쏙옙 占쏙옙占쏙옙占싹곤옙 占쌍쏙옙占싹댐옙.
    [125/161] ShaderCompileWorker-FileUtilities.dll
       D:\ub\Engine\Intermediate\Build\Win64\ShaderCompileWorker\Development\FileUtilities\ShaderCompileWorker-FileUtilities.suppressed.lib 占쏙옙占싱브러占쏙옙 占쏙옙 D:\ub\Engine\Intermediate\Build\Win64\ShaderCompileWorker\Development\FileUtilities\ShaderCompileWorker-FileUtilities.suppressed.exp 占쏙옙체占쏙옙 占쏙옙占쏙옙占싹곤옙 占쌍쏙옙占싹댐옙.
    [126/161] ShaderCompileWorker-UELibSampleRate.dll
       D:\ub\Engine\Intermediate\Build\Win64\ShaderCompileWorker\Development\UELibSampleRate\ShaderCompileWorker-UELibSampleRate.suppressed.lib 占쏙옙占싱브러占쏙옙 占쏙옙 D:\ub\Engine\Intermediate\Build\Win64\ShaderCompileWorker\Development\UELibSampleRate\ShaderCompileWorker-UELibSampleRate.suppressed.exp 占쏙옙체占쏙옙 占쏙옙占쏙옙占싹곤옙 占쌍쏙옙占싹댐옙.
    [127/161] ShaderCompileWorker-Json.dll
       D:\ub\Engine\Intermediate\Build\Win64\ShaderCompileWorker\Development\Json\ShaderCompileWorker-Json.suppressed.lib 占쏙옙占싱브러占쏙옙 占쏙옙 D:\ub\Engine\Intermediate\Build\Win64\ShaderCompileWorker\Development\Json\ShaderCompileWorker-Json.suppressed.exp 占쏙옙체占쏙옙 占쏙옙占쏙옙占싹곤옙 占쌍쏙옙占싹댐옙.
    [128/161] ShaderCompileWorker-ImageCore.dll
       D:\ub\Engine\Intermediate\Build\Win64\ShaderCompileWorker\Development\ImageCore\ShaderCompileWorker-ImageCore.suppressed.lib 占쏙옙占싱브러占쏙옙 占쏙옙 D:\ub\Engine\Intermediate\Build\Win64\ShaderCompileWorker\Development\ImageCore\ShaderCompileWorker-ImageCore.suppressed.exp 占쏙옙체占쏙옙 占쏙옙占쏙옙占싹곤옙 占쌍쏙옙占싹댐옙.
    [129/161] ShaderCompileWorker-RHI.dll
       D:\ub\Engine\Intermediate\Build\Win64\ShaderCompileWorker\Development\RHI\ShaderCompileWorker-RHI.suppressed.lib 占쏙옙占싱브러占쏙옙 占쏙옙 D:\ub\Engine\Intermediate\Build\Win64\ShaderCompileWorker\Development\RHI\ShaderCompileWorker-RHI.suppressed.exp 占쏙옙체占쏙옙 占쏙옙占쏙옙占싹곤옙 占쌍쏙옙占싹댐옙.
    [130/161] ShaderCompileWorker-TextureFormatPVR.dll
       D:\ub\Engine\Intermediate\Build\Win64\ShaderCompileWorker\Development\TextureFormatPVR\ShaderCompileWorker-TextureFormatPVR.suppressed.lib 占쏙옙占싱브러占쏙옙 占쏙옙 D:\ub\Engine\Intermediate\Build\Win64\ShaderCompileWorker\Development\TextureFormatPVR\ShaderCompileWorker-TextureFormatPVR.suppressed.exp 占쏙옙체占쏙옙 占쏙옙占쏙옙占싹곤옙 占쌍쏙옙占싹댐옙.
    [131/161] ShaderCompileWorker-TextureFormatETC2.dll
       D:\ub\Engine\Intermediate\Build\Win64\ShaderCompileWorker\Development\TextureFormatETC2\ShaderCompileWorker-TextureFormatETC2.suppressed.lib 占쏙옙占싱브러占쏙옙 占쏙옙 D:\ub\Engine\Intermediate\Build\Win64\ShaderCompileWorker\Development\TextureFormatETC2\ShaderCompileWorker-TextureFormatETC2.suppressed.exp 占쏙옙체占쏙옙 占쏙옙占쏙옙占싹곤옙 占쌍쏙옙占싹댐옙.
    [132/161] ShaderCompileWorker-TextureFormatASTC.dll
       D:\ub\Engine\Intermediate\Build\Win64\ShaderCompileWorker\Development\TextureFormatASTC\ShaderCompileWorker-TextureFormatASTC.suppressed.lib 占쏙옙占싱브러占쏙옙 占쏙옙 D:\ub\Engine\Intermediate\Build\Win64\ShaderCompileWorker\Development\TextureFormatASTC\ShaderCompileWorker-TextureFormatASTC.suppressed.exp 占쏙옙체占쏙옙 占쏙옙占쏙옙占싹곤옙 占쌍쏙옙占싹댐옙.
    [133/161] Module.MetalShaderFormat.cpp
    [134/161] ShaderCompileWorker-MetalShaderFormat.lib
       D:\ub\Engine\Intermediate\Build\Win64\ShaderCompileWorker\Development\MetalShaderFormat\ShaderCompileWorker-MetalShaderFormat.lib 占쏙옙占싱브러占쏙옙 占쏙옙 D:\ub\Engine\Intermediate\Build\Win64\ShaderCompileWorker\Development\MetalShaderFormat\ShaderCompileWorker-MetalShaderFormat.exp 占쏙옙체占쏙옙 占쏙옙占쏙옙占싹곤옙 占쌍쏙옙占싹댐옙.
    [135/161] Module.RenderCore.1_of_3.cpp
    [136/161] ShaderCompileWorker-DerivedDataCache.dll
       D:\ub\Engine\Intermediate\Build\Win64\ShaderCompileWorker\Development\DerivedDataCache\ShaderCompileWorker-DerivedDataCache.suppressed.lib 占쏙옙占싱브러占쏙옙 占쏙옙 D:\ub\Engine\Intermediate\Build\Win64\ShaderCompileWorker\Development\DerivedDataCache\ShaderCompileWorker-DerivedDataCache.suppressed.exp 占쏙옙체占쏙옙 占쏙옙占쏙옙占싹곤옙 占쌍쏙옙占싹댐옙.
    [137/161] ShaderCompileWorker-RenderCore.lib
       D:\ub\Engine\Intermediate\Build\Win64\ShaderCompileWorker\Development\RenderCore\ShaderCompileWorker-RenderCore.lib 占쏙옙占싱브러占쏙옙 占쏙옙 D:\ub\Engine\Intermediate\Build\Win64\ShaderCompileWorker\Development\RenderCore\ShaderCompileWorker-RenderCore.exp 占쏙옙체占쏙옙 占쏙옙占쏙옙占싹곤옙 占쌍쏙옙占싹댐옙.
    [138/161] ShaderCompileWorker-ShaderCompilerCommon.dll
       D:\ub\Engine\Intermediate\Build\Win64\ShaderCompileWorker\Development\ShaderCompilerCommon\ShaderCompileWorker-ShaderCompilerCommon.suppressed.lib 占쏙옙占싱브러占쏙옙 占쏙옙 D:\ub\Engine\Intermediate\Build\Win64\ShaderCompileWorker\Development\ShaderCompilerCommon\ShaderCompileWorker-ShaderCompilerCommon.suppressed.exp 占쏙옙체占쏙옙 占쏙옙占쏙옙占싹곤옙 占쌍쏙옙占싹댐옙.
    [139/161] ShaderCompileWorker-RenderCore.dll
       D:\ub\Engine\Intermediate\Build\Win64\ShaderCompileWorker\Development\RenderCore\ShaderCompileWorker-RenderCore.suppressed.lib 占쏙옙占싱브러占쏙옙 占쏙옙 D:\ub\Engine\Intermediate\Build\Win64\ShaderCompileWorker\Development\RenderCore\ShaderCompileWorker-RenderCore.suppressed.exp 占쏙옙체占쏙옙 占쏙옙占쏙옙占싹곤옙 占쌍쏙옙占싹댐옙.
    [140/161] ShaderCompileWorker-MetalShaderFormat.dll
       D:\ub\Engine\Intermediate\Build\Win64\ShaderCompileWorker\Development\MetalShaderFormat\ShaderCompileWorker-MetalShaderFormat.suppressed.lib 占쏙옙占싱브러占쏙옙 占쏙옙 D:\ub\Engine\Intermediate\Build\Win64\ShaderCompileWorker\Development\MetalShaderFormat\ShaderCompileWorker-MetalShaderFormat.suppressed.exp 占쏙옙체占쏙옙 占쏙옙占쏙옙占싹곤옙 占쌍쏙옙占싹댐옙.
    [141/161] ShaderCompileWorker-ShaderPreprocessor.dll
       D:\ub\Engine\Intermediate\Build\Win64\ShaderCompileWorker\Development\ShaderPreprocessor\ShaderCompileWorker-ShaderPreprocessor.suppressed.lib 占쏙옙占싱브러占쏙옙 占쏙옙 D:\ub\Engine\Intermediate\Build\Win64\ShaderCompileWorker\Development\ShaderPreprocessor\ShaderCompileWorker-ShaderPreprocessor.suppressed.exp 占쏙옙체占쏙옙 占쏙옙占쏙옙占싹곤옙 占쌍쏙옙占싹댐옙.
    [142/161] ShaderCompileWorker.exe
    [143/161] ShaderCompileWorker-ShaderFormatD3D.dll
       D:\ub\Engine\Intermediate\Build\Win64\ShaderCompileWorker\Development\ShaderFormatD3D\ShaderCompileWorker-ShaderFormatD3D.suppressed.lib 占쏙옙占싱브러占쏙옙 占쏙옙 D:\ub\Engine\Intermediate\Build\Win64\ShaderCompileWorker\Development\ShaderFormatD3D\ShaderCompileWorker-ShaderFormatD3D.suppressed.exp 占쏙옙체占쏙옙 占쏙옙占쏙옙占싹곤옙 占쌍쏙옙占싹댐옙.
    [144/161] Module.CoreUObject.8_of_9.cpp
    [145/161] ShaderCompileWorker-ShaderFormatOpenGL.dll
       D:\ub\Engine\Intermediate\Build\Win64\ShaderCompileWorker\Development\ShaderFormatOpenGL\ShaderCompileWorker-ShaderFormatOpenGL.suppressed.lib 占쏙옙占싱브러占쏙옙 占쏙옙 D:\ub\Engine\Intermediate\Build\Win64\ShaderCompileWorker\Development\ShaderFormatOpenGL\ShaderCompileWorker-ShaderFormatOpenGL.suppressed.exp 占쏙옙체占쏙옙 占쏙옙占쏙옙占싹곤옙 占쌍쏙옙占싹댐옙.
    [146/161] ShaderCompileWorker-CoreUObject.lib
       D:\ub\Engine\Intermediate\Build\Win64\ShaderCompileWorker\Development\CoreUObject\ShaderCompileWorker-CoreUObject.lib 占쏙옙占싱브러占쏙옙 占쏙옙 D:\ub\Engine\Intermediate\Build\Win64\ShaderCompileWorker\Development\CoreUObject\ShaderCompileWorker-CoreUObject.exp 占쏙옙체占쏙옙 占쏙옙占쏙옙占싹곤옙 占쌍쏙옙占싹댐옙.
    [147/161] Module.SlateCore.1_of_3.cpp
    [148/161] ShaderCompileWorker-CoreUObject.dll
       D:\ub\Engine\Intermediate\Build\Win64\ShaderCompileWorker\Development\CoreUObject\ShaderCompileWorker-CoreUObject.suppressed.lib 占쏙옙占싱브러占쏙옙 占쏙옙 D:\ub\Engine\Intermediate\Build\Win64\ShaderCompileWorker\Development\CoreUObject\ShaderCompileWorker-CoreUObject.suppressed.exp 占쏙옙체占쏙옙 占쏙옙占쏙옙占싹곤옙 占쌍쏙옙占싹댐옙.
    [149/161] ShaderCompileWorker-AudioPlatformConfiguration.dll
       D:\ub\Engine\Intermediate\Build\Win64\ShaderCompileWorker\Development\AudioPlatformConfiguration\ShaderCompileWorker-AudioPlatformConfiguration.suppressed.lib 占쏙옙占싱브러占쏙옙 占쏙옙 D:\ub\Engine\Intermediate\Build\Win64\ShaderCompileWorker\Development\AudioPlatformConfiguration\ShaderCompileWorker-AudioPlatformConfiguration.suppressed.exp 占쏙옙체占쏙옙 占쏙옙占쏙옙占싹곤옙 占쌍쏙옙占싹댐옙.
    [150/161] ShaderCompileWorker-VectorVM.dll
       D:\ub\Engine\Intermediate\Build\Win64\ShaderCompileWorker\Development\VectorVM\ShaderCompileWorker-VectorVM.suppressed.lib 占쏙옙占싱브러占쏙옙 占쏙옙 D:\ub\Engine\Intermediate\Build\Win64\ShaderCompileWorker\Development\VectorVM\ShaderCompileWorker-VectorVM.suppressed.exp 占쏙옙체占쏙옙 占쏙옙占쏙옙占싹곤옙 占쌍쏙옙占싹댐옙.
    [151/161] ShaderCompileWorker-InputCore.dll
       D:\ub\Engine\Intermediate\Build\Win64\ShaderCompileWorker\Development\InputCore\ShaderCompileWorker-InputCore.suppressed.lib 占쏙옙占싱브러占쏙옙 占쏙옙 D:\ub\Engine\Intermediate\Build\Win64\ShaderCompileWorker\Development\InputCore\ShaderCompileWorker-InputCore.suppressed.exp 占쏙옙체占쏙옙 占쏙옙占쏙옙占싹곤옙 占쌍쏙옙占싹댐옙.
    [152/161] ShaderCompileWorker-ImageWrapper.dll
       D:\ub\Engine\Intermediate\Build\Win64\ShaderCompileWorker\Development\ImageWrapper\ShaderCompileWorker-ImageWrapper.suppressed.lib 占쏙옙占싱브러占쏙옙 占쏙옙 D:\ub\Engine\Intermediate\Build\Win64\ShaderCompileWorker\Development\ImageWrapper\ShaderCompileWorker-ImageWrapper.suppressed.exp 占쏙옙체占쏙옙 占쏙옙占쏙옙占싹곤옙 占쌍쏙옙占싹댐옙.
    [153/161] ShaderCompileWorker-SlateCore.lib
       D:\ub\Engine\Intermediate\Build\Win64\ShaderCompileWorker\Development\SlateCore\ShaderCompileWorker-SlateCore.lib 占쏙옙占싱브러占쏙옙 占쏙옙 D:\ub\Engine\Intermediate\Build\Win64\ShaderCompileWorker\Development\SlateCore\ShaderCompileWorker-SlateCore.exp 占쏙옙체占쏙옙 占쏙옙占쏙옙占싹곤옙 占쌍쏙옙占싹댐옙.
    [154/161] ShaderCompileWorker-ShaderFormatVectorVM.dll
       D:\ub\Engine\Intermediate\Build\Win64\ShaderCompileWorker\Development\ShaderFormatVectorVM\ShaderCompileWorker-ShaderFormatVectorVM.suppressed.lib 占쏙옙占싱브러占쏙옙 占쏙옙 D:\ub\Engine\Intermediate\Build\Win64\ShaderCompileWorker\Development\ShaderFormatVectorVM\ShaderCompileWorker-ShaderFormatVectorVM.suppressed.exp 占쏙옙체占쏙옙 占쏙옙占쏙옙占싹곤옙 占쌍쏙옙占싹댐옙.
    [155/161] ShaderCompileWorker-TargetPlatform.dll
       D:\ub\Engine\Intermediate\Build\Win64\ShaderCompileWorker\Development\TargetPlatform\ShaderCompileWorker-TargetPlatform.suppressed.lib 占쏙옙占싱브러占쏙옙 占쏙옙 D:\ub\Engine\Intermediate\Build\Win64\ShaderCompileWorker\Development\TargetPlatform\ShaderCompileWorker-TargetPlatform.suppressed.exp 占쏙옙체占쏙옙 占쏙옙占쏙옙占싹곤옙 占쌍쏙옙占싹댐옙.
    [156/161] ShaderCompileWorker-EditorStyle.dll
       D:\ub\Engine\Intermediate\Build\Win64\ShaderCompileWorker\Development\EditorStyle\ShaderCompileWorker-EditorStyle.suppressed.lib 占쏙옙占싱브러占쏙옙 占쏙옙 D:\ub\Engine\Intermediate\Build\Win64\ShaderCompileWorker\Development\EditorStyle\ShaderCompileWorker-EditorStyle.suppressed.exp 占쏙옙체占쏙옙 占쏙옙占쏙옙占싹곤옙 占쌍쏙옙占싹댐옙.
    [157/161] ShaderCompileWorker-SlateCore.dll
       D:\ub\Engine\Intermediate\Build\Win64\ShaderCompileWorker\Development\SlateCore\ShaderCompileWorker-SlateCore.suppressed.lib 占쏙옙占싱브러占쏙옙 占쏙옙 D:\ub\Engine\Intermediate\Build\Win64\ShaderCompileWorker\Development\SlateCore\ShaderCompileWorker-SlateCore.suppressed.exp 占쏙옙체占쏙옙 占쏙옙占쏙옙占싹곤옙 占쌍쏙옙占싹댐옙.
    [158/161] ShaderCompileWorker-Slate.dll
       D:\ub\Engine\Intermediate\Build\Win64\ShaderCompileWorker\Development\Slate\ShaderCompileWorker-Slate.suppressed.lib 占쏙옙占싱브러占쏙옙 占쏙옙 D:\ub\Engine\Intermediate\Build\Win64\ShaderCompileWorker\Development\Slate\ShaderCompileWorker-Slate.suppressed.exp 占쏙옙체占쏙옙 占쏙옙占쏙옙占싹곤옙 占쌍쏙옙占싹댐옙.
    [159/161] ShaderCompileWorker-VulkanShaderFormat.dll
       D:\ub\Engine\Intermediate\Build\Win64\ShaderCompileWorker\Development\VulkanShaderFormat\ShaderCompileWorker-VulkanShaderFormat.suppressed.lib 占쏙옙占싱브러占쏙옙 占쏙옙 D:\ub\Engine\Intermediate\Build\Win64\ShaderCompileWorker\Development\VulkanShaderFormat\ShaderCompileWorker-VulkanShaderFormat.suppressed.exp 占쏙옙체占쏙옙 占쏙옙占쏙옙占싹곤옙 占쌍쏙옙占싹댐옙.
    [160/161] ShaderCompileWorker.target
    [161/161] Executing post build script (PostBuild-1.bat)
    Copying D:\ub\Engine\Binaries\Win64\ShaderCompileWorker.exe to D:\ub\Engine\Binaries\Win64\XGEControlWorker.exe
  Total time in Parallel executor: 243.73 seconds
  Total execution time: 1745.16 seconds
