  Creating makefile for SlateViewer (no existing makefile)
  Building SlateViewer...
  Using Visual Studio 2019 14.29.30133 toolchain (C:\Program Files (x86)\Microsoft Visual Studio\2019\Community\VC\Tools\MSVC\14.29.30133) and Windows 10.0.18362.0 SDK (C:\Program Files (x86)\Windows Kits\10).
  Building 81 actions with 8 processes...
    [1/81] BuildSettings.cpp
    [2/81] Default.rc2
    [3/81] PCH.ImageWrapper.cpp
    [4/81] Module.TraceLog.cpp
    [5/81] SharedPCH.Core.ShadowErrors.cpp
    [6/81] SharedPCH.CoreUObject.ShadowErrors.cpp
    [7/81] PCH.Core.cpp
    [8/81] Module.ImageWrapper.gen.cpp
    [9/81] Module.GeForceNOWWrapper.cpp
    [10/81] Module.Cbor.cpp
    [11/81] Module.ImageWrapper.cpp
    [12/81] PCH.CoreUObject.cpp
    [13/81] Module.Settings.cpp
    [14/81] Module.ApplicationCore.cpp
    [15/81] Module.SlateCore.gen.cpp
    [16/81] Module.Serialization.cpp
    [17/81] SharedPCH.Slate.ShadowErrors.cpp
    [18/81] Module.SourceCodeAccess.gen.cpp
    [19/81] Module.SlateCore.3_of_3.cpp
    [20/81] Module.RHI.cpp
    [21/81] Module.WebBrowser.gen.cpp
    [22/81] Module.EditorStyle.gen.cpp
    [23/81] Module.Slate.1_of_5.cpp
    [24/81] Module.SlateViewer.cpp
    [25/81] Module.EditorStyle.cpp
    [26/81] Module.AssetRegistry.cpp
    [27/81] NetCommonModule.cpp
    [28/81] Module.Slate.5_of_5.cpp
    [29/81] Module.WebBrowser.cpp
    [30/81] Module.Serialization.gen.cpp
    [31/81] Module.Messaging.cpp
    [32/81] Module.Slate.3_of_5.cpp
    [33/81] CEF3Utils.cpp
    [34/81] Module.AssetRegistry.gen.cpp
    [35/81] Module.SourceCodeAccess.cpp
    [36/81] Module.MessageLog.cpp
    [37/81] Module.Slate.4_of_5.cpp
    [38/81] Module.Json.cpp
    [39/81] Module.Projects.cpp
    [40/81] Module.SlateCore.2_of_3.cpp
    [41/81] Module.HTTP.cpp
    [42/81] Module.InputCore.gen.cpp
    [43/81] Module.Slate.2_of_5.cpp
    [44/81] Module.SSL.cpp
    [45/81] Module.InputCore.cpp
    [46/81] Module.Sockets.cpp
    [47/81] Module.StandaloneRenderer.cpp
    [48/81] Module.Slate.gen.cpp
    [49/81] Module.DesktopPlatform.cpp
    [50/81] Module.Core.2_of_15.cpp
    [51/81] Module.Core.4_of_15.cpp
    [52/81] Module.CoreUObject.2_of_9.cpp
    [53/81] Module.Core.3_of_15.cpp
    [54/81] Module.Core.1_of_15.cpp
    [55/81] Module.SlateReflector.cpp
    [56/81] Module.Core.7_of_15.cpp
    [57/81] Module.AppFramework.cpp
    [58/81] Module.Core.6_of_15.cpp
    [59/81] Module.CoreUObject.3_of_9.cpp
    [60/81] Module.Core.5_of_15.cpp
    [61/81] Module.Core.12_of_15.cpp
    [62/81] Module.CoreUObject.gen.cpp
    [63/81] Module.Core.13_of_15.cpp
    [64/81] Module.CoreUObject.9_of_9.cpp
    [65/81] Module.CoreUObject.5_of_9.cpp
    [66/81] Module.Core.10_of_15.cpp
    [67/81] Module.Core.11_of_15.cpp
    [68/81] Module.Core.14_of_15.cpp
    [69/81] Module.Core.9_of_15.cpp
    [70/81] Module.CoreUObject.6_of_9.cpp
    [71/81] Module.Core.8_of_15.cpp
    [72/81] Module.VisualStudioSourceCodeAccess.cpp
    [73/81] Module.SlateReflector.gen.cpp
    [74/81] Module.CoreUObject.7_of_9.cpp
    [75/81] Module.Core.15_of_15.cpp
    [76/81] Module.CoreUObject.8_of_9.cpp
    [77/81] Module.SlateCore.1_of_3.cpp
    [78/81] Module.CoreUObject.1_of_9.cpp
    [79/81] Module.CoreUObject.4_of_9.cpp
    [80/81] SlateViewer.exe
       D:\ub\Engine\Binaries\Win64\SlateViewer.lib 占쏙옙占싱브러占쏙옙 占쏙옙 D:\ub\Engine\Binaries\Win64\SlateViewer.exp 占쏙옙체占쏙옙 占쏙옙占쏙옙占싹곤옙 占쌍쏙옙占싹댐옙.
    [81/81] SlateViewer.target
  Total time in Parallel executor: 289.70 seconds
  Total execution time: 1495.79 seconds
