  Creating makefile for UnrealFileServer (no existing makefile)
  Building UnrealFileServer...
  Using Visual Studio 2019 14.29.30133 toolchain (C:\Program Files (x86)\Microsoft Visual Studio\2019\Community\VC\Tools\MSVC\14.29.30133) and Windows 10.0.18362.0 SDK (C:\Program Files (x86)\Windows Kits\10).
  Building 627 actions with 8 processes...
    [1/627] Default.rc2
    [2/627] PCH.ImageWrapper.cpp
    [3/627] Module.TraceLog.cpp
    [4/627] SharedPCH.Core.ShadowErrors.cpp
    [5/627] SharedPCH.CoreUObject.ShadowErrors.cpp
    [6/627] PCH.Core.cpp
    [7/627] PCH.CoreUObject.cpp
    [8/627] Module.ImageWrapper.cpp
    [9/627] SharedPCH.Slate.ShadowErrors.cpp
    [10/627] Module.RenderCore.2_of_3.cpp
    [11/627] Module.Core.9_of_15.cpp
    [12/627] Module.Core.10_of_15.cpp
    [13/627] Module.RenderCore.1_of_3.cpp
    [14/627] Module.Core.3_of_15.cpp
    [15/627] Module.Core.12_of_15.cpp
    [16/627] Module.Core.1_of_15.cpp
    [17/627] Module.Core.4_of_15.cpp
    [18/627] Module.Core.2_of_15.cpp
    [19/627] Module.Core.8_of_15.cpp
    [20/627] Module.Core.13_of_15.cpp
    [21/627] Module.Core.5_of_15.cpp
    [22/627] PCH.Engine.cpp
D:\ub\Engine\Source\Runtime\Engine\Classes\Components/ActorComponent.h(375): error C3668: 'UActorComponent::GetWorld': 占쏙옙占쏙옙占쏙옙 占쏙옙占쏙옙占쏙옙 'override'占쏙옙 占쌍댐옙 占쌨쇽옙占썲가 占썩본 클占쏙옙占쏙옙 占쌨쇽옙占썲를 占쏙옙占쏙옙占쏙옙占쏙옙占쏙옙 占십았쏙옙占싹댐옙.
D:\ub\Engine\Source\Runtime\Engine\Classes\Engine/Level.h(757): error C3668: 'ULevel::GetWorld': 占쏙옙占쏙옙占쏙옙 占쏙옙占쏙옙占쏙옙 'override'占쏙옙 占쌍댐옙 占쌨쇽옙占썲가 占썩본 클占쏙옙占쏙옙 占쌨쇽옙占썲를 占쏙옙占쏙옙占쏙옙占쏙옙占쏙옙 占십았쏙옙占싹댐옙.
D:\ub\Engine\Source\Runtime\Engine\Classes\GameFramework/Actor.h(2912): error C3668: 'AActor::GetWorld': 占쏙옙占쏙옙占쏙옙 占쏙옙占쏙옙占쏙옙 'override'占쏙옙 占쌍댐옙 占쌨쇽옙占썲가 占썩본 클占쏙옙占쏙옙 占쌨쇽옙占썲를 占쏙옙占쏙옙占쏙옙占쏙옙占쏙옙 占십았쏙옙占싹댐옙.
D:\ub\Engine\Source\Runtime\Engine\Public\Subsystems/WorldSubsystem.h(24): error C3668: 'UWorldSubsystem::GetWorld': 占쏙옙占쏙옙占쏙옙 占쏙옙占쏙옙占쏙옙 'override'占쏙옙 占쌍댐옙 占쌨쇽옙占썲가 占썩본 클占쏙옙占쏙옙 占쌨쇽옙占썲를 占쏙옙占쏙옙占쏙옙占쏙옙占쏙옙 占십았쏙옙占싹댐옙.
D:\ub\Engine\Source\Runtime\Engine\Classes\Engine/World.h(1650): error C2065: 'FAsyncPreRegisterDDCRequest': 占쏙옙占쏙옙占쏙옙占?占쏙옙占쏙옙 占식븝옙占쏙옙占쌉니댐옙.
D:\ub\Engine\Source\Runtime\Engine\Classes\Engine/World.h(1650): error C2923: 'TSharedPtr': 'FAsyncPreRegisterDDCRequest'占쏙옙(占쏙옙) 'ObjectType' 占신곤옙 占쏙옙占쏙옙占쏙옙 占쏙옙占쏙옙 占시바몌옙 占쏙옙占시몌옙 占쏙옙占쏙옙 占싸쇽옙占쏙옙 占싣닙니댐옙.
    D:\ub\Engine\Source\Runtime\Engine\Classes\Engine/World.h(1650): note: 'FAsyncPreRegisterDDCRequest' 占쏙옙占쏙옙占쏙옙 占쏙옙占쏙옙占싹십시울옙.
D:\ub\Engine\Source\Runtime\Engine\Classes\Engine/World.h(1650): error C2976: 'TSharedPtr': 占쏙옙占시몌옙 占싸쇽옙占쏙옙 占십뱄옙 占쏙옙占쏙옙占싹댐옙.
    D:\ub\Engine\Source\Runtime\Core\Public\Templates/SharedPointer.h(560): note: 'TSharedPtr' 占쏙옙占쏙옙占쏙옙 占쏙옙占쏙옙占싹십시울옙.
D:\ub\Engine\Source\Runtime\Engine\Classes\Engine/World.h(1650): error C3203: 'TSharedPtr': 특占쏙옙화占쏙옙占쏙옙 占쏙옙占쏙옙 클占쏙옙占쏙옙 占쏙옙占시몌옙占쏙옙(占쏙옙) 占쏙옙占시몌옙 占신곤옙 占쏙옙占쏙옙 'InElementType'占쏙옙 占쏙옙占쏙옙 占쏙옙占시몌옙 占싸쇽옙占쏙옙 占쏙옙占쏙옙占?占쏙옙 占쏙옙占쏙옙占싹댐옙. 占쏙옙占쏙옙 占쏙옙占쏙옙占쏙옙 占십울옙占쌌니댐옙.
D:\ub\Engine\Source\Runtime\Engine\Classes\Engine/World.h(2564): error C3668: 'UWorld::GetWorld': 占쏙옙占쏙옙占쏙옙 占쏙옙占쏙옙占쏙옙 'override'占쏙옙 占쌍댐옙 占쌨쇽옙占썲가 占썩본 클占쏙옙占쏙옙 占쌨쇽옙占썲를 占쏙옙占쏙옙占쏙옙占쏙옙占쏙옙 占십았쏙옙占싹댐옙.
D:\ub\Engine\Source\Runtime\Engine\Public\Physics/PhysicsInterfacePhysX.h(173): error C2504: 'FChaosEngineInterface': 占썩본 클占쏙옙占쏙옙占쏙옙 占쏙옙占쏙옙占쏙옙占쏙옙 占십았쏙옙占싹댐옙.
D:\ub\Engine\Source\Runtime\Engine\Classes\Curves/CurveBase.h(82): error C3668: 'UCurveBase::PostEditChangeProperty': 占쏙옙占쏙옙占쏙옙 占쏙옙占쏙옙占쏙옙 'override'占쏙옙 占쌍댐옙 占쌨쇽옙占썲가 占썩본 클占쏙옙占쏙옙 占쌨쇽옙占썲를 占쏙옙占쏙옙占쏙옙占쏙옙占쏙옙 占십았쏙옙占싹댐옙.
D:\ub\Engine\Source\Runtime\Engine\Classes\Sound/SoundEffectSource.h(62): error C3668: 'USoundEffectSourcePresetChain::PostEditChangeProperty': 占쏙옙占쏙옙占쏙옙 占쏙옙占쏙옙占쏙옙 'override'占쏙옙 占쌍댐옙 占쌨쇽옙占썲가 占썩본 클占쏙옙占쏙옙 占쌨쇽옙占썲를 占쏙옙占쏙옙占쏙옙占쏙옙占쏙옙 占십았쏙옙占싹댐옙.
    [23/627] SharedPCH.Engine.ShadowErrors.cpp
D:\ub\Engine\Source\Runtime\Engine\Classes\Components/ActorComponent.h(375): error C3668: 'UActorComponent::GetWorld': 占쏙옙占쏙옙占쏙옙 占쏙옙占쏙옙占쏙옙 'override'占쏙옙 占쌍댐옙 占쌨쇽옙占썲가 占썩본 클占쏙옙占쏙옙 占쌨쇽옙占썲를 占쏙옙占쏙옙占쏙옙占쏙옙占쏙옙 占십았쏙옙占싹댐옙.
D:\ub\Engine\Source\Runtime\Engine\Classes\Engine/Level.h(757): error C3668: 'ULevel::GetWorld': 占쏙옙占쏙옙占쏙옙 占쏙옙占쏙옙占쏙옙 'override'占쏙옙 占쌍댐옙 占쌨쇽옙占썲가 占썩본 클占쏙옙占쏙옙 占쌨쇽옙占썲를 占쏙옙占쏙옙占쏙옙占쏙옙占쏙옙 占십았쏙옙占싹댐옙.
D:\ub\Engine\Source\Runtime\Engine\Classes\GameFramework/Actor.h(2912): error C3668: 'AActor::GetWorld': 占쏙옙占쏙옙占쏙옙 占쏙옙占쏙옙占쏙옙 'override'占쏙옙 占쌍댐옙 占쌨쇽옙占썲가 占썩본 클占쏙옙占쏙옙 占쌨쇽옙占썲를 占쏙옙占쏙옙占쏙옙占쏙옙占쏙옙 占십았쏙옙占싹댐옙.
D:\ub\Engine\Source\Runtime\Engine\Public\Subsystems/WorldSubsystem.h(24): error C3668: 'UWorldSubsystem::GetWorld': 占쏙옙占쏙옙占쏙옙 占쏙옙占쏙옙占쏙옙 'override'占쏙옙 占쌍댐옙 占쌨쇽옙占썲가 占썩본 클占쏙옙占쏙옙 占쌨쇽옙占썲를 占쏙옙占쏙옙占쏙옙占쏙옙占쏙옙 占십았쏙옙占싹댐옙.
D:\ub\Engine\Source\Runtime\Engine\Classes\Engine/World.h(1650): error C2065: 'FAsyncPreRegisterDDCRequest': 占쏙옙占쏙옙占쏙옙占?占쏙옙占쏙옙 占식븝옙占쏙옙占쌉니댐옙.
D:\ub\Engine\Source\Runtime\Engine\Classes\Engine/World.h(1650): error C2923: 'TSharedPtr': 'FAsyncPreRegisterDDCRequest'占쏙옙(占쏙옙) 'ObjectType' 占신곤옙 占쏙옙占쏙옙占쏙옙 占쏙옙占쏙옙 占시바몌옙 占쏙옙占시몌옙 占쏙옙占쏙옙 占싸쇽옙占쏙옙 占싣닙니댐옙.
    D:\ub\Engine\Source\Runtime\Engine\Classes\Engine/World.h(1650): note: 'FAsyncPreRegisterDDCRequest' 占쏙옙占쏙옙占쏙옙 占쏙옙占쏙옙占싹십시울옙.
D:\ub\Engine\Source\Runtime\Engine\Classes\Engine/World.h(1650): error C2976: 'TSharedPtr': 占쏙옙占시몌옙 占싸쇽옙占쏙옙 占십뱄옙 占쏙옙占쏙옙占싹댐옙.
    D:\ub\Engine\Source\Runtime\Core\Public\Templates/SharedPointer.h(560): note: 'TSharedPtr' 占쏙옙占쏙옙占쏙옙 占쏙옙占쏙옙占싹십시울옙.
D:\ub\Engine\Source\Runtime\Engine\Classes\Engine/World.h(1650): error C3203: 'TSharedPtr': 특占쏙옙화占쏙옙占쏙옙 占쏙옙占쏙옙 클占쏙옙占쏙옙 占쏙옙占시몌옙占쏙옙(占쏙옙) 占쏙옙占시몌옙 占신곤옙 占쏙옙占쏙옙 'InElementType'占쏙옙 占쏙옙占쏙옙 占쏙옙占시몌옙 占싸쇽옙占쏙옙 占쏙옙占쏙옙占?占쏙옙 占쏙옙占쏙옙占싹댐옙. 占쏙옙占쏙옙 占쏙옙占쏙옙占쏙옙 占십울옙占쌌니댐옙.
D:\ub\Engine\Source\Runtime\Engine\Classes\Engine/World.h(2564): error C3668: 'UWorld::GetWorld': 占쏙옙占쏙옙占쏙옙 占쏙옙占쏙옙占쏙옙 'override'占쏙옙 占쌍댐옙 占쌨쇽옙占썲가 占썩본 클占쏙옙占쏙옙 占쌨쇽옙占썲를 占쏙옙占쏙옙占쏙옙占쏙옙占쏙옙 占십았쏙옙占싹댐옙.
D:\ub\Engine\Source\Runtime\Engine\Public\Physics/PhysicsInterfacePhysX.h(173): error C2504: 'FChaosEngineInterface': 占썩본 클占쏙옙占쏙옙占쏙옙 占쏙옙占쏙옙占쏙옙占쏙옙 占십았쏙옙占싹댐옙.
D:\ub\Engine\Source\Runtime\Engine\Classes\Curves/CurveBase.h(82): error C3668: 'UCurveBase::PostEditChangeProperty': 占쏙옙占쏙옙占쏙옙 占쏙옙占쏙옙占쏙옙 'override'占쏙옙 占쌍댐옙 占쌨쇽옙占썲가 占썩본 클占쏙옙占쏙옙 占쌨쇽옙占썲를 占쏙옙占쏙옙占쏙옙占쏙옙占쏙옙 占십았쏙옙占싹댐옙.
D:\ub\Engine\Source\Runtime\Engine\Classes\Sound/SoundEffectSource.h(62): error C3668: 'USoundEffectSourcePresetChain::PostEditChangeProperty': 占쏙옙占쏙옙占쏙옙 占쏙옙占쏙옙占쏙옙 'override'占쏙옙 占쌍댐옙 占쌨쇽옙占썲가 占썩본 클占쏙옙占쏙옙 占쌨쇽옙占썲를 占쏙옙占쏙옙占쏙옙占쏙옙占쏙옙 占십았쏙옙占싹댐옙.
D:\ub\Engine\Source\Runtime\Engine\Classes\Animation/AnimNotifies/AnimNotify.h(94): error C3668: 'UAnimNotify::GetWorld': 占쏙옙占쏙옙占쏙옙 占쏙옙占쏙옙占쏙옙 'override'占쏙옙 占쌍댐옙 占쌨쇽옙占썲가 占썩본 클占쏙옙占쏙옙 占쌨쇽옙占썲를 占쏙옙占쏙옙占쏙옙占쏙옙占쏙옙 占십았쏙옙占싹댐옙.
D:\ub\Engine\Source\Runtime\Engine\Classes\Animation/AnimInstance.h(1285): error C3668: 'UAnimInstance::GetWorld': 占쏙옙占쏙옙占쏙옙 占쏙옙占쏙옙占쏙옙 'override'占쏙옙 占쌍댐옙 占쌨쇽옙占썲가 占썩본 클占쏙옙占쏙옙 占쌨쇽옙占썲를 占쏙옙占쏙옙占쏙옙占쏙옙占쏙옙 占십았쏙옙占싹댐옙.
D:\ub\Engine\Source\Runtime\Engine\Classes\Engine/NetDriver.h(1496): error C3668: 'UNetDriver::GetWorld': 占쏙옙占쏙옙占쏙옙 占쏙옙占쏙옙占쏙옙 'override'占쏙옙 占쌍댐옙 占쌨쇽옙占썲가 占썩본 클占쏙옙占쏙옙 占쌨쇽옙占썲를 占쏙옙占쏙옙占쏙옙占쏙옙占쏙옙 占십았쏙옙占싹댐옙.
D:\ub\Engine\Source\Runtime\Engine\Classes\Engine/NetConnection.h(814): error C3668: 'UNetConnection::GetWorld': 占쏙옙占쏙옙占쏙옙 占쏙옙占쏙옙占쏙옙 'override'占쏙옙 占쌍댐옙 占쌨쇽옙占썲가 占썩본 클占쏙옙占쏙옙 占쌨쇽옙占썲를 占쏙옙占쏙옙占쏙옙占쏙옙占쏙옙 占십았쏙옙占싹댐옙.
D:\ub\Engine\Source\Runtime\Engine\Classes\Engine/LocalPlayer.h(277): error C3668: 'ULocalPlayer::GetWorld': 占쏙옙占쏙옙占쏙옙 占쏙옙占쏙옙占쏙옙 'override'占쏙옙 占쌍댐옙 占쌨쇽옙占썲가 占썩본 클占쏙옙占쏙옙 占쌨쇽옙占썲를 占쏙옙占쏙옙占쏙옙占쏙옙占쏙옙 占십았쏙옙占싹댐옙.
    [24/627] Module.Core.7_of_15.cpp
    [25/627] Module.CoreUObject.gen.cpp
    [26/627] Module.Core.15_of_15.cpp
    [27/627] Module.Core.6_of_15.cpp
    [28/627] Module.Core.14_of_15.cpp
    [29/627] Module.CoreUObject.9_of_9.cpp
    [30/627] Module.CoreUObject.2_of_9.cpp
    [31/627] Module.CoreUObject.1_of_9.cpp
    [32/627] Module.CoreUObject.6_of_9.cpp
    [33/627] Module.CoreUObject.3_of_9.cpp
    [34/627] Module.InputCore.gen.cpp
    [35/627] Module.CoreUObject.8_of_9.cpp
    [36/627] Module.SlateCore.gen.cpp
    [37/627] Module.RHI.cpp
    [38/627] Module.Json.cpp
    [39/627] Module.SlateCore.2_of_3.cpp
    [40/627] Module.SlateCore.1_of_3.cpp
    [41/627] Module.InputCore.cpp
    [42/627] Module.Slate.gen.cpp
    [43/627] Module.CoreUObject.7_of_9.cpp
    [44/627] Module.ApplicationCore.cpp
    [45/627] Module.Projects.cpp
    [46/627] Module.CoreUObject.4_of_9.cpp
    [47/627] Module.SignalProcessing.cpp
    [48/627] Module.Slate.5_of_5.cpp
    [49/627] Module.Slate.3_of_5.cpp
    [50/627] Module.Slate.1_of_5.cpp
    [51/627] Module.Slate.4_of_5.cpp
    [52/627] Module.Slate.2_of_5.cpp
    [53/627] Module.PhysicsCore.cpp
D:/ub/Engine/Source/Runtime/PhysicsCore/Private/PhysicalMaterial.cpp(92): error C2653: 'FChaosEngineInterface': 클占쏙옙占쏙옙 占실댐옙 占쏙옙占쌈쏙옙占쏙옙占싱쏙옙 占싱몌옙占쏙옙 占싣닙니댐옙.
D:/ub/Engine/Source/Runtime/PhysicsCore/Private/PhysicalMaterial.cpp(92): error C3861: 'ReleaseMaterial': 占식븝옙占쌘몌옙 찾占쏙옙 占쏙옙 占쏙옙占쏙옙占싹댐옙.
D:/ub/Engine/Source/Runtime/PhysicsCore/Private/PhysicalMaterial.cpp(103): error C2027: 占쏙옙占실듸옙占쏙옙 占쏙옙占쏙옙 占쏙옙占쏙옙 'FPhysicsMaterialHandle_PhysX'占쏙옙(占쏙옙) 占쏙옙占쏙옙颯占쏙옙求占?
    D:\ub\Engine\Source\Runtime\PhysicsCore\Public\PhysicsInterfaceDeclaresCore.h(188): note: 'FPhysicsMaterialHandle_PhysX' 占쏙옙占쏙옙占쏙옙 占쏙옙占쏙옙占싹십시울옙.
D:/ub/Engine/Source/Runtime/PhysicsCore/Private/PhysicalMaterial.cpp(103): error C2232: '->TUniquePtr<FPhysicsMaterialHandle,TDefaultDelete<T>>::IsValid': 占쏙옙占쏙옙 占실울옙占쏙옙占쌘울옙 'class' 占쏙옙占쏙옙占쏙옙 占쌍쏙옙占싹댐옙. '.'占쏙옙 占쏙옙占쏙옙絿駕첼占?
            with
            [
                T=FPhysicsMaterialHandle
            ]
D:/ub/Engine/Source/Runtime/PhysicsCore/Private/PhysicalMaterial.cpp(105): error C2653: 'FChaosEngineInterface': 클占쏙옙占쏙옙 占실댐옙 占쏙옙占쌈쏙옙占쏙옙占싱쏙옙 占싱몌옙占쏙옙 占싣닙니댐옙.
D:/ub/Engine/Source/Runtime/PhysicsCore/Private/PhysicalMaterial.cpp(105): error C3861: 'CreateMaterial': 占식븝옙占쌘몌옙 찾占쏙옙 占쏙옙 占쏙옙占쏙옙占싹댐옙.
D:/ub/Engine/Source/Runtime/PhysicsCore/Private/PhysicalMaterial.cpp(105): error C2582: 'operator =' 占쌉쇽옙占쏙옙 'FPhysicsMaterialHandle_PhysX'占쏙옙占쏙옙 占쏙옙占쏙옙占?占쏙옙 占쏙옙占쏙옙占싹댐옙.
D:/ub/Engine/Source/Runtime/PhysicsCore/Private/PhysicalMaterial.cpp(106): error C2027: 占쏙옙占실듸옙占쏙옙 占쏙옙占쏙옙 占쏙옙占쏙옙 'FPhysicsMaterialHandle_PhysX'占쏙옙(占쏙옙) 占쏙옙占쏙옙颯占쏙옙求占?
    D:\ub\Engine\Source\Runtime\PhysicsCore\Public\PhysicsInterfaceDeclaresCore.h(188): note: 'FPhysicsMaterialHandle_PhysX' 占쏙옙占쏙옙占쏙옙 占쏙옙占쏙옙占싹십시울옙.
D:/ub/Engine/Source/Runtime/PhysicsCore/Private/PhysicalMaterial.cpp(106): error C2232: '->TUniquePtr<FPhysicsMaterialHandle,TDefaultDelete<T>>::IsValid': 占쏙옙占쏙옙 占실울옙占쏙옙占쌘울옙 'class' 占쏙옙占쏙옙占쏙옙 占쌍쏙옙占싹댐옙. '.'占쏙옙 占쏙옙占쏙옙絿駕첼占?
            with
            [
                T=FPhysicsMaterialHandle
            ]
D:/ub/Engine/Source/Runtime/PhysicsCore/Private/PhysicalMaterial.cpp(108): error C2653: 'FChaosEngineInterface': 클占쏙옙占쏙옙 占실댐옙 占쏙옙占쌈쏙옙占쏙옙占싱쏙옙 占싱몌옙占쏙옙 占싣닙니댐옙.
D:/ub/Engine/Source/Runtime/PhysicsCore/Private/PhysicalMaterial.cpp(108): error C3861: 'SetUserData': 占식븝옙占쌘몌옙 찾占쏙옙 占쏙옙 占쏙옙占쏙옙占싹댐옙.
D:/ub/Engine/Source/Runtime/PhysicsCore/Private/PhysicalMaterial.cpp(109): error C2653: 'FChaosEngineInterface': 클占쏙옙占쏙옙 占실댐옙 占쏙옙占쌈쏙옙占쏙옙占싱쏙옙 占싱몌옙占쏙옙 占싣닙니댐옙.
D:/ub/Engine/Source/Runtime/PhysicsCore/Private/PhysicalMaterial.cpp(109): error C3861: 'UpdateMaterial': 占식븝옙占쌘몌옙 찾占쏙옙 占쏙옙 占쏙옙占쏙옙占싹댐옙.
    [54/627] Module.Chaos.gen.cpp
    [55/627] Module.Sockets.cpp
    [56/627] Module.DeveloperSettings.gen.cpp
    [57/627] ShaderPreprocessor.cpp
    [58/627] Module.PhysicsCore.gen.cpp
    [59/627] NetworkReplayStreaming.cpp
    [60/627] Module.DeveloperSettings.cpp
    [61/627] Module.ShaderCompilerCommon.cpp
    [62/627] Module.AudioMixerCore.cpp
    [63/627] Analytics.cpp
    [64/627] Module.EditorStyle.gen.cpp
    [65/627] ImageCore.cpp
    [66/627] Module.UELibSampleRate.cpp
    [67/627] Module.AudioPlatformConfiguration.cpp
    [68/627] Module.Chaos.3_of_5.cpp
    [69/627] Module.AudioPlatformConfiguration.gen.cpp
    [70/627] Module.Chaos.2_of_5.cpp
    [71/627] EngineSettings.init.gen.cpp
    [72/627] Module.Chaos.5_of_5.cpp
    [73/627] Module.DesktopPlatform.cpp
    [74/627] GameNetworkManagerSettings.gen.cpp
    [75/627] GeneralProjectSettings.gen.cpp
    [76/627] ConsoleSettings.gen.cpp
    [77/627] GameMapsSettings.gen.cpp
    [78/627] Module.MeshDescription.gen.cpp
    [79/627] Module.MeshDescription.cpp
    [80/627] Module.PropertyPath.gen.cpp
    [81/627] Module.Media.cpp
    [82/627] GameSessionSettings.gen.cpp
    [83/627] Module.AudioExtensions.cpp
    [84/627] HudSettings.gen.cpp
    [85/627] GeneralEngineSettings.gen.cpp
    [86/627] Module.AudioExtensions.gen.cpp
    [87/627] Module.PropertyPath.cpp
    [88/627] EngineSettingsModule.cpp
    [89/627] Module.NetCore.gen.cpp
    [90/627] Module.NetCore.cpp
    [91/627] Module.AssetRegistry.gen.cpp
    [92/627] Module.Chaos.4_of_5.cpp
    [93/627] Module.SSL.cpp
    [94/627] Module.PacketHandler.cpp
    [95/627] Module.PacketHandler.gen.cpp
    [96/627] Module.MeshUtilitiesCommon.cpp
    [97/627] Module.HTTP.cpp
    [98/627] Module.MSQS.gen.cpp
    [99/627] IPlatformFileSandboxWrapper.cpp
    [100/627] ChaosCoreModule.cpp
    [101/627] Module.StaticMeshDescription.gen.cpp
    [102/627] Module.Voronoi.cpp
    [103/627] Module.MSQS.cpp
    [104/627] Module.AnalyticsET.cpp
    [105/627] container_prd.cc
    [106/627] Module.FileUtilities.cpp
    [107/627] Module.StaticMeshDescription.cpp
    [108/627] cell.cc
    [109/627] c_loops.cc
    [110/627] container.cc
    [111/627] TextureFormatIntelISPCTexComp.cpp
    [112/627] Module.Networking.cpp
    [113/627] Module.TargetPlatform.cpp
    [114/627] Module.Messaging.cpp
    [115/627] Module.SynthBenchmark.cpp
    [116/627] CrunchCompression.cpp
    [117/627] Module.SourceControl.cpp
    [118/627] Module.AssetRegistry.cpp
    [119/627] Module.LauncherPlatform.cpp
    [120/627] Module.EditorAnalyticsSession.cpp
    [121/627] Module.MessageLog.cpp
    [122/627] Module.GeForceNOWWrapper.cpp
    [123/627] Module.VectorVM.gen.cpp
    [124/627] Module.VectorVM.cpp
    [125/627] ReliabilityHandlerComponent.cpp
    [126/627] NetCommonModule.cpp
    [127/627] Module.JsonUtilities.cpp
    [128/627] Module.MediaUtils.cpp
    [129/627] RawMesh.cpp
    [130/627] Module.AVIWriter.cpp
    [131/627] MessagingCommonModule.cpp
    [132/627] RSA.cpp
    [133/627] Module.MediaUtils.gen.cpp
    [134/627] EngineMessagesModule.cpp
    [135/627] Module.PropertyAccess.cpp
    [136/627] Module.ClothSysRuntimeIntrfc.gen.cpp
    [137/627] Module.PropertyAccess.gen.cpp
    [138/627] Module.ClothSysRuntimeIntrfc.cpp
    [139/627] Module.JsonUtilities.gen.cpp
    [140/627] pre_container.cc
    [141/627] EngineMessages.init.gen.cpp
    [142/627] wall.cc
    [143/627] EngineServiceMessages.gen.cpp
    [144/627] v_base.cc
    [145/627] unitcell.cc
    [146/627] BuildSettings.cpp
    [147/627] v_compute.cc
    [148/627] Advertising.cpp
    [149/627] Module.SourceControl.gen.cpp
    [150/627] MediaInfoModule.cpp
    [151/627] TextureFormatPVR.cpp
    [152/627] Module.DirectoryWatcher.cpp
    [153/627] Module.PakFile.cpp
    [154/627] Module.ShaderFormatVectorVM.cpp
    [155/627] TextureFormatETC2.cpp
    [156/627] Module.DerivedDataCache.cpp
    [157/627] Module.SlateNullRenderer.cpp
D:/ub/Engine/Source/Runtime/SlateNullRenderer/Private/SlateNullRendererModule.cpp(12): fatal error C1083: 占쏙옙占쏙옙 占쏙옙占쏙옙占쏙옙 占쏙옙 占쏙옙 占쏙옙占쏙옙占싹댐옙. 'TextureResource.h': No such file or directory
    [158/627] Module.ShaderFormatOpenGL.cpp
    [159/627] TextureFormatASTC.cpp
    [160/627] Module.SlateReflector.gen.cpp
    [161/627] Module.VulkanShaderFormat.cpp
    [162/627] UnrealFileServer-VulkanShaderFormat.lib
       D:\ub\Engine\Intermediate\Build\Win64\UnrealFileServer\Development\VulkanShaderFormat\UnrealFileServer-VulkanShaderFormat.lib 占쏙옙占싱브러占쏙옙 占쏙옙 D:\ub\Engine\Intermediate\Build\Win64\UnrealFileServer\Development\VulkanShaderFormat\UnrealFileServer-VulkanShaderFormat.exp 占쏙옙체占쏙옙 占쏙옙占쏙옙占싹곤옙 占쌍쏙옙占싹댐옙.
    [163/627] UnrealFileServer-DerivedDataCache.lib
       D:\ub\Engine\Intermediate\Build\Win64\UnrealFileServer\Development\DerivedDataCache\UnrealFileServer-DerivedDataCache.lib 占쏙옙占싱브러占쏙옙 占쏙옙 D:\ub\Engine\Intermediate\Build\Win64\UnrealFileServer\Development\DerivedDataCache\UnrealFileServer-DerivedDataCache.exp 占쏙옙체占쏙옙 占쏙옙占쏙옙占싹곤옙 占쌍쏙옙占싹댐옙.
    [164/627] UnrealFileServer-TextureFormatASTC.lib
       D:\ub\Engine\Intermediate\Build\Win64\UnrealFileServer\Development\TextureFormatASTC\UnrealFileServer-TextureFormatASTC.lib 占쏙옙占싱브러占쏙옙 占쏙옙 D:\ub\Engine\Intermediate\Build\Win64\UnrealFileServer\Development\TextureFormatASTC\UnrealFileServer-TextureFormatASTC.exp 占쏙옙체占쏙옙 占쏙옙占쏙옙占싹곤옙 占쌍쏙옙占싹댐옙.
    [165/627] UnrealFileServer-Advertising.lib
       D:\ub\Engine\Intermediate\Build\Win64\UnrealFileServer\Development\Advertising\UnrealFileServer-Advertising.lib 占쏙옙占싱브러占쏙옙 占쏙옙 D:\ub\Engine\Intermediate\Build\Win64\UnrealFileServer\Development\Advertising\UnrealFileServer-Advertising.exp 占쏙옙체占쏙옙 占쏙옙占쏙옙占싹곤옙 占쌍쏙옙占싹댐옙.
    [166/627] UnrealFileServer-ShaderFormatOpenGL.lib
       D:\ub\Engine\Intermediate\Build\Win64\UnrealFileServer\Development\ShaderFormatOpenGL\UnrealFileServer-ShaderFormatOpenGL.lib 占쏙옙占싱브러占쏙옙 占쏙옙 D:\ub\Engine\Intermediate\Build\Win64\UnrealFileServer\Development\ShaderFormatOpenGL\UnrealFileServer-ShaderFormatOpenGL.exp 占쏙옙체占쏙옙 占쏙옙占쏙옙占싹곤옙 占쌍쏙옙占싹댐옙.
    [167/627] UnrealFileServer-ShaderFormatVectorVM.lib
       D:\ub\Engine\Intermediate\Build\Win64\UnrealFileServer\Development\ShaderFormatVectorVM\UnrealFileServer-ShaderFormatVectorVM.lib 占쏙옙占싱브러占쏙옙 占쏙옙 D:\ub\Engine\Intermediate\Build\Win64\UnrealFileServer\Development\ShaderFormatVectorVM\UnrealFileServer-ShaderFormatVectorVM.exp 占쏙옙체占쏙옙 占쏙옙占쏙옙占싹곤옙 占쌍쏙옙占싹댐옙.
    [168/627] Module.ShaderFormatD3D.cpp
    [169/627] UnrealFileServer-MediaInfo.lib
       D:\ub\Engine\Intermediate\Build\Win64\UnrealFileServer\Development\MediaInfo\UnrealFileServer-MediaInfo.lib 占쏙옙占싱브러占쏙옙 占쏙옙 D:\ub\Engine\Intermediate\Build\Win64\UnrealFileServer\Development\MediaInfo\UnrealFileServer-MediaInfo.exp 占쏙옙체占쏙옙 占쏙옙占쏙옙占싹곤옙 占쌍쏙옙占싹댐옙.
    [170/627] UnrealFileServer-ShaderFormatD3D.lib
       D:\ub\Engine\Intermediate\Build\Win64\UnrealFileServer\Development\ShaderFormatD3D\UnrealFileServer-ShaderFormatD3D.lib 占쏙옙占싱브러占쏙옙 占쏙옙 D:\ub\Engine\Intermediate\Build\Win64\UnrealFileServer\Development\ShaderFormatD3D\UnrealFileServer-ShaderFormatD3D.exp 占쏙옙체占쏙옙 占쏙옙占쏙옙占싹곤옙 占쌍쏙옙占싹댐옙.
    [171/627] PhysXCooking.cpp
    [172/627] UnrealFileServer-TextureFormatETC2.lib
       D:\ub\Engine\Intermediate\Build\Win64\UnrealFileServer\Development\TextureFormatETC2\UnrealFileServer-TextureFormatETC2.lib 占쏙옙占싱브러占쏙옙 占쏙옙 D:\ub\Engine\Intermediate\Build\Win64\UnrealFileServer\Development\TextureFormatETC2\UnrealFileServer-TextureFormatETC2.exp 占쏙옙체占쏙옙 占쏙옙占쏙옙占싹곤옙 占쌍쏙옙占싹댐옙.
    [173/627] UnrealFileServer-TextureFormatPVR.lib
       D:\ub\Engine\Intermediate\Build\Win64\UnrealFileServer\Development\TextureFormatPVR\UnrealFileServer-TextureFormatPVR.lib 占쏙옙占싱브러占쏙옙 占쏙옙 D:\ub\Engine\Intermediate\Build\Win64\UnrealFileServer\Development\TextureFormatPVR\UnrealFileServer-TextureFormatPVR.exp 占쏙옙체占쏙옙 占쏙옙占쏙옙占싹곤옙 占쌍쏙옙占싹댐옙.
    [174/627] UnrealFileServer-PhysXCooking.lib
       D:\ub\Engine\Intermediate\Build\Win64\UnrealFileServer\Development\PhysXCooking\UnrealFileServer-PhysXCooking.lib 占쏙옙占싱브러占쏙옙 占쏙옙 D:\ub\Engine\Intermediate\Build\Win64\UnrealFileServer\Development\PhysXCooking\UnrealFileServer-PhysXCooking.exp 占쏙옙체占쏙옙 占쏙옙占쏙옙占싹곤옙 占쌍쏙옙占싹댐옙.
    [175/627] Module.AppFramework.cpp
    [176/627] UnrealFileServer-TraceLog.dll
       D:\ub\Engine\Intermediate\Build\Win64\UnrealFileServer\Development\TraceLog\UnrealFileServer-TraceLog.suppressed.lib 占쏙옙占싱브러占쏙옙 占쏙옙 D:\ub\Engine\Intermediate\Build\Win64\UnrealFileServer\Development\TraceLog\UnrealFileServer-TraceLog.suppressed.exp 占쏙옙체占쏙옙 占쏙옙占쏙옙占싹곤옙 占쌍쏙옙占싹댐옙.
    [177/627] UnrealFileServer-BuildSettings.dll
       D:\ub\Engine\Intermediate\Build\Win64\UnrealFileServer\Development\BuildSettings\UnrealFileServer-BuildSettings.suppressed.lib 占쏙옙占싱브러占쏙옙 占쏙옙 D:\ub\Engine\Intermediate\Build\Win64\UnrealFileServer\Development\BuildSettings\UnrealFileServer-BuildSettings.suppressed.exp 占쏙옙체占쏙옙 占쏙옙占쏙옙占싹곤옙 占쌍쏙옙占싹댐옙.
    [178/627] Module.MetalShaderFormat.cpp
    [179/627] UnrealFileServer-MetalShaderFormat.lib
       D:\ub\Engine\Intermediate\Build\Win64\UnrealFileServer\Development\MetalShaderFormat\UnrealFileServer-MetalShaderFormat.lib 占쏙옙占싱브러占쏙옙 占쏙옙 D:\ub\Engine\Intermediate\Build\Win64\UnrealFileServer\Development\MetalShaderFormat\UnrealFileServer-MetalShaderFormat.exp 占쏙옙체占쏙옙 占쏙옙占쏙옙占싹곤옙 占쌍쏙옙占싹댐옙.
    [180/627] UnrealFileServer-RHI.lib
       D:\ub\Engine\Intermediate\Build\Win64\UnrealFileServer\Development\RHI\UnrealFileServer-RHI.lib 占쏙옙占싱브러占쏙옙 占쏙옙 D:\ub\Engine\Intermediate\Build\Win64\UnrealFileServer\Development\RHI\UnrealFileServer-RHI.exp 占쏙옙체占쏙옙 占쏙옙占쏙옙占싹곤옙 占쌍쏙옙占싹댐옙.
    [181/627] UnrealFileServer-Json.lib
       D:\ub\Engine\Intermediate\Build\Win64\UnrealFileServer\Development\Json\UnrealFileServer-Json.lib 占쏙옙占싱브러占쏙옙 占쏙옙 D:\ub\Engine\Intermediate\Build\Win64\UnrealFileServer\Development\Json\UnrealFileServer-Json.exp 占쏙옙체占쏙옙 占쏙옙占쏙옙占싹곤옙 占쌍쏙옙占싹댐옙.
    [182/627] Module.Chaos.1_of_5.cpp
    [183/627] UnrealFileServer-ApplicationCore.lib
       D:\ub\Engine\Intermediate\Build\Win64\UnrealFileServer\Development\ApplicationCore\UnrealFileServer-ApplicationCore.lib 占쏙옙占싱브러占쏙옙 占쏙옙 D:\ub\Engine\Intermediate\Build\Win64\UnrealFileServer\Development\ApplicationCore\UnrealFileServer-ApplicationCore.exp 占쏙옙체占쏙옙 占쏙옙占쏙옙占싹곤옙 占쌍쏙옙占싹댐옙.
    [184/627] UnrealFileServer-TraceLog.lib
       D:\ub\Engine\Intermediate\Build\Win64\UnrealFileServer\Development\TraceLog\UnrealFileServer-TraceLog.lib 占쏙옙占싱브러占쏙옙 占쏙옙 D:\ub\Engine\Intermediate\Build\Win64\UnrealFileServer\Development\TraceLog\UnrealFileServer-TraceLog.exp 占쏙옙체占쏙옙 占쏙옙占쏙옙占싹곤옙 占쌍쏙옙占싹댐옙.
    [185/627] Module.Core.11_of_15.cpp
    [186/627] UnrealFileServer-Projects.lib
       D:\ub\Engine\Intermediate\Build\Win64\UnrealFileServer\Development\Projects\UnrealFileServer-Projects.lib 占쏙옙占싱브러占쏙옙 占쏙옙 D:\ub\Engine\Intermediate\Build\Win64\UnrealFileServer\Development\Projects\UnrealFileServer-Projects.exp 占쏙옙체占쏙옙 占쏙옙占쏙옙占싹곤옙 占쌍쏙옙占싹댐옙.
    [187/627] UnrealFileServer-SignalProcessing.lib
       D:\ub\Engine\Intermediate\Build\Win64\UnrealFileServer\Development\SignalProcessing\UnrealFileServer-SignalProcessing.lib 占쏙옙占싱브러占쏙옙 占쏙옙 D:\ub\Engine\Intermediate\Build\Win64\UnrealFileServer\Development\SignalProcessing\UnrealFileServer-SignalProcessing.exp 占쏙옙체占쏙옙 占쏙옙占쏙옙占싹곤옙 占쌍쏙옙占싹댐옙.
    [188/627] UnrealFileServer-Sockets.lib
       D:\ub\Engine\Intermediate\Build\Win64\UnrealFileServer\Development\Sockets\UnrealFileServer-Sockets.lib 占쏙옙占싱브러占쏙옙 占쏙옙 D:\ub\Engine\Intermediate\Build\Win64\UnrealFileServer\Development\Sockets\UnrealFileServer-Sockets.exp 占쏙옙체占쏙옙 占쏙옙占쏙옙占싹곤옙 占쌍쏙옙占싹댐옙.
    [189/627] UnrealFileServer-ShaderPreprocessor.lib
       D:\ub\Engine\Intermediate\Build\Win64\UnrealFileServer\Development\ShaderPreprocessor\UnrealFileServer-ShaderPreprocessor.lib 占쏙옙占싱브러占쏙옙 占쏙옙 D:\ub\Engine\Intermediate\Build\Win64\UnrealFileServer\Development\ShaderPreprocessor\UnrealFileServer-ShaderPreprocessor.exp 占쏙옙체占쏙옙 占쏙옙占쏙옙占싹곤옙 占쌍쏙옙占싹댐옙.
    [190/627] UnrealFileServer-ShaderCompilerCommon.lib
       D:\ub\Engine\Intermediate\Build\Win64\UnrealFileServer\Development\ShaderCompilerCommon\UnrealFileServer-ShaderCompilerCommon.lib 占쏙옙占싱브러占쏙옙 占쏙옙 D:\ub\Engine\Intermediate\Build\Win64\UnrealFileServer\Development\ShaderCompilerCommon\UnrealFileServer-ShaderCompilerCommon.exp 占쏙옙체占쏙옙 占쏙옙占쏙옙占싹곤옙 占쌍쏙옙占싹댐옙.
    [191/627] UnrealFileServer-NetworkReplayStreaming.lib
       D:\ub\Engine\Intermediate\Build\Win64\UnrealFileServer\Development\NetworkReplayStreaming\UnrealFileServer-NetworkReplayStreaming.lib 占쏙옙占싱브러占쏙옙 占쏙옙 D:\ub\Engine\Intermediate\Build\Win64\UnrealFileServer\Development\NetworkReplayStreaming\UnrealFileServer-NetworkReplayStreaming.exp 占쏙옙체占쏙옙 占쏙옙占쏙옙占싹곤옙 占쌍쏙옙占싹댐옙.
    [192/627] UnrealFileServer-ImageCore.lib
       D:\ub\Engine\Intermediate\Build\Win64\UnrealFileServer\Development\ImageCore\UnrealFileServer-ImageCore.lib 占쏙옙占싱브러占쏙옙 占쏙옙 D:\ub\Engine\Intermediate\Build\Win64\UnrealFileServer\Development\ImageCore\UnrealFileServer-ImageCore.exp 占쏙옙체占쏙옙 占쏙옙占쏙옙占싹곤옙 占쌍쏙옙占싹댐옙.
    [193/627] UnrealFileServer-Analytics.lib
       D:\ub\Engine\Intermediate\Build\Win64\UnrealFileServer\Development\Analytics\UnrealFileServer-Analytics.lib 占쏙옙占싱브러占쏙옙 占쏙옙 D:\ub\Engine\Intermediate\Build\Win64\UnrealFileServer\Development\Analytics\UnrealFileServer-Analytics.exp 占쏙옙체占쏙옙 占쏙옙占쏙옙占싹곤옙 占쌍쏙옙占싹댐옙.
    [194/627] UnrealFileServer-DesktopPlatform.lib
       D:\ub\Engine\Intermediate\Build\Win64\UnrealFileServer\Development\DesktopPlatform\UnrealFileServer-DesktopPlatform.lib 占쏙옙占싱브러占쏙옙 占쏙옙 D:\ub\Engine\Intermediate\Build\Win64\UnrealFileServer\Development\DesktopPlatform\UnrealFileServer-DesktopPlatform.exp 占쏙옙체占쏙옙 占쏙옙占쏙옙占싹곤옙 占쌍쏙옙占싹댐옙.
    [195/627] UnrealFileServer.cpp
D:\ub\Engine\Source\Runtime\NetworkFileSystem\Public\INetworkFileSystemModule.h(7): fatal error C1083: 占쏙옙占쏙옙 占쏙옙占쏙옙占쏙옙 占쏙옙 占쏙옙 占쏙옙占쏙옙占싹댐옙. 'ShaderCompiler.h': No such file or directory
    [196/627] UnrealFileServer-AudioMixerCore.lib
       D:\ub\Engine\Intermediate\Build\Win64\UnrealFileServer\Development\AudioMixerCore\UnrealFileServer-AudioMixerCore.lib 占쏙옙占싱브러占쏙옙 占쏙옙 D:\ub\Engine\Intermediate\Build\Win64\UnrealFileServer\Development\AudioMixerCore\UnrealFileServer-AudioMixerCore.exp 占쏙옙체占쏙옙 占쏙옙占쏙옙占싹곤옙 占쌍쏙옙占싹댐옙.
    [197/627] UnrealFileServer-UELibSampleRate.lib
       D:\ub\Engine\Intermediate\Build\Win64\UnrealFileServer\Development\UELibSampleRate\UnrealFileServer-UELibSampleRate.lib 占쏙옙占싱브러占쏙옙 占쏙옙 D:\ub\Engine\Intermediate\Build\Win64\UnrealFileServer\Development\UELibSampleRate\UnrealFileServer-UELibSampleRate.exp 占쏙옙체占쏙옙 占쏙옙占쏙옙占싹곤옙 占쌍쏙옙占싹댐옙.
    [198/627] UnrealFileServer-Media.lib
       D:\ub\Engine\Intermediate\Build\Win64\UnrealFileServer\Development\Media\UnrealFileServer-Media.lib 占쏙옙占싱브러占쏙옙 占쏙옙 D:\ub\Engine\Intermediate\Build\Win64\UnrealFileServer\Development\Media\UnrealFileServer-Media.exp 占쏙옙체占쏙옙 占쏙옙占쏙옙占싹곤옙 占쌍쏙옙占싹댐옙.
    [199/627] UnrealFileServer-HTTP.lib
       D:\ub\Engine\Intermediate\Build\Win64\UnrealFileServer\Development\HTTP\UnrealFileServer-HTTP.lib 占쏙옙占싱브러占쏙옙 占쏙옙 D:\ub\Engine\Intermediate\Build\Win64\UnrealFileServer\Development\HTTP\UnrealFileServer-HTTP.exp 占쏙옙체占쏙옙 占쏙옙占쏙옙占싹곤옙 占쌍쏙옙占싹댐옙.
    [200/627] UnrealFileServer-SSL.lib
       D:\ub\Engine\Intermediate\Build\Win64\UnrealFileServer\Development\SSL\UnrealFileServer-SSL.lib 占쏙옙占싱브러占쏙옙 占쏙옙 D:\ub\Engine\Intermediate\Build\Win64\UnrealFileServer\Development\SSL\UnrealFileServer-SSL.exp 占쏙옙체占쏙옙 占쏙옙占쏙옙占싹곤옙 占쌍쏙옙占싹댐옙.
    [201/627] Module.EditorStyle.cpp
    [202/627] UnrealFileServer-MeshUtilitiesCommon.lib
       D:\ub\Engine\Intermediate\Build\Win64\UnrealFileServer\Development\MeshUtilitiesCommon\UnrealFileServer-MeshUtilitiesCommon.lib 占쏙옙占싱브러占쏙옙 占쏙옙 D:\ub\Engine\Intermediate\Build\Win64\UnrealFileServer\Development\MeshUtilitiesCommon\UnrealFileServer-MeshUtilitiesCommon.exp 占쏙옙체占쏙옙 占쏙옙占쏙옙占싹곤옙 占쌍쏙옙占싹댐옙.
    [203/627] UnrealFileServer-AnalyticsET.lib
       D:\ub\Engine\Intermediate\Build\Win64\UnrealFileServer\Development\AnalyticsET\UnrealFileServer-AnalyticsET.lib 占쏙옙占싱브러占쏙옙 占쏙옙 D:\ub\Engine\Intermediate\Build\Win64\UnrealFileServer\Development\AnalyticsET\UnrealFileServer-AnalyticsET.exp 占쏙옙체占쏙옙 占쏙옙占쏙옙占싹곤옙 占쌍쏙옙占싹댐옙.
    [204/627] UnrealFileServer-SandboxFile.lib
       D:\ub\Engine\Intermediate\Build\Win64\UnrealFileServer\Development\SandboxFile\UnrealFileServer-SandboxFile.lib 占쏙옙占싱브러占쏙옙 占쏙옙 D:\ub\Engine\Intermediate\Build\Win64\UnrealFileServer\Development\SandboxFile\UnrealFileServer-SandboxFile.exp 占쏙옙체占쏙옙 占쏙옙占쏙옙占싹곤옙 占쌍쏙옙占싹댐옙.
    [205/627] UnrealFileServer-NetCommon.lib
       D:\ub\Engine\Intermediate\Build\Win64\UnrealFileServer\Development\NetCommon\UnrealFileServer-NetCommon.lib 占쏙옙占싱브러占쏙옙 占쏙옙 D:\ub\Engine\Intermediate\Build\Win64\UnrealFileServer\Development\NetCommon\UnrealFileServer-NetCommon.exp 占쏙옙체占쏙옙 占쏙옙占쏙옙占싹곤옙 占쌍쏙옙占싹댐옙.
    [206/627] UnrealFileServer-SynthBenchmark.lib
       D:\ub\Engine\Intermediate\Build\Win64\UnrealFileServer\Development\SynthBenchmark\UnrealFileServer-SynthBenchmark.lib 占쏙옙占싱브러占쏙옙 占쏙옙 D:\ub\Engine\Intermediate\Build\Win64\UnrealFileServer\Development\SynthBenchmark\UnrealFileServer-SynthBenchmark.exp 占쏙옙체占쏙옙 占쏙옙占쏙옙占싹곤옙 占쌍쏙옙占싹댐옙.
    [207/627] UnrealFileServer-EditorAnalyticsSession.lib
       D:\ub\Engine\Intermediate\Build\Win64\UnrealFileServer\Development\EditorAnalyticsSession\UnrealFileServer-EditorAnalyticsSession.lib 占쏙옙占싱브러占쏙옙 占쏙옙 D:\ub\Engine\Intermediate\Build\Win64\UnrealFileServer\Development\EditorAnalyticsSession\UnrealFileServer-EditorAnalyticsSession.exp 占쏙옙체占쏙옙 占쏙옙占쏙옙占싹곤옙 占쌍쏙옙占싹댐옙.
    [208/627] UnrealFileServer-FileUtilities.lib
       D:\ub\Engine\Intermediate\Build\Win64\UnrealFileServer\Development\FileUtilities\UnrealFileServer-FileUtilities.lib 占쏙옙占싱브러占쏙옙 占쏙옙 D:\ub\Engine\Intermediate\Build\Win64\UnrealFileServer\Development\FileUtilities\UnrealFileServer-FileUtilities.exp 占쏙옙체占쏙옙 占쏙옙占쏙옙占싹곤옙 占쌍쏙옙占싹댐옙.
    [209/627] UnrealFileServer-CrunchCompression.lib
       D:\ub\Engine\Intermediate\Build\Win64\UnrealFileServer\Development\CrunchCompression\UnrealFileServer-CrunchCompression.lib 占쏙옙占싱브러占쏙옙 占쏙옙 D:\ub\Engine\Intermediate\Build\Win64\UnrealFileServer\Development\CrunchCompression\UnrealFileServer-CrunchCompression.exp 占쏙옙체占쏙옙 占쏙옙占쏙옙占싹곤옙 占쌍쏙옙占싹댐옙.
    [210/627] UnrealFileServer-LauncherPlatform.lib
       D:\ub\Engine\Intermediate\Build\Win64\UnrealFileServer\Development\LauncherPlatform\UnrealFileServer-LauncherPlatform.lib 占쏙옙占싱브러占쏙옙 占쏙옙 D:\ub\Engine\Intermediate\Build\Win64\UnrealFileServer\Development\LauncherPlatform\UnrealFileServer-LauncherPlatform.exp 占쏙옙체占쏙옙 占쏙옙占쏙옙占싹곤옙 占쌍쏙옙占싹댐옙.
    [211/627] UnrealFileServer-AVIWriter.lib
       D:\ub\Engine\Intermediate\Build\Win64\UnrealFileServer\Development\AVIWriter\UnrealFileServer-AVIWriter.lib 占쏙옙占싱브러占쏙옙 占쏙옙 D:\ub\Engine\Intermediate\Build\Win64\UnrealFileServer\Development\AVIWriter\UnrealFileServer-AVIWriter.exp 占쏙옙체占쏙옙 占쏙옙占쏙옙占싹곤옙 占쌍쏙옙占싹댐옙.
    [212/627] UnrealFileServer-TextureFormatIntelISPCTexComp.lib
       D:\ub\Engine\Intermediate\Build\Win64\UnrealFileServer\Development\TextureFormatIntelISPCTexComp\UnrealFileServer-TextureFormatIntelISPCTexComp.lib 占쏙옙占싱브러占쏙옙 占쏙옙 D:\ub\Engine\Intermediate\Build\Win64\UnrealFileServer\Development\TextureFormatIntelISPCTexComp\UnrealFileServer-TextureFormatIntelISPCTexComp.exp 占쏙옙체占쏙옙 占쏙옙占쏙옙占싹곤옙 占쌍쏙옙占싹댐옙.
    [213/627] UnrealFileServer-RawMesh.lib
       D:\ub\Engine\Intermediate\Build\Win64\UnrealFileServer\Development\RawMesh\UnrealFileServer-RawMesh.lib 占쏙옙占싱브러占쏙옙 占쏙옙 D:\ub\Engine\Intermediate\Build\Win64\UnrealFileServer\Development\RawMesh\UnrealFileServer-RawMesh.exp 占쏙옙체占쏙옙 占쏙옙占쏙옙占싹곤옙 占쌍쏙옙占싹댐옙.
    [214/627] Module.RenderCore.3_of_3.cpp
    [215/627] UnrealFileServer-AppFramework.lib
       D:\ub\Engine\Intermediate\Build\Win64\UnrealFileServer\Development\AppFramework\UnrealFileServer-AppFramework.lib 占쏙옙占싱브러占쏙옙 占쏙옙 D:\ub\Engine\Intermediate\Build\Win64\UnrealFileServer\Development\AppFramework\UnrealFileServer-AppFramework.exp 占쏙옙체占쏙옙 占쏙옙占쏙옙占싹곤옙 占쌍쏙옙占싹댐옙.
    [216/627] UnrealFileServer-MessagingCommon.lib
       D:\ub\Engine\Intermediate\Build\Win64\UnrealFileServer\Development\MessagingCommon\UnrealFileServer-MessagingCommon.lib 占쏙옙占싱브러占쏙옙 占쏙옙 D:\ub\Engine\Intermediate\Build\Win64\UnrealFileServer\Development\MessagingCommon\UnrealFileServer-MessagingCommon.exp 占쏙옙체占쏙옙 占쏙옙占쏙옙占싹곤옙 占쌍쏙옙占싹댐옙.
    [217/627] UnrealFileServer-ChaosCore.lib
       D:\ub\Engine\Intermediate\Build\Win64\UnrealFileServer\Development\ChaosCore\UnrealFileServer-ChaosCore.lib 占쏙옙占싱브러占쏙옙 占쏙옙 D:\ub\Engine\Intermediate\Build\Win64\UnrealFileServer\Development\ChaosCore\UnrealFileServer-ChaosCore.exp 占쏙옙체占쏙옙 占쏙옙占쏙옙占싹곤옙 占쌍쏙옙占싹댐옙.
    [218/627] UnrealFileServer-TargetPlatform.lib
       D:\ub\Engine\Intermediate\Build\Win64\UnrealFileServer\Development\TargetPlatform\UnrealFileServer-TargetPlatform.lib 占쏙옙占싱브러占쏙옙 占쏙옙 D:\ub\Engine\Intermediate\Build\Win64\UnrealFileServer\Development\TargetPlatform\UnrealFileServer-TargetPlatform.exp 占쏙옙체占쏙옙 占쏙옙占쏙옙占싹곤옙 占쌍쏙옙占싹댐옙.
    [219/627] UnrealFileServer-MessageLog.lib
       D:\ub\Engine\Intermediate\Build\Win64\UnrealFileServer\Development\MessageLog\UnrealFileServer-MessageLog.lib 占쏙옙占싱브러占쏙옙 占쏙옙 D:\ub\Engine\Intermediate\Build\Win64\UnrealFileServer\Development\MessageLog\UnrealFileServer-MessageLog.exp 占쏙옙체占쏙옙 占쏙옙占쏙옙占싹곤옙 占쌍쏙옙占싹댐옙.
    [220/627] UnrealFileServer-Messaging.lib
       D:\ub\Engine\Intermediate\Build\Win64\UnrealFileServer\Development\Messaging\UnrealFileServer-Messaging.lib 占쏙옙占싱브러占쏙옙 占쏙옙 D:\ub\Engine\Intermediate\Build\Win64\UnrealFileServer\Development\Messaging\UnrealFileServer-Messaging.exp 占쏙옙체占쏙옙 占쏙옙占쏙옙占싹곤옙 占쌍쏙옙占싹댐옙.
    [221/627] Module.SlateReflector.cpp
    [222/627] UnrealFileServer-GeForceNOWWrapper.lib
       D:\ub\Engine\Intermediate\Build\Win64\UnrealFileServer\Development\GeForceNOWWrapper\UnrealFileServer-GeForceNOWWrapper.lib 占쏙옙占싱브러占쏙옙 占쏙옙 D:\ub\Engine\Intermediate\Build\Win64\UnrealFileServer\Development\GeForceNOWWrapper\UnrealFileServer-GeForceNOWWrapper.exp 占쏙옙체占쏙옙 占쏙옙占쏙옙占싹곤옙 占쌍쏙옙占싹댐옙.
    [223/627] UnrealFileServer-ReliabilityHandlerComponent.lib
       D:\ub\Engine\Intermediate\Build\Win64\UnrealFileServer\Development\ReliableHComp\UnrealFileServer-ReliabilityHandlerComponent.lib 占쏙옙占싱브러占쏙옙 占쏙옙 D:\ub\Engine\Intermediate\Build\Win64\UnrealFileServer\Development\ReliableHComp\UnrealFileServer-ReliabilityHandlerComponent.exp 占쏙옙체占쏙옙 占쏙옙占쏙옙占싹곤옙 占쌍쏙옙占싹댐옙.
    [224/627] UnrealFileServer-DirectoryWatcher.lib
       D:\ub\Engine\Intermediate\Build\Win64\UnrealFileServer\Development\DirectoryWatcher\UnrealFileServer-DirectoryWatcher.lib 占쏙옙占싱브러占쏙옙 占쏙옙 D:\ub\Engine\Intermediate\Build\Win64\UnrealFileServer\Development\DirectoryWatcher\UnrealFileServer-DirectoryWatcher.exp 占쏙옙체占쏙옙 占쏙옙占쏙옙占싹곤옙 占쌍쏙옙占싹댐옙.
    [225/627] UnrealFileServer-PakFile.lib
       D:\ub\Engine\Intermediate\Build\Win64\UnrealFileServer\Development\PakFile\UnrealFileServer-PakFile.lib 占쏙옙占싱브러占쏙옙 占쏙옙 D:\ub\Engine\Intermediate\Build\Win64\UnrealFileServer\Development\PakFile\UnrealFileServer-PakFile.exp 占쏙옙체占쏙옙 占쏙옙占쏙옙占싹곤옙 占쌍쏙옙占싹댐옙.
    [226/627] UnrealFileServer-RSA.lib
       D:\ub\Engine\Intermediate\Build\Win64\UnrealFileServer\Development\RSA\UnrealFileServer-RSA.lib 占쏙옙占싱브러占쏙옙 占쏙옙 D:\ub\Engine\Intermediate\Build\Win64\UnrealFileServer\Development\RSA\UnrealFileServer-RSA.exp 占쏙옙체占쏙옙 占쏙옙占쏙옙占싹곤옙 占쌍쏙옙占싹댐옙.
    [227/627] UnrealFileServer-SlateReflector.lib
       D:\ub\Engine\Intermediate\Build\Win64\UnrealFileServer\Development\SlateReflector\UnrealFileServer-SlateReflector.lib 占쏙옙占싱브러占쏙옙 占쏙옙 D:\ub\Engine\Intermediate\Build\Win64\UnrealFileServer\Development\SlateReflector\UnrealFileServer-SlateReflector.exp 占쏙옙체占쏙옙 占쏙옙占쏙옙占싹곤옙 占쌍쏙옙占싹댐옙.
    [228/627] UnrealFileServer-Networking.lib
       D:\ub\Engine\Intermediate\Build\Win64\UnrealFileServer\Development\Networking\UnrealFileServer-Networking.lib 占쏙옙占싱브러占쏙옙 占쏙옙 D:\ub\Engine\Intermediate\Build\Win64\UnrealFileServer\Development\Networking\UnrealFileServer-Networking.exp 占쏙옙체占쏙옙 占쏙옙占쏙옙占싹곤옙 占쌍쏙옙占싹댐옙.
    [229/627] UnrealFileServer-BuildSettings.lib
       D:\ub\Engine\Intermediate\Build\Win64\UnrealFileServer\Development\BuildSettings\UnrealFileServer-BuildSettings.lib 占쏙옙占싱브러占쏙옙 占쏙옙 D:\ub\Engine\Intermediate\Build\Win64\UnrealFileServer\Development\BuildSettings\UnrealFileServer-BuildSettings.exp 占쏙옙체占쏙옙 占쏙옙占쏙옙占싹곤옙 占쌍쏙옙占싹댐옙.
    [230/627] UnrealFileServer-InputCore.lib
       D:\ub\Engine\Intermediate\Build\Win64\UnrealFileServer\Development\InputCore\UnrealFileServer-InputCore.lib 占쏙옙占싱브러占쏙옙 占쏙옙 D:\ub\Engine\Intermediate\Build\Win64\UnrealFileServer\Development\InputCore\UnrealFileServer-InputCore.exp 占쏙옙체占쏙옙 占쏙옙占쏙옙占싹곤옙 占쌍쏙옙占싹댐옙.
    [231/627] UnrealFileServer-DeveloperSettings.lib
       D:\ub\Engine\Intermediate\Build\Win64\UnrealFileServer\Development\DeveloperSettings\UnrealFileServer-DeveloperSettings.lib 占쏙옙占싱브러占쏙옙 占쏙옙 D:\ub\Engine\Intermediate\Build\Win64\UnrealFileServer\Development\DeveloperSettings\UnrealFileServer-DeveloperSettings.exp 占쏙옙체占쏙옙 占쏙옙占쏙옙占싹곤옙 占쌍쏙옙占싹댐옙.
    [232/627] Module.ImageWrapper.gen.cpp
    [233/627] UnrealFileServer-EditorStyle.lib
       D:\ub\Engine\Intermediate\Build\Win64\UnrealFileServer\Development\EditorStyle\UnrealFileServer-EditorStyle.lib 占쏙옙占싱브러占쏙옙 占쏙옙 D:\ub\Engine\Intermediate\Build\Win64\UnrealFileServer\Development\EditorStyle\UnrealFileServer-EditorStyle.exp 占쏙옙체占쏙옙 占쏙옙占쏙옙占싹곤옙 占쌍쏙옙占싹댐옙.
    [234/627] UnrealFileServer-AudioExtensions.lib
       D:\ub\Engine\Intermediate\Build\Win64\UnrealFileServer\Development\AudioExtensions\UnrealFileServer-AudioExtensions.lib 占쏙옙占싱브러占쏙옙 占쏙옙 D:\ub\Engine\Intermediate\Build\Win64\UnrealFileServer\Development\AudioExtensions\UnrealFileServer-AudioExtensions.exp 占쏙옙체占쏙옙 占쏙옙占쏙옙占싹곤옙 占쌍쏙옙占싹댐옙.
    [235/627] UnrealFileServer-NetCore.lib
       D:\ub\Engine\Intermediate\Build\Win64\UnrealFileServer\Development\NetCore\UnrealFileServer-NetCore.lib 占쏙옙占싱브러占쏙옙 占쏙옙 D:\ub\Engine\Intermediate\Build\Win64\UnrealFileServer\Development\NetCore\UnrealFileServer-NetCore.exp 占쏙옙체占쏙옙 占쏙옙占쏙옙占싹곤옙 占쌍쏙옙占싹댐옙.
    [236/627] UnrealFileServer-MeshDescription.lib
       D:\ub\Engine\Intermediate\Build\Win64\UnrealFileServer\Development\MeshDescription\UnrealFileServer-MeshDescription.lib 占쏙옙占싱브러占쏙옙 占쏙옙 D:\ub\Engine\Intermediate\Build\Win64\UnrealFileServer\Development\MeshDescription\UnrealFileServer-MeshDescription.exp 占쏙옙체占쏙옙 占쏙옙占쏙옙占싹곤옙 占쌍쏙옙占싹댐옙.
    [237/627] UnrealFileServer-ImageWrapper.lib
       D:\ub\Engine\Intermediate\Build\Win64\UnrealFileServer\Development\ImageWrapper\UnrealFileServer-ImageWrapper.lib 占쏙옙占싱브러占쏙옙 占쏙옙 D:\ub\Engine\Intermediate\Build\Win64\UnrealFileServer\Development\ImageWrapper\UnrealFileServer-ImageWrapper.exp 占쏙옙체占쏙옙 占쏙옙占쏙옙占싹곤옙 占쌍쏙옙占싹댐옙.
    [238/627] UnrealFileServer-AssetRegistry.lib
       D:\ub\Engine\Intermediate\Build\Win64\UnrealFileServer\Development\AssetRegistry\UnrealFileServer-AssetRegistry.lib 占쏙옙占싱브러占쏙옙 占쏙옙 D:\ub\Engine\Intermediate\Build\Win64\UnrealFileServer\Development\AssetRegistry\UnrealFileServer-AssetRegistry.exp 占쏙옙체占쏙옙 占쏙옙占쏙옙占싹곤옙 占쌍쏙옙占싹댐옙.
    [239/627] UnrealFileServer-PropertyPath.lib
       D:\ub\Engine\Intermediate\Build\Win64\UnrealFileServer\Development\PropertyPath\UnrealFileServer-PropertyPath.lib 占쏙옙占싱브러占쏙옙 占쏙옙 D:\ub\Engine\Intermediate\Build\Win64\UnrealFileServer\Development\PropertyPath\UnrealFileServer-PropertyPath.exp 占쏙옙체占쏙옙 占쏙옙占쏙옙占싹곤옙 占쌍쏙옙占싹댐옙.
    [240/627] UnrealFileServer-PacketHandler.lib
       D:\ub\Engine\Intermediate\Build\Win64\UnrealFileServer\Development\PacketHandler\UnrealFileServer-PacketHandler.lib 占쏙옙占싱브러占쏙옙 占쏙옙 D:\ub\Engine\Intermediate\Build\Win64\UnrealFileServer\Development\PacketHandler\UnrealFileServer-PacketHandler.exp 占쏙옙체占쏙옙 占쏙옙占쏙옙占싹곤옙 占쌍쏙옙占싹댐옙.
    [241/627] UnrealFileServer-AudioPlatformConfiguration.lib
       D:\ub\Engine\Intermediate\Build\Win64\UnrealFileServer\Development\AudioPlatformConfiguration\UnrealFileServer-AudioPlatformConfiguration.lib 占쏙옙占싱브러占쏙옙 占쏙옙 D:\ub\Engine\Intermediate\Build\Win64\UnrealFileServer\Development\AudioPlatformConfiguration\UnrealFileServer-AudioPlatformConfiguration.exp 占쏙옙체占쏙옙 占쏙옙占쏙옙占싹곤옙 占쌍쏙옙占싹댐옙.
    [242/627] Module.CoreUObject.5_of_9.cpp
    [243/627] UnrealFileServer-MaterialShaderQualitySettings.lib
       D:\ub\Engine\Intermediate\Build\Win64\UnrealFileServer\Development\MSQS\UnrealFileServer-MaterialShaderQualitySettings.lib 占쏙옙占싱브러占쏙옙 占쏙옙 D:\ub\Engine\Intermediate\Build\Win64\UnrealFileServer\Development\MSQS\UnrealFileServer-MaterialShaderQualitySettings.exp 占쏙옙체占쏙옙 占쏙옙占쏙옙占싹곤옙 占쌍쏙옙占싹댐옙.
    [244/627] UnrealFileServer-MediaUtils.lib
       D:\ub\Engine\Intermediate\Build\Win64\UnrealFileServer\Development\MediaUtils\UnrealFileServer-MediaUtils.lib 占쏙옙占싱브러占쏙옙 占쏙옙 D:\ub\Engine\Intermediate\Build\Win64\UnrealFileServer\Development\MediaUtils\UnrealFileServer-MediaUtils.exp 占쏙옙체占쏙옙 占쏙옙占쏙옙占싹곤옙 占쌍쏙옙占싹댐옙.
    [245/627] UnrealFileServer-StaticMeshDescription.lib
       D:\ub\Engine\Intermediate\Build\Win64\UnrealFileServer\Development\StaticMeshDescription\UnrealFileServer-StaticMeshDescription.lib 占쏙옙占싱브러占쏙옙 占쏙옙 D:\ub\Engine\Intermediate\Build\Win64\UnrealFileServer\Development\StaticMeshDescription\UnrealFileServer-StaticMeshDescription.exp 占쏙옙체占쏙옙 占쏙옙占쏙옙占싹곤옙 占쌍쏙옙占싹댐옙.
    [246/627] UnrealFileServer-SourceControl.lib
       D:\ub\Engine\Intermediate\Build\Win64\UnrealFileServer\Development\SourceControl\UnrealFileServer-SourceControl.lib 占쏙옙占싱브러占쏙옙 占쏙옙 D:\ub\Engine\Intermediate\Build\Win64\UnrealFileServer\Development\SourceControl\UnrealFileServer-SourceControl.exp 占쏙옙체占쏙옙 占쏙옙占쏙옙占싹곤옙 占쌍쏙옙占싹댐옙.
    [247/627] UnrealFileServer-PropertyAccess.lib
       D:\ub\Engine\Intermediate\Build\Win64\UnrealFileServer\Development\PropertyAccess\UnrealFileServer-PropertyAccess.lib 占쏙옙占싱브러占쏙옙 占쏙옙 D:\ub\Engine\Intermediate\Build\Win64\UnrealFileServer\Development\PropertyAccess\UnrealFileServer-PropertyAccess.exp 占쏙옙체占쏙옙 占쏙옙占쏙옙占싹곤옙 占쌍쏙옙占싹댐옙.
    [248/627] UnrealFileServer-VectorVM.lib
       D:\ub\Engine\Intermediate\Build\Win64\UnrealFileServer\Development\VectorVM\UnrealFileServer-VectorVM.lib 占쏙옙占싱브러占쏙옙 占쏙옙 D:\ub\Engine\Intermediate\Build\Win64\UnrealFileServer\Development\VectorVM\UnrealFileServer-VectorVM.exp 占쏙옙체占쏙옙 占쏙옙占쏙옙占싹곤옙 占쌍쏙옙占싹댐옙.
    [249/627] UnrealFileServer-EngineMessages.lib
       D:\ub\Engine\Intermediate\Build\Win64\UnrealFileServer\Development\EngineMessages\UnrealFileServer-EngineMessages.lib 占쏙옙占싱브러占쏙옙 占쏙옙 D:\ub\Engine\Intermediate\Build\Win64\UnrealFileServer\Development\EngineMessages\UnrealFileServer-EngineMessages.exp 占쏙옙체占쏙옙 占쏙옙占쏙옙占싹곤옙 占쌍쏙옙占싹댐옙.
    [250/627] UnrealFileServer-ClothingSystemRuntimeInterface.lib
       D:\ub\Engine\Intermediate\Build\Win64\UnrealFileServer\Development\ClothSysRuntimeIntrfc\UnrealFileServer-ClothingSystemRuntimeInterface.lib 占쏙옙占싱브러占쏙옙 占쏙옙 D:\ub\Engine\Intermediate\Build\Win64\UnrealFileServer\Development\ClothSysRuntimeIntrfc\UnrealFileServer-ClothingSystemRuntimeInterface.exp 占쏙옙체占쏙옙 占쏙옙占쏙옙占싹곤옙 占쌍쏙옙占싹댐옙.
    [251/627] UnrealFileServer-JsonUtilities.lib
       D:\ub\Engine\Intermediate\Build\Win64\UnrealFileServer\Development\JsonUtilities\UnrealFileServer-JsonUtilities.lib 占쏙옙占싱브러占쏙옙 占쏙옙 D:\ub\Engine\Intermediate\Build\Win64\UnrealFileServer\Development\JsonUtilities\UnrealFileServer-JsonUtilities.exp 占쏙옙체占쏙옙 占쏙옙占쏙옙占싹곤옙 占쌍쏙옙占싹댐옙.
    [252/627] UnrealFileServer-RenderCore.lib
       D:\ub\Engine\Intermediate\Build\Win64\UnrealFileServer\Development\RenderCore\UnrealFileServer-RenderCore.lib 占쏙옙占싱브러占쏙옙 占쏙옙 D:\ub\Engine\Intermediate\Build\Win64\UnrealFileServer\Development\RenderCore\UnrealFileServer-RenderCore.exp 占쏙옙체占쏙옙 占쏙옙占쏙옙占싹곤옙 占쌍쏙옙占싹댐옙.
    [253/627] UnrealFileServer-Voronoi.lib
       D:\ub\Engine\Intermediate\Build\Win64\UnrealFileServer\Development\Voronoi\UnrealFileServer-Voronoi.lib 占쏙옙占싱브러占쏙옙 占쏙옙 D:\ub\Engine\Intermediate\Build\Win64\UnrealFileServer\Development\Voronoi\UnrealFileServer-Voronoi.exp 占쏙옙체占쏙옙 占쏙옙占쏙옙占싹곤옙 占쌍쏙옙占싹댐옙.
    [254/627] UnrealFileServer-Slate.lib
       D:\ub\Engine\Intermediate\Build\Win64\UnrealFileServer\Development\Slate\UnrealFileServer-Slate.lib 占쏙옙占싱브러占쏙옙 占쏙옙 D:\ub\Engine\Intermediate\Build\Win64\UnrealFileServer\Development\Slate\UnrealFileServer-Slate.exp 占쏙옙체占쏙옙 占쏙옙占쏙옙占싹곤옙 占쌍쏙옙占싹댐옙.
    [255/627] UnrealFileServer-EngineSettings.lib
       D:\ub\Engine\Intermediate\Build\Win64\UnrealFileServer\Development\EngineSettings\UnrealFileServer-EngineSettings.lib 占쏙옙占싱브러占쏙옙 占쏙옙 D:\ub\Engine\Intermediate\Build\Win64\UnrealFileServer\Development\EngineSettings\UnrealFileServer-EngineSettings.exp 占쏙옙체占쏙옙 占쏙옙占쏙옙占싹곤옙 占쌍쏙옙占싹댐옙.
    [256/627] UnrealFileServer-Core.dll
       D:\ub\Engine\Intermediate\Build\Win64\UnrealFileServer\Development\Core\UnrealFileServer-Core.suppressed.lib 占쏙옙占싱브러占쏙옙 占쏙옙 D:\ub\Engine\Intermediate\Build\Win64\UnrealFileServer\Development\Core\UnrealFileServer-Core.suppressed.exp 占쏙옙체占쏙옙 占쏙옙占쏙옙占싹곤옙 占쌍쏙옙占싹댐옙.
    [257/627] UnrealFileServer-CoreUObject.lib
       D:\ub\Engine\Intermediate\Build\Win64\UnrealFileServer\Development\CoreUObject\UnrealFileServer-CoreUObject.lib 占쏙옙占싱브러占쏙옙 占쏙옙 D:\ub\Engine\Intermediate\Build\Win64\UnrealFileServer\Development\CoreUObject\UnrealFileServer-CoreUObject.exp 占쏙옙체占쏙옙 占쏙옙占쏙옙占싹곤옙 占쌍쏙옙占싹댐옙.
    [258/627] UnrealFileServer-Core.lib
       D:\ub\Engine\Intermediate\Build\Win64\UnrealFileServer\Development\Core\UnrealFileServer-Core.lib 占쏙옙占싱브러占쏙옙 占쏙옙 D:\ub\Engine\Intermediate\Build\Win64\UnrealFileServer\Development\Core\UnrealFileServer-Core.exp 占쏙옙체占쏙옙 占쏙옙占쏙옙占싹곤옙 占쌍쏙옙占싹댐옙.
    [259/627] Module.SlateCore.3_of_3.cpp
    [260/627] UnrealFileServer-Voronoi.dll
       D:\ub\Engine\Intermediate\Build\Win64\UnrealFileServer\Development\Voronoi\UnrealFileServer-Voronoi.suppressed.lib 占쏙옙占싱브러占쏙옙 占쏙옙 D:\ub\Engine\Intermediate\Build\Win64\UnrealFileServer\Development\Voronoi\UnrealFileServer-Voronoi.suppressed.exp 占쏙옙체占쏙옙 占쏙옙占쏙옙占싹곤옙 占쌍쏙옙占싹댐옙.
    [261/627] UnrealFileServer-EngineSettings.dll
       D:\ub\Engine\Intermediate\Build\Win64\UnrealFileServer\Development\EngineSettings\UnrealFileServer-EngineSettings.suppressed.lib 占쏙옙占싱브러占쏙옙 占쏙옙 D:\ub\Engine\Intermediate\Build\Win64\UnrealFileServer\Development\EngineSettings\UnrealFileServer-EngineSettings.suppressed.exp 占쏙옙체占쏙옙 占쏙옙占쏙옙占싹곤옙 占쌍쏙옙占싹댐옙.
    [262/627] UnrealFileServer-CoreUObject.dll
       D:\ub\Engine\Intermediate\Build\Win64\UnrealFileServer\Development\CoreUObject\UnrealFileServer-CoreUObject.suppressed.lib 占쏙옙占싱브러占쏙옙 占쏙옙 D:\ub\Engine\Intermediate\Build\Win64\UnrealFileServer\Development\CoreUObject\UnrealFileServer-CoreUObject.suppressed.exp 占쏙옙체占쏙옙 占쏙옙占쏙옙占싹곤옙 占쌍쏙옙占싹댐옙.
    [263/627] UnrealFileServer-AudioExtensions.dll
       D:\ub\Engine\Intermediate\Build\Win64\UnrealFileServer\Development\AudioExtensions\UnrealFileServer-AudioExtensions.suppressed.lib 占쏙옙占싱브러占쏙옙 占쏙옙 D:\ub\Engine\Intermediate\Build\Win64\UnrealFileServer\Development\AudioExtensions\UnrealFileServer-AudioExtensions.suppressed.exp 占쏙옙체占쏙옙 占쏙옙占쏙옙占싹곤옙 占쌍쏙옙占싹댐옙.
    [264/627] UnrealFileServer-SignalProcessing.dll
       D:\ub\Engine\Intermediate\Build\Win64\UnrealFileServer\Development\SignalProcessing\UnrealFileServer-SignalProcessing.suppressed.lib 占쏙옙占싱브러占쏙옙 占쏙옙 D:\ub\Engine\Intermediate\Build\Win64\UnrealFileServer\Development\SignalProcessing\UnrealFileServer-SignalProcessing.suppressed.exp 占쏙옙체占쏙옙 占쏙옙占쏙옙占싹곤옙 占쌍쏙옙占싹댐옙.
    [265/627] UnrealFileServer-RenderCore.dll
       D:\ub\Engine\Intermediate\Build\Win64\UnrealFileServer\Development\RenderCore\UnrealFileServer-RenderCore.suppressed.lib 占쏙옙占싱브러占쏙옙 占쏙옙 D:\ub\Engine\Intermediate\Build\Win64\UnrealFileServer\Development\RenderCore\UnrealFileServer-RenderCore.suppressed.exp 占쏙옙체占쏙옙 占쏙옙占쏙옙占싹곤옙 占쌍쏙옙占싹댐옙.
    [266/627] UnrealFileServer-EngineMessages.dll
       D:\ub\Engine\Intermediate\Build\Win64\UnrealFileServer\Development\EngineMessages\UnrealFileServer-EngineMessages.suppressed.lib 占쏙옙占싱브러占쏙옙 占쏙옙 D:\ub\Engine\Intermediate\Build\Win64\UnrealFileServer\Development\EngineMessages\UnrealFileServer-EngineMessages.suppressed.exp 占쏙옙체占쏙옙 占쏙옙占쏙옙占싹곤옙 占쌍쏙옙占싹댐옙.
    [267/627] UnrealFileServer-AssetRegistry.dll
       D:\ub\Engine\Intermediate\Build\Win64\UnrealFileServer\Development\AssetRegistry\UnrealFileServer-AssetRegistry.suppressed.lib 占쏙옙占싱브러占쏙옙 占쏙옙 D:\ub\Engine\Intermediate\Build\Win64\UnrealFileServer\Development\AssetRegistry\UnrealFileServer-AssetRegistry.suppressed.exp 占쏙옙체占쏙옙 占쏙옙占쏙옙占싹곤옙 占쌍쏙옙占싹댐옙.
    [268/627] UnrealFileServer-Chaos.lib
       D:\ub\Engine\Intermediate\Build\Win64\UnrealFileServer\Development\Chaos\UnrealFileServer-Chaos.lib 占쏙옙占싱브러占쏙옙 占쏙옙 D:\ub\Engine\Intermediate\Build\Win64\UnrealFileServer\Development\Chaos\UnrealFileServer-Chaos.exp 占쏙옙체占쏙옙 占쏙옙占쏙옙占싹곤옙 占쌍쏙옙占싹댐옙.
    [269/627] UnrealFileServer-NetCore.dll
       D:\ub\Engine\Intermediate\Build\Win64\UnrealFileServer\Development\NetCore\UnrealFileServer-NetCore.suppressed.lib 占쏙옙占싱브러占쏙옙 占쏙옙 D:\ub\Engine\Intermediate\Build\Win64\UnrealFileServer\Development\NetCore\UnrealFileServer-NetCore.suppressed.exp 占쏙옙체占쏙옙 占쏙옙占쏙옙占싹곤옙 占쌍쏙옙占싹댐옙.
    [270/627] UnrealFileServer-JsonUtilities.dll
       D:\ub\Engine\Intermediate\Build\Win64\UnrealFileServer\Development\JsonUtilities\UnrealFileServer-JsonUtilities.suppressed.lib 占쏙옙占싱브러占쏙옙 占쏙옙 D:\ub\Engine\Intermediate\Build\Win64\UnrealFileServer\Development\JsonUtilities\UnrealFileServer-JsonUtilities.suppressed.exp 占쏙옙체占쏙옙 占쏙옙占쏙옙占싹곤옙 占쌍쏙옙占싹댐옙.
    [271/627] UnrealFileServer-MaterialShaderQualitySettings.dll
       D:\ub\Engine\Intermediate\Build\Win64\UnrealFileServer\Development\MSQS\UnrealFileServer-MaterialShaderQualitySettings.suppressed.lib 占쏙옙占싱브러占쏙옙 占쏙옙 D:\ub\Engine\Intermediate\Build\Win64\UnrealFileServer\Development\MSQS\UnrealFileServer-MaterialShaderQualitySettings.suppressed.exp 占쏙옙체占쏙옙 占쏙옙占쏙옙占싹곤옙 占쌍쏙옙占싹댐옙.
    [272/627] UnrealFileServer-AnalyticsET.dll
       D:\ub\Engine\Intermediate\Build\Win64\UnrealFileServer\Development\AnalyticsET\UnrealFileServer-AnalyticsET.suppressed.lib 占쏙옙占싱브러占쏙옙 占쏙옙 D:\ub\Engine\Intermediate\Build\Win64\UnrealFileServer\Development\AnalyticsET\UnrealFileServer-AnalyticsET.suppressed.exp 占쏙옙체占쏙옙 占쏙옙占쏙옙占싹곤옙 占쌍쏙옙占싹댐옙.
    [273/627] UnrealFileServer-AudioPlatformConfiguration.dll
       D:\ub\Engine\Intermediate\Build\Win64\UnrealFileServer\Development\AudioPlatformConfiguration\UnrealFileServer-AudioPlatformConfiguration.suppressed.lib 占쏙옙占싱브러占쏙옙 占쏙옙 D:\ub\Engine\Intermediate\Build\Win64\UnrealFileServer\Development\AudioPlatformConfiguration\UnrealFileServer-AudioPlatformConfiguration.suppressed.exp 占쏙옙체占쏙옙 占쏙옙占쏙옙占싹곤옙 占쌍쏙옙占싹댐옙.
    [274/627] UnrealFileServer-SynthBenchmark.dll
       D:\ub\Engine\Intermediate\Build\Win64\UnrealFileServer\Development\SynthBenchmark\UnrealFileServer-SynthBenchmark.suppressed.lib 占쏙옙占싱브러占쏙옙 占쏙옙 D:\ub\Engine\Intermediate\Build\Win64\UnrealFileServer\Development\SynthBenchmark\UnrealFileServer-SynthBenchmark.suppressed.exp 占쏙옙체占쏙옙 占쏙옙占쏙옙占싹곤옙 占쌍쏙옙占싹댐옙.
    [275/627] UnrealFileServer-PropertyAccess.dll
       D:\ub\Engine\Intermediate\Build\Win64\UnrealFileServer\Development\PropertyAccess\UnrealFileServer-PropertyAccess.suppressed.lib 占쏙옙占싱브러占쏙옙 占쏙옙 D:\ub\Engine\Intermediate\Build\Win64\UnrealFileServer\Development\PropertyAccess\UnrealFileServer-PropertyAccess.suppressed.exp 占쏙옙체占쏙옙 占쏙옙占쏙옙占싹곤옙 占쌍쏙옙占싹댐옙.
    [276/627] UnrealFileServer-TextureFormatIntelISPCTexComp.dll
       D:\ub\Engine\Intermediate\Build\Win64\UnrealFileServer\Development\TextureFormatIntelISPCTexComp\UnrealFileServer-TextureFormatIntelISPCTexComp.suppressed.lib 占쏙옙占싱브러占쏙옙 占쏙옙 D:\ub\Engine\Intermediate\Build\Win64\UnrealFileServer\Development\TextureFormatIntelISPCTexComp\UnrealFileServer-TextureFormatIntelISPCTexComp.suppressed.exp 占쏙옙체占쏙옙 占쏙옙占쏙옙占싹곤옙 占쌍쏙옙占싹댐옙.
    [277/627] UnrealFileServer-DesktopPlatform.dll
       D:\ub\Engine\Intermediate\Build\Win64\UnrealFileServer\Development\DesktopPlatform\UnrealFileServer-DesktopPlatform.suppressed.lib 占쏙옙占싱브러占쏙옙 占쏙옙 D:\ub\Engine\Intermediate\Build\Win64\UnrealFileServer\Development\DesktopPlatform\UnrealFileServer-DesktopPlatform.suppressed.exp 占쏙옙체占쏙옙 占쏙옙占쏙옙占싹곤옙 占쌍쏙옙占싹댐옙.
    [278/627] UnrealFileServer-MeshDescription.dll
       D:\ub\Engine\Intermediate\Build\Win64\UnrealFileServer\Development\MeshDescription\UnrealFileServer-MeshDescription.suppressed.lib 占쏙옙占싱브러占쏙옙 占쏙옙 D:\ub\Engine\Intermediate\Build\Win64\UnrealFileServer\Development\MeshDescription\UnrealFileServer-MeshDescription.suppressed.exp 占쏙옙체占쏙옙 占쏙옙占쏙옙占싹곤옙 占쌍쏙옙占싹댐옙.
    [279/627] UnrealFileServer-ReliabilityHandlerComponent.dll
       D:\ub\Engine\Intermediate\Build\Win64\UnrealFileServer\Development\ReliableHComp\UnrealFileServer-ReliabilityHandlerComponent.suppressed.lib 占쏙옙占싱브러占쏙옙 占쏙옙 D:\ub\Engine\Intermediate\Build\Win64\UnrealFileServer\Development\ReliableHComp\UnrealFileServer-ReliabilityHandlerComponent.suppressed.exp 占쏙옙체占쏙옙 占쏙옙占쏙옙占싹곤옙 占쌍쏙옙占싹댐옙.
    [280/627] UnrealFileServer-ShaderPreprocessor.dll
       D:\ub\Engine\Intermediate\Build\Win64\UnrealFileServer\Development\ShaderPreprocessor\UnrealFileServer-ShaderPreprocessor.suppressed.lib 占쏙옙占싱브러占쏙옙 占쏙옙 D:\ub\Engine\Intermediate\Build\Win64\UnrealFileServer\Development\ShaderPreprocessor\UnrealFileServer-ShaderPreprocessor.suppressed.exp 占쏙옙체占쏙옙 占쏙옙占쏙옙占싹곤옙 占쌍쏙옙占싹댐옙.
    [281/627] UnrealFileServer-ShaderCompilerCommon.dll
       D:\ub\Engine\Intermediate\Build\Win64\UnrealFileServer\Development\ShaderCompilerCommon\UnrealFileServer-ShaderCompilerCommon.suppressed.lib 占쏙옙占싱브러占쏙옙 占쏙옙 D:\ub\Engine\Intermediate\Build\Win64\UnrealFileServer\Development\ShaderCompilerCommon\UnrealFileServer-ShaderCompilerCommon.suppressed.exp 占쏙옙체占쏙옙 占쏙옙占쏙옙占싹곤옙 占쌍쏙옙占싹댐옙.
    [282/627] UnrealFileServer-PropertyPath.dll
       D:\ub\Engine\Intermediate\Build\Win64\UnrealFileServer\Development\PropertyPath\UnrealFileServer-PropertyPath.suppressed.lib 占쏙옙占싱브러占쏙옙 占쏙옙 D:\ub\Engine\Intermediate\Build\Win64\UnrealFileServer\Development\PropertyPath\UnrealFileServer-PropertyPath.suppressed.exp 占쏙옙체占쏙옙 占쏙옙占쏙옙占싹곤옙 占쌍쏙옙占싹댐옙.
    [283/627] UnrealFileServer-VectorVM.dll
       D:\ub\Engine\Intermediate\Build\Win64\UnrealFileServer\Development\VectorVM\UnrealFileServer-VectorVM.suppressed.lib 占쏙옙占싱브러占쏙옙 占쏙옙 D:\ub\Engine\Intermediate\Build\Win64\UnrealFileServer\Development\VectorVM\UnrealFileServer-VectorVM.suppressed.exp 占쏙옙체占쏙옙 占쏙옙占쏙옙占싹곤옙 占쌍쏙옙占싹댐옙.
    [284/627] UnrealFileServer-InputCore.dll
       D:\ub\Engine\Intermediate\Build\Win64\UnrealFileServer\Development\InputCore\UnrealFileServer-InputCore.suppressed.lib 占쏙옙占싱브러占쏙옙 占쏙옙 D:\ub\Engine\Intermediate\Build\Win64\UnrealFileServer\Development\InputCore\UnrealFileServer-InputCore.suppressed.exp 占쏙옙체占쏙옙 占쏙옙占쏙옙占싹곤옙 占쌍쏙옙占싹댐옙.
    [285/627] UnrealFileServer-RSA.dll
       D:\ub\Engine\Intermediate\Build\Win64\UnrealFileServer\Development\RSA\UnrealFileServer-RSA.suppressed.lib 占쏙옙占싱브러占쏙옙 占쏙옙 D:\ub\Engine\Intermediate\Build\Win64\UnrealFileServer\Development\RSA\UnrealFileServer-RSA.suppressed.exp 占쏙옙체占쏙옙 占쏙옙占쏙옙占싹곤옙 占쌍쏙옙占싹댐옙.
    [286/627] UnrealFileServer-EditorAnalyticsSession.dll
       D:\ub\Engine\Intermediate\Build\Win64\UnrealFileServer\Development\EditorAnalyticsSession\UnrealFileServer-EditorAnalyticsSession.suppressed.lib 占쏙옙占싱브러占쏙옙 占쏙옙 D:\ub\Engine\Intermediate\Build\Win64\UnrealFileServer\Development\EditorAnalyticsSession\UnrealFileServer-EditorAnalyticsSession.suppressed.exp 占쏙옙체占쏙옙 占쏙옙占쏙옙占싹곤옙 占쌍쏙옙占싹댐옙.
    [287/627] UnrealFileServer-Networking.dll
       D:\ub\Engine\Intermediate\Build\Win64\UnrealFileServer\Development\Networking\UnrealFileServer-Networking.suppressed.lib 占쏙옙占싱브러占쏙옙 占쏙옙 D:\ub\Engine\Intermediate\Build\Win64\UnrealFileServer\Development\Networking\UnrealFileServer-Networking.suppressed.exp 占쏙옙체占쏙옙 占쏙옙占쏙옙占싹곤옙 占쌍쏙옙占싹댐옙.
    [288/627] UnrealFileServer-NetworkReplayStreaming.dll
       D:\ub\Engine\Intermediate\Build\Win64\UnrealFileServer\Development\NetworkReplayStreaming\UnrealFileServer-NetworkReplayStreaming.suppressed.lib 占쏙옙占싱브러占쏙옙 占쏙옙 D:\ub\Engine\Intermediate\Build\Win64\UnrealFileServer\Development\NetworkReplayStreaming\UnrealFileServer-NetworkReplayStreaming.suppressed.exp 占쏙옙체占쏙옙 占쏙옙占쏙옙占싹곤옙 占쌍쏙옙占싹댐옙.
    [289/627] UnrealFileServer-RawMesh.dll
       D:\ub\Engine\Intermediate\Build\Win64\UnrealFileServer\Development\RawMesh\UnrealFileServer-RawMesh.suppressed.lib 占쏙옙占싱브러占쏙옙 占쏙옙 D:\ub\Engine\Intermediate\Build\Win64\UnrealFileServer\Development\RawMesh\UnrealFileServer-RawMesh.suppressed.exp 占쏙옙체占쏙옙 占쏙옙占쏙옙占싹곤옙 占쌍쏙옙占싹댐옙.
    [290/627] UnrealFileServer-MessagingCommon.dll
       D:\ub\Engine\Intermediate\Build\Win64\UnrealFileServer\Development\MessagingCommon\UnrealFileServer-MessagingCommon.suppressed.lib 占쏙옙占싱브러占쏙옙 占쏙옙 D:\ub\Engine\Intermediate\Build\Win64\UnrealFileServer\Development\MessagingCommon\UnrealFileServer-MessagingCommon.suppressed.exp 占쏙옙체占쏙옙 占쏙옙占쏙옙占싹곤옙 占쌍쏙옙占싹댐옙.
    [291/627] UnrealFileServer-AudioMixerCore.dll
       D:\ub\Engine\Intermediate\Build\Win64\UnrealFileServer\Development\AudioMixerCore\UnrealFileServer-AudioMixerCore.suppressed.lib 占쏙옙占싱브러占쏙옙 占쏙옙 D:\ub\Engine\Intermediate\Build\Win64\UnrealFileServer\Development\AudioMixerCore\UnrealFileServer-AudioMixerCore.suppressed.exp 占쏙옙체占쏙옙 占쏙옙占쏙옙占싹곤옙 占쌍쏙옙占싹댐옙.
    [292/627] UnrealFileServer-ApplicationCore.dll
       D:\ub\Engine\Intermediate\Build\Win64\UnrealFileServer\Development\ApplicationCore\UnrealFileServer-ApplicationCore.suppressed.lib 占쏙옙占싱브러占쏙옙 占쏙옙 D:\ub\Engine\Intermediate\Build\Win64\UnrealFileServer\Development\ApplicationCore\UnrealFileServer-ApplicationCore.suppressed.exp 占쏙옙체占쏙옙 占쏙옙占쏙옙占싹곤옙 占쌍쏙옙占싹댐옙.
    [293/627] UnrealFileServer-GeForceNOWWrapper.dll
       D:\ub\Engine\Intermediate\Build\Win64\UnrealFileServer\Development\GeForceNOWWrapper\UnrealFileServer-GeForceNOWWrapper.suppressed.lib 占쏙옙占싱브러占쏙옙 占쏙옙 D:\ub\Engine\Intermediate\Build\Win64\UnrealFileServer\Development\GeForceNOWWrapper\UnrealFileServer-GeForceNOWWrapper.suppressed.exp 占쏙옙체占쏙옙 占쏙옙占쏙옙占싹곤옙 占쌍쏙옙占싹댐옙.
    [294/627] UnrealFileServer-Messaging.dll
       D:\ub\Engine\Intermediate\Build\Win64\UnrealFileServer\Development\Messaging\UnrealFileServer-Messaging.suppressed.lib 占쏙옙占싱브러占쏙옙 占쏙옙 D:\ub\Engine\Intermediate\Build\Win64\UnrealFileServer\Development\Messaging\UnrealFileServer-Messaging.suppressed.exp 占쏙옙체占쏙옙 占쏙옙占쏙옙占싹곤옙 占쌍쏙옙占싹댐옙.
    [295/627] UnrealFileServer-Projects.dll
       D:\ub\Engine\Intermediate\Build\Win64\UnrealFileServer\Development\Projects\UnrealFileServer-Projects.suppressed.lib 占쏙옙占싱브러占쏙옙 占쏙옙 D:\ub\Engine\Intermediate\Build\Win64\UnrealFileServer\Development\Projects\UnrealFileServer-Projects.suppressed.exp 占쏙옙체占쏙옙 占쏙옙占쏙옙占싹곤옙 占쌍쏙옙占싹댐옙.
    [296/627] UnrealFileServer-DirectoryWatcher.dll
       D:\ub\Engine\Intermediate\Build\Win64\UnrealFileServer\Development\DirectoryWatcher\UnrealFileServer-DirectoryWatcher.suppressed.lib 占쏙옙占싱브러占쏙옙 占쏙옙 D:\ub\Engine\Intermediate\Build\Win64\UnrealFileServer\Development\DirectoryWatcher\UnrealFileServer-DirectoryWatcher.suppressed.exp 占쏙옙체占쏙옙 占쏙옙占쏙옙占싹곤옙 占쌍쏙옙占싹댐옙.
    [297/627] UnrealFileServer-MeshUtilitiesCommon.dll
       D:\ub\Engine\Intermediate\Build\Win64\UnrealFileServer\Development\MeshUtilitiesCommon\UnrealFileServer-MeshUtilitiesCommon.suppressed.lib 占쏙옙占싱브러占쏙옙 占쏙옙 D:\ub\Engine\Intermediate\Build\Win64\UnrealFileServer\Development\MeshUtilitiesCommon\UnrealFileServer-MeshUtilitiesCommon.suppressed.exp 占쏙옙체占쏙옙 占쏙옙占쏙옙占싹곤옙 占쌍쏙옙占싹댐옙.
    [298/627] UnrealFileServer-SlateCore.dll
       D:\ub\Engine\Intermediate\Build\Win64\UnrealFileServer\Development\SlateCore\UnrealFileServer-SlateCore.suppressed.lib 占쏙옙占싱브러占쏙옙 占쏙옙 D:\ub\Engine\Intermediate\Build\Win64\UnrealFileServer\Development\SlateCore\UnrealFileServer-SlateCore.suppressed.exp 占쏙옙체占쏙옙 占쏙옙占쏙옙占싹곤옙 占쌍쏙옙占싹댐옙.
    [299/627] UnrealFileServer-Json.dll
       D:\ub\Engine\Intermediate\Build\Win64\UnrealFileServer\Development\Json\UnrealFileServer-Json.suppressed.lib 占쏙옙占싱브러占쏙옙 占쏙옙 D:\ub\Engine\Intermediate\Build\Win64\UnrealFileServer\Development\Json\UnrealFileServer-Json.suppressed.exp 占쏙옙체占쏙옙 占쏙옙占쏙옙占싹곤옙 占쌍쏙옙占싹댐옙.
    [300/627] UnrealFileServer-AVIWriter.dll
       D:\ub\Engine\Intermediate\Build\Win64\UnrealFileServer\Development\AVIWriter\UnrealFileServer-AVIWriter.suppressed.lib 占쏙옙占싱브러占쏙옙 占쏙옙 D:\ub\Engine\Intermediate\Build\Win64\UnrealFileServer\Development\AVIWriter\UnrealFileServer-AVIWriter.suppressed.exp 占쏙옙체占쏙옙 占쏙옙占쏙옙占싹곤옙 占쌍쏙옙占싹댐옙.
    [301/627] UnrealFileServer-NetCommon.dll
       D:\ub\Engine\Intermediate\Build\Win64\UnrealFileServer\Development\NetCommon\UnrealFileServer-NetCommon.suppressed.lib 占쏙옙占싱브러占쏙옙 占쏙옙 D:\ub\Engine\Intermediate\Build\Win64\UnrealFileServer\Development\NetCommon\UnrealFileServer-NetCommon.suppressed.exp 占쏙옙체占쏙옙 占쏙옙占쏙옙占싹곤옙 占쌍쏙옙占싹댐옙.
    [302/627] UnrealFileServer-UELibSampleRate.dll
       D:\ub\Engine\Intermediate\Build\Win64\UnrealFileServer\Development\UELibSampleRate\UnrealFileServer-UELibSampleRate.suppressed.lib 占쏙옙占싱브러占쏙옙 占쏙옙 D:\ub\Engine\Intermediate\Build\Win64\UnrealFileServer\Development\UELibSampleRate\UnrealFileServer-UELibSampleRate.suppressed.exp 占쏙옙체占쏙옙 占쏙옙占쏙옙占싹곤옙 占쌍쏙옙占싹댐옙.
    [303/627] UnrealFileServer-Media.dll
       D:\ub\Engine\Intermediate\Build\Win64\UnrealFileServer\Development\Media\UnrealFileServer-Media.suppressed.lib 占쏙옙占싱브러占쏙옙 占쏙옙 D:\ub\Engine\Intermediate\Build\Win64\UnrealFileServer\Development\Media\UnrealFileServer-Media.suppressed.exp 占쏙옙체占쏙옙 占쏙옙占쏙옙占싹곤옙 占쌍쏙옙占싹댐옙.
    [304/627] UnrealFileServer-Analytics.dll
       D:\ub\Engine\Intermediate\Build\Win64\UnrealFileServer\Development\Analytics\UnrealFileServer-Analytics.suppressed.lib 占쏙옙占싱브러占쏙옙 占쏙옙 D:\ub\Engine\Intermediate\Build\Win64\UnrealFileServer\Development\Analytics\UnrealFileServer-Analytics.suppressed.exp 占쏙옙체占쏙옙 占쏙옙占쏙옙占싹곤옙 占쌍쏙옙占싹댐옙.
    [305/627] UnrealFileServer-CrunchCompression.dll
       D:\ub\Engine\Intermediate\Build\Win64\UnrealFileServer\Development\CrunchCompression\UnrealFileServer-CrunchCompression.suppressed.lib 占쏙옙占싱브러占쏙옙 占쏙옙 D:\ub\Engine\Intermediate\Build\Win64\UnrealFileServer\Development\CrunchCompression\UnrealFileServer-CrunchCompression.suppressed.exp 占쏙옙체占쏙옙 占쏙옙占쏙옙占싹곤옙 占쌍쏙옙占싹댐옙.
    [306/627] UnrealFileServer-SandboxFile.dll
       D:\ub\Engine\Intermediate\Build\Win64\UnrealFileServer\Development\SandboxFile\UnrealFileServer-SandboxFile.suppressed.lib 占쏙옙占싱브러占쏙옙 占쏙옙 D:\ub\Engine\Intermediate\Build\Win64\UnrealFileServer\Development\SandboxFile\UnrealFileServer-SandboxFile.suppressed.exp 占쏙옙체占쏙옙 占쏙옙占쏙옙占싹곤옙 占쌍쏙옙占싹댐옙.
    [307/627] UnrealFileServer-FileUtilities.dll
       D:\ub\Engine\Intermediate\Build\Win64\UnrealFileServer\Development\FileUtilities\UnrealFileServer-FileUtilities.suppressed.lib 占쏙옙占싱브러占쏙옙 占쏙옙 D:\ub\Engine\Intermediate\Build\Win64\UnrealFileServer\Development\FileUtilities\UnrealFileServer-FileUtilities.suppressed.exp 占쏙옙체占쏙옙 占쏙옙占쏙옙占싹곤옙 占쌍쏙옙占싹댐옙.
    [308/627] UnrealFileServer-ChaosCore.dll
       D:\ub\Engine\Intermediate\Build\Win64\UnrealFileServer\Development\ChaosCore\UnrealFileServer-ChaosCore.suppressed.lib 占쏙옙占싱브러占쏙옙 占쏙옙 D:\ub\Engine\Intermediate\Build\Win64\UnrealFileServer\Development\ChaosCore\UnrealFileServer-ChaosCore.suppressed.exp 占쏙옙체占쏙옙 占쏙옙占쏙옙占싹곤옙 占쌍쏙옙占싹댐옙.
    [309/627] UnrealFileServer-LauncherPlatform.dll
       D:\ub\Engine\Intermediate\Build\Win64\UnrealFileServer\Development\LauncherPlatform\UnrealFileServer-LauncherPlatform.suppressed.lib 占쏙옙占싱브러占쏙옙 占쏙옙 D:\ub\Engine\Intermediate\Build\Win64\UnrealFileServer\Development\LauncherPlatform\UnrealFileServer-LauncherPlatform.suppressed.exp 占쏙옙체占쏙옙 占쏙옙占쏙옙占싹곤옙 占쌍쏙옙占싹댐옙.
    [310/627] UnrealFileServer-ImageCore.dll
       D:\ub\Engine\Intermediate\Build\Win64\UnrealFileServer\Development\ImageCore\UnrealFileServer-ImageCore.suppressed.lib 占쏙옙占싱브러占쏙옙 占쏙옙 D:\ub\Engine\Intermediate\Build\Win64\UnrealFileServer\Development\ImageCore\UnrealFileServer-ImageCore.suppressed.exp 占쏙옙체占쏙옙 占쏙옙占쏙옙占싹곤옙 占쌍쏙옙占싹댐옙.
    [311/627] UnrealFileServer-StaticMeshDescription.dll
       D:\ub\Engine\Intermediate\Build\Win64\UnrealFileServer\Development\StaticMeshDescription\UnrealFileServer-StaticMeshDescription.suppressed.lib 占쏙옙占싱브러占쏙옙 占쏙옙 D:\ub\Engine\Intermediate\Build\Win64\UnrealFileServer\Development\StaticMeshDescription\UnrealFileServer-StaticMeshDescription.suppressed.exp 占쏙옙체占쏙옙 占쏙옙占쏙옙占싹곤옙 占쌍쏙옙占싹댐옙.
    [312/627] UnrealFileServer-PacketHandler.dll
       D:\ub\Engine\Intermediate\Build\Win64\UnrealFileServer\Development\PacketHandler\UnrealFileServer-PacketHandler.suppressed.lib 占쏙옙占싱브러占쏙옙 占쏙옙 D:\ub\Engine\Intermediate\Build\Win64\UnrealFileServer\Development\PacketHandler\UnrealFileServer-PacketHandler.suppressed.exp 占쏙옙체占쏙옙 占쏙옙占쏙옙占싹곤옙 占쌍쏙옙占싹댐옙.
    [313/627] UnrealFileServer-TextureFormatETC2.dll
       D:\ub\Engine\Intermediate\Build\Win64\UnrealFileServer\Development\TextureFormatETC2\UnrealFileServer-TextureFormatETC2.suppressed.lib 占쏙옙占싱브러占쏙옙 占쏙옙 D:\ub\Engine\Intermediate\Build\Win64\UnrealFileServer\Development\TextureFormatETC2\UnrealFileServer-TextureFormatETC2.suppressed.exp 占쏙옙체占쏙옙 占쏙옙占쏙옙占싹곤옙 占쌍쏙옙占싹댐옙.
    [314/627] UnrealFileServer-RHI.dll
       D:\ub\Engine\Intermediate\Build\Win64\UnrealFileServer\Development\RHI\UnrealFileServer-RHI.suppressed.lib 占쏙옙占싱브러占쏙옙 占쏙옙 D:\ub\Engine\Intermediate\Build\Win64\UnrealFileServer\Development\RHI\UnrealFileServer-RHI.suppressed.exp 占쏙옙체占쏙옙 占쏙옙占쏙옙占싹곤옙 占쌍쏙옙占싹댐옙.
    [315/627] UnrealFileServer-TextureFormatPVR.dll
       D:\ub\Engine\Intermediate\Build\Win64\UnrealFileServer\Development\TextureFormatPVR\UnrealFileServer-TextureFormatPVR.suppressed.lib 占쏙옙占싱브러占쏙옙 占쏙옙 D:\ub\Engine\Intermediate\Build\Win64\UnrealFileServer\Development\TextureFormatPVR\UnrealFileServer-TextureFormatPVR.suppressed.exp 占쏙옙체占쏙옙 占쏙옙占쏙옙占싹곤옙 占쌍쏙옙占싹댐옙.
    [316/627] UnrealFileServer-MediaInfo.dll
       D:\ub\Engine\Intermediate\Build\Win64\UnrealFileServer\Development\MediaInfo\UnrealFileServer-MediaInfo.suppressed.lib 占쏙옙占싱브러占쏙옙 占쏙옙 D:\ub\Engine\Intermediate\Build\Win64\UnrealFileServer\Development\MediaInfo\UnrealFileServer-MediaInfo.suppressed.exp 占쏙옙체占쏙옙 占쏙옙占쏙옙占싹곤옙 占쌍쏙옙占싹댐옙.
    [317/627] UnrealFileServer-Sockets.dll
       D:\ub\Engine\Intermediate\Build\Win64\UnrealFileServer\Development\Sockets\UnrealFileServer-Sockets.suppressed.lib 占쏙옙占싱브러占쏙옙 占쏙옙 D:\ub\Engine\Intermediate\Build\Win64\UnrealFileServer\Development\Sockets\UnrealFileServer-Sockets.suppressed.exp 占쏙옙체占쏙옙 占쏙옙占쏙옙占싹곤옙 占쌍쏙옙占싹댐옙.
    [318/627] UnrealFileServer-ImageWrapper.dll
       D:\ub\Engine\Intermediate\Build\Win64\UnrealFileServer\Development\ImageWrapper\UnrealFileServer-ImageWrapper.suppressed.lib 占쏙옙占싱브러占쏙옙 占쏙옙 D:\ub\Engine\Intermediate\Build\Win64\UnrealFileServer\Development\ImageWrapper\UnrealFileServer-ImageWrapper.suppressed.exp 占쏙옙체占쏙옙 占쏙옙占쏙옙占싹곤옙 占쌍쏙옙占싹댐옙.
    [319/627] UnrealFileServer-Advertising.dll
       D:\ub\Engine\Intermediate\Build\Win64\UnrealFileServer\Development\Advertising\UnrealFileServer-Advertising.suppressed.lib 占쏙옙占싱브러占쏙옙 占쏙옙 D:\ub\Engine\Intermediate\Build\Win64\UnrealFileServer\Development\Advertising\UnrealFileServer-Advertising.suppressed.exp 占쏙옙체占쏙옙 占쏙옙占쏙옙占싹곤옙 占쌍쏙옙占싹댐옙.
    [320/627] UnrealFileServer-PakFile.dll
       D:\ub\Engine\Intermediate\Build\Win64\UnrealFileServer\Development\PakFile\UnrealFileServer-PakFile.suppressed.lib 占쏙옙占싱브러占쏙옙 占쏙옙 D:\ub\Engine\Intermediate\Build\Win64\UnrealFileServer\Development\PakFile\UnrealFileServer-PakFile.suppressed.exp 占쏙옙체占쏙옙 占쏙옙占쏙옙占싹곤옙 占쌍쏙옙占싹댐옙.
    [321/627] UnrealFileServer-MetalShaderFormat.dll
       D:\ub\Engine\Intermediate\Build\Win64\UnrealFileServer\Development\MetalShaderFormat\UnrealFileServer-MetalShaderFormat.suppressed.lib 占쏙옙占싱브러占쏙옙 占쏙옙 D:\ub\Engine\Intermediate\Build\Win64\UnrealFileServer\Development\MetalShaderFormat\UnrealFileServer-MetalShaderFormat.suppressed.exp 占쏙옙체占쏙옙 占쏙옙占쏙옙占싹곤옙 占쌍쏙옙占싹댐옙.
    [322/627] UnrealFileServer-ShaderFormatD3D.dll
       D:\ub\Engine\Intermediate\Build\Win64\UnrealFileServer\Development\ShaderFormatD3D\UnrealFileServer-ShaderFormatD3D.suppressed.lib 占쏙옙占싱브러占쏙옙 占쏙옙 D:\ub\Engine\Intermediate\Build\Win64\UnrealFileServer\Development\ShaderFormatD3D\UnrealFileServer-ShaderFormatD3D.suppressed.exp 占쏙옙체占쏙옙 占쏙옙占쏙옙占싹곤옙 占쌍쏙옙占싹댐옙.
    [323/627] UnrealFileServer-Chaos.dll
       D:\ub\Engine\Intermediate\Build\Win64\UnrealFileServer\Development\Chaos\UnrealFileServer-Chaos.suppressed.lib 占쏙옙占싱브러占쏙옙 占쏙옙 D:\ub\Engine\Intermediate\Build\Win64\UnrealFileServer\Development\Chaos\UnrealFileServer-Chaos.suppressed.exp 占쏙옙체占쏙옙 占쏙옙占쏙옙占싹곤옙 占쌍쏙옙占싹댐옙.
    [324/627] UnrealFileServer-TextureFormatASTC.dll
       D:\ub\Engine\Intermediate\Build\Win64\UnrealFileServer\Development\TextureFormatASTC\UnrealFileServer-TextureFormatASTC.suppressed.lib 占쏙옙占싱브러占쏙옙 占쏙옙 D:\ub\Engine\Intermediate\Build\Win64\UnrealFileServer\Development\TextureFormatASTC\UnrealFileServer-TextureFormatASTC.suppressed.exp 占쏙옙체占쏙옙 占쏙옙占쏙옙占싹곤옙 占쌍쏙옙占싹댐옙.
    [325/627] UnrealFileServer-SlateCore.lib
       D:\ub\Engine\Intermediate\Build\Win64\UnrealFileServer\Development\SlateCore\UnrealFileServer-SlateCore.lib 占쏙옙占싱브러占쏙옙 占쏙옙 D:\ub\Engine\Intermediate\Build\Win64\UnrealFileServer\Development\SlateCore\UnrealFileServer-SlateCore.exp 占쏙옙체占쏙옙 占쏙옙占쏙옙占싹곤옙 占쌍쏙옙占싹댐옙.
    [326/627] UnrealFileServer-ShaderFormatOpenGL.dll
       D:\ub\Engine\Intermediate\Build\Win64\UnrealFileServer\Development\ShaderFormatOpenGL\UnrealFileServer-ShaderFormatOpenGL.suppressed.lib 占쏙옙占싱브러占쏙옙 占쏙옙 D:\ub\Engine\Intermediate\Build\Win64\UnrealFileServer\Development\ShaderFormatOpenGL\UnrealFileServer-ShaderFormatOpenGL.suppressed.exp 占쏙옙체占쏙옙 占쏙옙占쏙옙占싹곤옙 占쌍쏙옙占싹댐옙.
    [327/627] UnrealFileServer-ShaderFormatVectorVM.dll
       D:\ub\Engine\Intermediate\Build\Win64\UnrealFileServer\Development\ShaderFormatVectorVM\UnrealFileServer-ShaderFormatVectorVM.suppressed.lib 占쏙옙占싱브러占쏙옙 占쏙옙 D:\ub\Engine\Intermediate\Build\Win64\UnrealFileServer\Development\ShaderFormatVectorVM\UnrealFileServer-ShaderFormatVectorVM.suppressed.exp 占쏙옙체占쏙옙 占쏙옙占쏙옙占싹곤옙 占쌍쏙옙占싹댐옙.
    [328/627] UnrealFileServer-SourceControl.dll
       D:\ub\Engine\Intermediate\Build\Win64\UnrealFileServer\Development\SourceControl\UnrealFileServer-SourceControl.suppressed.lib 占쏙옙占싱브러占쏙옙 占쏙옙 D:\ub\Engine\Intermediate\Build\Win64\UnrealFileServer\Development\SourceControl\UnrealFileServer-SourceControl.suppressed.exp 占쏙옙체占쏙옙 占쏙옙占쏙옙占싹곤옙 占쌍쏙옙占싹댐옙.
    [329/627] UnrealFileServer-MessageLog.dll
       D:\ub\Engine\Intermediate\Build\Win64\UnrealFileServer\Development\MessageLog\UnrealFileServer-MessageLog.suppressed.lib 占쏙옙占싱브러占쏙옙 占쏙옙 D:\ub\Engine\Intermediate\Build\Win64\UnrealFileServer\Development\MessageLog\UnrealFileServer-MessageLog.suppressed.exp 占쏙옙체占쏙옙 占쏙옙占쏙옙占싹곤옙 占쌍쏙옙占싹댐옙.
    [330/627] UnrealFileServer-DeveloperSettings.dll
       D:\ub\Engine\Intermediate\Build\Win64\UnrealFileServer\Development\DeveloperSettings\UnrealFileServer-DeveloperSettings.suppressed.lib 占쏙옙占싱브러占쏙옙 占쏙옙 D:\ub\Engine\Intermediate\Build\Win64\UnrealFileServer\Development\DeveloperSettings\UnrealFileServer-DeveloperSettings.suppressed.exp 占쏙옙체占쏙옙 占쏙옙占쏙옙占싹곤옙 占쌍쏙옙占싹댐옙.
    [331/627] UnrealFileServer-AppFramework.dll
       D:\ub\Engine\Intermediate\Build\Win64\UnrealFileServer\Development\AppFramework\UnrealFileServer-AppFramework.suppressed.lib 占쏙옙占싱브러占쏙옙 占쏙옙 D:\ub\Engine\Intermediate\Build\Win64\UnrealFileServer\Development\AppFramework\UnrealFileServer-AppFramework.suppressed.exp 占쏙옙체占쏙옙 占쏙옙占쏙옙占싹곤옙 占쌍쏙옙占싹댐옙.
    [332/627] UnrealFileServer-TargetPlatform.dll
       D:\ub\Engine\Intermediate\Build\Win64\UnrealFileServer\Development\TargetPlatform\UnrealFileServer-TargetPlatform.suppressed.lib 占쏙옙占싱브러占쏙옙 占쏙옙 D:\ub\Engine\Intermediate\Build\Win64\UnrealFileServer\Development\TargetPlatform\UnrealFileServer-TargetPlatform.suppressed.exp 占쏙옙체占쏙옙 占쏙옙占쏙옙占싹곤옙 占쌍쏙옙占싹댐옙.
    [333/627] UnrealFileServer-EditorStyle.dll
       D:\ub\Engine\Intermediate\Build\Win64\UnrealFileServer\Development\EditorStyle\UnrealFileServer-EditorStyle.suppressed.lib 占쏙옙占싱브러占쏙옙 占쏙옙 D:\ub\Engine\Intermediate\Build\Win64\UnrealFileServer\Development\EditorStyle\UnrealFileServer-EditorStyle.suppressed.exp 占쏙옙체占쏙옙 占쏙옙占쏙옙占싹곤옙 占쌍쏙옙占싹댐옙.
    [334/627] UnrealFileServer-SlateReflector.dll
       D:\ub\Engine\Intermediate\Build\Win64\UnrealFileServer\Development\SlateReflector\UnrealFileServer-SlateReflector.suppressed.lib 占쏙옙占싱브러占쏙옙 占쏙옙 D:\ub\Engine\Intermediate\Build\Win64\UnrealFileServer\Development\SlateReflector\UnrealFileServer-SlateReflector.suppressed.exp 占쏙옙체占쏙옙 占쏙옙占쏙옙占싹곤옙 占쌍쏙옙占싹댐옙.
    [335/627] UnrealFileServer-Slate.dll
       D:\ub\Engine\Intermediate\Build\Win64\UnrealFileServer\Development\Slate\UnrealFileServer-Slate.suppressed.lib 占쏙옙占싱브러占쏙옙 占쏙옙 D:\ub\Engine\Intermediate\Build\Win64\UnrealFileServer\Development\Slate\UnrealFileServer-Slate.suppressed.exp 占쏙옙체占쏙옙 占쏙옙占쏙옙占싹곤옙 占쌍쏙옙占싹댐옙.
    [336/627] UnrealFileServer-SSL.dll
       D:\ub\Engine\Intermediate\Build\Win64\UnrealFileServer\Development\SSL\UnrealFileServer-SSL.suppressed.lib 占쏙옙占싱브러占쏙옙 占쏙옙 D:\ub\Engine\Intermediate\Build\Win64\UnrealFileServer\Development\SSL\UnrealFileServer-SSL.suppressed.exp 占쏙옙체占쏙옙 占쏙옙占쏙옙占싹곤옙 占쌍쏙옙占싹댐옙.
    [337/627] UnrealFileServer-HTTP.dll
       D:\ub\Engine\Intermediate\Build\Win64\UnrealFileServer\Development\HTTP\UnrealFileServer-HTTP.suppressed.lib 占쏙옙占싱브러占쏙옙 占쏙옙 D:\ub\Engine\Intermediate\Build\Win64\UnrealFileServer\Development\HTTP\UnrealFileServer-HTTP.suppressed.exp 占쏙옙체占쏙옙 占쏙옙占쏙옙占싹곤옙 占쌍쏙옙占싹댐옙.
    [338/627] UnrealFileServer-DerivedDataCache.dll
       D:\ub\Engine\Intermediate\Build\Win64\UnrealFileServer\Development\DerivedDataCache\UnrealFileServer-DerivedDataCache.suppressed.lib 占쏙옙占싱브러占쏙옙 占쏙옙 D:\ub\Engine\Intermediate\Build\Win64\UnrealFileServer\Development\DerivedDataCache\UnrealFileServer-DerivedDataCache.suppressed.exp 占쏙옙체占쏙옙 占쏙옙占쏙옙占싹곤옙 占쌍쏙옙占싹댐옙.
    [339/627] UnrealFileServer-VulkanShaderFormat.dll
       D:\ub\Engine\Intermediate\Build\Win64\UnrealFileServer\Development\VulkanShaderFormat\UnrealFileServer-VulkanShaderFormat.suppressed.lib 占쏙옙占싱브러占쏙옙 占쏙옙 D:\ub\Engine\Intermediate\Build\Win64\UnrealFileServer\Development\VulkanShaderFormat\UnrealFileServer-VulkanShaderFormat.suppressed.exp 占쏙옙체占쏙옙 占쏙옙占쏙옙占싹곤옙 占쌍쏙옙占싹댐옙.
C:\Program Files (x86)\Microsoft Visual Studio\2019\Community\MSBuild\Microsoft\VC\v160\Microsoft.MakeFile.Targets(45,5): error MSB3073: "D:\ub\Engine\Build\BatchFiles\Build.bat UnrealFileServer Win64 Development -WaitMutex -FromMsBuild" 명령이 종료되었습니다(코드: 6).
