  Creating makefile for UnrealFrontend (no existing makefile)
  Building UnrealFrontend...
  Using Visual Studio 2019 14.29.30133 toolchain (C:\Program Files (x86)\Microsoft Visual Studio\2019\Community\VC\Tools\MSVC\14.29.30133) and Windows 10.0.18362.0 SDK (C:\Program Files (x86)\Windows Kits\10).
  Building 356 actions with 8 processes...
    [1/356] Default.rc2
    [2/356] dte80a.cpp
    [3/356] PCH.ImageWrapper.cpp
    [4/356] BuildSettings.cpp
    [5/356] Module.TraceLog.cpp
    [6/356] UnrealFrontend-TraceLog.dll
       D:\ub\Engine\Intermediate\Build\Win64\UnrealFrontend\Development\TraceLog\UnrealFrontend-TraceLog.suppressed.lib 占쏙옙占싱브러占쏙옙 占쏙옙 D:\ub\Engine\Intermediate\Build\Win64\UnrealFrontend\Development\TraceLog\UnrealFrontend-TraceLog.suppressed.exp 占쏙옙체占쏙옙 占쏙옙占쏙옙占싹곤옙 占쌍쏙옙占싹댐옙.
    [7/356] UnrealFrontend-BuildSettings.dll
       D:\ub\Engine\Intermediate\Build\Win64\UnrealFrontend\Development\BuildSettings\UnrealFrontend-BuildSettings.suppressed.lib 占쏙옙占싱브러占쏙옙 占쏙옙 D:\ub\Engine\Intermediate\Build\Win64\UnrealFrontend\Development\BuildSettings\UnrealFrontend-BuildSettings.suppressed.exp 占쏙옙체占쏙옙 占쏙옙占쏙옙占싹곤옙 占쌍쏙옙占싹댐옙.
    [8/356] SharedPCH.Core.ShadowErrors.cpp
    [9/356] SharedPCH.CoreUObject.ShadowErrors.cpp
    [10/356] Module.ImageWrapper.gen.cpp
    [11/356] PCH.Core.cpp
    [12/356] PCH.CoreUObject.cpp
    [13/356] Module.ImageWrapper.cpp
    [14/356] Module.Json.cpp
    [15/356] SharedPCH.Slate.ShadowErrors.cpp
    [16/356] Module.UnrealFrontend.cpp
    [17/356] Module.Core.14_of_15.cpp
    [18/356] Module.SlateCore.3_of_3.cpp
    [19/356] Module.SlateCore.2_of_3.cpp
    [20/356] Module.Core.12_of_15.cpp
    [21/356] Module.Core.13_of_15.cpp
    [22/356] Module.Core.10_of_15.cpp
    [23/356] Module.Core.7_of_15.cpp
    [24/356] Module.Core.2_of_15.cpp
    [25/356] Module.Core.9_of_15.cpp
    [26/356] Module.Core.6_of_15.cpp
    [27/356] Module.CoreUObject.gen.cpp
    [28/356] Module.Core.11_of_15.cpp
    [29/356] Module.Core.4_of_15.cpp
    [30/356] Module.Core.3_of_15.cpp
    [31/356] Module.Core.5_of_15.cpp
    [32/356] Module.Core.8_of_15.cpp
    [33/356] Module.Core.1_of_15.cpp
    [34/356] Module.CoreUObject.2_of_9.cpp
    [35/356] Module.CoreUObject.5_of_9.cpp
    [36/356] Module.CoreUObject.6_of_9.cpp
    [37/356] Module.CoreUObject.3_of_9.cpp
    [38/356] Module.CoreUObject.8_of_9.cpp
    [39/356] Module.CoreUObject.1_of_9.cpp
    [40/356] Module.CoreUObject.7_of_9.cpp
    [41/356] Module.SlateCore.1_of_3.cpp
    [42/356] Module.Slate.gen.cpp
    [43/356] Module.Slate.1_of_5.cpp
    [44/356] Module.CoreUObject.4_of_9.cpp
    [45/356] Module.InputCore.gen.cpp
    [46/356] Module.EditorStyle.gen.cpp
    [47/356] Module.InputCore.cpp
    [48/356] Module.Slate.3_of_5.cpp
    [49/356] Module.EditorStyle.cpp
    [50/356] Module.Slate.5_of_5.cpp
    [51/356] Module.Slate.2_of_5.cpp
    [52/356] ImageCore.cpp
    [53/356] Module.Projects.cpp
    [54/356] ShaderPreprocessor.cpp
    [55/356] Module.ApplicationCore.cpp
    [56/356] Module.RenderCore.3_of_3.cpp
    [57/356] Module.Sockets.cpp
    [58/356] Module.Slate.4_of_5.cpp
    [59/356] Module.JsonUtilities.cpp
    [60/356] Module.Networking.cpp
    [61/356] Module.JsonUtilities.gen.cpp
    [62/356] Module.AudioPlatformConfiguration.cpp
    [63/356] AutomationMessagesModule.cpp
    [64/356] Module.AudioPlatformConfiguration.gen.cpp
    [65/356] LaunchDaemonMessagesModule.cpp
    [66/356] IOSMessageProtocol.gen.cpp
    [67/356] UnrealEdMessagesModule.cpp
    [68/356] LaunchDaemonMessages.init.gen.cpp
    [69/356] Module.ShaderCompilerCommon.cpp
    [70/356] AssetEditorMessages.gen.cpp
    [71/356] Module.SourceCodeAccess.cpp
    [72/356] Module.RenderCore.2_of_3.cpp
    [73/356] AutomationMessages.init.gen.cpp
    [74/356] FileServerMessages.gen.cpp
    [75/356] Module.ScreenShotComparisonTools.gen.cpp
    [76/356] Module.AutomationController.gen.cpp
    [77/356] Module.SourceCodeAccess.gen.cpp
    [78/356] Module.RenderCore.1_of_3.cpp
    [79/356] Module.ScreenShotComparisonTools.cpp
    [80/356] AutomationWorkerMessages.gen.cpp
    [81/356] Module.AutomationController.cpp
    [82/356] WorkspaceMenuStructureModule.cpp
    [83/356] UnrealEdMessages.init.gen.cpp
    [84/356] SessionMessagesModule.cpp
    [85/356] Module.Cbor.cpp
    [86/356] Module.Serialization.gen.cpp
    [87/356] SessionServiceMessages.gen.cpp
    [88/356] Module.RHI.cpp
    [89/356] SessionMessages.init.gen.cpp
    [90/356] Module.Messaging.cpp
    [91/356] Module.AssetRegistry.gen.cpp
    [92/356] Module.SSL.cpp
    [93/356] Module.MessageLog.cpp
    [94/356] Module.AutomationWindow.gen.cpp
    [95/356] Module.ProfilerClient.cpp
    [96/356] TextureFormatIntelISPCTexComp.cpp
    [97/356] ProfilerMessagesModule.cpp
    [98/356] Module.SessionServices.cpp
    [99/356] Module.Serialization.cpp
    [100/356] Module.DirectoryWatcher.cpp
    [101/356] Module.VectorVM.cpp
    [102/356] ProfilerServiceMessages.gen.cpp
    [103/356] AndroidDeviceDetectionModule.cpp
    [104/356] Module.LauncherServices.cpp
    [105/356] Module.TargetDeviceServices.gen.cpp
    [106/356] Module.IOSTargetPlatform.cpp
    [107/356] NetCommonModule.cpp
    [108/356] Module.SourceControl.gen.cpp
    [109/356] Module.GeForceNOWWrapper.cpp
    [110/356] Module.SourceControl.cpp
    [111/356] Module.TargetDeviceServices.cpp
    [112/356] Module.AssetRegistry.cpp
    [113/356] Module.TcpMessaging.gen.cpp
    [114/356] Module.LauncherPlatform.cpp
    [115/356] Module.Settings.cpp
    [116/356] Module.AutomationWindow.cpp
    [117/356] Module.HTTP.cpp
    [118/356] Module.UELibSampleRate.cpp
    [119/356] Module.FileUtilities.cpp
    [120/356] Module.VectorVM.gen.cpp
    [121/356] ProfilerMessages.init.gen.cpp
    [122/356] Module.UdpMessaging.gen.cpp
    [123/356] Module.TcpMessaging.cpp
    [124/356] PIEPreviewDeviceSpecification.gen.cpp
    [125/356] PIEPreviewDeviceSpecification.init.gen.cpp
    [126/356] Module.SessionFrontend.cpp
    [127/356] EngineMessagesModule.cpp
    [128/356] EngineServiceMessages.gen.cpp
    [129/356] Module.UdpMessaging.cpp
    [130/356] EngineMessages.init.gen.cpp
    [131/356] PIEPreviewDeviceSpecification.cpp
    [132/356] Module.DesktopWidgets.cpp
    [133/356] MacClientTargetPlatformModule.cpp
    [134/356] Module.StandaloneRenderer.cpp
    [135/356] TextureFormatETC2.cpp
    [136/356] Module.Profiler.cpp
    [137/356] WindowsClientTargetPlatformModule.cpp
    [138/356] Module.ScreenShotComparison.cpp
    [139/356] TextureFormatPVR.cpp
    [140/356] TextureFormatUncompressed.cpp
    [141/356] WindowsServerTargetPlatformModule.cpp
    [142/356] MacNoEditorTargetPlatformModule.cpp
    [143/356] Module.OutputLog.cpp
    [144/356] Module.AndroidTargetPlatform.cpp
    [145/356] WindowsNoEditorTargetPlatformModule.cpp
    [146/356] TVOSTargetPlatformModule.cpp
    [147/356] Module.MacTargetPlatform.gen.cpp
    [148/356] Module.ShaderFormatD3D.cpp
    [149/356] MacServerTargetPlatformModule.cpp
    [150/356] Module.WindowsTargetPlatform.gen.cpp
    [151/356] Module.ShaderFormatVectorVM.cpp
    [152/356] TextureFormatDXT.cpp
    [153/356] Module.DeviceManager.cpp
    [154/356] Module.WindowsTargetPlatform.cpp
    [155/356] Module.SlateReflector.gen.cpp
    [156/356] Module.AllDesktopTargetPlatform.cpp
    [157/356] TextureFormatASTC.cpp
    [158/356] UnrealFrontend-WindowsTargetPlatform.lib
       D:\ub\Engine\Intermediate\Build\Win64\UnrealFrontend\Development\WindowsTargetPlatform\UnrealFrontend-WindowsTargetPlatform.lib 占쏙옙占싱브러占쏙옙 占쏙옙 D:\ub\Engine\Intermediate\Build\Win64\UnrealFrontend\Development\WindowsTargetPlatform\UnrealFrontend-WindowsTargetPlatform.exp 占쏙옙체占쏙옙 占쏙옙占쏙옙占싹곤옙 占쌍쏙옙占싹댐옙.
    [159/356] Module.MacTargetPlatform.cpp
    [160/356] UnrealFrontend-ShaderFormatD3D.lib
       D:\ub\Engine\Intermediate\Build\Win64\UnrealFrontend\Development\ShaderFormatD3D\UnrealFrontend-ShaderFormatD3D.lib 占쏙옙占싱브러占쏙옙 占쏙옙 D:\ub\Engine\Intermediate\Build\Win64\UnrealFrontend\Development\ShaderFormatD3D\UnrealFrontend-ShaderFormatD3D.exp 占쏙옙체占쏙옙 占쏙옙占쏙옙占싹곤옙 占쌍쏙옙占싹댐옙.
    [161/356] UnrealFrontend-MacTargetPlatform.lib
       D:\ub\Engine\Intermediate\Build\Win64\UnrealFrontend\Development\MacTargetPlatform\UnrealFrontend-MacTargetPlatform.lib 占쏙옙占싱브러占쏙옙 占쏙옙 D:\ub\Engine\Intermediate\Build\Win64\UnrealFrontend\Development\MacTargetPlatform\UnrealFrontend-MacTargetPlatform.exp 占쏙옙체占쏙옙 占쏙옙占쏙옙占싹곤옙 占쌍쏙옙占싹댐옙.
    [162/356] UnrealFrontend-WindowsNoEditorTargetPlatform.lib
       D:\ub\Engine\Intermediate\Build\Win64\UnrealFrontend\Development\WindowsNoEditorTargetPlatform\UnrealFrontend-WindowsNoEditorTargetPlatform.lib 占쏙옙占싱브러占쏙옙 占쏙옙 D:\ub\Engine\Intermediate\Build\Win64\UnrealFrontend\Development\WindowsNoEditorTargetPlatform\UnrealFrontend-WindowsNoEditorTargetPlatform.exp 占쏙옙체占쏙옙 占쏙옙占쏙옙占싹곤옙 占쌍쏙옙占싹댐옙.
    [163/356] UnrealFrontend-MacNoEditorTargetPlatform.lib
       D:\ub\Engine\Intermediate\Build\Win64\UnrealFrontend\Development\MacNoEditorTargetPlatform\UnrealFrontend-MacNoEditorTargetPlatform.lib 占쏙옙占싱브러占쏙옙 占쏙옙 D:\ub\Engine\Intermediate\Build\Win64\UnrealFrontend\Development\MacNoEditorTargetPlatform\UnrealFrontend-MacNoEditorTargetPlatform.exp 占쏙옙체占쏙옙 占쏙옙占쏙옙占싹곤옙 占쌍쏙옙占싹댐옙.
    [164/356] UnrealFrontend-TextureFormatASTC.lib
       D:\ub\Engine\Intermediate\Build\Win64\UnrealFrontend\Development\TextureFormatASTC\UnrealFrontend-TextureFormatASTC.lib 占쏙옙占싱브러占쏙옙 占쏙옙 D:\ub\Engine\Intermediate\Build\Win64\UnrealFrontend\Development\TextureFormatASTC\UnrealFrontend-TextureFormatASTC.exp 占쏙옙체占쏙옙 占쏙옙占쏙옙占싹곤옙 占쌍쏙옙占싹댐옙.
    [165/356] UnrealFrontend-TextureFormatDXT.lib
       D:\ub\Engine\Intermediate\Build\Win64\UnrealFrontend\Development\TextureFormatDXT\UnrealFrontend-TextureFormatDXT.lib 占쏙옙占싱브러占쏙옙 占쏙옙 D:\ub\Engine\Intermediate\Build\Win64\UnrealFrontend\Development\TextureFormatDXT\UnrealFrontend-TextureFormatDXT.exp 占쏙옙체占쏙옙 占쏙옙占쏙옙占싹곤옙 占쌍쏙옙占싹댐옙.
    [166/356] UnrealFrontend-TVOSTargetPlatform.lib
       D:\ub\Engine\Intermediate\Build\Win64\UnrealFrontend\Development\IOS\TVOSTargetPlatform\UnrealFrontend-TVOSTargetPlatform.lib 占쏙옙占싱브러占쏙옙 占쏙옙 D:\ub\Engine\Intermediate\Build\Win64\UnrealFrontend\Development\IOS\TVOSTargetPlatform\UnrealFrontend-TVOSTargetPlatform.exp 占쏙옙체占쏙옙 占쏙옙占쏙옙占싹곤옙 占쌍쏙옙占싹댐옙.
    [167/356] UnrealFrontend-MacServerTargetPlatform.lib
       D:\ub\Engine\Intermediate\Build\Win64\UnrealFrontend\Development\MacServerTargetPlatform\UnrealFrontend-MacServerTargetPlatform.lib 占쏙옙占싱브러占쏙옙 占쏙옙 D:\ub\Engine\Intermediate\Build\Win64\UnrealFrontend\Development\MacServerTargetPlatform\UnrealFrontend-MacServerTargetPlatform.exp 占쏙옙체占쏙옙 占쏙옙占쏙옙占싹곤옙 占쌍쏙옙占싹댐옙.
    [168/356] Module.ShaderFormatOpenGL.cpp
    [169/356] UnrealFrontend-AllDesktopTargetPlatform.lib
       D:\ub\Engine\Intermediate\Build\Win64\UnrealFrontend\Development\AllDesktopTargetPlatform\UnrealFrontend-AllDesktopTargetPlatform.lib 占쏙옙占싱브러占쏙옙 占쏙옙 D:\ub\Engine\Intermediate\Build\Win64\UnrealFrontend\Development\AllDesktopTargetPlatform\UnrealFrontend-AllDesktopTargetPlatform.exp 占쏙옙체占쏙옙 占쏙옙占쏙옙占싹곤옙 占쌍쏙옙占싹댐옙.
    [170/356] UnrealFrontend-ShaderFormatOpenGL.lib
       D:\ub\Engine\Intermediate\Build\Win64\UnrealFrontend\Development\ShaderFormatOpenGL\UnrealFrontend-ShaderFormatOpenGL.lib 占쏙옙占싱브러占쏙옙 占쏙옙 D:\ub\Engine\Intermediate\Build\Win64\UnrealFrontend\Development\ShaderFormatOpenGL\UnrealFrontend-ShaderFormatOpenGL.exp 占쏙옙체占쏙옙 占쏙옙占쏙옙占싹곤옙 占쌍쏙옙占싹댐옙.
    [171/356] UnrealFrontend-WindowsServerTargetPlatform.lib
       D:\ub\Engine\Intermediate\Build\Win64\UnrealFrontend\Development\WindowsServerTargetPlatform\UnrealFrontend-WindowsServerTargetPlatform.lib 占쏙옙占싱브러占쏙옙 占쏙옙 D:\ub\Engine\Intermediate\Build\Win64\UnrealFrontend\Development\WindowsServerTargetPlatform\UnrealFrontend-WindowsServerTargetPlatform.exp 占쏙옙체占쏙옙 占쏙옙占쏙옙占싹곤옙 占쌍쏙옙占싹댐옙.
    [172/356] UnrealFrontend-TextureFormatPVR.lib
       D:\ub\Engine\Intermediate\Build\Win64\UnrealFrontend\Development\TextureFormatPVR\UnrealFrontend-TextureFormatPVR.lib 占쏙옙占싱브러占쏙옙 占쏙옙 D:\ub\Engine\Intermediate\Build\Win64\UnrealFrontend\Development\TextureFormatPVR\UnrealFrontend-TextureFormatPVR.exp 占쏙옙체占쏙옙 占쏙옙占쏙옙占싹곤옙 占쌍쏙옙占싹댐옙.
    [173/356] UnrealFrontend-MacClientTargetPlatform.lib
       D:\ub\Engine\Intermediate\Build\Win64\UnrealFrontend\Development\MacClientTargetPlatform\UnrealFrontend-MacClientTargetPlatform.lib 占쏙옙占싱브러占쏙옙 占쏙옙 D:\ub\Engine\Intermediate\Build\Win64\UnrealFrontend\Development\MacClientTargetPlatform\UnrealFrontend-MacClientTargetPlatform.exp 占쏙옙체占쏙옙 占쏙옙占쏙옙占싹곤옙 占쌍쏙옙占싹댐옙.
    [174/356] UnrealFrontend-ShaderFormatVectorVM.lib
       D:\ub\Engine\Intermediate\Build\Win64\UnrealFrontend\Development\ShaderFormatVectorVM\UnrealFrontend-ShaderFormatVectorVM.lib 占쏙옙占싱브러占쏙옙 占쏙옙 D:\ub\Engine\Intermediate\Build\Win64\UnrealFrontend\Development\ShaderFormatVectorVM\UnrealFrontend-ShaderFormatVectorVM.exp 占쏙옙체占쏙옙 占쏙옙占쏙옙占싹곤옙 占쌍쏙옙占싹댐옙.
    [175/356] UnrealFrontend-TextureFormatETC2.lib
       D:\ub\Engine\Intermediate\Build\Win64\UnrealFrontend\Development\TextureFormatETC2\UnrealFrontend-TextureFormatETC2.lib 占쏙옙占싱브러占쏙옙 占쏙옙 D:\ub\Engine\Intermediate\Build\Win64\UnrealFrontend\Development\TextureFormatETC2\UnrealFrontend-TextureFormatETC2.exp 占쏙옙체占쏙옙 占쏙옙占쏙옙占싹곤옙 占쌍쏙옙占싹댐옙.
    [176/356] UnrealFrontend-WindowsClientTargetPlatform.lib
       D:\ub\Engine\Intermediate\Build\Win64\UnrealFrontend\Development\WindowsClientTargetPlatform\UnrealFrontend-WindowsClientTargetPlatform.lib 占쏙옙占싱브러占쏙옙 占쏙옙 D:\ub\Engine\Intermediate\Build\Win64\UnrealFrontend\Development\WindowsClientTargetPlatform\UnrealFrontend-WindowsClientTargetPlatform.exp 占쏙옙체占쏙옙 占쏙옙占쏙옙占싹곤옙 占쌍쏙옙占싹댐옙.
    [177/356] UnrealFrontend-AndroidTargetPlatform.lib
       D:\ub\Engine\Intermediate\Build\Win64\UnrealFrontend\Development\Android\AndroidTargetPlatform\UnrealFrontend-AndroidTargetPlatform.lib 占쏙옙占싱브러占쏙옙 占쏙옙 D:\ub\Engine\Intermediate\Build\Win64\UnrealFrontend\Development\Android\AndroidTargetPlatform\UnrealFrontend-AndroidTargetPlatform.exp 占쏙옙체占쏙옙 占쏙옙占쏙옙占싹곤옙 占쌍쏙옙占싹댐옙.
    [178/356] UnrealFrontend-TextureFormatUncompressed.lib
       D:\ub\Engine\Intermediate\Build\Win64\UnrealFrontend\Development\TextureFormatUncompressed\UnrealFrontend-TextureFormatUncompressed.lib 占쏙옙占싱브러占쏙옙 占쏙옙 D:\ub\Engine\Intermediate\Build\Win64\UnrealFrontend\Development\TextureFormatUncompressed\UnrealFrontend-TextureFormatUncompressed.exp 占쏙옙체占쏙옙 占쏙옙占쏙옙占싹곤옙 占쌍쏙옙占싹댐옙.
    [179/356] UnrealFrontend.lib
       D:\ub\Engine\Intermediate\Build\Win64\UnrealFrontend\Development\UnrealFrontend.lib 占쏙옙占싱브러占쏙옙 占쏙옙 D:\ub\Engine\Intermediate\Build\Win64\UnrealFrontend\Development\UnrealFrontend.exp 占쏙옙체占쏙옙 占쏙옙占쏙옙占싹곤옙 占쌍쏙옙占싹댐옙.
    [180/356] Module.VulkanShaderFormat.cpp
    [181/356] UnrealFrontend-VulkanShaderFormat.lib
       D:\ub\Engine\Intermediate\Build\Win64\UnrealFrontend\Development\VulkanShaderFormat\UnrealFrontend-VulkanShaderFormat.lib 占쏙옙占싱브러占쏙옙 占쏙옙 D:\ub\Engine\Intermediate\Build\Win64\UnrealFrontend\Development\VulkanShaderFormat\UnrealFrontend-VulkanShaderFormat.exp 占쏙옙체占쏙옙 占쏙옙占쏙옙占싹곤옙 占쌍쏙옙占싹댐옙.
    [182/356] Module.CoreUObject.9_of_9.cpp
    [183/356] Module.DerivedDataCache.cpp
    [184/356] UnrealFrontend-DerivedDataCache.lib
       D:\ub\Engine\Intermediate\Build\Win64\UnrealFrontend\Development\DerivedDataCache\UnrealFrontend-DerivedDataCache.lib 占쏙옙占싱브러占쏙옙 占쏙옙 D:\ub\Engine\Intermediate\Build\Win64\UnrealFrontend\Development\DerivedDataCache\UnrealFrontend-DerivedDataCache.exp 占쏙옙체占쏙옙 占쏙옙占쏙옙占싹곤옙 占쌍쏙옙占싹댐옙.
    [185/356] Module.MetalShaderFormat.cpp
    [186/356] UnrealFrontend-Json.lib
       D:\ub\Engine\Intermediate\Build\Win64\UnrealFrontend\Development\Json\UnrealFrontend-Json.lib 占쏙옙占싱브러占쏙옙 占쏙옙 D:\ub\Engine\Intermediate\Build\Win64\UnrealFrontend\Development\Json\UnrealFrontend-Json.exp 占쏙옙체占쏙옙 占쏙옙占쏙옙占싹곤옙 占쌍쏙옙占싹댐옙.
    [187/356] UnrealFrontend-MetalShaderFormat.lib
       D:\ub\Engine\Intermediate\Build\Win64\UnrealFrontend\Development\MetalShaderFormat\UnrealFrontend-MetalShaderFormat.lib 占쏙옙占싱브러占쏙옙 占쏙옙 D:\ub\Engine\Intermediate\Build\Win64\UnrealFrontend\Development\MetalShaderFormat\UnrealFrontend-MetalShaderFormat.exp 占쏙옙체占쏙옙 占쏙옙占쏙옙占싹곤옙 占쌍쏙옙占싹댐옙.
    [188/356] Module.TargetPlatform.cpp
    [189/356] UnrealFrontend-ApplicationCore.lib
       D:\ub\Engine\Intermediate\Build\Win64\UnrealFrontend\Development\ApplicationCore\UnrealFrontend-ApplicationCore.lib 占쏙옙占싱브러占쏙옙 占쏙옙 D:\ub\Engine\Intermediate\Build\Win64\UnrealFrontend\Development\ApplicationCore\UnrealFrontend-ApplicationCore.exp 占쏙옙체占쏙옙 占쏙옙占쏙옙占싹곤옙 占쌍쏙옙占싹댐옙.
    [190/356] UnrealFrontend-Projects.lib
       D:\ub\Engine\Intermediate\Build\Win64\UnrealFrontend\Development\Projects\UnrealFrontend-Projects.lib 占쏙옙占싱브러占쏙옙 占쏙옙 D:\ub\Engine\Intermediate\Build\Win64\UnrealFrontend\Development\Projects\UnrealFrontend-Projects.exp 占쏙옙체占쏙옙 占쏙옙占쏙옙占싹곤옙 占쌍쏙옙占싹댐옙.
    [191/356] UnrealFrontend-TargetPlatform.lib
       D:\ub\Engine\Intermediate\Build\Win64\UnrealFrontend\Development\TargetPlatform\UnrealFrontend-TargetPlatform.lib 占쏙옙占싱브러占쏙옙 占쏙옙 D:\ub\Engine\Intermediate\Build\Win64\UnrealFrontend\Development\TargetPlatform\UnrealFrontend-TargetPlatform.exp 占쏙옙체占쏙옙 占쏙옙占쏙옙占싹곤옙 占쌍쏙옙占싹댐옙.
    [192/356] UnrealFrontend-ImageCore.lib
       D:\ub\Engine\Intermediate\Build\Win64\UnrealFrontend\Development\ImageCore\UnrealFrontend-ImageCore.lib 占쏙옙占싱브러占쏙옙 占쏙옙 D:\ub\Engine\Intermediate\Build\Win64\UnrealFrontend\Development\ImageCore\UnrealFrontend-ImageCore.exp 占쏙옙체占쏙옙 占쏙옙占쏙옙占싹곤옙 占쌍쏙옙占싹댐옙.
    [193/356] UnrealFrontend-TraceLog.lib
       D:\ub\Engine\Intermediate\Build\Win64\UnrealFrontend\Development\TraceLog\UnrealFrontend-TraceLog.lib 占쏙옙占싱브러占쏙옙 占쏙옙 D:\ub\Engine\Intermediate\Build\Win64\UnrealFrontend\Development\TraceLog\UnrealFrontend-TraceLog.exp 占쏙옙체占쏙옙 占쏙옙占쏙옙占싹곤옙 占쌍쏙옙占싹댐옙.
    [194/356] UnrealFrontend-Sockets.lib
       D:\ub\Engine\Intermediate\Build\Win64\UnrealFrontend\Development\Sockets\UnrealFrontend-Sockets.lib 占쏙옙占싱브러占쏙옙 占쏙옙 D:\ub\Engine\Intermediate\Build\Win64\UnrealFrontend\Development\Sockets\UnrealFrontend-Sockets.exp 占쏙옙체占쏙옙 占쏙옙占쏙옙占싹곤옙 占쌍쏙옙占싹댐옙.
    [195/356] UnrealFrontend-ShaderCompilerCommon.lib
       D:\ub\Engine\Intermediate\Build\Win64\UnrealFrontend\Development\ShaderCompilerCommon\UnrealFrontend-ShaderCompilerCommon.lib 占쏙옙占싱브러占쏙옙 占쏙옙 D:\ub\Engine\Intermediate\Build\Win64\UnrealFrontend\Development\ShaderCompilerCommon\UnrealFrontend-ShaderCompilerCommon.exp 占쏙옙체占쏙옙 占쏙옙占쏙옙占싹곤옙 占쌍쏙옙占싹댐옙.
    [196/356] UnrealFrontend-Networking.lib
       D:\ub\Engine\Intermediate\Build\Win64\UnrealFrontend\Development\Networking\UnrealFrontend-Networking.lib 占쏙옙占싱브러占쏙옙 占쏙옙 D:\ub\Engine\Intermediate\Build\Win64\UnrealFrontend\Development\Networking\UnrealFrontend-Networking.exp 占쏙옙체占쏙옙 占쏙옙占쏙옙占싹곤옙 占쌍쏙옙占싹댐옙.
    [197/356] UnrealFrontend-ShaderPreprocessor.lib
       D:\ub\Engine\Intermediate\Build\Win64\UnrealFrontend\Development\ShaderPreprocessor\UnrealFrontend-ShaderPreprocessor.lib 占쏙옙占싱브러占쏙옙 占쏙옙 D:\ub\Engine\Intermediate\Build\Win64\UnrealFrontend\Development\ShaderPreprocessor\UnrealFrontend-ShaderPreprocessor.exp 占쏙옙체占쏙옙 占쏙옙占쏙옙占싹곤옙 占쌍쏙옙占싹댐옙.
    [198/356] UnrealFrontend-RHI.lib
       D:\ub\Engine\Intermediate\Build\Win64\UnrealFrontend\Development\RHI\UnrealFrontend-RHI.lib 占쏙옙占싱브러占쏙옙 占쏙옙 D:\ub\Engine\Intermediate\Build\Win64\UnrealFrontend\Development\RHI\UnrealFrontend-RHI.exp 占쏙옙체占쏙옙 占쏙옙占쏙옙占싹곤옙 占쌍쏙옙占싹댐옙.
    [199/356] dte80a.tlh
    [200/356] UnrealFrontend-MessageLog.lib
       D:\ub\Engine\Intermediate\Build\Win64\UnrealFrontend\Development\MessageLog\UnrealFrontend-MessageLog.lib 占쏙옙占싱브러占쏙옙 占쏙옙 D:\ub\Engine\Intermediate\Build\Win64\UnrealFrontend\Development\MessageLog\UnrealFrontend-MessageLog.exp 占쏙옙체占쏙옙 占쏙옙占쏙옙占싹곤옙 占쌍쏙옙占싹댐옙.
    [201/356] UnrealFrontend-WorkspaceMenuStructure.lib
       D:\ub\Engine\Intermediate\Build\Win64\UnrealFrontend\Development\WorkspaceMenuStructure\UnrealFrontend-WorkspaceMenuStructure.lib 占쏙옙占싱브러占쏙옙 占쏙옙 D:\ub\Engine\Intermediate\Build\Win64\UnrealFrontend\Development\WorkspaceMenuStructure\UnrealFrontend-WorkspaceMenuStructure.exp 占쏙옙체占쏙옙 占쏙옙占쏙옙占싹곤옙 占쌍쏙옙占싹댐옙.
    [202/356] Module.DesktopPlatform.cpp
    [203/356] UnrealFrontend-Cbor.lib
       D:\ub\Engine\Intermediate\Build\Win64\UnrealFrontend\Development\Cbor\UnrealFrontend-Cbor.lib 占쏙옙占싱브러占쏙옙 占쏙옙 D:\ub\Engine\Intermediate\Build\Win64\UnrealFrontend\Development\Cbor\UnrealFrontend-Cbor.exp 占쏙옙체占쏙옙 占쏙옙占쏙옙占싹곤옙 占쌍쏙옙占싹댐옙.
    [204/356] UnrealFrontend-Messaging.lib
       D:\ub\Engine\Intermediate\Build\Win64\UnrealFrontend\Development\Messaging\UnrealFrontend-Messaging.lib 占쏙옙占싱브러占쏙옙 占쏙옙 D:\ub\Engine\Intermediate\Build\Win64\UnrealFrontend\Development\Messaging\UnrealFrontend-Messaging.exp 占쏙옙체占쏙옙 占쏙옙占쏙옙占싹곤옙 占쌍쏙옙占싹댐옙.
    [205/356] UnrealFrontend-DesktopPlatform.lib
       D:\ub\Engine\Intermediate\Build\Win64\UnrealFrontend\Development\DesktopPlatform\UnrealFrontend-DesktopPlatform.lib 占쏙옙占싱브러占쏙옙 占쏙옙 D:\ub\Engine\Intermediate\Build\Win64\UnrealFrontend\Development\DesktopPlatform\UnrealFrontend-DesktopPlatform.exp 占쏙옙체占쏙옙 占쏙옙占쏙옙占싹곤옙 占쌍쏙옙占싹댐옙.
    [206/356] UnrealFrontend-SSL.lib
       D:\ub\Engine\Intermediate\Build\Win64\UnrealFrontend\Development\SSL\UnrealFrontend-SSL.lib 占쏙옙占싱브러占쏙옙 占쏙옙 D:\ub\Engine\Intermediate\Build\Win64\UnrealFrontend\Development\SSL\UnrealFrontend-SSL.exp 占쏙옙체占쏙옙 占쏙옙占쏙옙占싹곤옙 占쌍쏙옙占싹댐옙.
    [207/356] UnrealFrontend-ProfilerClient.lib
       D:\ub\Engine\Intermediate\Build\Win64\UnrealFrontend\Development\ProfilerClient\UnrealFrontend-ProfilerClient.lib 占쏙옙占싱브러占쏙옙 占쏙옙 D:\ub\Engine\Intermediate\Build\Win64\UnrealFrontend\Development\ProfilerClient\UnrealFrontend-ProfilerClient.exp 占쏙옙체占쏙옙 占쏙옙占쏙옙占싹곤옙 占쌍쏙옙占싹댐옙.
    [208/356] UnrealFrontend-Profiler.lib
       D:\ub\Engine\Intermediate\Build\Win64\UnrealFrontend\Development\Profiler\UnrealFrontend-Profiler.lib 占쏙옙占싱브러占쏙옙 占쏙옙 D:\ub\Engine\Intermediate\Build\Win64\UnrealFrontend\Development\Profiler\UnrealFrontend-Profiler.exp 占쏙옙체占쏙옙 占쏙옙占쏙옙占싹곤옙 占쌍쏙옙占싹댐옙.
    [209/356] UnrealFrontend-SessionServices.lib
       D:\ub\Engine\Intermediate\Build\Win64\UnrealFrontend\Development\SessionServices\UnrealFrontend-SessionServices.lib 占쏙옙占싱브러占쏙옙 占쏙옙 D:\ub\Engine\Intermediate\Build\Win64\UnrealFrontend\Development\SessionServices\UnrealFrontend-SessionServices.exp 占쏙옙체占쏙옙 占쏙옙占쏙옙占싹곤옙 占쌍쏙옙占싹댐옙.
    [210/356] UnrealFrontend-ScreenShotComparison.lib
       D:\ub\Engine\Intermediate\Build\Win64\UnrealFrontend\Development\ScreenShotComparison\UnrealFrontend-ScreenShotComparison.lib 占쏙옙占싱브러占쏙옙 占쏙옙 D:\ub\Engine\Intermediate\Build\Win64\UnrealFrontend\Development\ScreenShotComparison\UnrealFrontend-ScreenShotComparison.exp 占쏙옙체占쏙옙 占쏙옙占쏙옙占싹곤옙 占쌍쏙옙占싹댐옙.
    [211/356] UnrealFrontend-StandaloneRenderer.lib
       D:\ub\Engine\Intermediate\Build\Win64\UnrealFrontend\Development\StandaloneRenderer\UnrealFrontend-StandaloneRenderer.lib 占쏙옙占싱브러占쏙옙 占쏙옙 D:\ub\Engine\Intermediate\Build\Win64\UnrealFrontend\Development\StandaloneRenderer\UnrealFrontend-StandaloneRenderer.exp 占쏙옙체占쏙옙 占쏙옙占쏙옙占싹곤옙 占쌍쏙옙占싹댐옙.
    [212/356] UnrealFrontend-AndroidDeviceDetection.lib
       D:\ub\Engine\Intermediate\Build\Win64\UnrealFrontend\Development\Android\AndroidDeviceDetection\UnrealFrontend-AndroidDeviceDetection.lib 占쏙옙占싱브러占쏙옙 占쏙옙 D:\ub\Engine\Intermediate\Build\Win64\UnrealFrontend\Development\Android\AndroidDeviceDetection\UnrealFrontend-AndroidDeviceDetection.exp 占쏙옙체占쏙옙 占쏙옙占쏙옙占싹곤옙 占쌍쏙옙占싹댐옙.
    [213/356] UnrealFrontend-TextureFormatIntelISPCTexComp.lib
       D:\ub\Engine\Intermediate\Build\Win64\UnrealFrontend\Development\TextureFormatIntelISPCTexComp\UnrealFrontend-TextureFormatIntelISPCTexComp.lib 占쏙옙占싱브러占쏙옙 占쏙옙 D:\ub\Engine\Intermediate\Build\Win64\UnrealFrontend\Development\TextureFormatIntelISPCTexComp\UnrealFrontend-TextureFormatIntelISPCTexComp.exp 占쏙옙체占쏙옙 占쏙옙占쏙옙占싹곤옙 占쌍쏙옙占싹댐옙.
    [214/356] Module.VisualStudioSourceCodeAccess.cpp
    [215/356] UnrealFrontend-LauncherServices.lib
       D:\ub\Engine\Intermediate\Build\Win64\UnrealFrontend\Development\LauncherServices\UnrealFrontend-LauncherServices.lib 占쏙옙占싱브러占쏙옙 占쏙옙 D:\ub\Engine\Intermediate\Build\Win64\UnrealFrontend\Development\LauncherServices\UnrealFrontend-LauncherServices.exp 占쏙옙체占쏙옙 占쏙옙占쏙옙占싹곤옙 占쌍쏙옙占싹댐옙.
    [216/356] UnrealFrontend-UELibSampleRate.lib
       D:\ub\Engine\Intermediate\Build\Win64\UnrealFrontend\Development\UELibSampleRate\UnrealFrontend-UELibSampleRate.lib 占쏙옙占싱브러占쏙옙 占쏙옙 D:\ub\Engine\Intermediate\Build\Win64\UnrealFrontend\Development\UELibSampleRate\UnrealFrontend-UELibSampleRate.exp 占쏙옙체占쏙옙 占쏙옙占쏙옙占싹곤옙 占쌍쏙옙占싹댐옙.
    [217/356] UnrealFrontend-FileUtilities.lib
       D:\ub\Engine\Intermediate\Build\Win64\UnrealFrontend\Development\FileUtilities\UnrealFrontend-FileUtilities.lib 占쏙옙占싱브러占쏙옙 占쏙옙 D:\ub\Engine\Intermediate\Build\Win64\UnrealFrontend\Development\FileUtilities\UnrealFrontend-FileUtilities.exp 占쏙옙체占쏙옙 占쏙옙占쏙옙占싹곤옙 占쌍쏙옙占싹댐옙.
    [218/356] UnrealFrontend-Settings.lib
       D:\ub\Engine\Intermediate\Build\Win64\UnrealFrontend\Development\Settings\UnrealFrontend-Settings.lib 占쏙옙占싱브러占쏙옙 占쏙옙 D:\ub\Engine\Intermediate\Build\Win64\UnrealFrontend\Development\Settings\UnrealFrontend-Settings.exp 占쏙옙체占쏙옙 占쏙옙占쏙옙占싹곤옙 占쌍쏙옙占싹댐옙.
    [219/356] UnrealFrontend-OutputLog.lib
       D:\ub\Engine\Intermediate\Build\Win64\UnrealFrontend\Development\OutputLog\UnrealFrontend-OutputLog.lib 占쏙옙占싱브러占쏙옙 占쏙옙 D:\ub\Engine\Intermediate\Build\Win64\UnrealFrontend\Development\OutputLog\UnrealFrontend-OutputLog.exp 占쏙옙체占쏙옙 占쏙옙占쏙옙占싹곤옙 占쌍쏙옙占싹댐옙.
    [220/356] UnrealFrontend-DesktopWidgets.lib
       D:\ub\Engine\Intermediate\Build\Win64\UnrealFrontend\Development\DesktopWidgets\UnrealFrontend-DesktopWidgets.lib 占쏙옙占싱브러占쏙옙 占쏙옙 D:\ub\Engine\Intermediate\Build\Win64\UnrealFrontend\Development\DesktopWidgets\UnrealFrontend-DesktopWidgets.exp 占쏙옙체占쏙옙 占쏙옙占쏙옙占싹곤옙 占쌍쏙옙占싹댐옙.
    [221/356] UnrealFrontend-HTTP.lib
       D:\ub\Engine\Intermediate\Build\Win64\UnrealFrontend\Development\HTTP\UnrealFrontend-HTTP.lib 占쏙옙占싱브러占쏙옙 占쏙옙 D:\ub\Engine\Intermediate\Build\Win64\UnrealFrontend\Development\HTTP\UnrealFrontend-HTTP.exp 占쏙옙체占쏙옙 占쏙옙占쏙옙占싹곤옙 占쌍쏙옙占싹댐옙.
    [222/356] UnrealFrontend-GeForceNOWWrapper.lib
       D:\ub\Engine\Intermediate\Build\Win64\UnrealFrontend\Development\GeForceNOWWrapper\UnrealFrontend-GeForceNOWWrapper.lib 占쏙옙占싱브러占쏙옙 占쏙옙 D:\ub\Engine\Intermediate\Build\Win64\UnrealFrontend\Development\GeForceNOWWrapper\UnrealFrontend-GeForceNOWWrapper.exp 占쏙옙체占쏙옙 占쏙옙占쏙옙占싹곤옙 占쌍쏙옙占싹댐옙.
    [223/356] UnrealFrontend-IOSTargetPlatform.lib
       D:\ub\Engine\Intermediate\Build\Win64\UnrealFrontend\Development\IOS\IOSTargetPlatform\UnrealFrontend-IOSTargetPlatform.lib 占쏙옙占싱브러占쏙옙 占쏙옙 D:\ub\Engine\Intermediate\Build\Win64\UnrealFrontend\Development\IOS\IOSTargetPlatform\UnrealFrontend-IOSTargetPlatform.exp 占쏙옙체占쏙옙 占쏙옙占쏙옙占싹곤옙 占쌍쏙옙占싹댐옙.
    [224/356] UnrealFrontend-NetCommon.lib
       D:\ub\Engine\Intermediate\Build\Win64\UnrealFrontend\Development\NetCommon\UnrealFrontend-NetCommon.lib 占쏙옙占싱브러占쏙옙 占쏙옙 D:\ub\Engine\Intermediate\Build\Win64\UnrealFrontend\Development\NetCommon\UnrealFrontend-NetCommon.exp 占쏙옙체占쏙옙 占쏙옙占쏙옙占싹곤옙 占쌍쏙옙占싹댐옙.
    [225/356] Module.Core.15_of_15.cpp
    [226/356] UnrealFrontend-SessionFrontend.lib
       D:\ub\Engine\Intermediate\Build\Win64\UnrealFrontend\Development\SessionFrontend\UnrealFrontend-SessionFrontend.lib 占쏙옙占싱브러占쏙옙 占쏙옙 D:\ub\Engine\Intermediate\Build\Win64\UnrealFrontend\Development\SessionFrontend\UnrealFrontend-SessionFrontend.exp 占쏙옙체占쏙옙 占쏙옙占쏙옙占싹곤옙 占쌍쏙옙占싹댐옙.
    [227/356] UnrealFrontend-LauncherPlatform.lib
       D:\ub\Engine\Intermediate\Build\Win64\UnrealFrontend\Development\LauncherPlatform\UnrealFrontend-LauncherPlatform.lib 占쏙옙占싱브러占쏙옙 占쏙옙 D:\ub\Engine\Intermediate\Build\Win64\UnrealFrontend\Development\LauncherPlatform\UnrealFrontend-LauncherPlatform.exp 占쏙옙체占쏙옙 占쏙옙占쏙옙占싹곤옙 占쌍쏙옙占싹댐옙.
    [228/356] UnrealFrontend-VisualStudioSourceCodeAccess.lib
       D:\ub\Engine\Plugins\Developer\VisualStudioSourceCodeAccess\Intermediate\Build\Win64\UnrealFrontend\Development\VisualStudioSourceCodeAccess\UnrealFrontend-VisualStudioSourceCodeAccess.lib 占쏙옙占싱브러占쏙옙 占쏙옙 D:\ub\Engine\Plugins\Developer\VisualStudioSourceCodeAccess\Intermediate\Build\Win64\UnrealFrontend\Development\VisualStudioSourceCodeAccess\UnrealFrontend-VisualStudioSourceCodeAccess.exp 占쏙옙체占쏙옙 占쏙옙占쏙옙占싹곤옙 占쌍쏙옙占싹댐옙.
    [229/356] UnrealFrontend-DeviceManager.lib
       D:\ub\Engine\Intermediate\Build\Win64\UnrealFrontend\Development\DeviceManager\UnrealFrontend-DeviceManager.lib 占쏙옙占싱브러占쏙옙 占쏙옙 D:\ub\Engine\Intermediate\Build\Win64\UnrealFrontend\Development\DeviceManager\UnrealFrontend-DeviceManager.exp 占쏙옙체占쏙옙 占쏙옙占쏙옙占싹곤옙 占쌍쏙옙占싹댐옙.
    [230/356] UnrealFrontend-DirectoryWatcher.lib
       D:\ub\Engine\Intermediate\Build\Win64\UnrealFrontend\Development\DirectoryWatcher\UnrealFrontend-DirectoryWatcher.lib 占쏙옙占싱브러占쏙옙 占쏙옙 D:\ub\Engine\Intermediate\Build\Win64\UnrealFrontend\Development\DirectoryWatcher\UnrealFrontend-DirectoryWatcher.exp 占쏙옙체占쏙옙 占쏙옙占쏙옙占싹곤옙 占쌍쏙옙占싹댐옙.
    [231/356] UnrealFrontend-InputCore.lib
       D:\ub\Engine\Intermediate\Build\Win64\UnrealFrontend\Development\InputCore\UnrealFrontend-InputCore.lib 占쏙옙占싱브러占쏙옙 占쏙옙 D:\ub\Engine\Intermediate\Build\Win64\UnrealFrontend\Development\InputCore\UnrealFrontend-InputCore.exp 占쏙옙체占쏙옙 占쏙옙占쏙옙占싹곤옙 占쌍쏙옙占싹댐옙.
    [232/356] UnrealFrontend-EditorStyle.lib
       D:\ub\Engine\Intermediate\Build\Win64\UnrealFrontend\Development\EditorStyle\UnrealFrontend-EditorStyle.lib 占쏙옙占싱브러占쏙옙 占쏙옙 D:\ub\Engine\Intermediate\Build\Win64\UnrealFrontend\Development\EditorStyle\UnrealFrontend-EditorStyle.exp 占쏙옙체占쏙옙 占쏙옙占쏙옙占싹곤옙 占쌍쏙옙占싹댐옙.
    [233/356] UnrealFrontend-BuildSettings.lib
       D:\ub\Engine\Intermediate\Build\Win64\UnrealFrontend\Development\BuildSettings\UnrealFrontend-BuildSettings.lib 占쏙옙占싱브러占쏙옙 占쏙옙 D:\ub\Engine\Intermediate\Build\Win64\UnrealFrontend\Development\BuildSettings\UnrealFrontend-BuildSettings.exp 占쏙옙체占쏙옙 占쏙옙占쏙옙占싹곤옙 占쌍쏙옙占싹댐옙.
    [234/356] UnrealFrontend-ImageWrapper.lib
       D:\ub\Engine\Intermediate\Build\Win64\UnrealFrontend\Development\ImageWrapper\UnrealFrontend-ImageWrapper.lib 占쏙옙占싱브러占쏙옙 占쏙옙 D:\ub\Engine\Intermediate\Build\Win64\UnrealFrontend\Development\ImageWrapper\UnrealFrontend-ImageWrapper.exp 占쏙옙체占쏙옙 占쏙옙占쏙옙占싹곤옙 占쌍쏙옙占싹댐옙.
    [235/356] UnrealFrontend-JsonUtilities.lib
       D:\ub\Engine\Intermediate\Build\Win64\UnrealFrontend\Development\JsonUtilities\UnrealFrontend-JsonUtilities.lib 占쏙옙占싱브러占쏙옙 占쏙옙 D:\ub\Engine\Intermediate\Build\Win64\UnrealFrontend\Development\JsonUtilities\UnrealFrontend-JsonUtilities.exp 占쏙옙체占쏙옙 占쏙옙占쏙옙占싹곤옙 占쌍쏙옙占싹댐옙.
    [236/356] Module.SlateCore.gen.cpp
    [237/356] UnrealFrontend-AudioPlatformConfiguration.lib
       D:\ub\Engine\Intermediate\Build\Win64\UnrealFrontend\Development\AudioPlatformConfiguration\UnrealFrontend-AudioPlatformConfiguration.lib 占쏙옙占싱브러占쏙옙 占쏙옙 D:\ub\Engine\Intermediate\Build\Win64\UnrealFrontend\Development\AudioPlatformConfiguration\UnrealFrontend-AudioPlatformConfiguration.exp 占쏙옙체占쏙옙 占쏙옙占쏙옙占싹곤옙 占쌍쏙옙占싹댐옙.
    [238/356] UnrealFrontend-AutomationController.lib
       D:\ub\Engine\Intermediate\Build\Win64\UnrealFrontend\Development\AutomationController\UnrealFrontend-AutomationController.lib 占쏙옙占싱브러占쏙옙 占쏙옙 D:\ub\Engine\Intermediate\Build\Win64\UnrealFrontend\Development\AutomationController\UnrealFrontend-AutomationController.exp 占쏙옙체占쏙옙 占쏙옙占쏙옙占싹곤옙 占쌍쏙옙占싹댐옙.
    [239/356] UnrealFrontend-ScreenShotComparisonTools.lib
       D:\ub\Engine\Intermediate\Build\Win64\UnrealFrontend\Development\ScreenShotComparisonTools\UnrealFrontend-ScreenShotComparisonTools.lib 占쏙옙占싱브러占쏙옙 占쏙옙 D:\ub\Engine\Intermediate\Build\Win64\UnrealFrontend\Development\ScreenShotComparisonTools\UnrealFrontend-ScreenShotComparisonTools.exp 占쏙옙체占쏙옙 占쏙옙占쏙옙占싹곤옙 占쌍쏙옙占싹댐옙.
    [240/356] UnrealFrontend-SourceCodeAccess.lib
       D:\ub\Engine\Intermediate\Build\Win64\UnrealFrontend\Development\SourceCodeAccess\UnrealFrontend-SourceCodeAccess.lib 占쏙옙占싱브러占쏙옙 占쏙옙 D:\ub\Engine\Intermediate\Build\Win64\UnrealFrontend\Development\SourceCodeAccess\UnrealFrontend-SourceCodeAccess.exp 占쏙옙체占쏙옙 占쏙옙占쏙옙占싹곤옙 占쌍쏙옙占싹댐옙.
    [241/356] UnrealFrontend-Serialization.lib
       D:\ub\Engine\Intermediate\Build\Win64\UnrealFrontend\Development\Serialization\UnrealFrontend-Serialization.lib 占쏙옙占싱브러占쏙옙 占쏙옙 D:\ub\Engine\Intermediate\Build\Win64\UnrealFrontend\Development\Serialization\UnrealFrontend-Serialization.exp 占쏙옙체占쏙옙 占쏙옙占쏙옙占싹곤옙 占쌍쏙옙占싹댐옙.
    [242/356] UnrealFrontend-VectorVM.lib
       D:\ub\Engine\Intermediate\Build\Win64\UnrealFrontend\Development\VectorVM\UnrealFrontend-VectorVM.lib 占쏙옙占싱브러占쏙옙 占쏙옙 D:\ub\Engine\Intermediate\Build\Win64\UnrealFrontend\Development\VectorVM\UnrealFrontend-VectorVM.exp 占쏙옙체占쏙옙 占쏙옙占쏙옙占싹곤옙 占쌍쏙옙占싹댐옙.
    [243/356] UnrealFrontend-AssetRegistry.lib
       D:\ub\Engine\Intermediate\Build\Win64\UnrealFrontend\Development\AssetRegistry\UnrealFrontend-AssetRegistry.lib 占쏙옙占싱브러占쏙옙 占쏙옙 D:\ub\Engine\Intermediate\Build\Win64\UnrealFrontend\Development\AssetRegistry\UnrealFrontend-AssetRegistry.exp 占쏙옙체占쏙옙 占쏙옙占쏙옙占싹곤옙 占쌍쏙옙占싹댐옙.
    [244/356] UnrealFrontend-TcpMessaging.lib
       D:\ub\Engine\Plugins\Messaging\TcpMessaging\Intermediate\Build\Win64\UnrealFrontend\Development\TcpMessaging\UnrealFrontend-TcpMessaging.lib 占쏙옙占싱브러占쏙옙 占쏙옙 D:\ub\Engine\Plugins\Messaging\TcpMessaging\Intermediate\Build\Win64\UnrealFrontend\Development\TcpMessaging\UnrealFrontend-TcpMessaging.exp 占쏙옙체占쏙옙 占쏙옙占쏙옙占싹곤옙 占쌍쏙옙占싹댐옙.
    [245/356] UnrealFrontend-UdpMessaging.lib
       D:\ub\Engine\Plugins\Messaging\UdpMessaging\Intermediate\Build\Win64\UnrealFrontend\Development\UdpMessaging\UnrealFrontend-UdpMessaging.lib 占쏙옙占싱브러占쏙옙 占쏙옙 D:\ub\Engine\Plugins\Messaging\UdpMessaging\Intermediate\Build\Win64\UnrealFrontend\Development\UdpMessaging\UnrealFrontend-UdpMessaging.exp 占쏙옙체占쏙옙 占쏙옙占쏙옙占싹곤옙 占쌍쏙옙占싹댐옙.
    [246/356] UnrealFrontend-SourceControl.lib
       D:\ub\Engine\Intermediate\Build\Win64\UnrealFrontend\Development\SourceControl\UnrealFrontend-SourceControl.lib 占쏙옙占싱브러占쏙옙 占쏙옙 D:\ub\Engine\Intermediate\Build\Win64\UnrealFrontend\Development\SourceControl\UnrealFrontend-SourceControl.exp 占쏙옙체占쏙옙 占쏙옙占쏙옙占싹곤옙 占쌍쏙옙占싹댐옙.
    [247/356] UnrealFrontend-TargetDeviceServices.lib
       D:\ub\Engine\Intermediate\Build\Win64\UnrealFrontend\Development\TargetDeviceServices\UnrealFrontend-TargetDeviceServices.lib 占쏙옙占싱브러占쏙옙 占쏙옙 D:\ub\Engine\Intermediate\Build\Win64\UnrealFrontend\Development\TargetDeviceServices\UnrealFrontend-TargetDeviceServices.exp 占쏙옙체占쏙옙 占쏙옙占쏙옙占싹곤옙 占쌍쏙옙占싹댐옙.
    [248/356] UnrealFrontend-AutomationWindow.lib
       D:\ub\Engine\Intermediate\Build\Win64\UnrealFrontend\Development\AutomationWindow\UnrealFrontend-AutomationWindow.lib 占쏙옙占싱브러占쏙옙 占쏙옙 D:\ub\Engine\Intermediate\Build\Win64\UnrealFrontend\Development\AutomationWindow\UnrealFrontend-AutomationWindow.exp 占쏙옙체占쏙옙 占쏙옙占쏙옙占싹곤옙 占쌍쏙옙占싹댐옙.
    [249/356] UnrealFrontend-RenderCore.lib
       D:\ub\Engine\Intermediate\Build\Win64\UnrealFrontend\Development\RenderCore\UnrealFrontend-RenderCore.lib 占쏙옙占싱브러占쏙옙 占쏙옙 D:\ub\Engine\Intermediate\Build\Win64\UnrealFrontend\Development\RenderCore\UnrealFrontend-RenderCore.exp 占쏙옙체占쏙옙 占쏙옙占쏙옙占싹곤옙 占쌍쏙옙占싹댐옙.
    [250/356] UnrealFrontend-AutomationMessages.lib
       D:\ub\Engine\Intermediate\Build\Win64\UnrealFrontend\Development\AutomationMessages\UnrealFrontend-AutomationMessages.lib 占쏙옙占싱브러占쏙옙 占쏙옙 D:\ub\Engine\Intermediate\Build\Win64\UnrealFrontend\Development\AutomationMessages\UnrealFrontend-AutomationMessages.exp 占쏙옙체占쏙옙 占쏙옙占쏙옙占싹곤옙 占쌍쏙옙占싹댐옙.
    [251/356] UnrealFrontend-EngineMessages.lib
       D:\ub\Engine\Intermediate\Build\Win64\UnrealFrontend\Development\EngineMessages\UnrealFrontend-EngineMessages.lib 占쏙옙占싱브러占쏙옙 占쏙옙 D:\ub\Engine\Intermediate\Build\Win64\UnrealFrontend\Development\EngineMessages\UnrealFrontend-EngineMessages.exp 占쏙옙체占쏙옙 占쏙옙占쏙옙占싹곤옙 占쌍쏙옙占싹댐옙.
    [252/356] UnrealFrontend-SessionMessages.lib
       D:\ub\Engine\Intermediate\Build\Win64\UnrealFrontend\Development\SessionMessages\UnrealFrontend-SessionMessages.lib 占쏙옙占싱브러占쏙옙 占쏙옙 D:\ub\Engine\Intermediate\Build\Win64\UnrealFrontend\Development\SessionMessages\UnrealFrontend-SessionMessages.exp 占쏙옙체占쏙옙 占쏙옙占쏙옙占싹곤옙 占쌍쏙옙占싹댐옙.
    [253/356] UnrealFrontend-PIEPreviewDeviceSpecification.lib
       D:\ub\Engine\Intermediate\Build\Win64\UnrealFrontend\Development\PIEPreviewDeviceSpecification\UnrealFrontend-PIEPreviewDeviceSpecification.lib 占쏙옙占싱브러占쏙옙 占쏙옙 D:\ub\Engine\Intermediate\Build\Win64\UnrealFrontend\Development\PIEPreviewDeviceSpecification\UnrealFrontend-PIEPreviewDeviceSpecification.exp 占쏙옙체占쏙옙 占쏙옙占쏙옙占싹곤옙 占쌍쏙옙占싹댐옙.
    [254/356] UnrealFrontend-LaunchDaemonMessages.lib
       D:\ub\Engine\Intermediate\Build\Win64\UnrealFrontend\Development\LaunchDaemonMessages\UnrealFrontend-LaunchDaemonMessages.lib 占쏙옙占싱브러占쏙옙 占쏙옙 D:\ub\Engine\Intermediate\Build\Win64\UnrealFrontend\Development\LaunchDaemonMessages\UnrealFrontend-LaunchDaemonMessages.exp 占쏙옙체占쏙옙 占쏙옙占쏙옙占싹곤옙 占쌍쏙옙占싹댐옙.
    [255/356] UnrealFrontend-UnrealEdMessages.lib
       D:\ub\Engine\Intermediate\Build\Win64\UnrealFrontend\Development\UnrealEdMessages\UnrealFrontend-UnrealEdMessages.lib 占쏙옙占싱브러占쏙옙 占쏙옙 D:\ub\Engine\Intermediate\Build\Win64\UnrealFrontend\Development\UnrealEdMessages\UnrealFrontend-UnrealEdMessages.exp 占쏙옙체占쏙옙 占쏙옙占쏙옙占싹곤옙 占쌍쏙옙占싹댐옙.
    [256/356] UnrealFrontend-SlateCore.lib
       D:\ub\Engine\Intermediate\Build\Win64\UnrealFrontend\Development\SlateCore\UnrealFrontend-SlateCore.lib 占쏙옙占싱브러占쏙옙 占쏙옙 D:\ub\Engine\Intermediate\Build\Win64\UnrealFrontend\Development\SlateCore\UnrealFrontend-SlateCore.exp 占쏙옙체占쏙옙 占쏙옙占쏙옙占싹곤옙 占쌍쏙옙占싹댐옙.
    [257/356] UnrealFrontend-ProfilerMessages.lib
       D:\ub\Engine\Intermediate\Build\Win64\UnrealFrontend\Development\ProfilerMessages\UnrealFrontend-ProfilerMessages.lib 占쏙옙占싱브러占쏙옙 占쏙옙 D:\ub\Engine\Intermediate\Build\Win64\UnrealFrontend\Development\ProfilerMessages\UnrealFrontend-ProfilerMessages.exp 占쏙옙체占쏙옙 占쏙옙占쏙옙占싹곤옙 占쌍쏙옙占싹댐옙.
    [258/356] UnrealFrontend-Core.dll
       D:\ub\Engine\Intermediate\Build\Win64\UnrealFrontend\Development\Core\UnrealFrontend-Core.suppressed.lib 占쏙옙占싱브러占쏙옙 占쏙옙 D:\ub\Engine\Intermediate\Build\Win64\UnrealFrontend\Development\Core\UnrealFrontend-Core.suppressed.exp 占쏙옙체占쏙옙 占쏙옙占쏙옙占싹곤옙 占쌍쏙옙占싹댐옙.
    [259/356] UnrealFrontend-Slate.lib
       D:\ub\Engine\Intermediate\Build\Win64\UnrealFrontend\Development\Slate\UnrealFrontend-Slate.lib 占쏙옙占싱브러占쏙옙 占쏙옙 D:\ub\Engine\Intermediate\Build\Win64\UnrealFrontend\Development\Slate\UnrealFrontend-Slate.exp 占쏙옙체占쏙옙 占쏙옙占쏙옙占싹곤옙 占쌍쏙옙占싹댐옙.
    [260/356] UnrealFrontend-CoreUObject.lib
       D:\ub\Engine\Intermediate\Build\Win64\UnrealFrontend\Development\CoreUObject\UnrealFrontend-CoreUObject.lib 占쏙옙占싱브러占쏙옙 占쏙옙 D:\ub\Engine\Intermediate\Build\Win64\UnrealFrontend\Development\CoreUObject\UnrealFrontend-CoreUObject.exp 占쏙옙체占쏙옙 占쏙옙占쏙옙占싹곤옙 占쌍쏙옙占싹댐옙.
    [261/356] UnrealFrontend-Core.lib
       D:\ub\Engine\Intermediate\Build\Win64\UnrealFrontend\Development\Core\UnrealFrontend-Core.lib 占쏙옙占싱브러占쏙옙 占쏙옙 D:\ub\Engine\Intermediate\Build\Win64\UnrealFrontend\Development\Core\UnrealFrontend-Core.exp 占쏙옙체占쏙옙 占쏙옙占쏙옙占싹곤옙 占쌍쏙옙占싹댐옙.
    [262/356] UnrealFrontend-ScreenShotComparisonTools.dll
       D:\ub\Engine\Intermediate\Build\Win64\UnrealFrontend\Development\ScreenShotComparisonTools\UnrealFrontend-ScreenShotComparisonTools.suppressed.lib 占쏙옙占싱브러占쏙옙 占쏙옙 D:\ub\Engine\Intermediate\Build\Win64\UnrealFrontend\Development\ScreenShotComparisonTools\UnrealFrontend-ScreenShotComparisonTools.suppressed.exp 占쏙옙체占쏙옙 占쏙옙占쏙옙占싹곤옙 占쌍쏙옙占싹댐옙.
    [263/356] UnrealFrontend-ImageWrapper.dll
       D:\ub\Engine\Intermediate\Build\Win64\UnrealFrontend\Development\ImageWrapper\UnrealFrontend-ImageWrapper.suppressed.lib 占쏙옙占싱브러占쏙옙 占쏙옙 D:\ub\Engine\Intermediate\Build\Win64\UnrealFrontend\Development\ImageWrapper\UnrealFrontend-ImageWrapper.suppressed.exp 占쏙옙체占쏙옙 占쏙옙占쏙옙占싹곤옙 占쌍쏙옙占싹댐옙.
    [264/356] UnrealFrontend-AutomationWindow.dll
       D:\ub\Engine\Intermediate\Build\Win64\UnrealFrontend\Development\AutomationWindow\UnrealFrontend-AutomationWindow.suppressed.lib 占쏙옙占싱브러占쏙옙 占쏙옙 D:\ub\Engine\Intermediate\Build\Win64\UnrealFrontend\Development\AutomationWindow\UnrealFrontend-AutomationWindow.suppressed.exp 占쏙옙체占쏙옙 占쏙옙占쏙옙占싹곤옙 占쌍쏙옙占싹댐옙.
    [265/356] Module.ProjectLauncher.cpp
    [266/356] UnrealFrontend-Slate.dll
       D:\ub\Engine\Intermediate\Build\Win64\UnrealFrontend\Development\Slate\UnrealFrontend-Slate.suppressed.lib 占쏙옙占싱브러占쏙옙 占쏙옙 D:\ub\Engine\Intermediate\Build\Win64\UnrealFrontend\Development\Slate\UnrealFrontend-Slate.suppressed.exp 占쏙옙체占쏙옙 占쏙옙占쏙옙占싹곤옙 占쌍쏙옙占싹댐옙.
    [267/356] UnrealFrontend-SlateCore.dll
       D:\ub\Engine\Intermediate\Build\Win64\UnrealFrontend\Development\SlateCore\UnrealFrontend-SlateCore.suppressed.lib 占쏙옙占싱브러占쏙옙 占쏙옙 D:\ub\Engine\Intermediate\Build\Win64\UnrealFrontend\Development\SlateCore\UnrealFrontend-SlateCore.suppressed.exp 占쏙옙체占쏙옙 占쏙옙占쏙옙占싹곤옙 占쌍쏙옙占싹댐옙.
    [268/356] UnrealFrontend-CoreUObject.dll
       D:\ub\Engine\Intermediate\Build\Win64\UnrealFrontend\Development\CoreUObject\UnrealFrontend-CoreUObject.suppressed.lib 占쏙옙占싱브러占쏙옙 占쏙옙 D:\ub\Engine\Intermediate\Build\Win64\UnrealFrontend\Development\CoreUObject\UnrealFrontend-CoreUObject.suppressed.exp 占쏙옙체占쏙옙 占쏙옙占쏙옙占싹곤옙 占쌍쏙옙占싹댐옙.
    [269/356] UnrealFrontend-SourceControl.dll
       D:\ub\Engine\Intermediate\Build\Win64\UnrealFrontend\Development\SourceControl\UnrealFrontend-SourceControl.suppressed.lib 占쏙옙占싱브러占쏙옙 占쏙옙 D:\ub\Engine\Intermediate\Build\Win64\UnrealFrontend\Development\SourceControl\UnrealFrontend-SourceControl.suppressed.exp 占쏙옙체占쏙옙 占쏙옙占쏙옙占싹곤옙 占쌍쏙옙占싹댐옙.
    [270/356] UnrealFrontend-DeviceManager.dll
       D:\ub\Engine\Intermediate\Build\Win64\UnrealFrontend\Development\DeviceManager\UnrealFrontend-DeviceManager.suppressed.lib 占쏙옙占싱브러占쏙옙 占쏙옙 D:\ub\Engine\Intermediate\Build\Win64\UnrealFrontend\Development\DeviceManager\UnrealFrontend-DeviceManager.suppressed.exp 占쏙옙체占쏙옙 占쏙옙占쏙옙占싹곤옙 占쌍쏙옙占싹댐옙.
    [271/356] UnrealFrontend-OutputLog.dll
       D:\ub\Engine\Intermediate\Build\Win64\UnrealFrontend\Development\OutputLog\UnrealFrontend-OutputLog.suppressed.lib 占쏙옙占싱브러占쏙옙 占쏙옙 D:\ub\Engine\Intermediate\Build\Win64\UnrealFrontend\Development\OutputLog\UnrealFrontend-OutputLog.suppressed.exp 占쏙옙체占쏙옙 占쏙옙占쏙옙占싹곤옙 占쌍쏙옙占싹댐옙.
    [272/356] UnrealFrontend-ProjectLauncher.dll
       D:\ub\Engine\Intermediate\Build\Win64\UnrealFrontend\Development\ProjectLauncher\UnrealFrontend-ProjectLauncher.suppressed.lib 占쏙옙占싱브러占쏙옙 占쏙옙 D:\ub\Engine\Intermediate\Build\Win64\UnrealFrontend\Development\ProjectLauncher\UnrealFrontend-ProjectLauncher.suppressed.exp 占쏙옙체占쏙옙 占쏙옙占쏙옙占싹곤옙 占쌍쏙옙占싹댐옙.
    [273/356] UnrealFrontend-MessageLog.dll
       D:\ub\Engine\Intermediate\Build\Win64\UnrealFrontend\Development\MessageLog\UnrealFrontend-MessageLog.suppressed.lib 占쏙옙占싱브러占쏙옙 占쏙옙 D:\ub\Engine\Intermediate\Build\Win64\UnrealFrontend\Development\MessageLog\UnrealFrontend-MessageLog.suppressed.exp 占쏙옙체占쏙옙 占쏙옙占쏙옙占싹곤옙 占쌍쏙옙占싹댐옙.
    [274/356] UnrealFrontend-VisualStudioSourceCodeAccess.dll
       D:\ub\Engine\Plugins\Developer\VisualStudioSourceCodeAccess\Intermediate\Build\Win64\UnrealFrontend\Development\VisualStudioSourceCodeAccess\UnrealFrontend-VisualStudioSourceCodeAccess.suppressed.lib 占쏙옙占싱브러占쏙옙 占쏙옙 D:\ub\Engine\Plugins\Developer\VisualStudioSourceCodeAccess\Intermediate\Build\Win64\UnrealFrontend\Development\VisualStudioSourceCodeAccess\UnrealFrontend-VisualStudioSourceCodeAccess.suppressed.exp 占쏙옙체占쏙옙 占쏙옙占쏙옙占싹곤옙 占쌍쏙옙占싹댐옙.
    [275/356] UnrealFrontend-TcpMessaging.dll
       D:\ub\Engine\Plugins\Messaging\TcpMessaging\Intermediate\Build\Win64\UnrealFrontend\Development\TcpMessaging\UnrealFrontend-TcpMessaging.suppressed.lib 占쏙옙占싱브러占쏙옙 占쏙옙 D:\ub\Engine\Plugins\Messaging\TcpMessaging\Intermediate\Build\Win64\UnrealFrontend\Development\TcpMessaging\UnrealFrontend-TcpMessaging.suppressed.exp 占쏙옙체占쏙옙 占쏙옙占쏙옙占싹곤옙 占쌍쏙옙占싹댐옙.
    [276/356] UnrealFrontend-RenderCore.dll
       D:\ub\Engine\Intermediate\Build\Win64\UnrealFrontend\Development\RenderCore\UnrealFrontend-RenderCore.suppressed.lib 占쏙옙占싱브러占쏙옙 占쏙옙 D:\ub\Engine\Intermediate\Build\Win64\UnrealFrontend\Development\RenderCore\UnrealFrontend-RenderCore.suppressed.exp 占쏙옙체占쏙옙 占쏙옙占쏙옙占싹곤옙 占쌍쏙옙占싹댐옙.
    [277/356] UnrealFrontend-TargetDeviceServices.dll
       D:\ub\Engine\Intermediate\Build\Win64\UnrealFrontend\Development\TargetDeviceServices\UnrealFrontend-TargetDeviceServices.suppressed.lib 占쏙옙占싱브러占쏙옙 占쏙옙 D:\ub\Engine\Intermediate\Build\Win64\UnrealFrontend\Development\TargetDeviceServices\UnrealFrontend-TargetDeviceServices.suppressed.exp 占쏙옙체占쏙옙 占쏙옙占쏙옙占싹곤옙 占쌍쏙옙占싹댐옙.
    [278/356] UnrealFrontend-DesktopWidgets.dll
       D:\ub\Engine\Intermediate\Build\Win64\UnrealFrontend\Development\DesktopWidgets\UnrealFrontend-DesktopWidgets.suppressed.lib 占쏙옙占싱브러占쏙옙 占쏙옙 D:\ub\Engine\Intermediate\Build\Win64\UnrealFrontend\Development\DesktopWidgets\UnrealFrontend-DesktopWidgets.suppressed.exp 占쏙옙체占쏙옙 占쏙옙占쏙옙占싹곤옙 占쌍쏙옙占싹댐옙.
    [279/356] UnrealFrontend-Serialization.dll
       D:\ub\Engine\Intermediate\Build\Win64\UnrealFrontend\Development\Serialization\UnrealFrontend-Serialization.suppressed.lib 占쏙옙占싱브러占쏙옙 占쏙옙 D:\ub\Engine\Intermediate\Build\Win64\UnrealFrontend\Development\Serialization\UnrealFrontend-Serialization.suppressed.exp 占쏙옙체占쏙옙 占쏙옙占쏙옙占싹곤옙 占쌍쏙옙占싹댐옙.
    [280/356] UnrealFrontend-EditorStyle.dll
       D:\ub\Engine\Intermediate\Build\Win64\UnrealFrontend\Development\EditorStyle\UnrealFrontend-EditorStyle.suppressed.lib 占쏙옙占싱브러占쏙옙 占쏙옙 D:\ub\Engine\Intermediate\Build\Win64\UnrealFrontend\Development\EditorStyle\UnrealFrontend-EditorStyle.suppressed.exp 占쏙옙체占쏙옙 占쏙옙占쏙옙占싹곤옙 占쌍쏙옙占싹댐옙.
    [281/356] UnrealFrontend-UnrealEdMessages.dll
       D:\ub\Engine\Intermediate\Build\Win64\UnrealFrontend\Development\UnrealEdMessages\UnrealFrontend-UnrealEdMessages.suppressed.lib 占쏙옙占싱브러占쏙옙 占쏙옙 D:\ub\Engine\Intermediate\Build\Win64\UnrealFrontend\Development\UnrealEdMessages\UnrealFrontend-UnrealEdMessages.suppressed.exp 占쏙옙체占쏙옙 占쏙옙占쏙옙占싹곤옙 占쌍쏙옙占싹댐옙.
    [282/356] UnrealFrontend-AssetRegistry.dll
       D:\ub\Engine\Intermediate\Build\Win64\UnrealFrontend\Development\AssetRegistry\UnrealFrontend-AssetRegistry.suppressed.lib 占쏙옙占싱브러占쏙옙 占쏙옙 D:\ub\Engine\Intermediate\Build\Win64\UnrealFrontend\Development\AssetRegistry\UnrealFrontend-AssetRegistry.suppressed.exp 占쏙옙체占쏙옙 占쏙옙占쏙옙占싹곤옙 占쌍쏙옙占싹댐옙.
    [283/356] UnrealFrontend-SessionMessages.dll
       D:\ub\Engine\Intermediate\Build\Win64\UnrealFrontend\Development\SessionMessages\UnrealFrontend-SessionMessages.suppressed.lib 占쏙옙占싱브러占쏙옙 占쏙옙 D:\ub\Engine\Intermediate\Build\Win64\UnrealFrontend\Development\SessionMessages\UnrealFrontend-SessionMessages.suppressed.exp 占쏙옙체占쏙옙 占쏙옙占쏙옙占싹곤옙 占쌍쏙옙占싹댐옙.
    [284/356] UnrealFrontend-ProfilerMessages.dll
       D:\ub\Engine\Intermediate\Build\Win64\UnrealFrontend\Development\ProfilerMessages\UnrealFrontend-ProfilerMessages.suppressed.lib 占쏙옙占싱브러占쏙옙 占쏙옙 D:\ub\Engine\Intermediate\Build\Win64\UnrealFrontend\Development\ProfilerMessages\UnrealFrontend-ProfilerMessages.suppressed.exp 占쏙옙체占쏙옙 占쏙옙占쏙옙占싹곤옙 占쌍쏙옙占싹댐옙.
    [285/356] UnrealFrontend-EngineMessages.dll
       D:\ub\Engine\Intermediate\Build\Win64\UnrealFrontend\Development\EngineMessages\UnrealFrontend-EngineMessages.suppressed.lib 占쏙옙占싱브러占쏙옙 占쏙옙 D:\ub\Engine\Intermediate\Build\Win64\UnrealFrontend\Development\EngineMessages\UnrealFrontend-EngineMessages.suppressed.exp 占쏙옙체占쏙옙 占쏙옙占쏙옙占싹곤옙 占쌍쏙옙占싹댐옙.
    [286/356] UnrealFrontend-PIEPreviewDeviceSpecification.dll
       D:\ub\Engine\Intermediate\Build\Win64\UnrealFrontend\Development\PIEPreviewDeviceSpecification\UnrealFrontend-PIEPreviewDeviceSpecification.suppressed.lib 占쏙옙占싱브러占쏙옙 占쏙옙 D:\ub\Engine\Intermediate\Build\Win64\UnrealFrontend\Development\PIEPreviewDeviceSpecification\UnrealFrontend-PIEPreviewDeviceSpecification.suppressed.exp 占쏙옙체占쏙옙 占쏙옙占쏙옙占싹곤옙 占쌍쏙옙占싹댐옙.
    [287/356] UnrealFrontend-AutomationMessages.dll
       D:\ub\Engine\Intermediate\Build\Win64\UnrealFrontend\Development\AutomationMessages\UnrealFrontend-AutomationMessages.suppressed.lib 占쏙옙占싱브러占쏙옙 占쏙옙 D:\ub\Engine\Intermediate\Build\Win64\UnrealFrontend\Development\AutomationMessages\UnrealFrontend-AutomationMessages.suppressed.exp 占쏙옙체占쏙옙 占쏙옙占쏙옙占싹곤옙 占쌍쏙옙占싹댐옙.
    [288/356] UnrealFrontend-LaunchDaemonMessages.dll
       D:\ub\Engine\Intermediate\Build\Win64\UnrealFrontend\Development\LaunchDaemonMessages\UnrealFrontend-LaunchDaemonMessages.suppressed.lib 占쏙옙占싱브러占쏙옙 占쏙옙 D:\ub\Engine\Intermediate\Build\Win64\UnrealFrontend\Development\LaunchDaemonMessages\UnrealFrontend-LaunchDaemonMessages.suppressed.exp 占쏙옙체占쏙옙 占쏙옙占쏙옙占싹곤옙 占쌍쏙옙占싹댐옙.
    [289/356] UnrealFrontend-TextureFormatIntelISPCTexComp.dll
       D:\ub\Engine\Intermediate\Build\Win64\UnrealFrontend\Development\TextureFormatIntelISPCTexComp\UnrealFrontend-TextureFormatIntelISPCTexComp.suppressed.lib 占쏙옙占싱브러占쏙옙 占쏙옙 D:\ub\Engine\Intermediate\Build\Win64\UnrealFrontend\Development\TextureFormatIntelISPCTexComp\UnrealFrontend-TextureFormatIntelISPCTexComp.suppressed.exp 占쏙옙체占쏙옙 占쏙옙占쏙옙占싹곤옙 占쌍쏙옙占싹댐옙.
    [290/356] UnrealFrontend-JsonUtilities.dll
       D:\ub\Engine\Intermediate\Build\Win64\UnrealFrontend\Development\JsonUtilities\UnrealFrontend-JsonUtilities.suppressed.lib 占쏙옙占싱브러占쏙옙 占쏙옙 D:\ub\Engine\Intermediate\Build\Win64\UnrealFrontend\Development\JsonUtilities\UnrealFrontend-JsonUtilities.suppressed.exp 占쏙옙체占쏙옙 占쏙옙占쏙옙占싹곤옙 占쌍쏙옙占싹댐옙.
    [291/356] UnrealFrontend-WorkspaceMenuStructure.dll
       D:\ub\Engine\Intermediate\Build\Win64\UnrealFrontend\Development\WorkspaceMenuStructure\UnrealFrontend-WorkspaceMenuStructure.suppressed.lib 占쏙옙占싱브러占쏙옙 占쏙옙 D:\ub\Engine\Intermediate\Build\Win64\UnrealFrontend\Development\WorkspaceMenuStructure\UnrealFrontend-WorkspaceMenuStructure.suppressed.exp 占쏙옙체占쏙옙 占쏙옙占쏙옙占싹곤옙 占쌍쏙옙占싹댐옙.
    [292/356] UnrealFrontend-ShaderPreprocessor.dll
       D:\ub\Engine\Intermediate\Build\Win64\UnrealFrontend\Development\ShaderPreprocessor\UnrealFrontend-ShaderPreprocessor.suppressed.lib 占쏙옙占싱브러占쏙옙 占쏙옙 D:\ub\Engine\Intermediate\Build\Win64\UnrealFrontend\Development\ShaderPreprocessor\UnrealFrontend-ShaderPreprocessor.suppressed.exp 占쏙옙체占쏙옙 占쏙옙占쏙옙占싹곤옙 占쌍쏙옙占싹댐옙.
    [293/356] UnrealFrontend-InputCore.dll
       D:\ub\Engine\Intermediate\Build\Win64\UnrealFrontend\Development\InputCore\UnrealFrontend-InputCore.suppressed.lib 占쏙옙占싱브러占쏙옙 占쏙옙 D:\ub\Engine\Intermediate\Build\Win64\UnrealFrontend\Development\InputCore\UnrealFrontend-InputCore.suppressed.exp 占쏙옙체占쏙옙 占쏙옙占쏙옙占싹곤옙 占쌍쏙옙占싹댐옙.
    [294/356] UnrealFrontend-ShaderCompilerCommon.dll
       D:\ub\Engine\Intermediate\Build\Win64\UnrealFrontend\Development\ShaderCompilerCommon\UnrealFrontend-ShaderCompilerCommon.suppressed.lib 占쏙옙占싱브러占쏙옙 占쏙옙 D:\ub\Engine\Intermediate\Build\Win64\UnrealFrontend\Development\ShaderCompilerCommon\UnrealFrontend-ShaderCompilerCommon.suppressed.exp 占쏙옙체占쏙옙 占쏙옙占쏙옙占싹곤옙 占쌍쏙옙占싹댐옙.
    [295/356] UnrealFrontend-VectorVM.dll
       D:\ub\Engine\Intermediate\Build\Win64\UnrealFrontend\Development\VectorVM\UnrealFrontend-VectorVM.suppressed.lib 占쏙옙占싱브러占쏙옙 占쏙옙 D:\ub\Engine\Intermediate\Build\Win64\UnrealFrontend\Development\VectorVM\UnrealFrontend-VectorVM.suppressed.exp 占쏙옙체占쏙옙 占쏙옙占쏙옙占싹곤옙 占쌍쏙옙占싹댐옙.
    [296/356] UnrealFrontend-DesktopPlatform.dll
       D:\ub\Engine\Intermediate\Build\Win64\UnrealFrontend\Development\DesktopPlatform\UnrealFrontend-DesktopPlatform.suppressed.lib 占쏙옙占싱브러占쏙옙 占쏙옙 D:\ub\Engine\Intermediate\Build\Win64\UnrealFrontend\Development\DesktopPlatform\UnrealFrontend-DesktopPlatform.suppressed.exp 占쏙옙체占쏙옙 占쏙옙占쏙옙占싹곤옙 占쌍쏙옙占싹댐옙.
    [297/356] UnrealFrontend-GeForceNOWWrapper.dll
       D:\ub\Engine\Intermediate\Build\Win64\UnrealFrontend\Development\GeForceNOWWrapper\UnrealFrontend-GeForceNOWWrapper.suppressed.lib 占쏙옙占싱브러占쏙옙 占쏙옙 D:\ub\Engine\Intermediate\Build\Win64\UnrealFrontend\Development\GeForceNOWWrapper\UnrealFrontend-GeForceNOWWrapper.suppressed.exp 占쏙옙체占쏙옙 占쏙옙占쏙옙占싹곤옙 占쌍쏙옙占싹댐옙.
    [298/356] UnrealFrontend-Networking.dll
       D:\ub\Engine\Intermediate\Build\Win64\UnrealFrontend\Development\Networking\UnrealFrontend-Networking.suppressed.lib 占쏙옙占싱브러占쏙옙 占쏙옙 D:\ub\Engine\Intermediate\Build\Win64\UnrealFrontend\Development\Networking\UnrealFrontend-Networking.suppressed.exp 占쏙옙체占쏙옙 占쏙옙占쏙옙占싹곤옙 占쌍쏙옙占싹댐옙.
    [299/356] UnrealFrontend-Messaging.dll
       D:\ub\Engine\Intermediate\Build\Win64\UnrealFrontend\Development\Messaging\UnrealFrontend-Messaging.suppressed.lib 占쏙옙占싱브러占쏙옙 占쏙옙 D:\ub\Engine\Intermediate\Build\Win64\UnrealFrontend\Development\Messaging\UnrealFrontend-Messaging.suppressed.exp 占쏙옙체占쏙옙 占쏙옙占쏙옙占싹곤옙 占쌍쏙옙占싹댐옙.
    [300/356] UnrealFrontend-ApplicationCore.dll
       D:\ub\Engine\Intermediate\Build\Win64\UnrealFrontend\Development\ApplicationCore\UnrealFrontend-ApplicationCore.suppressed.lib 占쏙옙占싱브러占쏙옙 占쏙옙 D:\ub\Engine\Intermediate\Build\Win64\UnrealFrontend\Development\ApplicationCore\UnrealFrontend-ApplicationCore.suppressed.exp 占쏙옙체占쏙옙 占쏙옙占쏙옙占싹곤옙 占쌍쏙옙占싹댐옙.
    [301/356] UnrealFrontend-Settings.dll
       D:\ub\Engine\Intermediate\Build\Win64\UnrealFrontend\Development\Settings\UnrealFrontend-Settings.suppressed.lib 占쏙옙占싱브러占쏙옙 占쏙옙 D:\ub\Engine\Intermediate\Build\Win64\UnrealFrontend\Development\Settings\UnrealFrontend-Settings.suppressed.exp 占쏙옙체占쏙옙 占쏙옙占쏙옙占싹곤옙 占쌍쏙옙占싹댐옙.
    [302/356] UnrealFrontend-Json.dll
       D:\ub\Engine\Intermediate\Build\Win64\UnrealFrontend\Development\Json\UnrealFrontend-Json.suppressed.lib 占쏙옙占싱브러占쏙옙 占쏙옙 D:\ub\Engine\Intermediate\Build\Win64\UnrealFrontend\Development\Json\UnrealFrontend-Json.suppressed.exp 占쏙옙체占쏙옙 占쏙옙占쏙옙占싹곤옙 占쌍쏙옙占싹댐옙.
    [303/356] UnrealFrontend-ImageCore.dll
       D:\ub\Engine\Intermediate\Build\Win64\UnrealFrontend\Development\ImageCore\UnrealFrontend-ImageCore.suppressed.lib 占쏙옙占싱브러占쏙옙 占쏙옙 D:\ub\Engine\Intermediate\Build\Win64\UnrealFrontend\Development\ImageCore\UnrealFrontend-ImageCore.suppressed.exp 占쏙옙체占쏙옙 占쏙옙占쏙옙占싹곤옙 占쌍쏙옙占싹댐옙.
    [304/356] UnrealFrontend-Projects.dll
       D:\ub\Engine\Intermediate\Build\Win64\UnrealFrontend\Development\Projects\UnrealFrontend-Projects.suppressed.lib 占쏙옙占싱브러占쏙옙 占쏙옙 D:\ub\Engine\Intermediate\Build\Win64\UnrealFrontend\Development\Projects\UnrealFrontend-Projects.suppressed.exp 占쏙옙체占쏙옙 占쏙옙占쏙옙占싹곤옙 占쌍쏙옙占싹댐옙.
    [305/356] UnrealFrontend-LauncherPlatform.dll
       D:\ub\Engine\Intermediate\Build\Win64\UnrealFrontend\Development\LauncherPlatform\UnrealFrontend-LauncherPlatform.suppressed.lib 占쏙옙占싱브러占쏙옙 占쏙옙 D:\ub\Engine\Intermediate\Build\Win64\UnrealFrontend\Development\LauncherPlatform\UnrealFrontend-LauncherPlatform.suppressed.exp 占쏙옙체占쏙옙 占쏙옙占쏙옙占싹곤옙 占쌍쏙옙占싹댐옙.
    [306/356] UnrealFrontend-Cbor.dll
       D:\ub\Engine\Intermediate\Build\Win64\UnrealFrontend\Development\Cbor\UnrealFrontend-Cbor.suppressed.lib 占쏙옙占싱브러占쏙옙 占쏙옙 D:\ub\Engine\Intermediate\Build\Win64\UnrealFrontend\Development\Cbor\UnrealFrontend-Cbor.suppressed.exp 占쏙옙체占쏙옙 占쏙옙占쏙옙占싹곤옙 占쌍쏙옙占싹댐옙.
    [307/356] UnrealFrontend-UELibSampleRate.dll
       D:\ub\Engine\Intermediate\Build\Win64\UnrealFrontend\Development\UELibSampleRate\UnrealFrontend-UELibSampleRate.suppressed.lib 占쏙옙占싱브러占쏙옙 占쏙옙 D:\ub\Engine\Intermediate\Build\Win64\UnrealFrontend\Development\UELibSampleRate\UnrealFrontend-UELibSampleRate.suppressed.exp 占쏙옙체占쏙옙 占쏙옙占쏙옙占싹곤옙 占쌍쏙옙占싹댐옙.
    [308/356] UnrealFrontend-FileUtilities.dll
       D:\ub\Engine\Intermediate\Build\Win64\UnrealFrontend\Development\FileUtilities\UnrealFrontend-FileUtilities.suppressed.lib 占쏙옙占싱브러占쏙옙 占쏙옙 D:\ub\Engine\Intermediate\Build\Win64\UnrealFrontend\Development\FileUtilities\UnrealFrontend-FileUtilities.suppressed.exp 占쏙옙체占쏙옙 占쏙옙占쏙옙占싹곤옙 占쌍쏙옙占싹댐옙.
    [309/356] UnrealFrontend-DirectoryWatcher.dll
       D:\ub\Engine\Intermediate\Build\Win64\UnrealFrontend\Development\DirectoryWatcher\UnrealFrontend-DirectoryWatcher.suppressed.lib 占쏙옙占싱브러占쏙옙 占쏙옙 D:\ub\Engine\Intermediate\Build\Win64\UnrealFrontend\Development\DirectoryWatcher\UnrealFrontend-DirectoryWatcher.suppressed.exp 占쏙옙체占쏙옙 占쏙옙占쏙옙占싹곤옙 占쌍쏙옙占싹댐옙.
    [310/356] UnrealFrontend-NetCommon.dll
       D:\ub\Engine\Intermediate\Build\Win64\UnrealFrontend\Development\NetCommon\UnrealFrontend-NetCommon.suppressed.lib 占쏙옙占싱브러占쏙옙 占쏙옙 D:\ub\Engine\Intermediate\Build\Win64\UnrealFrontend\Development\NetCommon\UnrealFrontend-NetCommon.suppressed.exp 占쏙옙체占쏙옙 占쏙옙占쏙옙占싹곤옙 占쌍쏙옙占싹댐옙.
    [311/356] UnrealFrontend-ProjectLauncher.lib
       D:\ub\Engine\Intermediate\Build\Win64\UnrealFrontend\Development\ProjectLauncher\UnrealFrontend-ProjectLauncher.lib 占쏙옙占싱브러占쏙옙 占쏙옙 D:\ub\Engine\Intermediate\Build\Win64\UnrealFrontend\Development\ProjectLauncher\UnrealFrontend-ProjectLauncher.exp 占쏙옙체占쏙옙 占쏙옙占쏙옙占싹곤옙 占쌍쏙옙占싹댐옙.
    [312/356] UnrealFrontend-SSL.dll
       D:\ub\Engine\Intermediate\Build\Win64\UnrealFrontend\Development\SSL\UnrealFrontend-SSL.suppressed.lib 占쏙옙占싱브러占쏙옙 占쏙옙 D:\ub\Engine\Intermediate\Build\Win64\UnrealFrontend\Development\SSL\UnrealFrontend-SSL.suppressed.exp 占쏙옙체占쏙옙 占쏙옙占쏙옙占싹곤옙 占쌍쏙옙占싹댐옙.
    [313/356] UnrealFrontend-LauncherServices.dll
       D:\ub\Engine\Intermediate\Build\Win64\UnrealFrontend\Development\LauncherServices\UnrealFrontend-LauncherServices.suppressed.lib 占쏙옙占싱브러占쏙옙 占쏙옙 D:\ub\Engine\Intermediate\Build\Win64\UnrealFrontend\Development\LauncherServices\UnrealFrontend-LauncherServices.suppressed.exp 占쏙옙체占쏙옙 占쏙옙占쏙옙占싹곤옙 占쌍쏙옙占싹댐옙.
    [314/356] UnrealFrontend-TargetPlatform.dll
       D:\ub\Engine\Intermediate\Build\Win64\UnrealFrontend\Development\TargetPlatform\UnrealFrontend-TargetPlatform.suppressed.lib 占쏙옙占싱브러占쏙옙 占쏙옙 D:\ub\Engine\Intermediate\Build\Win64\UnrealFrontend\Development\TargetPlatform\UnrealFrontend-TargetPlatform.suppressed.exp 占쏙옙체占쏙옙 占쏙옙占쏙옙占싹곤옙 占쌍쏙옙占싹댐옙.
    [315/356] UnrealFrontend-Profiler.dll
       D:\ub\Engine\Intermediate\Build\Win64\UnrealFrontend\Development\Profiler\UnrealFrontend-Profiler.suppressed.lib 占쏙옙占싱브러占쏙옙 占쏙옙 D:\ub\Engine\Intermediate\Build\Win64\UnrealFrontend\Development\Profiler\UnrealFrontend-Profiler.suppressed.exp 占쏙옙체占쏙옙 占쏙옙占쏙옙占싹곤옙 占쌍쏙옙占싹댐옙.
    [316/356] UnrealFrontend-ShaderFormatOpenGL.dll
       D:\ub\Engine\Intermediate\Build\Win64\UnrealFrontend\Development\ShaderFormatOpenGL\UnrealFrontend-ShaderFormatOpenGL.suppressed.lib 占쏙옙占싱브러占쏙옙 占쏙옙 D:\ub\Engine\Intermediate\Build\Win64\UnrealFrontend\Development\ShaderFormatOpenGL\UnrealFrontend-ShaderFormatOpenGL.suppressed.exp 占쏙옙체占쏙옙 占쏙옙占쏙옙占싹곤옙 占쌍쏙옙占싹댐옙.
    [317/356] UnrealFrontend-AllDesktopTargetPlatform.dll
       D:\ub\Engine\Intermediate\Build\Win64\UnrealFrontend\Development\AllDesktopTargetPlatform\UnrealFrontend-AllDesktopTargetPlatform.suppressed.lib 占쏙옙占싱브러占쏙옙 占쏙옙 D:\ub\Engine\Intermediate\Build\Win64\UnrealFrontend\Development\AllDesktopTargetPlatform\UnrealFrontend-AllDesktopTargetPlatform.suppressed.exp 占쏙옙체占쏙옙 占쏙옙占쏙옙占싹곤옙 占쌍쏙옙占싹댐옙.
    [318/356] UnrealFrontend-AndroidDeviceDetection.dll
       D:\ub\Engine\Intermediate\Build\Win64\UnrealFrontend\Development\Android\AndroidDeviceDetection\UnrealFrontend-AndroidDeviceDetection.suppressed.lib 占쏙옙占싱브러占쏙옙 占쏙옙 D:\ub\Engine\Intermediate\Build\Win64\UnrealFrontend\Development\Android\AndroidDeviceDetection\UnrealFrontend-AndroidDeviceDetection.suppressed.exp 占쏙옙체占쏙옙 占쏙옙占쏙옙占싹곤옙 占쌍쏙옙占싹댐옙.
    [319/356] UnrealFrontend-SourceCodeAccess.dll
       D:\ub\Engine\Intermediate\Build\Win64\UnrealFrontend\Development\SourceCodeAccess\UnrealFrontend-SourceCodeAccess.suppressed.lib 占쏙옙占싱브러占쏙옙 占쏙옙 D:\ub\Engine\Intermediate\Build\Win64\UnrealFrontend\Development\SourceCodeAccess\UnrealFrontend-SourceCodeAccess.suppressed.exp 占쏙옙체占쏙옙 占쏙옙占쏙옙占싹곤옙 占쌍쏙옙占싹댐옙.
    [320/356] UnrealFrontend-TextureFormatDXT.dll
       D:\ub\Engine\Intermediate\Build\Win64\UnrealFrontend\Development\TextureFormatDXT\UnrealFrontend-TextureFormatDXT.suppressed.lib 占쏙옙占싱브러占쏙옙 占쏙옙 D:\ub\Engine\Intermediate\Build\Win64\UnrealFrontend\Development\TextureFormatDXT\UnrealFrontend-TextureFormatDXT.suppressed.exp 占쏙옙체占쏙옙 占쏙옙占쏙옙占싹곤옙 占쌍쏙옙占싹댐옙.
    [321/356] UnrealFrontend-AudioPlatformConfiguration.dll
       D:\ub\Engine\Intermediate\Build\Win64\UnrealFrontend\Development\AudioPlatformConfiguration\UnrealFrontend-AudioPlatformConfiguration.suppressed.lib 占쏙옙占싱브러占쏙옙 占쏙옙 D:\ub\Engine\Intermediate\Build\Win64\UnrealFrontend\Development\AudioPlatformConfiguration\UnrealFrontend-AudioPlatformConfiguration.suppressed.exp 占쏙옙체占쏙옙 占쏙옙占쏙옙占싹곤옙 占쌍쏙옙占싹댐옙.
    [322/356] UnrealFrontend-SessionServices.dll
       D:\ub\Engine\Intermediate\Build\Win64\UnrealFrontend\Development\SessionServices\UnrealFrontend-SessionServices.suppressed.lib 占쏙옙占싱브러占쏙옙 占쏙옙 D:\ub\Engine\Intermediate\Build\Win64\UnrealFrontend\Development\SessionServices\UnrealFrontend-SessionServices.suppressed.exp 占쏙옙체占쏙옙 占쏙옙占쏙옙占싹곤옙 占쌍쏙옙占싹댐옙.
    [323/356] UnrealFrontend-RHI.dll
       D:\ub\Engine\Intermediate\Build\Win64\UnrealFrontend\Development\RHI\UnrealFrontend-RHI.suppressed.lib 占쏙옙占싱브러占쏙옙 占쏙옙 D:\ub\Engine\Intermediate\Build\Win64\UnrealFrontend\Development\RHI\UnrealFrontend-RHI.suppressed.exp 占쏙옙체占쏙옙 占쏙옙占쏙옙占싹곤옙 占쌍쏙옙占싹댐옙.
    [324/356] UnrealFrontend-WindowsClientTargetPlatform.dll
       D:\ub\Engine\Intermediate\Build\Win64\UnrealFrontend\Development\WindowsClientTargetPlatform\UnrealFrontend-WindowsClientTargetPlatform.suppressed.lib 占쏙옙占싱브러占쏙옙 占쏙옙 D:\ub\Engine\Intermediate\Build\Win64\UnrealFrontend\Development\WindowsClientTargetPlatform\UnrealFrontend-WindowsClientTargetPlatform.suppressed.exp 占쏙옙체占쏙옙 占쏙옙占쏙옙占싹곤옙 占쌍쏙옙占싹댐옙.
    [325/356] UnrealFrontend-MacNoEditorTargetPlatform.dll
       D:\ub\Engine\Intermediate\Build\Win64\UnrealFrontend\Development\MacNoEditorTargetPlatform\UnrealFrontend-MacNoEditorTargetPlatform.suppressed.lib 占쏙옙占싱브러占쏙옙 占쏙옙 D:\ub\Engine\Intermediate\Build\Win64\UnrealFrontend\Development\MacNoEditorTargetPlatform\UnrealFrontend-MacNoEditorTargetPlatform.suppressed.exp 占쏙옙체占쏙옙 占쏙옙占쏙옙占싹곤옙 占쌍쏙옙占싹댐옙.
    [326/356] UnrealFrontend-WindowsServerTargetPlatform.dll
       D:\ub\Engine\Intermediate\Build\Win64\UnrealFrontend\Development\WindowsServerTargetPlatform\UnrealFrontend-WindowsServerTargetPlatform.suppressed.lib 占쏙옙占싱브러占쏙옙 占쏙옙 D:\ub\Engine\Intermediate\Build\Win64\UnrealFrontend\Development\WindowsServerTargetPlatform\UnrealFrontend-WindowsServerTargetPlatform.suppressed.exp 占쏙옙체占쏙옙 占쏙옙占쏙옙占싹곤옙 占쌍쏙옙占싹댐옙.
    [327/356] UnrealFrontend-DerivedDataCache.dll
       D:\ub\Engine\Intermediate\Build\Win64\UnrealFrontend\Development\DerivedDataCache\UnrealFrontend-DerivedDataCache.suppressed.lib 占쏙옙占싱브러占쏙옙 占쏙옙 D:\ub\Engine\Intermediate\Build\Win64\UnrealFrontend\Development\DerivedDataCache\UnrealFrontend-DerivedDataCache.suppressed.exp 占쏙옙체占쏙옙 占쏙옙占쏙옙占싹곤옙 占쌍쏙옙占싹댐옙.
    [328/356] UnrealFrontend-HTTP.dll
       D:\ub\Engine\Intermediate\Build\Win64\UnrealFrontend\Development\HTTP\UnrealFrontend-HTTP.suppressed.lib 占쏙옙占싱브러占쏙옙 占쏙옙 D:\ub\Engine\Intermediate\Build\Win64\UnrealFrontend\Development\HTTP\UnrealFrontend-HTTP.suppressed.exp 占쏙옙체占쏙옙 占쏙옙占쏙옙占싹곤옙 占쌍쏙옙占싹댐옙.
    [329/356] UnrealFrontend-ProfilerClient.dll
       D:\ub\Engine\Intermediate\Build\Win64\UnrealFrontend\Development\ProfilerClient\UnrealFrontend-ProfilerClient.suppressed.lib 占쏙옙占싱브러占쏙옙 占쏙옙 D:\ub\Engine\Intermediate\Build\Win64\UnrealFrontend\Development\ProfilerClient\UnrealFrontend-ProfilerClient.suppressed.exp 占쏙옙체占쏙옙 占쏙옙占쏙옙占싹곤옙 占쌍쏙옙占싹댐옙.
    [330/356] UnrealFrontend-WindowsNoEditorTargetPlatform.dll
       D:\ub\Engine\Intermediate\Build\Win64\UnrealFrontend\Development\WindowsNoEditorTargetPlatform\UnrealFrontend-WindowsNoEditorTargetPlatform.suppressed.lib 占쏙옙占싱브러占쏙옙 占쏙옙 D:\ub\Engine\Intermediate\Build\Win64\UnrealFrontend\Development\WindowsNoEditorTargetPlatform\UnrealFrontend-WindowsNoEditorTargetPlatform.suppressed.exp 占쏙옙체占쏙옙 占쏙옙占쏙옙占싹곤옙 占쌍쏙옙占싹댐옙.
    [331/356] UnrealFrontend-MacClientTargetPlatform.dll
       D:\ub\Engine\Intermediate\Build\Win64\UnrealFrontend\Development\MacClientTargetPlatform\UnrealFrontend-MacClientTargetPlatform.suppressed.lib 占쏙옙占싱브러占쏙옙 占쏙옙 D:\ub\Engine\Intermediate\Build\Win64\UnrealFrontend\Development\MacClientTargetPlatform\UnrealFrontend-MacClientTargetPlatform.suppressed.exp 占쏙옙체占쏙옙 占쏙옙占쏙옙占싹곤옙 占쌍쏙옙占싹댐옙.
    [332/356] UnrealFrontend-TextureFormatPVR.dll
       D:\ub\Engine\Intermediate\Build\Win64\UnrealFrontend\Development\TextureFormatPVR\UnrealFrontend-TextureFormatPVR.suppressed.lib 占쏙옙占싱브러占쏙옙 占쏙옙 D:\ub\Engine\Intermediate\Build\Win64\UnrealFrontend\Development\TextureFormatPVR\UnrealFrontend-TextureFormatPVR.suppressed.exp 占쏙옙체占쏙옙 占쏙옙占쏙옙占싹곤옙 占쌍쏙옙占싹댐옙.
    [333/356] UnrealFrontend-MacServerTargetPlatform.dll
       D:\ub\Engine\Intermediate\Build\Win64\UnrealFrontend\Development\MacServerTargetPlatform\UnrealFrontend-MacServerTargetPlatform.suppressed.lib 占쏙옙占싱브러占쏙옙 占쏙옙 D:\ub\Engine\Intermediate\Build\Win64\UnrealFrontend\Development\MacServerTargetPlatform\UnrealFrontend-MacServerTargetPlatform.suppressed.exp 占쏙옙체占쏙옙 占쏙옙占쏙옙占싹곤옙 占쌍쏙옙占싹댐옙.
    [334/356] UnrealFrontend-TextureFormatUncompressed.dll
       D:\ub\Engine\Intermediate\Build\Win64\UnrealFrontend\Development\TextureFormatUncompressed\UnrealFrontend-TextureFormatUncompressed.suppressed.lib 占쏙옙占싱브러占쏙옙 占쏙옙 D:\ub\Engine\Intermediate\Build\Win64\UnrealFrontend\Development\TextureFormatUncompressed\UnrealFrontend-TextureFormatUncompressed.suppressed.exp 占쏙옙체占쏙옙 占쏙옙占쏙옙占싹곤옙 占쌍쏙옙占싹댐옙.
    [335/356] UnrealFrontend-Sockets.dll
       D:\ub\Engine\Intermediate\Build\Win64\UnrealFrontend\Development\Sockets\UnrealFrontend-Sockets.suppressed.lib 占쏙옙占싱브러占쏙옙 占쏙옙 D:\ub\Engine\Intermediate\Build\Win64\UnrealFrontend\Development\Sockets\UnrealFrontend-Sockets.suppressed.exp 占쏙옙체占쏙옙 占쏙옙占쏙옙占싹곤옙 占쌍쏙옙占싹댐옙.
    [336/356] UnrealFrontend-VulkanShaderFormat.dll
       D:\ub\Engine\Intermediate\Build\Win64\UnrealFrontend\Development\VulkanShaderFormat\UnrealFrontend-VulkanShaderFormat.suppressed.lib 占쏙옙占싱브러占쏙옙 占쏙옙 D:\ub\Engine\Intermediate\Build\Win64\UnrealFrontend\Development\VulkanShaderFormat\UnrealFrontend-VulkanShaderFormat.suppressed.exp 占쏙옙체占쏙옙 占쏙옙占쏙옙占싹곤옙 占쌍쏙옙占싹댐옙.
    [337/356] UnrealFrontend-UdpMessaging.dll
       D:\ub\Engine\Plugins\Messaging\UdpMessaging\Intermediate\Build\Win64\UnrealFrontend\Development\UdpMessaging\UnrealFrontend-UdpMessaging.suppressed.lib 占쏙옙占싱브러占쏙옙 占쏙옙 D:\ub\Engine\Plugins\Messaging\UdpMessaging\Intermediate\Build\Win64\UnrealFrontend\Development\UdpMessaging\UnrealFrontend-UdpMessaging.suppressed.exp 占쏙옙체占쏙옙 占쏙옙占쏙옙占싹곤옙 占쌍쏙옙占싹댐옙.
    [338/356] UnrealFrontend-TVOSTargetPlatform.dll
       D:\ub\Engine\Intermediate\Build\Win64\UnrealFrontend\Development\IOS\TVOSTargetPlatform\UnrealFrontend-TVOSTargetPlatform.suppressed.lib 占쏙옙占싱브러占쏙옙 占쏙옙 D:\ub\Engine\Intermediate\Build\Win64\UnrealFrontend\Development\IOS\TVOSTargetPlatform\UnrealFrontend-TVOSTargetPlatform.suppressed.exp 占쏙옙체占쏙옙 占쏙옙占쏙옙占싹곤옙 占쌍쏙옙占싹댐옙.
    [339/356] UnrealFrontend-IOSTargetPlatform.dll
       D:\ub\Engine\Intermediate\Build\Win64\UnrealFrontend\Development\IOS\IOSTargetPlatform\UnrealFrontend-IOSTargetPlatform.suppressed.lib 占쏙옙占싱브러占쏙옙 占쏙옙 D:\ub\Engine\Intermediate\Build\Win64\UnrealFrontend\Development\IOS\IOSTargetPlatform\UnrealFrontend-IOSTargetPlatform.suppressed.exp 占쏙옙체占쏙옙 占쏙옙占쏙옙占싹곤옙 占쌍쏙옙占싹댐옙.
    [340/356] UnrealFrontend-AutomationController.dll
       D:\ub\Engine\Intermediate\Build\Win64\UnrealFrontend\Development\AutomationController\UnrealFrontend-AutomationController.suppressed.lib 占쏙옙占싱브러占쏙옙 占쏙옙 D:\ub\Engine\Intermediate\Build\Win64\UnrealFrontend\Development\AutomationController\UnrealFrontend-AutomationController.suppressed.exp 占쏙옙체占쏙옙 占쏙옙占쏙옙占싹곤옙 占쌍쏙옙占싹댐옙.
    [341/356] UnrealFrontend-StandaloneRenderer.dll
       D:\ub\Engine\Intermediate\Build\Win64\UnrealFrontend\Development\StandaloneRenderer\UnrealFrontend-StandaloneRenderer.suppressed.lib 占쏙옙占싱브러占쏙옙 占쏙옙 D:\ub\Engine\Intermediate\Build\Win64\UnrealFrontend\Development\StandaloneRenderer\UnrealFrontend-StandaloneRenderer.suppressed.exp 占쏙옙체占쏙옙 占쏙옙占쏙옙占싹곤옙 占쌍쏙옙占싹댐옙.
    [342/356] UnrealFrontend-MetalShaderFormat.dll
       D:\ub\Engine\Intermediate\Build\Win64\UnrealFrontend\Development\MetalShaderFormat\UnrealFrontend-MetalShaderFormat.suppressed.lib 占쏙옙占싱브러占쏙옙 占쏙옙 D:\ub\Engine\Intermediate\Build\Win64\UnrealFrontend\Development\MetalShaderFormat\UnrealFrontend-MetalShaderFormat.suppressed.exp 占쏙옙체占쏙옙 占쏙옙占쏙옙占싹곤옙 占쌍쏙옙占싹댐옙.
    [343/356] UnrealFrontend-ShaderFormatVectorVM.dll
       D:\ub\Engine\Intermediate\Build\Win64\UnrealFrontend\Development\ShaderFormatVectorVM\UnrealFrontend-ShaderFormatVectorVM.suppressed.lib 占쏙옙占싱브러占쏙옙 占쏙옙 D:\ub\Engine\Intermediate\Build\Win64\UnrealFrontend\Development\ShaderFormatVectorVM\UnrealFrontend-ShaderFormatVectorVM.suppressed.exp 占쏙옙체占쏙옙 占쏙옙占쏙옙占싹곤옙 占쌍쏙옙占싹댐옙.
    [344/356] UnrealFrontend-TextureFormatETC2.dll
       D:\ub\Engine\Intermediate\Build\Win64\UnrealFrontend\Development\TextureFormatETC2\UnrealFrontend-TextureFormatETC2.suppressed.lib 占쏙옙占싱브러占쏙옙 占쏙옙 D:\ub\Engine\Intermediate\Build\Win64\UnrealFrontend\Development\TextureFormatETC2\UnrealFrontend-TextureFormatETC2.suppressed.exp 占쏙옙체占쏙옙 占쏙옙占쏙옙占싹곤옙 占쌍쏙옙占싹댐옙.
    [345/356] UnrealFrontend-AndroidTargetPlatform.dll
       D:\ub\Engine\Intermediate\Build\Win64\UnrealFrontend\Development\Android\AndroidTargetPlatform\UnrealFrontend-AndroidTargetPlatform.suppressed.lib 占쏙옙占싱브러占쏙옙 占쏙옙 D:\ub\Engine\Intermediate\Build\Win64\UnrealFrontend\Development\Android\AndroidTargetPlatform\UnrealFrontend-AndroidTargetPlatform.suppressed.exp 占쏙옙체占쏙옙 占쏙옙占쏙옙占싹곤옙 占쌍쏙옙占싹댐옙.
    [346/356] UnrealFrontend-WindowsTargetPlatform.dll
       D:\ub\Engine\Intermediate\Build\Win64\UnrealFrontend\Development\WindowsTargetPlatform\UnrealFrontend-WindowsTargetPlatform.suppressed.lib 占쏙옙占싱브러占쏙옙 占쏙옙 D:\ub\Engine\Intermediate\Build\Win64\UnrealFrontend\Development\WindowsTargetPlatform\UnrealFrontend-WindowsTargetPlatform.suppressed.exp 占쏙옙체占쏙옙 占쏙옙占쏙옙占싹곤옙 占쌍쏙옙占싹댐옙.
    [347/356] UnrealFrontend-MacTargetPlatform.dll
       D:\ub\Engine\Intermediate\Build\Win64\UnrealFrontend\Development\MacTargetPlatform\UnrealFrontend-MacTargetPlatform.suppressed.lib 占쏙옙占싱브러占쏙옙 占쏙옙 D:\ub\Engine\Intermediate\Build\Win64\UnrealFrontend\Development\MacTargetPlatform\UnrealFrontend-MacTargetPlatform.suppressed.exp 占쏙옙체占쏙옙 占쏙옙占쏙옙占싹곤옙 占쌍쏙옙占싹댐옙.
    [348/356] UnrealFrontend-TextureFormatASTC.dll
       D:\ub\Engine\Intermediate\Build\Win64\UnrealFrontend\Development\TextureFormatASTC\UnrealFrontend-TextureFormatASTC.suppressed.lib 占쏙옙占싱브러占쏙옙 占쏙옙 D:\ub\Engine\Intermediate\Build\Win64\UnrealFrontend\Development\TextureFormatASTC\UnrealFrontend-TextureFormatASTC.suppressed.exp 占쏙옙체占쏙옙 占쏙옙占쏙옙占싹곤옙 占쌍쏙옙占싹댐옙.
    [349/356] UnrealFrontend-ShaderFormatD3D.dll
       D:\ub\Engine\Intermediate\Build\Win64\UnrealFrontend\Development\ShaderFormatD3D\UnrealFrontend-ShaderFormatD3D.suppressed.lib 占쏙옙占싱브러占쏙옙 占쏙옙 D:\ub\Engine\Intermediate\Build\Win64\UnrealFrontend\Development\ShaderFormatD3D\UnrealFrontend-ShaderFormatD3D.suppressed.exp 占쏙옙체占쏙옙 占쏙옙占쏙옙占싹곤옙 占쌍쏙옙占싹댐옙.
    [350/356] UnrealFrontend.exe
    [351/356] UnrealFrontend-ScreenShotComparison.dll
       D:\ub\Engine\Intermediate\Build\Win64\UnrealFrontend\Development\ScreenShotComparison\UnrealFrontend-ScreenShotComparison.suppressed.lib 占쏙옙占싱브러占쏙옙 占쏙옙 D:\ub\Engine\Intermediate\Build\Win64\UnrealFrontend\Development\ScreenShotComparison\UnrealFrontend-ScreenShotComparison.suppressed.exp 占쏙옙체占쏙옙 占쏙옙占쏙옙占싹곤옙 占쌍쏙옙占싹댐옙.
    [352/356] Module.SlateReflector.cpp
    [353/356] UnrealFrontend-SessionFrontend.dll
       D:\ub\Engine\Intermediate\Build\Win64\UnrealFrontend\Development\SessionFrontend\UnrealFrontend-SessionFrontend.suppressed.lib 占쏙옙占싱브러占쏙옙 占쏙옙 D:\ub\Engine\Intermediate\Build\Win64\UnrealFrontend\Development\SessionFrontend\UnrealFrontend-SessionFrontend.suppressed.exp 占쏙옙체占쏙옙 占쏙옙占쏙옙占싹곤옙 占쌍쏙옙占싹댐옙.
    [354/356] UnrealFrontend-SlateReflector.lib
       D:\ub\Engine\Intermediate\Build\Win64\UnrealFrontend\Development\SlateReflector\UnrealFrontend-SlateReflector.lib 占쏙옙占싱브러占쏙옙 占쏙옙 D:\ub\Engine\Intermediate\Build\Win64\UnrealFrontend\Development\SlateReflector\UnrealFrontend-SlateReflector.exp 占쏙옙체占쏙옙 占쏙옙占쏙옙占싹곤옙 占쌍쏙옙占싹댐옙.
    [355/356] UnrealFrontend-SlateReflector.dll
       D:\ub\Engine\Intermediate\Build\Win64\UnrealFrontend\Development\SlateReflector\UnrealFrontend-SlateReflector.suppressed.lib 占쏙옙占싱브러占쏙옙 占쏙옙 D:\ub\Engine\Intermediate\Build\Win64\UnrealFrontend\Development\SlateReflector\UnrealFrontend-SlateReflector.suppressed.exp 占쏙옙체占쏙옙 占쏙옙占쏙옙占싹곤옙 占쌍쏙옙占싹댐옙.
    [356/356] UnrealFrontend.target
  Total time in Parallel executor: 381.18 seconds
  Total execution time: 1671.53 seconds
