  Creating makefile for UnrealInsights (no existing makefile)
  Building UnrealInsights...
  Using Visual Studio 2019 14.29.30133 toolchain (C:\Program Files (x86)\Microsoft Visual Studio\2019\Community\VC\Tools\MSVC\14.29.30133) and Windows 10.0.18362.0 SDK (C:\Program Files (x86)\Windows Kits\10).
  Building 223 actions with 8 processes...
    [1/223] Default.rc2
    [2/223] dte80a.cpp
    [3/223] PCH.ImageWrapper.cpp
    [4/223] BuildSettings.cpp
    [5/223] Module.TraceLog.cpp
    [6/223] UnrealInsights-TraceLog.dll
       D:\ub\Engine\Intermediate\Build\Win64\UnrealInsights\Development\TraceLog\UnrealInsights-TraceLog.suppressed.lib 占쏙옙占싱브러占쏙옙 占쏙옙 D:\ub\Engine\Intermediate\Build\Win64\UnrealInsights\Development\TraceLog\UnrealInsights-TraceLog.suppressed.exp 占쏙옙체占쏙옙 占쏙옙占쏙옙占싹곤옙 占쌍쏙옙占싹댐옙.
    [7/223] UnrealInsights-BuildSettings.dll
       D:\ub\Engine\Intermediate\Build\Win64\UnrealInsights\Development\BuildSettings\UnrealInsights-BuildSettings.suppressed.lib 占쏙옙占싱브러占쏙옙 占쏙옙 D:\ub\Engine\Intermediate\Build\Win64\UnrealInsights\Development\BuildSettings\UnrealInsights-BuildSettings.suppressed.exp 占쏙옙체占쏙옙 占쏙옙占쏙옙占싹곤옙 占쌍쏙옙占싹댐옙.
    [8/223] UnrealInsights-TraceLog.lib
       D:\ub\Engine\Intermediate\Build\Win64\UnrealInsights\Development\TraceLog\UnrealInsights-TraceLog.lib 占쏙옙占싱브러占쏙옙 占쏙옙 D:\ub\Engine\Intermediate\Build\Win64\UnrealInsights\Development\TraceLog\UnrealInsights-TraceLog.exp 占쏙옙체占쏙옙 占쏙옙占쏙옙占싹곤옙 占쌍쏙옙占싹댐옙.
    [9/223] SharedPCH.Core.ShadowErrors.cpp
    [10/223] SharedPCH.CoreUObject.ShadowErrors.cpp
    [11/223] PCH.Core.cpp
    [12/223] Module.ImageWrapper.cpp
    [13/223] PCH.CoreUObject.cpp
    [14/223] Module.ImageWrapper.gen.cpp
    [15/223] Module.Json.cpp
    [16/223] Module.Core.4_of_15.cpp
    [17/223] Module.SlateCore.gen.cpp
    [18/223] Module.Core.2_of_15.cpp
    [19/223] Module.Core.3_of_15.cpp
    [20/223] SharedPCH.Slate.ShadowErrors.cpp
    [21/223] Module.UnrealInsights.cpp
    [22/223] Module.Core.15_of_15.cpp
    [23/223] Module.Core.7_of_15.cpp
    [24/223] Module.Core.10_of_15.cpp
    [25/223] Module.Core.9_of_15.cpp
    [26/223] Module.Core.11_of_15.cpp
    [27/223] Module.Core.6_of_15.cpp
    [28/223] Module.Core.13_of_15.cpp
    [29/223] Module.Core.12_of_15.cpp
    [30/223] Module.Core.14_of_15.cpp
    [31/223] Module.Core.8_of_15.cpp
    [32/223] Module.Core.5_of_15.cpp
    [33/223] Module.CoreUObject.9_of_9.cpp
    [34/223] Module.CoreUObject.gen.cpp
    [35/223] Module.CoreUObject.3_of_9.cpp
    [36/223] Module.CoreUObject.6_of_9.cpp
    [37/223] Module.CoreUObject.2_of_9.cpp
    [38/223] Module.CoreUObject.1_of_9.cpp
    [39/223] Module.CoreUObject.8_of_9.cpp
    [40/223] Module.SlateCore.2_of_3.cpp
    [41/223] Module.SlateCore.1_of_3.cpp
    [42/223] Module.CoreUObject.7_of_9.cpp
    [43/223] Module.Slate.gen.cpp
    [44/223] Module.CoreUObject.4_of_9.cpp
    [45/223] Module.Slate.5_of_5.cpp
    [46/223] Module.Slate.3_of_5.cpp
    [47/223] Module.InputCore.gen.cpp
    [48/223] Module.InputCore.cpp
    [49/223] Module.EditorStyle.cpp
    [50/223] Module.Slate.4_of_5.cpp
    [51/223] Module.DesktopPlatform.cpp
    [52/223] Module.Projects.cpp
    [53/223] Module.Slate.1_of_5.cpp
    [54/223] Module.TraceAnalysis.cpp
    [55/223] Module.TraceInsights.5_of_5.cpp
    [56/223] Module.TraceInsights.1_of_5.cpp
    [57/223] Module.TraceInsights.3_of_5.cpp
    [58/223] Module.Slate.2_of_5.cpp
    [59/223] Module.AssetRegistry.cpp
    [60/223] Module.TraceServices.cpp
    [61/223] Module.AssetRegistry.gen.cpp
    [62/223] AutomationMessagesModule.cpp
    [63/223] Module.SourceCodeAccess.gen.cpp
    [64/223] Module.JsonUtilities.gen.cpp
    [65/223] Module.SourceCodeAccess.cpp
    [66/223] Module.JsonUtilities.cpp
    [67/223] UnrealEdMessagesModule.cpp
    [68/223] Module.Sockets.cpp
    [69/223] AutomationMessages.init.gen.cpp
    [70/223] AssetEditorMessages.gen.cpp
    [71/223] AutomationWorkerMessages.gen.cpp
    [72/223] FileServerMessages.gen.cpp
    [73/223] UnrealEdMessages.init.gen.cpp
    [74/223] Analytics.cpp
    [75/223] Module.Cbor.cpp
    [76/223] Module.AutomationController.gen.cpp
    [77/223] Module.MessageLog.cpp
    [78/223] Module.AutomationController.cpp
    [79/223] Module.TraceInsights.4_of_5.cpp
    [80/223] Module.AutomationWorker.cpp
    [81/223] EngineServiceMessages.gen.cpp
    [82/223] EngineMessages.init.gen.cpp
    [83/223] Module.Settings.cpp
    [84/223] EngineMessagesModule.cpp
    [85/223] Module.TraceInsights.2_of_5.cpp
    [86/223] Module.ScreenShotComparisonTools.gen.cpp
    [87/223] Module.RHI.cpp
    [88/223] Module.HTTP.cpp
    [89/223] Module.SSL.cpp
    [90/223] NetCommonModule.cpp
    [91/223] Module.ScreenShotComparisonTools.cpp
    [92/223] SessionMessagesModule.cpp
    [93/223] SessionServiceMessages.gen.cpp
    [94/223] SessionMessages.init.gen.cpp
    [95/223] WorkspaceMenuStructureModule.cpp
    [96/223] Module.XmlParser.cpp
    [97/223] Module.RenderCore.3_of_3.cpp
    [98/223] Module.AutomationWindow.gen.cpp
    [99/223] Module.SessionServices.cpp
    [100/223] Module.GeForceNOWWrapper.cpp
    [101/223] Module.TraceDataFiltering.gen.cpp
    [102/223] Module.SlateReflector.gen.cpp
    [103/223] Module.AnalyticsET.cpp
    [104/223] Module.Messaging.cpp
    [105/223] Module.RenderCore.1_of_3.cpp
    [106/223] Module.RenderCore.2_of_3.cpp
    [107/223] Module.AutomationWindow.cpp
    [108/223] UnrealInsights-Messaging.lib
       D:\ub\Engine\Intermediate\Build\Win64\UnrealInsights\Development\Messaging\UnrealInsights-Messaging.lib 占쏙옙占싱브러占쏙옙 占쏙옙 D:\ub\Engine\Intermediate\Build\Win64\UnrealInsights\Development\Messaging\UnrealInsights-Messaging.exp 占쏙옙체占쏙옙 占쏙옙占쏙옙占싹곤옙 占쌍쏙옙占싹댐옙.
    [109/223] UnrealInsights.lib
       D:\ub\Engine\Intermediate\Build\Win64\UnrealInsights\Development\UnrealInsights.lib 占쏙옙占싱브러占쏙옙 占쏙옙 D:\ub\Engine\Intermediate\Build\Win64\UnrealInsights\Development\UnrealInsights.exp 占쏙옙체占쏙옙 占쏙옙占쏙옙占싹곤옙 占쌍쏙옙占싹댐옙.
    [110/223] Module.TraceDataFiltering.cpp
    [111/223] UnrealInsights-TraceDataFiltering.lib
       D:\ub\Engine\Plugins\Developer\TraceDataFiltering\Intermediate\Build\Win64\UnrealInsights\Development\TraceDataFiltering\UnrealInsights-TraceDataFiltering.lib 占쏙옙占싱브러占쏙옙 占쏙옙 D:\ub\Engine\Plugins\Developer\TraceDataFiltering\Intermediate\Build\Win64\UnrealInsights\Development\TraceDataFiltering\UnrealInsights-TraceDataFiltering.exp 占쏙옙체占쏙옙 占쏙옙占쏙옙占싹곤옙 占쌍쏙옙占싹댐옙.
    [112/223] Module.NetworkPredictionInsights.cpp
    [113/223] Module.StandaloneRenderer.cpp
    [114/223] UnrealInsights-NetworkPredictionInsights.lib
       D:\ub\Engine\Plugins\Runtime\NetworkPredictionInsights\Intermediate\Build\Win64\UnrealInsights\Development\NetworkPredictionInsights\UnrealInsights-NetworkPredictionInsights.lib 占쏙옙占싱브러占쏙옙 占쏙옙 D:\ub\Engine\Plugins\Runtime\NetworkPredictionInsights\Intermediate\Build\Win64\UnrealInsights\Development\NetworkPredictionInsights\UnrealInsights-NetworkPredictionInsights.exp 占쏙옙체占쏙옙 占쏙옙占쏙옙占싹곤옙 占쌍쏙옙占싹댐옙.
    [115/223] Module.SlateInsights.cpp
    [116/223] UnrealInsights-SlateInsights.lib
       D:\ub\Engine\Plugins\Slate\SlateInsights\Intermediate\Build\Win64\UnrealInsights\Development\SlateInsights\UnrealInsights-SlateInsights.lib 占쏙옙占싱브러占쏙옙 占쏙옙 D:\ub\Engine\Plugins\Slate\SlateInsights\Intermediate\Build\Win64\UnrealInsights\Development\SlateInsights\UnrealInsights-SlateInsights.exp 占쏙옙체占쏙옙 占쏙옙占쏙옙占싹곤옙 占쌍쏙옙占싹댐옙.
    [117/223] UnrealInsights-Json.lib
       D:\ub\Engine\Intermediate\Build\Win64\UnrealInsights\Development\Json\UnrealInsights-Json.lib 占쏙옙占싱브러占쏙옙 占쏙옙 D:\ub\Engine\Intermediate\Build\Win64\UnrealInsights\Development\Json\UnrealInsights-Json.exp 占쏙옙체占쏙옙 占쏙옙占쏙옙占싹곤옙 占쌍쏙옙占싹댐옙.
    [118/223] Module.AppFramework.cpp
    [119/223] Module.EditorStyle.gen.cpp
    [120/223] UnrealInsights-DesktopPlatform.lib
       D:\ub\Engine\Intermediate\Build\Win64\UnrealInsights\Development\DesktopPlatform\UnrealInsights-DesktopPlatform.lib 占쏙옙占싱브러占쏙옙 占쏙옙 D:\ub\Engine\Intermediate\Build\Win64\UnrealInsights\Development\DesktopPlatform\UnrealInsights-DesktopPlatform.exp 占쏙옙체占쏙옙 占쏙옙占쏙옙占싹곤옙 占쌍쏙옙占싹댐옙.
    [121/223] UnrealInsights-TraceAnalysis.lib
       D:\ub\Engine\Intermediate\Build\Win64\UnrealInsights\Development\TraceAnalysis\UnrealInsights-TraceAnalysis.lib 占쏙옙占싱브러占쏙옙 占쏙옙 D:\ub\Engine\Intermediate\Build\Win64\UnrealInsights\Development\TraceAnalysis\UnrealInsights-TraceAnalysis.exp 占쏙옙체占쏙옙 占쏙옙占쏙옙占싹곤옙 占쌍쏙옙占싹댐옙.
    [122/223] UnrealInsights-Projects.lib
       D:\ub\Engine\Intermediate\Build\Win64\UnrealInsights\Development\Projects\UnrealInsights-Projects.lib 占쏙옙占싱브러占쏙옙 占쏙옙 D:\ub\Engine\Intermediate\Build\Win64\UnrealInsights\Development\Projects\UnrealInsights-Projects.exp 占쏙옙체占쏙옙 占쏙옙占쏙옙占싹곤옙 占쌍쏙옙占싹댐옙.
    [123/223] UnrealInsights-TraceServices.lib
       D:\ub\Engine\Intermediate\Build\Win64\UnrealInsights\Development\TraceServices\UnrealInsights-TraceServices.lib 占쏙옙占싱브러占쏙옙 占쏙옙 D:\ub\Engine\Intermediate\Build\Win64\UnrealInsights\Development\TraceServices\UnrealInsights-TraceServices.exp 占쏙옙체占쏙옙 占쏙옙占쏙옙占싹곤옙 占쌍쏙옙占싹댐옙.
    [124/223] UnrealInsights-Sockets.lib
       D:\ub\Engine\Intermediate\Build\Win64\UnrealInsights\Development\Sockets\UnrealInsights-Sockets.lib 占쏙옙占싱브러占쏙옙 占쏙옙 D:\ub\Engine\Intermediate\Build\Win64\UnrealInsights\Development\Sockets\UnrealInsights-Sockets.exp 占쏙옙체占쏙옙 占쏙옙占쏙옙占싹곤옙 占쌍쏙옙占싹댐옙.
    [125/223] dte80a.tlh
    [126/223] UnrealInsights-RHI.lib
       D:\ub\Engine\Intermediate\Build\Win64\UnrealInsights\Development\RHI\UnrealInsights-RHI.lib 占쏙옙占싱브러占쏙옙 占쏙옙 D:\ub\Engine\Intermediate\Build\Win64\UnrealInsights\Development\RHI\UnrealInsights-RHI.exp 占쏙옙체占쏙옙 占쏙옙占쏙옙占싹곤옙 占쌍쏙옙占싹댐옙.
    [127/223] UnrealInsights-AppFramework.lib
       D:\ub\Engine\Intermediate\Build\Win64\UnrealInsights\Development\AppFramework\UnrealInsights-AppFramework.lib 占쏙옙占싱브러占쏙옙 占쏙옙 D:\ub\Engine\Intermediate\Build\Win64\UnrealInsights\Development\AppFramework\UnrealInsights-AppFramework.exp 占쏙옙체占쏙옙 占쏙옙占쏙옙占싹곤옙 占쌍쏙옙占싹댐옙.
    [128/223] UnrealInsights-Cbor.lib
       D:\ub\Engine\Intermediate\Build\Win64\UnrealInsights\Development\Cbor\UnrealInsights-Cbor.lib 占쏙옙占싱브러占쏙옙 占쏙옙 D:\ub\Engine\Intermediate\Build\Win64\UnrealInsights\Development\Cbor\UnrealInsights-Cbor.exp 占쏙옙체占쏙옙 占쏙옙占쏙옙占싹곤옙 占쌍쏙옙占싹댐옙.
    [129/223] Module.Core.1_of_15.cpp
    [130/223] UnrealInsights-HTTP.lib
       D:\ub\Engine\Intermediate\Build\Win64\UnrealInsights\Development\HTTP\UnrealInsights-HTTP.lib 占쏙옙占싱브러占쏙옙 占쏙옙 D:\ub\Engine\Intermediate\Build\Win64\UnrealInsights\Development\HTTP\UnrealInsights-HTTP.exp 占쏙옙체占쏙옙 占쏙옙占쏙옙占싹곤옙 占쌍쏙옙占싹댐옙.
    [131/223] UnrealInsights-MessageLog.lib
       D:\ub\Engine\Intermediate\Build\Win64\UnrealInsights\Development\MessageLog\UnrealInsights-MessageLog.lib 占쏙옙占싱브러占쏙옙 占쏙옙 D:\ub\Engine\Intermediate\Build\Win64\UnrealInsights\Development\MessageLog\UnrealInsights-MessageLog.exp 占쏙옙체占쏙옙 占쏙옙占쏙옙占싹곤옙 占쌍쏙옙占싹댐옙.
    [132/223] UnrealInsights-Analytics.lib
       D:\ub\Engine\Intermediate\Build\Win64\UnrealInsights\Development\Analytics\UnrealInsights-Analytics.lib 占쏙옙占싱브러占쏙옙 占쏙옙 D:\ub\Engine\Intermediate\Build\Win64\UnrealInsights\Development\Analytics\UnrealInsights-Analytics.exp 占쏙옙체占쏙옙 占쏙옙占쏙옙占싹곤옙 占쌍쏙옙占싹댐옙.
    [133/223] UnrealInsights-Settings.lib
       D:\ub\Engine\Intermediate\Build\Win64\UnrealInsights\Development\Settings\UnrealInsights-Settings.lib 占쏙옙占싱브러占쏙옙 占쏙옙 D:\ub\Engine\Intermediate\Build\Win64\UnrealInsights\Development\Settings\UnrealInsights-Settings.exp 占쏙옙체占쏙옙 占쏙옙占쏙옙占싹곤옙 占쌍쏙옙占싹댐옙.
    [134/223] UnrealInsights-NetCommon.lib
       D:\ub\Engine\Intermediate\Build\Win64\UnrealInsights\Development\NetCommon\UnrealInsights-NetCommon.lib 占쏙옙占싱브러占쏙옙 占쏙옙 D:\ub\Engine\Intermediate\Build\Win64\UnrealInsights\Development\NetCommon\UnrealInsights-NetCommon.exp 占쏙옙체占쏙옙 占쏙옙占쏙옙占싹곤옙 占쌍쏙옙占싹댐옙.
    [135/223] UnrealInsights-AutomationWorker.lib
       D:\ub\Engine\Intermediate\Build\Win64\UnrealInsights\Development\AutomationWorker\UnrealInsights-AutomationWorker.lib 占쏙옙占싱브러占쏙옙 占쏙옙 D:\ub\Engine\Intermediate\Build\Win64\UnrealInsights\Development\AutomationWorker\UnrealInsights-AutomationWorker.exp 占쏙옙체占쏙옙 占쏙옙占쏙옙占싹곤옙 占쌍쏙옙占싹댐옙.
    [136/223] UnrealInsights-GeForceNOWWrapper.lib
       D:\ub\Engine\Intermediate\Build\Win64\UnrealInsights\Development\GeForceNOWWrapper\UnrealInsights-GeForceNOWWrapper.lib 占쏙옙占싱브러占쏙옙 占쏙옙 D:\ub\Engine\Intermediate\Build\Win64\UnrealInsights\Development\GeForceNOWWrapper\UnrealInsights-GeForceNOWWrapper.exp 占쏙옙체占쏙옙 占쏙옙占쏙옙占싹곤옙 占쌍쏙옙占싹댐옙.
    [137/223] UnrealInsights-WorkspaceMenuStructure.lib
       D:\ub\Engine\Intermediate\Build\Win64\UnrealInsights\Development\WorkspaceMenuStructure\UnrealInsights-WorkspaceMenuStructure.lib 占쏙옙占싱브러占쏙옙 占쏙옙 D:\ub\Engine\Intermediate\Build\Win64\UnrealInsights\Development\WorkspaceMenuStructure\UnrealInsights-WorkspaceMenuStructure.exp 占쏙옙체占쏙옙 占쏙옙占쏙옙占싹곤옙 占쌍쏙옙占싹댐옙.
    [138/223] UnrealInsights-AnalyticsET.lib
       D:\ub\Engine\Intermediate\Build\Win64\UnrealInsights\Development\AnalyticsET\UnrealInsights-AnalyticsET.lib 占쏙옙占싱브러占쏙옙 占쏙옙 D:\ub\Engine\Intermediate\Build\Win64\UnrealInsights\Development\AnalyticsET\UnrealInsights-AnalyticsET.exp 占쏙옙체占쏙옙 占쏙옙占쏙옙占싹곤옙 占쌍쏙옙占싹댐옙.
    [139/223] UnrealInsights-SSL.lib
       D:\ub\Engine\Intermediate\Build\Win64\UnrealInsights\Development\SSL\UnrealInsights-SSL.lib 占쏙옙占싱브러占쏙옙 占쏙옙 D:\ub\Engine\Intermediate\Build\Win64\UnrealInsights\Development\SSL\UnrealInsights-SSL.exp 占쏙옙체占쏙옙 占쏙옙占쏙옙占싹곤옙 占쌍쏙옙占싹댐옙.
    [140/223] UnrealInsights-XmlParser.lib
       D:\ub\Engine\Intermediate\Build\Win64\UnrealInsights\Development\XmlParser\UnrealInsights-XmlParser.lib 占쏙옙占싱브러占쏙옙 占쏙옙 D:\ub\Engine\Intermediate\Build\Win64\UnrealInsights\Development\XmlParser\UnrealInsights-XmlParser.exp 占쏙옙체占쏙옙 占쏙옙占쏙옙占싹곤옙 占쌍쏙옙占싹댐옙.
    [141/223] UnrealInsights-SessionServices.lib
       D:\ub\Engine\Intermediate\Build\Win64\UnrealInsights\Development\SessionServices\UnrealInsights-SessionServices.lib 占쏙옙占싱브러占쏙옙 占쏙옙 D:\ub\Engine\Intermediate\Build\Win64\UnrealInsights\Development\SessionServices\UnrealInsights-SessionServices.exp 占쏙옙체占쏙옙 占쏙옙占쏙옙占싹곤옙 占쌍쏙옙占싹댐옙.
    [142/223] UnrealInsights-StandaloneRenderer.lib
       D:\ub\Engine\Intermediate\Build\Win64\UnrealInsights\Development\StandaloneRenderer\UnrealInsights-StandaloneRenderer.lib 占쏙옙占싱브러占쏙옙 占쏙옙 D:\ub\Engine\Intermediate\Build\Win64\UnrealInsights\Development\StandaloneRenderer\UnrealInsights-StandaloneRenderer.exp 占쏙옙체占쏙옙 占쏙옙占쏙옙占싹곤옙 占쌍쏙옙占싹댐옙.
    [143/223] UnrealInsights-BuildSettings.lib
       D:\ub\Engine\Intermediate\Build\Win64\UnrealInsights\Development\BuildSettings\UnrealInsights-BuildSettings.lib 占쏙옙占싱브러占쏙옙 占쏙옙 D:\ub\Engine\Intermediate\Build\Win64\UnrealInsights\Development\BuildSettings\UnrealInsights-BuildSettings.exp 占쏙옙체占쏙옙 占쏙옙占쏙옙占싹곤옙 占쌍쏙옙占싹댐옙.
    [144/223] UnrealInsights-InputCore.lib
       D:\ub\Engine\Intermediate\Build\Win64\UnrealInsights\Development\InputCore\UnrealInsights-InputCore.lib 占쏙옙占싱브러占쏙옙 占쏙옙 D:\ub\Engine\Intermediate\Build\Win64\UnrealInsights\Development\InputCore\UnrealInsights-InputCore.exp 占쏙옙체占쏙옙 占쏙옙占쏙옙占싹곤옙 占쌍쏙옙占싹댐옙.
    [145/223] UnrealInsights-EditorStyle.lib
       D:\ub\Engine\Intermediate\Build\Win64\UnrealInsights\Development\EditorStyle\UnrealInsights-EditorStyle.lib 占쏙옙占싱브러占쏙옙 占쏙옙 D:\ub\Engine\Intermediate\Build\Win64\UnrealInsights\Development\EditorStyle\UnrealInsights-EditorStyle.exp 占쏙옙체占쏙옙 占쏙옙占쏙옙占싹곤옙 占쌍쏙옙占싹댐옙.
    [146/223] UnrealInsights-AssetRegistry.lib
       D:\ub\Engine\Intermediate\Build\Win64\UnrealInsights\Development\AssetRegistry\UnrealInsights-AssetRegistry.lib 占쏙옙占싱브러占쏙옙 占쏙옙 D:\ub\Engine\Intermediate\Build\Win64\UnrealInsights\Development\AssetRegistry\UnrealInsights-AssetRegistry.exp 占쏙옙체占쏙옙 占쏙옙占쏙옙占싹곤옙 占쌍쏙옙占싹댐옙.
    [147/223] UnrealInsights-JsonUtilities.lib
       D:\ub\Engine\Intermediate\Build\Win64\UnrealInsights\Development\JsonUtilities\UnrealInsights-JsonUtilities.lib 占쏙옙占싱브러占쏙옙 占쏙옙 D:\ub\Engine\Intermediate\Build\Win64\UnrealInsights\Development\JsonUtilities\UnrealInsights-JsonUtilities.exp 占쏙옙체占쏙옙 占쏙옙占쏙옙占싹곤옙 占쌍쏙옙占싹댐옙.
    [148/223] UnrealInsights-ImageWrapper.lib
       D:\ub\Engine\Intermediate\Build\Win64\UnrealInsights\Development\ImageWrapper\UnrealInsights-ImageWrapper.lib 占쏙옙占싱브러占쏙옙 占쏙옙 D:\ub\Engine\Intermediate\Build\Win64\UnrealInsights\Development\ImageWrapper\UnrealInsights-ImageWrapper.exp 占쏙옙체占쏙옙 占쏙옙占쏙옙占싹곤옙 占쌍쏙옙占싹댐옙.
    [149/223] UnrealInsights-Core.dll
       D:\ub\Engine\Intermediate\Build\Win64\UnrealInsights\Development\Core\UnrealInsights-Core.suppressed.lib 占쏙옙占싱브러占쏙옙 占쏙옙 D:\ub\Engine\Intermediate\Build\Win64\UnrealInsights\Development\Core\UnrealInsights-Core.suppressed.exp 占쏙옙체占쏙옙 占쏙옙占쏙옙占싹곤옙 占쌍쏙옙占싹댐옙.
    [150/223] UnrealInsights-SourceCodeAccess.lib
       D:\ub\Engine\Intermediate\Build\Win64\UnrealInsights\Development\SourceCodeAccess\UnrealInsights-SourceCodeAccess.lib 占쏙옙占싱브러占쏙옙 占쏙옙 D:\ub\Engine\Intermediate\Build\Win64\UnrealInsights\Development\SourceCodeAccess\UnrealInsights-SourceCodeAccess.exp 占쏙옙체占쏙옙 占쏙옙占쏙옙占싹곤옙 占쌍쏙옙占싹댐옙.
    [151/223] Module.GameplayInsights.cpp
    [152/223] Module.VisualStudioSourceCodeAccess.cpp
    [153/223] UnrealInsights-AutomationController.lib
       D:\ub\Engine\Intermediate\Build\Win64\UnrealInsights\Development\AutomationController\UnrealInsights-AutomationController.lib 占쏙옙占싱브러占쏙옙 占쏙옙 D:\ub\Engine\Intermediate\Build\Win64\UnrealInsights\Development\AutomationController\UnrealInsights-AutomationController.exp 占쏙옙체占쏙옙 占쏙옙占쏙옙占싹곤옙 占쌍쏙옙占싹댐옙.
    [154/223] UnrealInsights-AutomationWindow.lib
       D:\ub\Engine\Intermediate\Build\Win64\UnrealInsights\Development\AutomationWindow\UnrealInsights-AutomationWindow.lib 占쏙옙占싱브러占쏙옙 占쏙옙 D:\ub\Engine\Intermediate\Build\Win64\UnrealInsights\Development\AutomationWindow\UnrealInsights-AutomationWindow.exp 占쏙옙체占쏙옙 占쏙옙占쏙옙占싹곤옙 占쌍쏙옙占싹댐옙.
    [155/223] UnrealInsights-GameplayInsights.lib
       D:\ub\Engine\Plugins\Animation\GameplayInsights\Intermediate\Build\Win64\UnrealInsights\Development\GameplayInsights\UnrealInsights-GameplayInsights.lib 占쏙옙占싱브러占쏙옙 占쏙옙 D:\ub\Engine\Plugins\Animation\GameplayInsights\Intermediate\Build\Win64\UnrealInsights\Development\GameplayInsights\UnrealInsights-GameplayInsights.exp 占쏙옙체占쏙옙 占쏙옙占쏙옙占싹곤옙 占쌍쏙옙占싹댐옙.
    [156/223] UnrealInsights-VisualStudioSourceCodeAccess.lib
       D:\ub\Engine\Plugins\Developer\VisualStudioSourceCodeAccess\Intermediate\Build\Win64\UnrealInsights\Development\VisualStudioSourceCodeAccess\UnrealInsights-VisualStudioSourceCodeAccess.lib 占쏙옙占싱브러占쏙옙 占쏙옙 D:\ub\Engine\Plugins\Developer\VisualStudioSourceCodeAccess\Intermediate\Build\Win64\UnrealInsights\Development\VisualStudioSourceCodeAccess\UnrealInsights-VisualStudioSourceCodeAccess.exp 占쏙옙체占쏙옙 占쏙옙占쏙옙占싹곤옙 占쌍쏙옙占싹댐옙.
    [157/223] UnrealInsights-ScreenShotComparisonTools.lib
       D:\ub\Engine\Intermediate\Build\Win64\UnrealInsights\Development\ScreenShotComparisonTools\UnrealInsights-ScreenShotComparisonTools.lib 占쏙옙占싱브러占쏙옙 占쏙옙 D:\ub\Engine\Intermediate\Build\Win64\UnrealInsights\Development\ScreenShotComparisonTools\UnrealInsights-ScreenShotComparisonTools.exp 占쏙옙체占쏙옙 占쏙옙占쏙옙占싹곤옙 占쌍쏙옙占싹댐옙.
    [158/223] UnrealInsights-AutomationMessages.lib
       D:\ub\Engine\Intermediate\Build\Win64\UnrealInsights\Development\AutomationMessages\UnrealInsights-AutomationMessages.lib 占쏙옙占싱브러占쏙옙 占쏙옙 D:\ub\Engine\Intermediate\Build\Win64\UnrealInsights\Development\AutomationMessages\UnrealInsights-AutomationMessages.exp 占쏙옙체占쏙옙 占쏙옙占쏙옙占싹곤옙 占쌍쏙옙占싹댐옙.
    [159/223] UnrealInsights-EngineMessages.lib
       D:\ub\Engine\Intermediate\Build\Win64\UnrealInsights\Development\EngineMessages\UnrealInsights-EngineMessages.lib 占쏙옙占싱브러占쏙옙 占쏙옙 D:\ub\Engine\Intermediate\Build\Win64\UnrealInsights\Development\EngineMessages\UnrealInsights-EngineMessages.exp 占쏙옙체占쏙옙 占쏙옙占쏙옙占싹곤옙 占쌍쏙옙占싹댐옙.
    [160/223] UnrealInsights-SessionMessages.lib
       D:\ub\Engine\Intermediate\Build\Win64\UnrealInsights\Development\SessionMessages\UnrealInsights-SessionMessages.lib 占쏙옙占싱브러占쏙옙 占쏙옙 D:\ub\Engine\Intermediate\Build\Win64\UnrealInsights\Development\SessionMessages\UnrealInsights-SessionMessages.exp 占쏙옙체占쏙옙 占쏙옙占쏙옙占싹곤옙 占쌍쏙옙占싹댐옙.
    [161/223] UnrealInsights-RenderCore.lib
       D:\ub\Engine\Intermediate\Build\Win64\UnrealInsights\Development\RenderCore\UnrealInsights-RenderCore.lib 占쏙옙占싱브러占쏙옙 占쏙옙 D:\ub\Engine\Intermediate\Build\Win64\UnrealInsights\Development\RenderCore\UnrealInsights-RenderCore.exp 占쏙옙체占쏙옙 占쏙옙占쏙옙占싹곤옙 占쌍쏙옙占싹댐옙.
    [162/223] UnrealInsights-UnrealEdMessages.lib
       D:\ub\Engine\Intermediate\Build\Win64\UnrealInsights\Development\UnrealEdMessages\UnrealInsights-UnrealEdMessages.lib 占쏙옙占싱브러占쏙옙 占쏙옙 D:\ub\Engine\Intermediate\Build\Win64\UnrealInsights\Development\UnrealEdMessages\UnrealInsights-UnrealEdMessages.exp 占쏙옙체占쏙옙 占쏙옙占쏙옙占싹곤옙 占쌍쏙옙占싹댐옙.
    [163/223] UnrealInsights-TraceInsights.lib
       D:\ub\Engine\Intermediate\Build\Win64\UnrealInsights\Development\TraceInsights\UnrealInsights-TraceInsights.lib 占쏙옙占싱브러占쏙옙 占쏙옙 D:\ub\Engine\Intermediate\Build\Win64\UnrealInsights\Development\TraceInsights\UnrealInsights-TraceInsights.exp 占쏙옙체占쏙옙 占쏙옙占쏙옙占싹곤옙 占쌍쏙옙占싹댐옙.
    [164/223] Module.CoreUObject.5_of_9.cpp
    [165/223] UnrealInsights-Slate.lib
       D:\ub\Engine\Intermediate\Build\Win64\UnrealInsights\Development\Slate\UnrealInsights-Slate.lib 占쏙옙占싱브러占쏙옙 占쏙옙 D:\ub\Engine\Intermediate\Build\Win64\UnrealInsights\Development\Slate\UnrealInsights-Slate.exp 占쏙옙체占쏙옙 占쏙옙占쏙옙占싹곤옙 占쌍쏙옙占싹댐옙.
    [166/223] UnrealInsights-Core.lib
       D:\ub\Engine\Intermediate\Build\Win64\UnrealInsights\Development\Core\UnrealInsights-Core.lib 占쏙옙占싱브러占쏙옙 占쏙옙 D:\ub\Engine\Intermediate\Build\Win64\UnrealInsights\Development\Core\UnrealInsights-Core.exp 占쏙옙체占쏙옙 占쏙옙占쏙옙占싹곤옙 占쌍쏙옙占싹댐옙.
    [167/223] UnrealInsights-CoreUObject.lib
       D:\ub\Engine\Intermediate\Build\Win64\UnrealInsights\Development\CoreUObject\UnrealInsights-CoreUObject.lib 占쏙옙占싱브러占쏙옙 占쏙옙 D:\ub\Engine\Intermediate\Build\Win64\UnrealInsights\Development\CoreUObject\UnrealInsights-CoreUObject.exp 占쏙옙체占쏙옙 占쏙옙占쏙옙占싹곤옙 占쌍쏙옙占싹댐옙.
    [168/223] UnrealInsights-VisualStudioSourceCodeAccess.dll
       D:\ub\Engine\Plugins\Developer\VisualStudioSourceCodeAccess\Intermediate\Build\Win64\UnrealInsights\Development\VisualStudioSourceCodeAccess\UnrealInsights-VisualStudioSourceCodeAccess.suppressed.lib 占쏙옙占싱브러占쏙옙 占쏙옙 D:\ub\Engine\Plugins\Developer\VisualStudioSourceCodeAccess\Intermediate\Build\Win64\UnrealInsights\Development\VisualStudioSourceCodeAccess\UnrealInsights-VisualStudioSourceCodeAccess.suppressed.exp 占쏙옙체占쏙옙 占쏙옙占쏙옙占싹곤옙 占쌍쏙옙占싹댐옙.
    [169/223] UnrealInsights-AnalyticsET.dll
       D:\ub\Engine\Intermediate\Build\Win64\UnrealInsights\Development\AnalyticsET\UnrealInsights-AnalyticsET.suppressed.lib 占쏙옙占싱브러占쏙옙 占쏙옙 D:\ub\Engine\Intermediate\Build\Win64\UnrealInsights\Development\AnalyticsET\UnrealInsights-AnalyticsET.suppressed.exp 占쏙옙체占쏙옙 占쏙옙占쏙옙占싹곤옙 占쌍쏙옙占싹댐옙.
    [170/223] UnrealInsights-TraceAnalysis.dll
       D:\ub\Engine\Intermediate\Build\Win64\UnrealInsights\Development\TraceAnalysis\UnrealInsights-TraceAnalysis.suppressed.lib 占쏙옙占싱브러占쏙옙 占쏙옙 D:\ub\Engine\Intermediate\Build\Win64\UnrealInsights\Development\TraceAnalysis\UnrealInsights-TraceAnalysis.suppressed.exp 占쏙옙체占쏙옙 占쏙옙占쏙옙占싹곤옙 占쌍쏙옙占싹댐옙.
    [171/223] UnrealInsights-SSL.dll
       D:\ub\Engine\Intermediate\Build\Win64\UnrealInsights\Development\SSL\UnrealInsights-SSL.suppressed.lib 占쏙옙占싱브러占쏙옙 占쏙옙 D:\ub\Engine\Intermediate\Build\Win64\UnrealInsights\Development\SSL\UnrealInsights-SSL.suppressed.exp 占쏙옙체占쏙옙 占쏙옙占쏙옙占싹곤옙 占쌍쏙옙占싹댐옙.
    [172/223] UnrealInsights-ImageWrapper.dll
       D:\ub\Engine\Intermediate\Build\Win64\UnrealInsights\Development\ImageWrapper\UnrealInsights-ImageWrapper.suppressed.lib 占쏙옙占싱브러占쏙옙 占쏙옙 D:\ub\Engine\Intermediate\Build\Win64\UnrealInsights\Development\ImageWrapper\UnrealInsights-ImageWrapper.suppressed.exp 占쏙옙체占쏙옙 占쏙옙占쏙옙占싹곤옙 占쌍쏙옙占싹댐옙.
    [173/223] UnrealInsights-ScreenShotComparisonTools.dll
       D:\ub\Engine\Intermediate\Build\Win64\UnrealInsights\Development\ScreenShotComparisonTools\UnrealInsights-ScreenShotComparisonTools.suppressed.lib 占쏙옙占싱브러占쏙옙 占쏙옙 D:\ub\Engine\Intermediate\Build\Win64\UnrealInsights\Development\ScreenShotComparisonTools\UnrealInsights-ScreenShotComparisonTools.suppressed.exp 占쏙옙체占쏙옙 占쏙옙占쏙옙占싹곤옙 占쌍쏙옙占싹댐옙.
    [174/223] UnrealInsights-UnrealEdMessages.dll
       D:\ub\Engine\Intermediate\Build\Win64\UnrealInsights\Development\UnrealEdMessages\UnrealInsights-UnrealEdMessages.suppressed.lib 占쏙옙占싱브러占쏙옙 占쏙옙 D:\ub\Engine\Intermediate\Build\Win64\UnrealInsights\Development\UnrealEdMessages\UnrealInsights-UnrealEdMessages.suppressed.exp 占쏙옙체占쏙옙 占쏙옙占쏙옙占싹곤옙 占쌍쏙옙占싹댐옙.
    [175/223] UnrealInsights-AutomationMessages.dll
       D:\ub\Engine\Intermediate\Build\Win64\UnrealInsights\Development\AutomationMessages\UnrealInsights-AutomationMessages.suppressed.lib 占쏙옙占싱브러占쏙옙 占쏙옙 D:\ub\Engine\Intermediate\Build\Win64\UnrealInsights\Development\AutomationMessages\UnrealInsights-AutomationMessages.suppressed.exp 占쏙옙체占쏙옙 占쏙옙占쏙옙占싹곤옙 占쌍쏙옙占싹댐옙.
    [176/223] UnrealInsights-JsonUtilities.dll
       D:\ub\Engine\Intermediate\Build\Win64\UnrealInsights\Development\JsonUtilities\UnrealInsights-JsonUtilities.suppressed.lib 占쏙옙占싱브러占쏙옙 占쏙옙 D:\ub\Engine\Intermediate\Build\Win64\UnrealInsights\Development\JsonUtilities\UnrealInsights-JsonUtilities.suppressed.exp 占쏙옙체占쏙옙 占쏙옙占쏙옙占싹곤옙 占쌍쏙옙占싹댐옙.
    [177/223] UnrealInsights-SessionMessages.dll
       D:\ub\Engine\Intermediate\Build\Win64\UnrealInsights\Development\SessionMessages\UnrealInsights-SessionMessages.suppressed.lib 占쏙옙占싱브러占쏙옙 占쏙옙 D:\ub\Engine\Intermediate\Build\Win64\UnrealInsights\Development\SessionMessages\UnrealInsights-SessionMessages.suppressed.exp 占쏙옙체占쏙옙 占쏙옙占쏙옙占싹곤옙 占쌍쏙옙占싹댐옙.
    [178/223] UnrealInsights-EngineMessages.dll
       D:\ub\Engine\Intermediate\Build\Win64\UnrealInsights\Development\EngineMessages\UnrealInsights-EngineMessages.suppressed.lib 占쏙옙占싱브러占쏙옙 占쏙옙 D:\ub\Engine\Intermediate\Build\Win64\UnrealInsights\Development\EngineMessages\UnrealInsights-EngineMessages.suppressed.exp 占쏙옙체占쏙옙 占쏙옙占쏙옙占싹곤옙 占쌍쏙옙占싹댐옙.
    [179/223] UnrealInsights-InputCore.dll
       D:\ub\Engine\Intermediate\Build\Win64\UnrealInsights\Development\InputCore\UnrealInsights-InputCore.suppressed.lib 占쏙옙占싱브러占쏙옙 占쏙옙 D:\ub\Engine\Intermediate\Build\Win64\UnrealInsights\Development\InputCore\UnrealInsights-InputCore.suppressed.exp 占쏙옙체占쏙옙 占쏙옙占쏙옙占싹곤옙 占쌍쏙옙占싹댐옙.
    [180/223] UnrealInsights-Settings.dll
       D:\ub\Engine\Intermediate\Build\Win64\UnrealInsights\Development\Settings\UnrealInsights-Settings.suppressed.lib 占쏙옙占싱브러占쏙옙 占쏙옙 D:\ub\Engine\Intermediate\Build\Win64\UnrealInsights\Development\Settings\UnrealInsights-Settings.suppressed.exp 占쏙옙체占쏙옙 占쏙옙占쏙옙占싹곤옙 占쌍쏙옙占싹댐옙.
    [181/223] UnrealInsights-GeForceNOWWrapper.dll
       D:\ub\Engine\Intermediate\Build\Win64\UnrealInsights\Development\GeForceNOWWrapper\UnrealInsights-GeForceNOWWrapper.suppressed.lib 占쏙옙占싱브러占쏙옙 占쏙옙 D:\ub\Engine\Intermediate\Build\Win64\UnrealInsights\Development\GeForceNOWWrapper\UnrealInsights-GeForceNOWWrapper.suppressed.exp 占쏙옙체占쏙옙 占쏙옙占쏙옙占싹곤옙 占쌍쏙옙占싹댐옙.
    [182/223] UnrealInsights-XmlParser.dll
       D:\ub\Engine\Intermediate\Build\Win64\UnrealInsights\Development\XmlParser\UnrealInsights-XmlParser.suppressed.lib 占쏙옙占싱브러占쏙옙 占쏙옙 D:\ub\Engine\Intermediate\Build\Win64\UnrealInsights\Development\XmlParser\UnrealInsights-XmlParser.suppressed.exp 占쏙옙체占쏙옙 占쏙옙占쏙옙占싹곤옙 占쌍쏙옙占싹댐옙.
    [183/223] UnrealInsights-NetCommon.dll
       D:\ub\Engine\Intermediate\Build\Win64\UnrealInsights\Development\NetCommon\UnrealInsights-NetCommon.suppressed.lib 占쏙옙占싱브러占쏙옙 占쏙옙 D:\ub\Engine\Intermediate\Build\Win64\UnrealInsights\Development\NetCommon\UnrealInsights-NetCommon.suppressed.exp 占쏙옙체占쏙옙 占쏙옙占쏙옙占싹곤옙 占쌍쏙옙占싹댐옙.
    [184/223] UnrealInsights-Projects.dll
       D:\ub\Engine\Intermediate\Build\Win64\UnrealInsights\Development\Projects\UnrealInsights-Projects.suppressed.lib 占쏙옙占싱브러占쏙옙 占쏙옙 D:\ub\Engine\Intermediate\Build\Win64\UnrealInsights\Development\Projects\UnrealInsights-Projects.suppressed.exp 占쏙옙체占쏙옙 占쏙옙占쏙옙占싹곤옙 占쌍쏙옙占싹댐옙.
    [185/223] UnrealInsights-TraceServices.dll
       D:\ub\Engine\Intermediate\Build\Win64\UnrealInsights\Development\TraceServices\UnrealInsights-TraceServices.suppressed.lib 占쏙옙占싱브러占쏙옙 占쏙옙 D:\ub\Engine\Intermediate\Build\Win64\UnrealInsights\Development\TraceServices\UnrealInsights-TraceServices.suppressed.exp 占쏙옙체占쏙옙 占쏙옙占쏙옙占싹곤옙 占쌍쏙옙占싹댐옙.
    [186/223] UnrealInsights-Analytics.dll
       D:\ub\Engine\Intermediate\Build\Win64\UnrealInsights\Development\Analytics\UnrealInsights-Analytics.suppressed.lib 占쏙옙占싱브러占쏙옙 占쏙옙 D:\ub\Engine\Intermediate\Build\Win64\UnrealInsights\Development\Analytics\UnrealInsights-Analytics.suppressed.exp 占쏙옙체占쏙옙 占쏙옙占쏙옙占싹곤옙 占쌍쏙옙占싹댐옙.
    [187/223] UnrealInsights-Json.dll
       D:\ub\Engine\Intermediate\Build\Win64\UnrealInsights\Development\Json\UnrealInsights-Json.suppressed.lib 占쏙옙占싱브러占쏙옙 占쏙옙 D:\ub\Engine\Intermediate\Build\Win64\UnrealInsights\Development\Json\UnrealInsights-Json.suppressed.exp 占쏙옙체占쏙옙 占쏙옙占쏙옙占싹곤옙 占쌍쏙옙占싹댐옙.
    [188/223] Module.ApplicationCore.cpp
    [189/223] UnrealInsights-SourceCodeAccess.dll
       D:\ub\Engine\Intermediate\Build\Win64\UnrealInsights\Development\SourceCodeAccess\UnrealInsights-SourceCodeAccess.suppressed.lib 占쏙옙占싱브러占쏙옙 占쏙옙 D:\ub\Engine\Intermediate\Build\Win64\UnrealInsights\Development\SourceCodeAccess\UnrealInsights-SourceCodeAccess.suppressed.exp 占쏙옙체占쏙옙 占쏙옙占쏙옙占싹곤옙 占쌍쏙옙占싹댐옙.
    [190/223] UnrealInsights-Cbor.dll
       D:\ub\Engine\Intermediate\Build\Win64\UnrealInsights\Development\Cbor\UnrealInsights-Cbor.suppressed.lib 占쏙옙占싱브러占쏙옙 占쏙옙 D:\ub\Engine\Intermediate\Build\Win64\UnrealInsights\Development\Cbor\UnrealInsights-Cbor.suppressed.exp 占쏙옙체占쏙옙 占쏙옙占쏙옙占싹곤옙 占쌍쏙옙占싹댐옙.
    [191/223] UnrealInsights-Messaging.dll
       D:\ub\Engine\Intermediate\Build\Win64\UnrealInsights\Development\Messaging\UnrealInsights-Messaging.suppressed.lib 占쏙옙占싱브러占쏙옙 占쏙옙 D:\ub\Engine\Intermediate\Build\Win64\UnrealInsights\Development\Messaging\UnrealInsights-Messaging.suppressed.exp 占쏙옙체占쏙옙 占쏙옙占쏙옙占싹곤옙 占쌍쏙옙占싹댐옙.
    [192/223] UnrealInsights-ApplicationCore.dll
       D:\ub\Engine\Intermediate\Build\Win64\UnrealInsights\Development\ApplicationCore\UnrealInsights-ApplicationCore.suppressed.lib 占쏙옙占싱브러占쏙옙 占쏙옙 D:\ub\Engine\Intermediate\Build\Win64\UnrealInsights\Development\ApplicationCore\UnrealInsights-ApplicationCore.suppressed.exp 占쏙옙체占쏙옙 占쏙옙占쏙옙占싹곤옙 占쌍쏙옙占싹댐옙.
    [193/223] UnrealInsights-ApplicationCore.lib
       D:\ub\Engine\Intermediate\Build\Win64\UnrealInsights\Development\ApplicationCore\UnrealInsights-ApplicationCore.lib 占쏙옙占싱브러占쏙옙 占쏙옙 D:\ub\Engine\Intermediate\Build\Win64\UnrealInsights\Development\ApplicationCore\UnrealInsights-ApplicationCore.exp 占쏙옙체占쏙옙 占쏙옙占쏙옙占싹곤옙 占쌍쏙옙占싹댐옙.
    [194/223] UnrealInsights-HTTP.dll
       D:\ub\Engine\Intermediate\Build\Win64\UnrealInsights\Development\HTTP\UnrealInsights-HTTP.suppressed.lib 占쏙옙占싱브러占쏙옙 占쏙옙 D:\ub\Engine\Intermediate\Build\Win64\UnrealInsights\Development\HTTP\UnrealInsights-HTTP.suppressed.exp 占쏙옙체占쏙옙 占쏙옙占쏙옙占싹곤옙 占쌍쏙옙占싹댐옙.
    [195/223] Module.SlateReflector.cpp
    [196/223] UnrealInsights-AutomationWorker.dll
       D:\ub\Engine\Intermediate\Build\Win64\UnrealInsights\Development\AutomationWorker\UnrealInsights-AutomationWorker.suppressed.lib 占쏙옙占싱브러占쏙옙 占쏙옙 D:\ub\Engine\Intermediate\Build\Win64\UnrealInsights\Development\AutomationWorker\UnrealInsights-AutomationWorker.suppressed.exp 占쏙옙체占쏙옙 占쏙옙占쏙옙占싹곤옙 占쌍쏙옙占싹댐옙.
    [197/223] UnrealInsights-Sockets.dll
       D:\ub\Engine\Intermediate\Build\Win64\UnrealInsights\Development\Sockets\UnrealInsights-Sockets.suppressed.lib 占쏙옙占싱브러占쏙옙 占쏙옙 D:\ub\Engine\Intermediate\Build\Win64\UnrealInsights\Development\Sockets\UnrealInsights-Sockets.suppressed.exp 占쏙옙체占쏙옙 占쏙옙占쏙옙占싹곤옙 占쌍쏙옙占싹댐옙.
    [198/223] UnrealInsights-SessionServices.dll
       D:\ub\Engine\Intermediate\Build\Win64\UnrealInsights\Development\SessionServices\UnrealInsights-SessionServices.suppressed.lib 占쏙옙占싱브러占쏙옙 占쏙옙 D:\ub\Engine\Intermediate\Build\Win64\UnrealInsights\Development\SessionServices\UnrealInsights-SessionServices.suppressed.exp 占쏙옙체占쏙옙 占쏙옙占쏙옙占싹곤옙 占쌍쏙옙占싹댐옙.
    [199/223] UnrealInsights-SlateReflector.lib
       D:\ub\Engine\Intermediate\Build\Win64\UnrealInsights\Development\SlateReflector\UnrealInsights-SlateReflector.lib 占쏙옙占싱브러占쏙옙 占쏙옙 D:\ub\Engine\Intermediate\Build\Win64\UnrealInsights\Development\SlateReflector\UnrealInsights-SlateReflector.exp 占쏙옙체占쏙옙 占쏙옙占쏙옙占싹곤옙 占쌍쏙옙占싹댐옙.
    [200/223] UnrealInsights-AssetRegistry.dll
       D:\ub\Engine\Intermediate\Build\Win64\UnrealInsights\Development\AssetRegistry\UnrealInsights-AssetRegistry.suppressed.lib 占쏙옙占싱브러占쏙옙 占쏙옙 D:\ub\Engine\Intermediate\Build\Win64\UnrealInsights\Development\AssetRegistry\UnrealInsights-AssetRegistry.suppressed.exp 占쏙옙체占쏙옙 占쏙옙占쏙옙占싹곤옙 占쌍쏙옙占싹댐옙.
    [201/223] UnrealInsights-CoreUObject.dll
       D:\ub\Engine\Intermediate\Build\Win64\UnrealInsights\Development\CoreUObject\UnrealInsights-CoreUObject.suppressed.lib 占쏙옙占싱브러占쏙옙 占쏙옙 D:\ub\Engine\Intermediate\Build\Win64\UnrealInsights\Development\CoreUObject\UnrealInsights-CoreUObject.suppressed.exp 占쏙옙체占쏙옙 占쏙옙占쏙옙占싹곤옙 占쌍쏙옙占싹댐옙.
    [202/223] UnrealInsights-DesktopPlatform.dll
       D:\ub\Engine\Intermediate\Build\Win64\UnrealInsights\Development\DesktopPlatform\UnrealInsights-DesktopPlatform.suppressed.lib 占쏙옙占싱브러占쏙옙 占쏙옙 D:\ub\Engine\Intermediate\Build\Win64\UnrealInsights\Development\DesktopPlatform\UnrealInsights-DesktopPlatform.suppressed.exp 占쏙옙체占쏙옙 占쏙옙占쏙옙占싹곤옙 占쌍쏙옙占싹댐옙.
    [203/223] UnrealInsights-AutomationController.dll
       D:\ub\Engine\Intermediate\Build\Win64\UnrealInsights\Development\AutomationController\UnrealInsights-AutomationController.suppressed.lib 占쏙옙占싱브러占쏙옙 占쏙옙 D:\ub\Engine\Intermediate\Build\Win64\UnrealInsights\Development\AutomationController\UnrealInsights-AutomationController.suppressed.exp 占쏙옙체占쏙옙 占쏙옙占쏙옙占싹곤옙 占쌍쏙옙占싹댐옙.
    [204/223] UnrealInsights-RHI.dll
       D:\ub\Engine\Intermediate\Build\Win64\UnrealInsights\Development\RHI\UnrealInsights-RHI.suppressed.lib 占쏙옙占싱브러占쏙옙 占쏙옙 D:\ub\Engine\Intermediate\Build\Win64\UnrealInsights\Development\RHI\UnrealInsights-RHI.suppressed.exp 占쏙옙체占쏙옙 占쏙옙占쏙옙占싹곤옙 占쌍쏙옙占싹댐옙.
    [205/223] UnrealInsights-RenderCore.dll
       D:\ub\Engine\Intermediate\Build\Win64\UnrealInsights\Development\RenderCore\UnrealInsights-RenderCore.suppressed.lib 占쏙옙占싱브러占쏙옙 占쏙옙 D:\ub\Engine\Intermediate\Build\Win64\UnrealInsights\Development\RenderCore\UnrealInsights-RenderCore.suppressed.exp 占쏙옙체占쏙옙 占쏙옙占쏙옙占싹곤옙 占쌍쏙옙占싹댐옙.
    [206/223] Module.SlateCore.3_of_3.cpp
    [207/223] UnrealInsights-SlateCore.lib
       D:\ub\Engine\Intermediate\Build\Win64\UnrealInsights\Development\SlateCore\UnrealInsights-SlateCore.lib 占쏙옙占싱브러占쏙옙 占쏙옙 D:\ub\Engine\Intermediate\Build\Win64\UnrealInsights\Development\SlateCore\UnrealInsights-SlateCore.exp 占쏙옙체占쏙옙 占쏙옙占쏙옙占싹곤옙 占쌍쏙옙占싹댐옙.
    [208/223] UnrealInsights-SlateCore.dll
       D:\ub\Engine\Intermediate\Build\Win64\UnrealInsights\Development\SlateCore\UnrealInsights-SlateCore.suppressed.lib 占쏙옙占싱브러占쏙옙 占쏙옙 D:\ub\Engine\Intermediate\Build\Win64\UnrealInsights\Development\SlateCore\UnrealInsights-SlateCore.suppressed.exp 占쏙옙체占쏙옙 占쏙옙占쏙옙占싹곤옙 占쌍쏙옙占싹댐옙.
    [209/223] UnrealInsights-WorkspaceMenuStructure.dll
       D:\ub\Engine\Intermediate\Build\Win64\UnrealInsights\Development\WorkspaceMenuStructure\UnrealInsights-WorkspaceMenuStructure.suppressed.lib 占쏙옙占싱브러占쏙옙 占쏙옙 D:\ub\Engine\Intermediate\Build\Win64\UnrealInsights\Development\WorkspaceMenuStructure\UnrealInsights-WorkspaceMenuStructure.suppressed.exp 占쏙옙체占쏙옙 占쏙옙占쏙옙占싹곤옙 占쌍쏙옙占싹댐옙.
    [210/223] UnrealInsights-StandaloneRenderer.dll
       D:\ub\Engine\Intermediate\Build\Win64\UnrealInsights\Development\StandaloneRenderer\UnrealInsights-StandaloneRenderer.suppressed.lib 占쏙옙占싱브러占쏙옙 占쏙옙 D:\ub\Engine\Intermediate\Build\Win64\UnrealInsights\Development\StandaloneRenderer\UnrealInsights-StandaloneRenderer.suppressed.exp 占쏙옙체占쏙옙 占쏙옙占쏙옙占싹곤옙 占쌍쏙옙占싹댐옙.
    [211/223] UnrealInsights-EditorStyle.dll
       D:\ub\Engine\Intermediate\Build\Win64\UnrealInsights\Development\EditorStyle\UnrealInsights-EditorStyle.suppressed.lib 占쏙옙占싱브러占쏙옙 占쏙옙 D:\ub\Engine\Intermediate\Build\Win64\UnrealInsights\Development\EditorStyle\UnrealInsights-EditorStyle.suppressed.exp 占쏙옙체占쏙옙 占쏙옙占쏙옙占싹곤옙 占쌍쏙옙占싹댐옙.
    [212/223] UnrealInsights-AutomationWindow.dll
       D:\ub\Engine\Intermediate\Build\Win64\UnrealInsights\Development\AutomationWindow\UnrealInsights-AutomationWindow.suppressed.lib 占쏙옙占싱브러占쏙옙 占쏙옙 D:\ub\Engine\Intermediate\Build\Win64\UnrealInsights\Development\AutomationWindow\UnrealInsights-AutomationWindow.suppressed.exp 占쏙옙체占쏙옙 占쏙옙占쏙옙占싹곤옙 占쌍쏙옙占싹댐옙.
    [213/223] UnrealInsights-MessageLog.dll
       D:\ub\Engine\Intermediate\Build\Win64\UnrealInsights\Development\MessageLog\UnrealInsights-MessageLog.suppressed.lib 占쏙옙占싱브러占쏙옙 占쏙옙 D:\ub\Engine\Intermediate\Build\Win64\UnrealInsights\Development\MessageLog\UnrealInsights-MessageLog.suppressed.exp 占쏙옙체占쏙옙 占쏙옙占쏙옙占싹곤옙 占쌍쏙옙占싹댐옙.
    [214/223] UnrealInsights-AppFramework.dll
       D:\ub\Engine\Intermediate\Build\Win64\UnrealInsights\Development\AppFramework\UnrealInsights-AppFramework.suppressed.lib 占쏙옙占싱브러占쏙옙 占쏙옙 D:\ub\Engine\Intermediate\Build\Win64\UnrealInsights\Development\AppFramework\UnrealInsights-AppFramework.suppressed.exp 占쏙옙체占쏙옙 占쏙옙占쏙옙占싹곤옙 占쌍쏙옙占싹댐옙.
    [215/223] UnrealInsights-GameplayInsights.dll
       D:\ub\Engine\Plugins\Animation\GameplayInsights\Intermediate\Build\Win64\UnrealInsights\Development\GameplayInsights\UnrealInsights-GameplayInsights.suppressed.lib 占쏙옙占싱브러占쏙옙 占쏙옙 D:\ub\Engine\Plugins\Animation\GameplayInsights\Intermediate\Build\Win64\UnrealInsights\Development\GameplayInsights\UnrealInsights-GameplayInsights.suppressed.exp 占쏙옙체占쏙옙 占쏙옙占쏙옙占싹곤옙 占쌍쏙옙占싹댐옙.
    [216/223] UnrealInsights-SlateInsights.dll
       D:\ub\Engine\Plugins\Slate\SlateInsights\Intermediate\Build\Win64\UnrealInsights\Development\SlateInsights\UnrealInsights-SlateInsights.suppressed.lib 占쏙옙占싱브러占쏙옙 占쏙옙 D:\ub\Engine\Plugins\Slate\SlateInsights\Intermediate\Build\Win64\UnrealInsights\Development\SlateInsights\UnrealInsights-SlateInsights.suppressed.exp 占쏙옙체占쏙옙 占쏙옙占쏙옙占싹곤옙 占쌍쏙옙占싹댐옙.
    [217/223] UnrealInsights.exe
    [218/223] UnrealInsights-NetworkPredictionInsights.dll
       D:\ub\Engine\Plugins\Runtime\NetworkPredictionInsights\Intermediate\Build\Win64\UnrealInsights\Development\NetworkPredictionInsights\UnrealInsights-NetworkPredictionInsights.suppressed.lib 占쏙옙占싱브러占쏙옙 占쏙옙 D:\ub\Engine\Plugins\Runtime\NetworkPredictionInsights\Intermediate\Build\Win64\UnrealInsights\Development\NetworkPredictionInsights\UnrealInsights-NetworkPredictionInsights.suppressed.exp 占쏙옙체占쏙옙 占쏙옙占쏙옙占싹곤옙 占쌍쏙옙占싹댐옙.
    [219/223] UnrealInsights-TraceDataFiltering.dll
       D:\ub\Engine\Plugins\Developer\TraceDataFiltering\Intermediate\Build\Win64\UnrealInsights\Development\TraceDataFiltering\UnrealInsights-TraceDataFiltering.suppressed.lib 占쏙옙占싱브러占쏙옙 占쏙옙 D:\ub\Engine\Plugins\Developer\TraceDataFiltering\Intermediate\Build\Win64\UnrealInsights\Development\TraceDataFiltering\UnrealInsights-TraceDataFiltering.suppressed.exp 占쏙옙체占쏙옙 占쏙옙占쏙옙占싹곤옙 占쌍쏙옙占싹댐옙.
    [220/223] UnrealInsights-SlateReflector.dll
       D:\ub\Engine\Intermediate\Build\Win64\UnrealInsights\Development\SlateReflector\UnrealInsights-SlateReflector.suppressed.lib 占쏙옙占싱브러占쏙옙 占쏙옙 D:\ub\Engine\Intermediate\Build\Win64\UnrealInsights\Development\SlateReflector\UnrealInsights-SlateReflector.suppressed.exp 占쏙옙체占쏙옙 占쏙옙占쏙옙占싹곤옙 占쌍쏙옙占싹댐옙.
    [221/223] UnrealInsights-Slate.dll
       D:\ub\Engine\Intermediate\Build\Win64\UnrealInsights\Development\Slate\UnrealInsights-Slate.suppressed.lib 占쏙옙占싱브러占쏙옙 占쏙옙 D:\ub\Engine\Intermediate\Build\Win64\UnrealInsights\Development\Slate\UnrealInsights-Slate.suppressed.exp 占쏙옙체占쏙옙 占쏙옙占쏙옙占싹곤옙 占쌍쏙옙占싹댐옙.
    [222/223] UnrealInsights-TraceInsights.dll
       D:\ub\Engine\Intermediate\Build\Win64\UnrealInsights\Development\TraceInsights\UnrealInsights-TraceInsights.suppressed.lib 占쏙옙占싱브러占쏙옙 占쏙옙 D:\ub\Engine\Intermediate\Build\Win64\UnrealInsights\Development\TraceInsights\UnrealInsights-TraceInsights.suppressed.exp 占쏙옙체占쏙옙 占쏙옙占쏙옙占싹곤옙 占쌍쏙옙占싹댐옙.
    [223/223] UnrealInsights.target
  Total time in Parallel executor: 374.15 seconds
  Total execution time: 1758.16 seconds
