  Creating makefile for UnrealMultiUserServer (no existing makefile)
  Parsing headers for UnrealMultiUserServer
    Running UnrealHeaderTool UnrealMultiUserServer "D:\ub\Engine\Intermediate\Build\Win64\UnrealMultiUserServer\Development\UnrealMultiUserServer.uhtmanifest" -LogCmds="loginit warning, logexit warning, logdatabase error" -Unattended -WarningsAsErrors -abslog="D:\ub\Engine\Programs\UnrealBuildTool\Log_UHT.txt"
  LogInit: Display: Loading text-based GConfig....
  Reflection code generated for UnrealMultiUserServer in 2.4956849 seconds
  Building UnrealMultiUserServer...
  Using Visual Studio 2019 14.29.30133 toolchain (C:\Program Files (x86)\Microsoft Visual Studio\2019\Community\VC\Tools\MSVC\14.29.30133) and Windows 10.0.18362.0 SDK (C:\Program Files (x86)\Windows Kits\10).
  Building 232 actions with 8 processes...
    [1/232] Default.rc2
    [2/232] PCH.ImageWrapper.cpp
    [3/232] Module.TraceLog.cpp
    [4/232] BuildSettings.cpp
    [5/232] SharedPCH.Core.ShadowErrors.cpp
    [6/232] SharedPCH.Core.ShadowErrors.NoUndef.cpp
    [7/232] SharedPCH.CoreUObject.ShadowErrors.cpp
    [8/232] PCH.Core.cpp
    [9/232] Module.ImageWrapper.cpp
    [10/232] PCH.CoreUObject.cpp
    [11/232] Module.DesktopPlatform.cpp
    [12/232] Module.ApplicationCore.cpp
    [13/232] Module.Core.3_of_15.cpp
    [14/232] SharedPCH.Slate.ShadowErrors.cpp
    [15/232] SQLiteEmbedded.c
    [16/232] Module.Core.7_of_15.cpp
    [17/232] Module.Core.2_of_15.cpp
    [18/232] Module.Core.6_of_15.cpp
    [19/232] Module.Core.8_of_15.cpp
    [20/232] Module.SlateCore.1_of_3.cpp
    [21/232] Module.Core.10_of_15.cpp
    [22/232] Module.Core.9_of_15.cpp
    [23/232] Module.Core.4_of_15.cpp
    [24/232] Module.CoreUObject.9_of_9.cpp
    [25/232] Module.Core.12_of_15.cpp
    [26/232] Module.Core.1_of_15.cpp
    [27/232] Module.Core.11_of_15.cpp
    [28/232] Module.Core.13_of_15.cpp
    [29/232] Module.Core.5_of_15.cpp
    [30/232] Module.Core.14_of_15.cpp
    [31/232] Module.CoreUObject.gen.cpp
    [32/232] Module.CoreUObject.2_of_9.cpp
    [33/232] Module.CoreUObject.8_of_9.cpp
    [34/232] Module.CoreUObject.7_of_9.cpp
    [35/232] Module.CoreUObject.1_of_9.cpp
    [36/232] Module.CoreUObject.3_of_9.cpp
    [37/232] Module.CoreUObject.5_of_9.cpp
    [38/232] Module.SlateCore.3_of_3.cpp
    [39/232] Module.SlateCore.2_of_3.cpp
    [40/232] Module.InputCore.cpp
    [41/232] Module.InputCore.gen.cpp
    [42/232] Module.Slate.5_of_5.cpp
    [43/232] Module.CoreUObject.4_of_9.cpp
    [44/232] Module.EditorStyle.cpp
    [45/232] Module.Slate.gen.cpp
    [46/232] Module.Slate.1_of_5.cpp
    [47/232] Module.Slate.3_of_5.cpp
    [48/232] Module.JsonUtilities.gen.cpp
    [49/232] Module.Sockets.cpp
    [50/232] Module.JsonUtilities.cpp
    [51/232] Module.Cbor.cpp
    [52/232] Module.Slate.2_of_5.cpp
    [53/232] AutomationMessages.init.gen.cpp
    [54/232] Module.ConcertTransport.gen.cpp
    [55/232] Module.ConcertTransport.cpp
    [56/232] Module.Projects.cpp
    [57/232] AutomationMessagesModule.cpp
    [58/232] UnrealEdMessagesModule.cpp
    [59/232] Module.Concert.gen.cpp
    [60/232] Module.Serialization.gen.cpp
    [61/232] AutomationWorkerMessages.gen.cpp
    [62/232] AssetEditorMessages.gen.cpp
    [63/232] Module.AssetRegistry.gen.cpp
    [64/232] Analytics.cpp
    [65/232] Module.Serialization.cpp
    [66/232] FileServerMessages.gen.cpp
    [67/232] Module.AutomationController.gen.cpp
    [68/232] Module.Concert.cpp
    [69/232] UnrealEdMessages.init.gen.cpp
    [70/232] Module.ScreenShotComparisonTools.gen.cpp
    [71/232] Module.AutomationController.cpp
    [72/232] Module.Slate.4_of_5.cpp
    [73/232] Module.HTTP.cpp
    [74/232] SQLiteCore.cpp
    [75/232] Module.Networking.cpp
    [76/232] Module.MessageLog.cpp
    [77/232] Module.ConcertSyncCore.gen.cpp
    [78/232] Module.SSL.cpp
    [79/232] Module.RHI.cpp
    [80/232] SQLiteEmbeddedPlatform.cpp
    [81/232] Module.ConcertSyncCore.cpp
    [82/232] Module.AutomationWorker.cpp
    [83/232] SQLitePreparedStatement.cpp
    [84/232] NetCommonModule.cpp
    [85/232] Module.TraceAnalysis.cpp
    [86/232] Module.AnalyticsET.cpp
    [87/232] Module.AssetRegistry.cpp
    [88/232] SessionServiceMessages.gen.cpp
    [89/232] Module.ScreenShotComparisonTools.cpp
    [90/232] Module.TraceServices.cpp
    [91/232] Module.XmlParser.cpp
    [92/232] WorkspaceMenuStructureModule.cpp
    [93/232] Module.GeForceNOWWrapper.cpp
    [94/232] Module.Messaging.cpp
    [95/232] Module.RenderCore.3_of_3.cpp
    [96/232] Module.TraceInsights.3_of_5.cpp
    [97/232] EngineMessages.init.gen.cpp
    [98/232] EngineMessagesModule.cpp
    [99/232] SessionMessages.init.gen.cpp
    [100/232] Module.RenderCore.1_of_3.cpp
    [101/232] Module.TraceInsights.1_of_5.cpp
    [102/232] SessionMessagesModule.cpp
    [103/232] Module.SessionServices.cpp
    [104/232] Module.AutomationWindow.gen.cpp
    [105/232] Module.Settings.cpp
    [106/232] Module.TraceInsights.5_of_5.cpp
    [107/232] EngineServiceMessages.gen.cpp
    [108/232] Module.SlateReflector.gen.cpp
    [109/232] Module.UdpMessaging.gen.cpp
    [110/232] Module.RenderCore.2_of_3.cpp
    [111/232] Module.TraceInsights.2_of_5.cpp
    [112/232] UnrealMultiUserServer-Settings.lib
       D:\ub\Engine\Intermediate\Build\Win64\UnrealMultiUserServer\Development\Settings\UnrealMultiUserServer-Settings.lib 占쏙옙占싱브러占쏙옙 占쏙옙 D:\ub\Engine\Intermediate\Build\Win64\UnrealMultiUserServer\Development\Settings\UnrealMultiUserServer-Settings.exp 占쏙옙체占쏙옙 占쏙옙占쏙옙占싹곤옙 占쌍쏙옙占싹댐옙.
    [113/232] UnrealMultiUserServer-TraceLog.dll
       D:\ub\Engine\Intermediate\Build\Win64\UnrealMultiUserServer\Development\TraceLog\UnrealMultiUserServer-TraceLog.suppressed.lib 占쏙옙占싱브러占쏙옙 占쏙옙 D:\ub\Engine\Intermediate\Build\Win64\UnrealMultiUserServer\Development\TraceLog\UnrealMultiUserServer-TraceLog.suppressed.exp 占쏙옙체占쏙옙 占쏙옙占쏙옙占싹곤옙 占쌍쏙옙占싹댐옙.
    [114/232] UnrealMultiUserServer-BuildSettings.dll
       D:\ub\Engine\Intermediate\Build\Win64\UnrealMultiUserServer\Development\BuildSettings\UnrealMultiUserServer-BuildSettings.suppressed.lib 占쏙옙占싱브러占쏙옙 占쏙옙 D:\ub\Engine\Intermediate\Build\Win64\UnrealMultiUserServer\Development\BuildSettings\UnrealMultiUserServer-BuildSettings.suppressed.exp 占쏙옙체占쏙옙 占쏙옙占쏙옙占싹곤옙 占쌍쏙옙占싹댐옙.
    [115/232] Module.CncrtSyncSvr.cpp
    [116/232] UnrealMultiUserServer-ConcertSyncServer.lib
       D:\ub\Engine\Plugins\Developer\Concert\ConcertSync\ConcertSyncServer\Intermediate\Build\Win64\UnrealMultiUserServer\Development\CncrtSyncSvr\UnrealMultiUserServer-ConcertSyncServer.lib 占쏙옙占싱브러占쏙옙 占쏙옙 D:\ub\Engine\Plugins\Developer\Concert\ConcertSync\ConcertSyncServer\Intermediate\Build\Win64\UnrealMultiUserServer\Development\CncrtSyncSvr\UnrealMultiUserServer-ConcertSyncServer.exp 占쏙옙체占쏙옙 占쏙옙占쏙옙占싹곤옙 占쌍쏙옙占싹댐옙.
    [117/232] Module.TraceInsights.4_of_5.cpp
    [118/232] Module.UdpMessaging.cpp
    [119/232] UnrealMultiUserServer-UdpMessaging.lib
       D:\ub\Engine\Plugins\Messaging\UdpMessaging\Intermediate\Build\Win64\UnrealMultiUserServer\Development\UdpMessaging\UnrealMultiUserServer-UdpMessaging.lib 占쏙옙占싱브러占쏙옙 占쏙옙 D:\ub\Engine\Plugins\Messaging\UdpMessaging\Intermediate\Build\Win64\UnrealMultiUserServer\Development\UdpMessaging\UnrealMultiUserServer-UdpMessaging.exp 占쏙옙체占쏙옙 占쏙옙占쏙옙占싹곤옙 占쌍쏙옙占싹댐옙.
    [120/232] UnrealMultiUserServer-ApplicationCore.lib
       D:\ub\Engine\Intermediate\Build\Win64\UnrealMultiUserServer\Development\ApplicationCore\UnrealMultiUserServer-ApplicationCore.lib 占쏙옙占싱브러占쏙옙 占쏙옙 D:\ub\Engine\Intermediate\Build\Win64\UnrealMultiUserServer\Development\ApplicationCore\UnrealMultiUserServer-ApplicationCore.exp 占쏙옙체占쏙옙 占쏙옙占쏙옙占싹곤옙 占쌍쏙옙占싹댐옙.
    [121/232] Module.AutomationWindow.cpp
    [122/232] UnrealMultiUserServer-TraceLog.lib
       D:\ub\Engine\Intermediate\Build\Win64\UnrealMultiUserServer\Development\TraceLog\UnrealMultiUserServer-TraceLog.lib 占쏙옙占싱브러占쏙옙 占쏙옙 D:\ub\Engine\Intermediate\Build\Win64\UnrealMultiUserServer\Development\TraceLog\UnrealMultiUserServer-TraceLog.exp 占쏙옙체占쏙옙 占쏙옙占쏙옙占싹곤옙 占쌍쏙옙占싹댐옙.
    [123/232] Module.Core.15_of_15.cpp
    [124/232] Module.EditorStyle.gen.cpp
    [125/232] Module.CoreUObject.6_of_9.cpp
    [126/232] UnrealMultiUserServer-Sockets.lib
       D:\ub\Engine\Intermediate\Build\Win64\UnrealMultiUserServer\Development\Sockets\UnrealMultiUserServer-Sockets.lib 占쏙옙占싱브러占쏙옙 占쏙옙 D:\ub\Engine\Intermediate\Build\Win64\UnrealMultiUserServer\Development\Sockets\UnrealMultiUserServer-Sockets.exp 占쏙옙체占쏙옙 占쏙옙占쏙옙占싹곤옙 占쌍쏙옙占싹댐옙.
    [127/232] UnrealMultiUserServer-DesktopPlatform.lib
       D:\ub\Engine\Intermediate\Build\Win64\UnrealMultiUserServer\Development\DesktopPlatform\UnrealMultiUserServer-DesktopPlatform.lib 占쏙옙占싱브러占쏙옙 占쏙옙 D:\ub\Engine\Intermediate\Build\Win64\UnrealMultiUserServer\Development\DesktopPlatform\UnrealMultiUserServer-DesktopPlatform.exp 占쏙옙체占쏙옙 占쏙옙占쏙옙占싹곤옙 占쌍쏙옙占싹댐옙.
    [128/232] UnrealMultiUserServer-Cbor.lib
       D:\ub\Engine\Intermediate\Build\Win64\UnrealMultiUserServer\Development\Cbor\UnrealMultiUserServer-Cbor.lib 占쏙옙占싱브러占쏙옙 占쏙옙 D:\ub\Engine\Intermediate\Build\Win64\UnrealMultiUserServer\Development\Cbor\UnrealMultiUserServer-Cbor.exp 占쏙옙체占쏙옙 占쏙옙占쏙옙占싹곤옙 占쌍쏙옙占싹댐옙.
    [129/232] UnrealMultiUserServer-Projects.lib
       D:\ub\Engine\Intermediate\Build\Win64\UnrealMultiUserServer\Development\Projects\UnrealMultiUserServer-Projects.lib 占쏙옙占싱브러占쏙옙 占쏙옙 D:\ub\Engine\Intermediate\Build\Win64\UnrealMultiUserServer\Development\Projects\UnrealMultiUserServer-Projects.exp 占쏙옙체占쏙옙 占쏙옙占쏙옙占싹곤옙 占쌍쏙옙占싹댐옙.
    [130/232] SQLiteDatabase.cpp
    [131/232] UnrealMultiUserServer-RHI.lib
       D:\ub\Engine\Intermediate\Build\Win64\UnrealMultiUserServer\Development\RHI\UnrealMultiUserServer-RHI.lib 占쏙옙占싱브러占쏙옙 占쏙옙 D:\ub\Engine\Intermediate\Build\Win64\UnrealMultiUserServer\Development\RHI\UnrealMultiUserServer-RHI.exp 占쏙옙체占쏙옙 占쏙옙占쏙옙占싹곤옙 占쌍쏙옙占싹댐옙.
    [132/232] UnrealMultiUserServer-TraceAnalysis.lib
       D:\ub\Engine\Intermediate\Build\Win64\UnrealMultiUserServer\Development\TraceAnalysis\UnrealMultiUserServer-TraceAnalysis.lib 占쏙옙占싱브러占쏙옙 占쏙옙 D:\ub\Engine\Intermediate\Build\Win64\UnrealMultiUserServer\Development\TraceAnalysis\UnrealMultiUserServer-TraceAnalysis.exp 占쏙옙체占쏙옙 占쏙옙占쏙옙占싹곤옙 占쌍쏙옙占싹댐옙.
    [133/232] UnrealMultiUserServer-Analytics.lib
       D:\ub\Engine\Intermediate\Build\Win64\UnrealMultiUserServer\Development\Analytics\UnrealMultiUserServer-Analytics.lib 占쏙옙占싱브러占쏙옙 占쏙옙 D:\ub\Engine\Intermediate\Build\Win64\UnrealMultiUserServer\Development\Analytics\UnrealMultiUserServer-Analytics.exp 占쏙옙체占쏙옙 占쏙옙占쏙옙占싹곤옙 占쌍쏙옙占싹댐옙.
    [134/232] Module.Json.cpp
    [135/232] UnrealMultiUserServer-MessageLog.lib
       D:\ub\Engine\Intermediate\Build\Win64\UnrealMultiUserServer\Development\MessageLog\UnrealMultiUserServer-MessageLog.lib 占쏙옙占싱브러占쏙옙 占쏙옙 D:\ub\Engine\Intermediate\Build\Win64\UnrealMultiUserServer\Development\MessageLog\UnrealMultiUserServer-MessageLog.exp 占쏙옙체占쏙옙 占쏙옙占쏙옙占싹곤옙 占쌍쏙옙占싹댐옙.
    [136/232] UnrealMultiUserServer-HTTP.lib
       D:\ub\Engine\Intermediate\Build\Win64\UnrealMultiUserServer\Development\HTTP\UnrealMultiUserServer-HTTP.lib 占쏙옙占싱브러占쏙옙 占쏙옙 D:\ub\Engine\Intermediate\Build\Win64\UnrealMultiUserServer\Development\HTTP\UnrealMultiUserServer-HTTP.exp 占쏙옙체占쏙옙 占쏙옙占쏙옙占싹곤옙 占쌍쏙옙占싹댐옙.
    [137/232] UnrealMultiUserServer-NetCommon.lib
       D:\ub\Engine\Intermediate\Build\Win64\UnrealMultiUserServer\Development\NetCommon\UnrealMultiUserServer-NetCommon.lib 占쏙옙占싱브러占쏙옙 占쏙옙 D:\ub\Engine\Intermediate\Build\Win64\UnrealMultiUserServer\Development\NetCommon\UnrealMultiUserServer-NetCommon.exp 占쏙옙체占쏙옙 占쏙옙占쏙옙占싹곤옙 占쌍쏙옙占싹댐옙.
    [138/232] UnrealMultiUserServer-Json.lib
       D:\ub\Engine\Intermediate\Build\Win64\UnrealMultiUserServer\Development\Json\UnrealMultiUserServer-Json.lib 占쏙옙占싱브러占쏙옙 占쏙옙 D:\ub\Engine\Intermediate\Build\Win64\UnrealMultiUserServer\Development\Json\UnrealMultiUserServer-Json.exp 占쏙옙체占쏙옙 占쏙옙占쏙옙占싹곤옙 占쌍쏙옙占싹댐옙.
    [139/232] UnrealMultiUserServer-SSL.lib
       D:\ub\Engine\Intermediate\Build\Win64\UnrealMultiUserServer\Development\SSL\UnrealMultiUserServer-SSL.lib 占쏙옙占싱브러占쏙옙 占쏙옙 D:\ub\Engine\Intermediate\Build\Win64\UnrealMultiUserServer\Development\SSL\UnrealMultiUserServer-SSL.exp 占쏙옙체占쏙옙 占쏙옙占쏙옙占싹곤옙 占쌍쏙옙占싹댐옙.
    [140/232] UnrealMultiUserServer-XmlParser.lib
       D:\ub\Engine\Intermediate\Build\Win64\UnrealMultiUserServer\Development\XmlParser\UnrealMultiUserServer-XmlParser.lib 占쏙옙占싱브러占쏙옙 占쏙옙 D:\ub\Engine\Intermediate\Build\Win64\UnrealMultiUserServer\Development\XmlParser\UnrealMultiUserServer-XmlParser.exp 占쏙옙체占쏙옙 占쏙옙占쏙옙占싹곤옙 占쌍쏙옙占싹댐옙.
    [141/232] UnrealMultiUserServer-Networking.lib
       D:\ub\Engine\Intermediate\Build\Win64\UnrealMultiUserServer\Development\Networking\UnrealMultiUserServer-Networking.lib 占쏙옙占싱브러占쏙옙 占쏙옙 D:\ub\Engine\Intermediate\Build\Win64\UnrealMultiUserServer\Development\Networking\UnrealMultiUserServer-Networking.exp 占쏙옙체占쏙옙 占쏙옙占쏙옙占싹곤옙 占쌍쏙옙占싹댐옙.
    [142/232] UnrealMultiUserServer-WorkspaceMenuStructure.lib
       D:\ub\Engine\Intermediate\Build\Win64\UnrealMultiUserServer\Development\WorkspaceMenuStructure\UnrealMultiUserServer-WorkspaceMenuStructure.lib 占쏙옙占싱브러占쏙옙 占쏙옙 D:\ub\Engine\Intermediate\Build\Win64\UnrealMultiUserServer\Development\WorkspaceMenuStructure\UnrealMultiUserServer-WorkspaceMenuStructure.exp 占쏙옙체占쏙옙 占쏙옙占쏙옙占싹곤옙 占쌍쏙옙占싹댐옙.
    [143/232] UnrealMultiUserServer-GeForceNOWWrapper.lib
       D:\ub\Engine\Intermediate\Build\Win64\UnrealMultiUserServer\Development\GeForceNOWWrapper\UnrealMultiUserServer-GeForceNOWWrapper.lib 占쏙옙占싱브러占쏙옙 占쏙옙 D:\ub\Engine\Intermediate\Build\Win64\UnrealMultiUserServer\Development\GeForceNOWWrapper\UnrealMultiUserServer-GeForceNOWWrapper.exp 占쏙옙체占쏙옙 占쏙옙占쏙옙占싹곤옙 占쌍쏙옙占싹댐옙.
    [144/232] UnrealMultiUserServer-Messaging.lib
       D:\ub\Engine\Intermediate\Build\Win64\UnrealMultiUserServer\Development\Messaging\UnrealMultiUserServer-Messaging.lib 占쏙옙占싱브러占쏙옙 占쏙옙 D:\ub\Engine\Intermediate\Build\Win64\UnrealMultiUserServer\Development\Messaging\UnrealMultiUserServer-Messaging.exp 占쏙옙체占쏙옙 占쏙옙占쏙옙占싹곤옙 占쌍쏙옙占싹댐옙.
    [145/232] UnrealMultiUserServer-TraceServices.lib
       D:\ub\Engine\Intermediate\Build\Win64\UnrealMultiUserServer\Development\TraceServices\UnrealMultiUserServer-TraceServices.lib 占쏙옙占싱브러占쏙옙 占쏙옙 D:\ub\Engine\Intermediate\Build\Win64\UnrealMultiUserServer\Development\TraceServices\UnrealMultiUserServer-TraceServices.exp 占쏙옙체占쏙옙 占쏙옙占쏙옙占싹곤옙 占쌍쏙옙占싹댐옙.
    [146/232] UnrealMultiUserServer-AutomationWorker.lib
       D:\ub\Engine\Intermediate\Build\Win64\UnrealMultiUserServer\Development\AutomationWorker\UnrealMultiUserServer-AutomationWorker.lib 占쏙옙占싱브러占쏙옙 占쏙옙 D:\ub\Engine\Intermediate\Build\Win64\UnrealMultiUserServer\Development\AutomationWorker\UnrealMultiUserServer-AutomationWorker.exp 占쏙옙체占쏙옙 占쏙옙占쏙옙占싹곤옙 占쌍쏙옙占싹댐옙.
    [147/232] UnrealMultiUserServer-AnalyticsET.lib
       D:\ub\Engine\Intermediate\Build\Win64\UnrealMultiUserServer\Development\AnalyticsET\UnrealMultiUserServer-AnalyticsET.lib 占쏙옙占싱브러占쏙옙 占쏙옙 D:\ub\Engine\Intermediate\Build\Win64\UnrealMultiUserServer\Development\AnalyticsET\UnrealMultiUserServer-AnalyticsET.exp 占쏙옙체占쏙옙 占쏙옙占쏙옙占싹곤옙 占쌍쏙옙占싹댐옙.
    [148/232] UnrealMultiUserServer-SessionServices.lib
       D:\ub\Engine\Intermediate\Build\Win64\UnrealMultiUserServer\Development\SessionServices\UnrealMultiUserServer-SessionServices.lib 占쏙옙占싱브러占쏙옙 占쏙옙 D:\ub\Engine\Intermediate\Build\Win64\UnrealMultiUserServer\Development\SessionServices\UnrealMultiUserServer-SessionServices.exp 占쏙옙체占쏙옙 占쏙옙占쏙옙占싹곤옙 占쌍쏙옙占싹댐옙.
    [149/232] UnrealMultiUserServer-BuildSettings.lib
       D:\ub\Engine\Intermediate\Build\Win64\UnrealMultiUserServer\Development\BuildSettings\UnrealMultiUserServer-BuildSettings.lib 占쏙옙占싱브러占쏙옙 占쏙옙 D:\ub\Engine\Intermediate\Build\Win64\UnrealMultiUserServer\Development\BuildSettings\UnrealMultiUserServer-BuildSettings.exp 占쏙옙체占쏙옙 占쏙옙占쏙옙占싹곤옙 占쌍쏙옙占싹댐옙.
    [150/232] UnrealMultiUserServer-InputCore.lib
       D:\ub\Engine\Intermediate\Build\Win64\UnrealMultiUserServer\Development\InputCore\UnrealMultiUserServer-InputCore.lib 占쏙옙占싱브러占쏙옙 占쏙옙 D:\ub\Engine\Intermediate\Build\Win64\UnrealMultiUserServer\Development\InputCore\UnrealMultiUserServer-InputCore.exp 占쏙옙체占쏙옙 占쏙옙占쏙옙占싹곤옙 占쌍쏙옙占싹댐옙.
    [151/232] UnrealMultiUserServer-EditorStyle.lib
       D:\ub\Engine\Intermediate\Build\Win64\UnrealMultiUserServer\Development\EditorStyle\UnrealMultiUserServer-EditorStyle.lib 占쏙옙占싱브러占쏙옙 占쏙옙 D:\ub\Engine\Intermediate\Build\Win64\UnrealMultiUserServer\Development\EditorStyle\UnrealMultiUserServer-EditorStyle.exp 占쏙옙체占쏙옙 占쏙옙占쏙옙占싹곤옙 占쌍쏙옙占싹댐옙.
    [152/232] UnrealMultiUserServer-JsonUtilities.lib
       D:\ub\Engine\Intermediate\Build\Win64\UnrealMultiUserServer\Development\JsonUtilities\UnrealMultiUserServer-JsonUtilities.lib 占쏙옙占싱브러占쏙옙 占쏙옙 D:\ub\Engine\Intermediate\Build\Win64\UnrealMultiUserServer\Development\JsonUtilities\UnrealMultiUserServer-JsonUtilities.exp 占쏙옙체占쏙옙 占쏙옙占쏙옙占싹곤옙 占쌍쏙옙占싹댐옙.
    [153/232] UnrealMultiUserServer-Serialization.lib
       D:\ub\Engine\Intermediate\Build\Win64\UnrealMultiUserServer\Development\Serialization\UnrealMultiUserServer-Serialization.lib 占쏙옙占싱브러占쏙옙 占쏙옙 D:\ub\Engine\Intermediate\Build\Win64\UnrealMultiUserServer\Development\Serialization\UnrealMultiUserServer-Serialization.exp 占쏙옙체占쏙옙 占쏙옙占쏙옙占싹곤옙 占쌍쏙옙占싹댐옙.
    [154/232] Module.SlateCore.gen.cpp
    [155/232] UnrealMultiUserServer-Concert.lib
       D:\ub\Engine\Plugins\Developer\Concert\ConcertMain\Intermediate\Build\Win64\UnrealMultiUserServer\Development\Concert\UnrealMultiUserServer-Concert.lib 占쏙옙占싱브러占쏙옙 占쏙옙 D:\ub\Engine\Plugins\Developer\Concert\ConcertMain\Intermediate\Build\Win64\UnrealMultiUserServer\Development\Concert\UnrealMultiUserServer-Concert.exp 占쏙옙체占쏙옙 占쏙옙占쏙옙占싹곤옙 占쌍쏙옙占싹댐옙.
    [156/232] UnrealMultiUserServer-AssetRegistry.lib
       D:\ub\Engine\Intermediate\Build\Win64\UnrealMultiUserServer\Development\AssetRegistry\UnrealMultiUserServer-AssetRegistry.lib 占쏙옙占싱브러占쏙옙 占쏙옙 D:\ub\Engine\Intermediate\Build\Win64\UnrealMultiUserServer\Development\AssetRegistry\UnrealMultiUserServer-AssetRegistry.exp 占쏙옙체占쏙옙 占쏙옙占쏙옙占싹곤옙 占쌍쏙옙占싹댐옙.
    [157/232] UnrealMultiUserServer-ConcertTransport.lib
       D:\ub\Engine\Plugins\Developer\Concert\ConcertMain\Intermediate\Build\Win64\UnrealMultiUserServer\Development\ConcertTransport\UnrealMultiUserServer-ConcertTransport.lib 占쏙옙占싱브러占쏙옙 占쏙옙 D:\ub\Engine\Plugins\Developer\Concert\ConcertMain\Intermediate\Build\Win64\UnrealMultiUserServer\Development\ConcertTransport\UnrealMultiUserServer-ConcertTransport.exp 占쏙옙체占쏙옙 占쏙옙占쏙옙占싹곤옙 占쌍쏙옙占싹댐옙.
    [158/232] UnrealMultiUserServer-AutomationController.lib
       D:\ub\Engine\Intermediate\Build\Win64\UnrealMultiUserServer\Development\AutomationController\UnrealMultiUserServer-AutomationController.lib 占쏙옙占싱브러占쏙옙 占쏙옙 D:\ub\Engine\Intermediate\Build\Win64\UnrealMultiUserServer\Development\AutomationController\UnrealMultiUserServer-AutomationController.exp 占쏙옙체占쏙옙 占쏙옙占쏙옙占싹곤옙 占쌍쏙옙占싹댐옙.
    [159/232] UnrealMultiUserServer-AutomationWindow.lib
       D:\ub\Engine\Intermediate\Build\Win64\UnrealMultiUserServer\Development\AutomationWindow\UnrealMultiUserServer-AutomationWindow.lib 占쏙옙占싱브러占쏙옙 占쏙옙 D:\ub\Engine\Intermediate\Build\Win64\UnrealMultiUserServer\Development\AutomationWindow\UnrealMultiUserServer-AutomationWindow.exp 占쏙옙체占쏙옙 占쏙옙占쏙옙占싹곤옙 占쌍쏙옙占싹댐옙.
    [160/232] UnrealMultiUserServer-ConcertSyncCore.lib
       D:\ub\Engine\Plugins\Developer\Concert\ConcertSync\ConcertSyncCore\Intermediate\Build\Win64\UnrealMultiUserServer\Development\ConcertSyncCore\UnrealMultiUserServer-ConcertSyncCore.lib 占쏙옙占싱브러占쏙옙 占쏙옙 D:\ub\Engine\Plugins\Developer\Concert\ConcertSync\ConcertSyncCore\Intermediate\Build\Win64\UnrealMultiUserServer\Development\ConcertSyncCore\UnrealMultiUserServer-ConcertSyncCore.exp 占쏙옙체占쏙옙 占쏙옙占쏙옙占싹곤옙 占쌍쏙옙占싹댐옙.
    [161/232] UnrealMultiUserServer-ScreenShotComparisonTools.lib
       D:\ub\Engine\Intermediate\Build\Win64\UnrealMultiUserServer\Development\ScreenShotComparisonTools\UnrealMultiUserServer-ScreenShotComparisonTools.lib 占쏙옙占싱브러占쏙옙 占쏙옙 D:\ub\Engine\Intermediate\Build\Win64\UnrealMultiUserServer\Development\ScreenShotComparisonTools\UnrealMultiUserServer-ScreenShotComparisonTools.exp 占쏙옙체占쏙옙 占쏙옙占쏙옙占싹곤옙 占쌍쏙옙占싹댐옙.
    [162/232] UnrealMultiUserServer-AutomationMessages.lib
       D:\ub\Engine\Intermediate\Build\Win64\UnrealMultiUserServer\Development\AutomationMessages\UnrealMultiUserServer-AutomationMessages.lib 占쏙옙占싱브러占쏙옙 占쏙옙 D:\ub\Engine\Intermediate\Build\Win64\UnrealMultiUserServer\Development\AutomationMessages\UnrealMultiUserServer-AutomationMessages.exp 占쏙옙체占쏙옙 占쏙옙占쏙옙占싹곤옙 占쌍쏙옙占싹댐옙.
    [163/232] UnrealMultiUserServer-SessionMessages.lib
       D:\ub\Engine\Intermediate\Build\Win64\UnrealMultiUserServer\Development\SessionMessages\UnrealMultiUserServer-SessionMessages.lib 占쏙옙占싱브러占쏙옙 占쏙옙 D:\ub\Engine\Intermediate\Build\Win64\UnrealMultiUserServer\Development\SessionMessages\UnrealMultiUserServer-SessionMessages.exp 占쏙옙체占쏙옙 占쏙옙占쏙옙占싹곤옙 占쌍쏙옙占싹댐옙.
    [164/232] UnrealMultiUserServer-Core.dll
       D:\ub\Engine\Intermediate\Build\Win64\UnrealMultiUserServer\Development\Core\UnrealMultiUserServer-Core.suppressed.lib 占쏙옙占싱브러占쏙옙 占쏙옙 D:\ub\Engine\Intermediate\Build\Win64\UnrealMultiUserServer\Development\Core\UnrealMultiUserServer-Core.suppressed.exp 占쏙옙체占쏙옙 占쏙옙占쏙옙占싹곤옙 占쌍쏙옙占싹댐옙.
    [165/232] UnrealMultiUserServer-EngineMessages.lib
       D:\ub\Engine\Intermediate\Build\Win64\UnrealMultiUserServer\Development\EngineMessages\UnrealMultiUserServer-EngineMessages.lib 占쏙옙占싱브러占쏙옙 占쏙옙 D:\ub\Engine\Intermediate\Build\Win64\UnrealMultiUserServer\Development\EngineMessages\UnrealMultiUserServer-EngineMessages.exp 占쏙옙체占쏙옙 占쏙옙占쏙옙占싹곤옙 占쌍쏙옙占싹댐옙.
    [166/232] UnrealMultiUserServer-RenderCore.lib
       D:\ub\Engine\Intermediate\Build\Win64\UnrealMultiUserServer\Development\RenderCore\UnrealMultiUserServer-RenderCore.lib 占쏙옙占싱브러占쏙옙 占쏙옙 D:\ub\Engine\Intermediate\Build\Win64\UnrealMultiUserServer\Development\RenderCore\UnrealMultiUserServer-RenderCore.exp 占쏙옙체占쏙옙 占쏙옙占쏙옙占싹곤옙 占쌍쏙옙占싹댐옙.
    [167/232] UnrealMultiUserServer-UnrealEdMessages.lib
       D:\ub\Engine\Intermediate\Build\Win64\UnrealMultiUserServer\Development\UnrealEdMessages\UnrealMultiUserServer-UnrealEdMessages.lib 占쏙옙占싱브러占쏙옙 占쏙옙 D:\ub\Engine\Intermediate\Build\Win64\UnrealMultiUserServer\Development\UnrealEdMessages\UnrealMultiUserServer-UnrealEdMessages.exp 占쏙옙체占쏙옙 占쏙옙占쏙옙占싹곤옙 占쌍쏙옙占싹댐옙.
    [168/232] UnrealMultiUserServer-SlateCore.lib
       D:\ub\Engine\Intermediate\Build\Win64\UnrealMultiUserServer\Development\SlateCore\UnrealMultiUserServer-SlateCore.lib 占쏙옙占싱브러占쏙옙 占쏙옙 D:\ub\Engine\Intermediate\Build\Win64\UnrealMultiUserServer\Development\SlateCore\UnrealMultiUserServer-SlateCore.exp 占쏙옙체占쏙옙 占쏙옙占쏙옙占싹곤옙 占쌍쏙옙占싹댐옙.
    [169/232] UnrealMultiUserServer-SQLiteCore.lib
       D:\ub\Engine\Plugins\Runtime\Database\SQLiteCore\Intermediate\Build\Win64\UnrealMultiUserServer\Development\SQLiteCore\UnrealMultiUserServer-SQLiteCore.lib 占쏙옙占싱브러占쏙옙 占쏙옙 D:\ub\Engine\Plugins\Runtime\Database\SQLiteCore\Intermediate\Build\Win64\UnrealMultiUserServer\Development\SQLiteCore\UnrealMultiUserServer-SQLiteCore.exp 占쏙옙체占쏙옙 占쏙옙占쏙옙占싹곤옙 占쌍쏙옙占싹댐옙.
    [170/232] UnrealMultiUserServer-TraceInsights.lib
       D:\ub\Engine\Intermediate\Build\Win64\UnrealMultiUserServer\Development\TraceInsights\UnrealMultiUserServer-TraceInsights.lib 占쏙옙占싱브러占쏙옙 占쏙옙 D:\ub\Engine\Intermediate\Build\Win64\UnrealMultiUserServer\Development\TraceInsights\UnrealMultiUserServer-TraceInsights.exp 占쏙옙체占쏙옙 占쏙옙占쏙옙占싹곤옙 占쌍쏙옙占싹댐옙.
    [171/232] Module.UnrealMultiUserServer.cpp
    [172/232] UnrealMultiUserServer-Slate.lib
       D:\ub\Engine\Intermediate\Build\Win64\UnrealMultiUserServer\Development\Slate\UnrealMultiUserServer-Slate.lib 占쏙옙占싱브러占쏙옙 占쏙옙 D:\ub\Engine\Intermediate\Build\Win64\UnrealMultiUserServer\Development\Slate\UnrealMultiUserServer-Slate.exp 占쏙옙체占쏙옙 占쏙옙占쏙옙占싹곤옙 占쌍쏙옙占싹댐옙.
    [173/232] UnrealMultiUserServer-CoreUObject.lib
       D:\ub\Engine\Intermediate\Build\Win64\UnrealMultiUserServer\Development\CoreUObject\UnrealMultiUserServer-CoreUObject.lib 占쏙옙占싱브러占쏙옙 占쏙옙 D:\ub\Engine\Intermediate\Build\Win64\UnrealMultiUserServer\Development\CoreUObject\UnrealMultiUserServer-CoreUObject.exp 占쏙옙체占쏙옙 占쏙옙占쏙옙占싹곤옙 占쌍쏙옙占싹댐옙.
    [174/232] UnrealMultiUserServer.lib
       D:\ub\Engine\Intermediate\Build\Win64\UnrealMultiUserServer\Development\UnrealMultiUserServer.lib 占쏙옙占싱브러占쏙옙 占쏙옙 D:\ub\Engine\Intermediate\Build\Win64\UnrealMultiUserServer\Development\UnrealMultiUserServer.exp 占쏙옙체占쏙옙 占쏙옙占쏙옙占싹곤옙 占쌍쏙옙占싹댐옙.
    [175/232] UnrealMultiUserServer-Core.lib
       D:\ub\Engine\Intermediate\Build\Win64\UnrealMultiUserServer\Development\Core\UnrealMultiUserServer-Core.lib 占쏙옙占싱브러占쏙옙 占쏙옙 D:\ub\Engine\Intermediate\Build\Win64\UnrealMultiUserServer\Development\Core\UnrealMultiUserServer-Core.exp 占쏙옙체占쏙옙 占쏙옙占쏙옙占싹곤옙 占쌍쏙옙占싹댐옙.
    [176/232] Module.ImageWrapper.gen.cpp
    [177/232] UnrealMultiUserServer-Concert.dll
       D:\ub\Engine\Plugins\Developer\Concert\ConcertMain\Intermediate\Build\Win64\UnrealMultiUserServer\Development\Concert\UnrealMultiUserServer-Concert.suppressed.lib 占쏙옙占싱브러占쏙옙 占쏙옙 D:\ub\Engine\Plugins\Developer\Concert\ConcertMain\Intermediate\Build\Win64\UnrealMultiUserServer\Development\Concert\UnrealMultiUserServer-Concert.suppressed.exp 占쏙옙체占쏙옙 占쏙옙占쏙옙占싹곤옙 占쌍쏙옙占싹댐옙.
    [178/232] UnrealMultiUserServer-MessageLog.dll
       D:\ub\Engine\Intermediate\Build\Win64\UnrealMultiUserServer\Development\MessageLog\UnrealMultiUserServer-MessageLog.suppressed.lib 占쏙옙占싱브러占쏙옙 占쏙옙 D:\ub\Engine\Intermediate\Build\Win64\UnrealMultiUserServer\Development\MessageLog\UnrealMultiUserServer-MessageLog.suppressed.exp 占쏙옙체占쏙옙 占쏙옙占쏙옙占싹곤옙 占쌍쏙옙占싹댐옙.
    [179/232] UnrealMultiUserServer-ImageWrapper.dll
       D:\ub\Engine\Intermediate\Build\Win64\UnrealMultiUserServer\Development\ImageWrapper\UnrealMultiUserServer-ImageWrapper.suppressed.lib 占쏙옙占싱브러占쏙옙 占쏙옙 D:\ub\Engine\Intermediate\Build\Win64\UnrealMultiUserServer\Development\ImageWrapper\UnrealMultiUserServer-ImageWrapper.suppressed.exp 占쏙옙체占쏙옙 占쏙옙占쏙옙占싹곤옙 占쌍쏙옙占싹댐옙.
    [180/232] UnrealMultiUserServer-SQLiteCore.dll
       D:\ub\Engine\Plugins\Runtime\Database\SQLiteCore\Intermediate\Build\Win64\UnrealMultiUserServer\Development\SQLiteCore\UnrealMultiUserServer-SQLiteCore.suppressed.lib 占쏙옙占싱브러占쏙옙 占쏙옙 D:\ub\Engine\Plugins\Runtime\Database\SQLiteCore\Intermediate\Build\Win64\UnrealMultiUserServer\Development\SQLiteCore\UnrealMultiUserServer-SQLiteCore.suppressed.exp 占쏙옙체占쏙옙 占쏙옙占쏙옙占싹곤옙 占쌍쏙옙占싹댐옙.
    [181/232] UnrealMultiUserServer-EditorStyle.dll
       D:\ub\Engine\Intermediate\Build\Win64\UnrealMultiUserServer\Development\EditorStyle\UnrealMultiUserServer-EditorStyle.suppressed.lib 占쏙옙占싱브러占쏙옙 占쏙옙 D:\ub\Engine\Intermediate\Build\Win64\UnrealMultiUserServer\Development\EditorStyle\UnrealMultiUserServer-EditorStyle.suppressed.exp 占쏙옙체占쏙옙 占쏙옙占쏙옙占싹곤옙 占쌍쏙옙占싹댐옙.
    [182/232] UnrealMultiUserServer-RenderCore.dll
       D:\ub\Engine\Intermediate\Build\Win64\UnrealMultiUserServer\Development\RenderCore\UnrealMultiUserServer-RenderCore.suppressed.lib 占쏙옙占싱브러占쏙옙 占쏙옙 D:\ub\Engine\Intermediate\Build\Win64\UnrealMultiUserServer\Development\RenderCore\UnrealMultiUserServer-RenderCore.suppressed.exp 占쏙옙체占쏙옙 占쏙옙占쏙옙占싹곤옙 占쌍쏙옙占싹댐옙.
    [183/232] UnrealMultiUserServer-Serialization.dll
       D:\ub\Engine\Intermediate\Build\Win64\UnrealMultiUserServer\Development\Serialization\UnrealMultiUserServer-Serialization.suppressed.lib 占쏙옙占싱브러占쏙옙 占쏙옙 D:\ub\Engine\Intermediate\Build\Win64\UnrealMultiUserServer\Development\Serialization\UnrealMultiUserServer-Serialization.suppressed.exp 占쏙옙체占쏙옙 占쏙옙占쏙옙占싹곤옙 占쌍쏙옙占싹댐옙.
    [184/232] UnrealMultiUserServer-AnalyticsET.dll
       D:\ub\Engine\Intermediate\Build\Win64\UnrealMultiUserServer\Development\AnalyticsET\UnrealMultiUserServer-AnalyticsET.suppressed.lib 占쏙옙占싱브러占쏙옙 占쏙옙 D:\ub\Engine\Intermediate\Build\Win64\UnrealMultiUserServer\Development\AnalyticsET\UnrealMultiUserServer-AnalyticsET.suppressed.exp 占쏙옙체占쏙옙 占쏙옙占쏙옙占싹곤옙 占쌍쏙옙占싹댐옙.
    [185/232] UnrealMultiUserServer-AutomationMessages.dll
       D:\ub\Engine\Intermediate\Build\Win64\UnrealMultiUserServer\Development\AutomationMessages\UnrealMultiUserServer-AutomationMessages.suppressed.lib 占쏙옙占싱브러占쏙옙 占쏙옙 D:\ub\Engine\Intermediate\Build\Win64\UnrealMultiUserServer\Development\AutomationMessages\UnrealMultiUserServer-AutomationMessages.suppressed.exp 占쏙옙체占쏙옙 占쏙옙占쏙옙占싹곤옙 占쌍쏙옙占싹댐옙.
    [186/232] UnrealMultiUserServer-UnrealEdMessages.dll
       D:\ub\Engine\Intermediate\Build\Win64\UnrealMultiUserServer\Development\UnrealEdMessages\UnrealMultiUserServer-UnrealEdMessages.suppressed.lib 占쏙옙占싱브러占쏙옙 占쏙옙 D:\ub\Engine\Intermediate\Build\Win64\UnrealMultiUserServer\Development\UnrealEdMessages\UnrealMultiUserServer-UnrealEdMessages.suppressed.exp 占쏙옙체占쏙옙 占쏙옙占쏙옙占싹곤옙 占쌍쏙옙占싹댐옙.
    [187/232] UnrealMultiUserServer-TraceAnalysis.dll
       D:\ub\Engine\Intermediate\Build\Win64\UnrealMultiUserServer\Development\TraceAnalysis\UnrealMultiUserServer-TraceAnalysis.suppressed.lib 占쏙옙占싱브러占쏙옙 占쏙옙 D:\ub\Engine\Intermediate\Build\Win64\UnrealMultiUserServer\Development\TraceAnalysis\UnrealMultiUserServer-TraceAnalysis.suppressed.exp 占쏙옙체占쏙옙 占쏙옙占쏙옙占싹곤옙 占쌍쏙옙占싹댐옙.
    [188/232] UnrealMultiUserServer-AssetRegistry.dll
       D:\ub\Engine\Intermediate\Build\Win64\UnrealMultiUserServer\Development\AssetRegistry\UnrealMultiUserServer-AssetRegistry.suppressed.lib 占쏙옙占싱브러占쏙옙 占쏙옙 D:\ub\Engine\Intermediate\Build\Win64\UnrealMultiUserServer\Development\AssetRegistry\UnrealMultiUserServer-AssetRegistry.suppressed.exp 占쏙옙체占쏙옙 占쏙옙占쏙옙占싹곤옙 占쌍쏙옙占싹댐옙.
    [189/232] UnrealMultiUserServer-WorkspaceMenuStructure.dll
       D:\ub\Engine\Intermediate\Build\Win64\UnrealMultiUserServer\Development\WorkspaceMenuStructure\UnrealMultiUserServer-WorkspaceMenuStructure.suppressed.lib 占쏙옙占싱브러占쏙옙 占쏙옙 D:\ub\Engine\Intermediate\Build\Win64\UnrealMultiUserServer\Development\WorkspaceMenuStructure\UnrealMultiUserServer-WorkspaceMenuStructure.suppressed.exp 占쏙옙체占쏙옙 占쏙옙占쏙옙占싹곤옙 占쌍쏙옙占싹댐옙.
    [190/232] UnrealMultiUserServer-SessionMessages.dll
       D:\ub\Engine\Intermediate\Build\Win64\UnrealMultiUserServer\Development\SessionMessages\UnrealMultiUserServer-SessionMessages.suppressed.lib 占쏙옙占싱브러占쏙옙 占쏙옙 D:\ub\Engine\Intermediate\Build\Win64\UnrealMultiUserServer\Development\SessionMessages\UnrealMultiUserServer-SessionMessages.suppressed.exp 占쏙옙체占쏙옙 占쏙옙占쏙옙占싹곤옙 占쌍쏙옙占싹댐옙.
    [191/232] UnrealMultiUserServer-JsonUtilities.dll
       D:\ub\Engine\Intermediate\Build\Win64\UnrealMultiUserServer\Development\JsonUtilities\UnrealMultiUserServer-JsonUtilities.suppressed.lib 占쏙옙占싱브러占쏙옙 占쏙옙 D:\ub\Engine\Intermediate\Build\Win64\UnrealMultiUserServer\Development\JsonUtilities\UnrealMultiUserServer-JsonUtilities.suppressed.exp 占쏙옙체占쏙옙 占쏙옙占쏙옙占싹곤옙 占쌍쏙옙占싹댐옙.
    [192/232] UnrealMultiUserServer-ConcertTransport.dll
       D:\ub\Engine\Plugins\Developer\Concert\ConcertMain\Intermediate\Build\Win64\UnrealMultiUserServer\Development\ConcertTransport\UnrealMultiUserServer-ConcertTransport.suppressed.lib 占쏙옙占싱브러占쏙옙 占쏙옙 D:\ub\Engine\Plugins\Developer\Concert\ConcertMain\Intermediate\Build\Win64\UnrealMultiUserServer\Development\ConcertTransport\UnrealMultiUserServer-ConcertTransport.suppressed.exp 占쏙옙체占쏙옙 占쏙옙占쏙옙占싹곤옙 占쌍쏙옙占싹댐옙.
    [193/232] UnrealMultiUserServer-InputCore.dll
       D:\ub\Engine\Intermediate\Build\Win64\UnrealMultiUserServer\Development\InputCore\UnrealMultiUserServer-InputCore.suppressed.lib 占쏙옙占싱브러占쏙옙 占쏙옙 D:\ub\Engine\Intermediate\Build\Win64\UnrealMultiUserServer\Development\InputCore\UnrealMultiUserServer-InputCore.suppressed.exp 占쏙옙체占쏙옙 占쏙옙占쏙옙占싹곤옙 占쌍쏙옙占싹댐옙.
    [194/232] UnrealMultiUserServer-EngineMessages.dll
       D:\ub\Engine\Intermediate\Build\Win64\UnrealMultiUserServer\Development\EngineMessages\UnrealMultiUserServer-EngineMessages.suppressed.lib 占쏙옙占싱브러占쏙옙 占쏙옙 D:\ub\Engine\Intermediate\Build\Win64\UnrealMultiUserServer\Development\EngineMessages\UnrealMultiUserServer-EngineMessages.suppressed.exp 占쏙옙체占쏙옙 占쏙옙占쏙옙占싹곤옙 占쌍쏙옙占싹댐옙.
    [195/232] UnrealMultiUserServer-DesktopPlatform.dll
       D:\ub\Engine\Intermediate\Build\Win64\UnrealMultiUserServer\Development\DesktopPlatform\UnrealMultiUserServer-DesktopPlatform.suppressed.lib 占쏙옙占싱브러占쏙옙 占쏙옙 D:\ub\Engine\Intermediate\Build\Win64\UnrealMultiUserServer\Development\DesktopPlatform\UnrealMultiUserServer-DesktopPlatform.suppressed.exp 占쏙옙체占쏙옙 占쏙옙占쏙옙占싹곤옙 占쌍쏙옙占싹댐옙.
    [196/232] UnrealMultiUserServer-Projects.dll
       D:\ub\Engine\Intermediate\Build\Win64\UnrealMultiUserServer\Development\Projects\UnrealMultiUserServer-Projects.suppressed.lib 占쏙옙占싱브러占쏙옙 占쏙옙 D:\ub\Engine\Intermediate\Build\Win64\UnrealMultiUserServer\Development\Projects\UnrealMultiUserServer-Projects.suppressed.exp 占쏙옙체占쏙옙 占쏙옙占쏙옙占싹곤옙 占쌍쏙옙占싹댐옙.
    [197/232] UnrealMultiUserServer-Messaging.dll
       D:\ub\Engine\Intermediate\Build\Win64\UnrealMultiUserServer\Development\Messaging\UnrealMultiUserServer-Messaging.suppressed.lib 占쏙옙占싱브러占쏙옙 占쏙옙 D:\ub\Engine\Intermediate\Build\Win64\UnrealMultiUserServer\Development\Messaging\UnrealMultiUserServer-Messaging.suppressed.exp 占쏙옙체占쏙옙 占쏙옙占쏙옙占싹곤옙 占쌍쏙옙占싹댐옙.
    [198/232] UnrealMultiUserServer-SSL.dll
       D:\ub\Engine\Intermediate\Build\Win64\UnrealMultiUserServer\Development\SSL\UnrealMultiUserServer-SSL.suppressed.lib 占쏙옙占싱브러占쏙옙 占쏙옙 D:\ub\Engine\Intermediate\Build\Win64\UnrealMultiUserServer\Development\SSL\UnrealMultiUserServer-SSL.suppressed.exp 占쏙옙체占쏙옙 占쏙옙占쏙옙占싹곤옙 占쌍쏙옙占싹댐옙.
    [199/232] UnrealMultiUserServer-XmlParser.dll
       D:\ub\Engine\Intermediate\Build\Win64\UnrealMultiUserServer\Development\XmlParser\UnrealMultiUserServer-XmlParser.suppressed.lib 占쏙옙占싱브러占쏙옙 占쏙옙 D:\ub\Engine\Intermediate\Build\Win64\UnrealMultiUserServer\Development\XmlParser\UnrealMultiUserServer-XmlParser.suppressed.exp 占쏙옙체占쏙옙 占쏙옙占쏙옙占싹곤옙 占쌍쏙옙占싹댐옙.
    [200/232] UnrealMultiUserServer-TraceServices.dll
       D:\ub\Engine\Intermediate\Build\Win64\UnrealMultiUserServer\Development\TraceServices\UnrealMultiUserServer-TraceServices.suppressed.lib 占쏙옙占싱브러占쏙옙 占쏙옙 D:\ub\Engine\Intermediate\Build\Win64\UnrealMultiUserServer\Development\TraceServices\UnrealMultiUserServer-TraceServices.suppressed.exp 占쏙옙체占쏙옙 占쏙옙占쏙옙占싹곤옙 占쌍쏙옙占싹댐옙.
    [201/232] UnrealMultiUserServer-ApplicationCore.dll
       D:\ub\Engine\Intermediate\Build\Win64\UnrealMultiUserServer\Development\ApplicationCore\UnrealMultiUserServer-ApplicationCore.suppressed.lib 占쏙옙占싱브러占쏙옙 占쏙옙 D:\ub\Engine\Intermediate\Build\Win64\UnrealMultiUserServer\Development\ApplicationCore\UnrealMultiUserServer-ApplicationCore.suppressed.exp 占쏙옙체占쏙옙 占쏙옙占쏙옙占싹곤옙 占쌍쏙옙占싹댐옙.
    [202/232] UnrealMultiUserServer-Networking.dll
       D:\ub\Engine\Intermediate\Build\Win64\UnrealMultiUserServer\Development\Networking\UnrealMultiUserServer-Networking.suppressed.lib 占쏙옙占싱브러占쏙옙 占쏙옙 D:\ub\Engine\Intermediate\Build\Win64\UnrealMultiUserServer\Development\Networking\UnrealMultiUserServer-Networking.suppressed.exp 占쏙옙체占쏙옙 占쏙옙占쏙옙占싹곤옙 占쌍쏙옙占싹댐옙.
    [203/232] UnrealMultiUserServer-Json.dll
       D:\ub\Engine\Intermediate\Build\Win64\UnrealMultiUserServer\Development\Json\UnrealMultiUserServer-Json.suppressed.lib 占쏙옙占싱브러占쏙옙 占쏙옙 D:\ub\Engine\Intermediate\Build\Win64\UnrealMultiUserServer\Development\Json\UnrealMultiUserServer-Json.suppressed.exp 占쏙옙체占쏙옙 占쏙옙占쏙옙占싹곤옙 占쌍쏙옙占싹댐옙.
    [204/232] Module.SlateReflector.cpp
    [205/232] UnrealMultiUserServer-GeForceNOWWrapper.dll
       D:\ub\Engine\Intermediate\Build\Win64\UnrealMultiUserServer\Development\GeForceNOWWrapper\UnrealMultiUserServer-GeForceNOWWrapper.suppressed.lib 占쏙옙占싱브러占쏙옙 占쏙옙 D:\ub\Engine\Intermediate\Build\Win64\UnrealMultiUserServer\Development\GeForceNOWWrapper\UnrealMultiUserServer-GeForceNOWWrapper.suppressed.exp 占쏙옙체占쏙옙 占쏙옙占쏙옙占싹곤옙 占쌍쏙옙占싹댐옙.
    [206/232] UnrealMultiUserServer-Analytics.dll
       D:\ub\Engine\Intermediate\Build\Win64\UnrealMultiUserServer\Development\Analytics\UnrealMultiUserServer-Analytics.suppressed.lib 占쏙옙占싱브러占쏙옙 占쏙옙 D:\ub\Engine\Intermediate\Build\Win64\UnrealMultiUserServer\Development\Analytics\UnrealMultiUserServer-Analytics.suppressed.exp 占쏙옙체占쏙옙 占쏙옙占쏙옙占싹곤옙 占쌍쏙옙占싹댐옙.
    [207/232] UnrealMultiUserServer-Cbor.dll
       D:\ub\Engine\Intermediate\Build\Win64\UnrealMultiUserServer\Development\Cbor\UnrealMultiUserServer-Cbor.suppressed.lib 占쏙옙占싱브러占쏙옙 占쏙옙 D:\ub\Engine\Intermediate\Build\Win64\UnrealMultiUserServer\Development\Cbor\UnrealMultiUserServer-Cbor.suppressed.exp 占쏙옙체占쏙옙 占쏙옙占쏙옙占싹곤옙 占쌍쏙옙占싹댐옙.
    [208/232] UnrealMultiUserServer-SlateReflector.lib
       D:\ub\Engine\Intermediate\Build\Win64\UnrealMultiUserServer\Development\SlateReflector\UnrealMultiUserServer-SlateReflector.lib 占쏙옙占싱브러占쏙옙 占쏙옙 D:\ub\Engine\Intermediate\Build\Win64\UnrealMultiUserServer\Development\SlateReflector\UnrealMultiUserServer-SlateReflector.exp 占쏙옙체占쏙옙 占쏙옙占쏙옙占싹곤옙 占쌍쏙옙占싹댐옙.
    [209/232] UnrealMultiUserServer-NetCommon.dll
       D:\ub\Engine\Intermediate\Build\Win64\UnrealMultiUserServer\Development\NetCommon\UnrealMultiUserServer-NetCommon.suppressed.lib 占쏙옙占싱브러占쏙옙 占쏙옙 D:\ub\Engine\Intermediate\Build\Win64\UnrealMultiUserServer\Development\NetCommon\UnrealMultiUserServer-NetCommon.suppressed.exp 占쏙옙체占쏙옙 占쏙옙占쏙옙占싹곤옙 占쌍쏙옙占싹댐옙.
    [210/232] UnrealMultiUserServer-AutomationWindow.dll
       D:\ub\Engine\Intermediate\Build\Win64\UnrealMultiUserServer\Development\AutomationWindow\UnrealMultiUserServer-AutomationWindow.suppressed.lib 占쏙옙占싱브러占쏙옙 占쏙옙 D:\ub\Engine\Intermediate\Build\Win64\UnrealMultiUserServer\Development\AutomationWindow\UnrealMultiUserServer-AutomationWindow.suppressed.exp 占쏙옙체占쏙옙 占쏙옙占쏙옙占싹곤옙 占쌍쏙옙占싹댐옙.
    [211/232] UnrealMultiUserServer-RHI.dll
       D:\ub\Engine\Intermediate\Build\Win64\UnrealMultiUserServer\Development\RHI\UnrealMultiUserServer-RHI.suppressed.lib 占쏙옙占싱브러占쏙옙 占쏙옙 D:\ub\Engine\Intermediate\Build\Win64\UnrealMultiUserServer\Development\RHI\UnrealMultiUserServer-RHI.suppressed.exp 占쏙옙체占쏙옙 占쏙옙占쏙옙占싹곤옙 占쌍쏙옙占싹댐옙.
    [212/232] UnrealMultiUserServer-Settings.dll
       D:\ub\Engine\Intermediate\Build\Win64\UnrealMultiUserServer\Development\Settings\UnrealMultiUserServer-Settings.suppressed.lib 占쏙옙占싱브러占쏙옙 占쏙옙 D:\ub\Engine\Intermediate\Build\Win64\UnrealMultiUserServer\Development\Settings\UnrealMultiUserServer-Settings.suppressed.exp 占쏙옙체占쏙옙 占쏙옙占쏙옙占싹곤옙 占쌍쏙옙占싹댐옙.
    [213/232] UnrealMultiUserServer-SlateCore.dll
       D:\ub\Engine\Intermediate\Build\Win64\UnrealMultiUserServer\Development\SlateCore\UnrealMultiUserServer-SlateCore.suppressed.lib 占쏙옙占싱브러占쏙옙 占쏙옙 D:\ub\Engine\Intermediate\Build\Win64\UnrealMultiUserServer\Development\SlateCore\UnrealMultiUserServer-SlateCore.suppressed.exp 占쏙옙체占쏙옙 占쏙옙占쏙옙占싹곤옙 占쌍쏙옙占싹댐옙.
    [214/232] UnrealMultiUserServer-HTTP.dll
       D:\ub\Engine\Intermediate\Build\Win64\UnrealMultiUserServer\Development\HTTP\UnrealMultiUserServer-HTTP.suppressed.lib 占쏙옙占싱브러占쏙옙 占쏙옙 D:\ub\Engine\Intermediate\Build\Win64\UnrealMultiUserServer\Development\HTTP\UnrealMultiUserServer-HTTP.suppressed.exp 占쏙옙체占쏙옙 占쏙옙占쏙옙占싹곤옙 占쌍쏙옙占싹댐옙.
    [215/232] UnrealMultiUserServer-ImageWrapper.lib
       D:\ub\Engine\Intermediate\Build\Win64\UnrealMultiUserServer\Development\ImageWrapper\UnrealMultiUserServer-ImageWrapper.lib 占쏙옙占싱브러占쏙옙 占쏙옙 D:\ub\Engine\Intermediate\Build\Win64\UnrealMultiUserServer\Development\ImageWrapper\UnrealMultiUserServer-ImageWrapper.exp 占쏙옙체占쏙옙 占쏙옙占쏙옙占싹곤옙 占쌍쏙옙占싹댐옙.
    [216/232] UnrealMultiUserServer-Sockets.dll
       D:\ub\Engine\Intermediate\Build\Win64\UnrealMultiUserServer\Development\Sockets\UnrealMultiUserServer-Sockets.suppressed.lib 占쏙옙占싱브러占쏙옙 占쏙옙 D:\ub\Engine\Intermediate\Build\Win64\UnrealMultiUserServer\Development\Sockets\UnrealMultiUserServer-Sockets.suppressed.exp 占쏙옙체占쏙옙 占쏙옙占쏙옙占싹곤옙 占쌍쏙옙占싹댐옙.
    [217/232] UnrealMultiUserServer-AutomationController.dll
       D:\ub\Engine\Intermediate\Build\Win64\UnrealMultiUserServer\Development\AutomationController\UnrealMultiUserServer-AutomationController.suppressed.lib 占쏙옙占싱브러占쏙옙 占쏙옙 D:\ub\Engine\Intermediate\Build\Win64\UnrealMultiUserServer\Development\AutomationController\UnrealMultiUserServer-AutomationController.suppressed.exp 占쏙옙체占쏙옙 占쏙옙占쏙옙占싹곤옙 占쌍쏙옙占싹댐옙.
    [218/232] UnrealMultiUserServer-ConcertSyncServer.dll
       D:\ub\Engine\Plugins\Developer\Concert\ConcertSync\ConcertSyncServer\Intermediate\Build\Win64\UnrealMultiUserServer\Development\CncrtSyncSvr\UnrealMultiUserServer-ConcertSyncServer.suppressed.lib 占쏙옙占싱브러占쏙옙 占쏙옙 D:\ub\Engine\Plugins\Developer\Concert\ConcertSync\ConcertSyncServer\Intermediate\Build\Win64\UnrealMultiUserServer\Development\CncrtSyncSvr\UnrealMultiUserServer-ConcertSyncServer.suppressed.exp 占쏙옙체占쏙옙 占쏙옙占쏙옙占싹곤옙 占쌍쏙옙占싹댐옙.
    [219/232] UnrealMultiUserServer.exe
    [220/232] UnrealMultiUserServer-AutomationWorker.dll
       D:\ub\Engine\Intermediate\Build\Win64\UnrealMultiUserServer\Development\AutomationWorker\UnrealMultiUserServer-AutomationWorker.suppressed.lib 占쏙옙占싱브러占쏙옙 占쏙옙 D:\ub\Engine\Intermediate\Build\Win64\UnrealMultiUserServer\Development\AutomationWorker\UnrealMultiUserServer-AutomationWorker.suppressed.exp 占쏙옙체占쏙옙 占쏙옙占쏙옙占싹곤옙 占쌍쏙옙占싹댐옙.
    [221/232] UnrealMultiUserServer-CoreUObject.dll
       D:\ub\Engine\Intermediate\Build\Win64\UnrealMultiUserServer\Development\CoreUObject\UnrealMultiUserServer-CoreUObject.suppressed.lib 占쏙옙占싱브러占쏙옙 占쏙옙 D:\ub\Engine\Intermediate\Build\Win64\UnrealMultiUserServer\Development\CoreUObject\UnrealMultiUserServer-CoreUObject.suppressed.exp 占쏙옙체占쏙옙 占쏙옙占쏙옙占싹곤옙 占쌍쏙옙占싹댐옙.
    [222/232] UnrealMultiUserServer-SessionServices.dll
       D:\ub\Engine\Intermediate\Build\Win64\UnrealMultiUserServer\Development\SessionServices\UnrealMultiUserServer-SessionServices.suppressed.lib 占쏙옙占싱브러占쏙옙 占쏙옙 D:\ub\Engine\Intermediate\Build\Win64\UnrealMultiUserServer\Development\SessionServices\UnrealMultiUserServer-SessionServices.suppressed.exp 占쏙옙체占쏙옙 占쏙옙占쏙옙占싹곤옙 占쌍쏙옙占싹댐옙.
    [223/232] UnrealMultiUserServer-ScreenShotComparisonTools.dll
       D:\ub\Engine\Intermediate\Build\Win64\UnrealMultiUserServer\Development\ScreenShotComparisonTools\UnrealMultiUserServer-ScreenShotComparisonTools.suppressed.lib 占쏙옙占싱브러占쏙옙 占쏙옙 D:\ub\Engine\Intermediate\Build\Win64\UnrealMultiUserServer\Development\ScreenShotComparisonTools\UnrealMultiUserServer-ScreenShotComparisonTools.suppressed.exp 占쏙옙체占쏙옙 占쏙옙占쏙옙占싹곤옙 占쌍쏙옙占싹댐옙.
    [224/232] UnrealMultiUserServer-UdpMessaging.dll
       D:\ub\Engine\Plugins\Messaging\UdpMessaging\Intermediate\Build\Win64\UnrealMultiUserServer\Development\UdpMessaging\UnrealMultiUserServer-UdpMessaging.suppressed.lib 占쏙옙占싱브러占쏙옙 占쏙옙 D:\ub\Engine\Plugins\Messaging\UdpMessaging\Intermediate\Build\Win64\UnrealMultiUserServer\Development\UdpMessaging\UnrealMultiUserServer-UdpMessaging.suppressed.exp 占쏙옙체占쏙옙 占쏙옙占쏙옙占싹곤옙 占쌍쏙옙占싹댐옙.
    [225/232] UnrealMultiUserServer-SlateReflector.dll
       D:\ub\Engine\Intermediate\Build\Win64\UnrealMultiUserServer\Development\SlateReflector\UnrealMultiUserServer-SlateReflector.suppressed.lib 占쏙옙占싱브러占쏙옙 占쏙옙 D:\ub\Engine\Intermediate\Build\Win64\UnrealMultiUserServer\Development\SlateReflector\UnrealMultiUserServer-SlateReflector.suppressed.exp 占쏙옙체占쏙옙 占쏙옙占쏙옙占싹곤옙 占쌍쏙옙占싹댐옙.
    [226/232] UnrealMultiUserServer-ConcertSyncCore.dll
       D:\ub\Engine\Plugins\Developer\Concert\ConcertSync\ConcertSyncCore\Intermediate\Build\Win64\UnrealMultiUserServer\Development\ConcertSyncCore\UnrealMultiUserServer-ConcertSyncCore.suppressed.lib 占쏙옙占싱브러占쏙옙 占쏙옙 D:\ub\Engine\Plugins\Developer\Concert\ConcertSync\ConcertSyncCore\Intermediate\Build\Win64\UnrealMultiUserServer\Development\ConcertSyncCore\UnrealMultiUserServer-ConcertSyncCore.suppressed.exp 占쏙옙체占쏙옙 占쏙옙占쏙옙占싹곤옙 占쌍쏙옙占싹댐옙.
    [227/232] UnrealMultiUserServer-Slate.dll
       D:\ub\Engine\Intermediate\Build\Win64\UnrealMultiUserServer\Development\Slate\UnrealMultiUserServer-Slate.suppressed.lib 占쏙옙占싱브러占쏙옙 占쏙옙 D:\ub\Engine\Intermediate\Build\Win64\UnrealMultiUserServer\Development\Slate\UnrealMultiUserServer-Slate.suppressed.exp 占쏙옙체占쏙옙 占쏙옙占쏙옙占싹곤옙 占쌍쏙옙占싹댐옙.
    [228/232] Module.AppFramework.cpp
    [229/232] UnrealMultiUserServer-AppFramework.lib
       D:\ub\Engine\Intermediate\Build\Win64\UnrealMultiUserServer\Development\AppFramework\UnrealMultiUserServer-AppFramework.lib 占쏙옙占싱브러占쏙옙 占쏙옙 D:\ub\Engine\Intermediate\Build\Win64\UnrealMultiUserServer\Development\AppFramework\UnrealMultiUserServer-AppFramework.exp 占쏙옙체占쏙옙 占쏙옙占쏙옙占싹곤옙 占쌍쏙옙占싹댐옙.
    [230/232] UnrealMultiUserServer-AppFramework.dll
       D:\ub\Engine\Intermediate\Build\Win64\UnrealMultiUserServer\Development\AppFramework\UnrealMultiUserServer-AppFramework.suppressed.lib 占쏙옙占싱브러占쏙옙 占쏙옙 D:\ub\Engine\Intermediate\Build\Win64\UnrealMultiUserServer\Development\AppFramework\UnrealMultiUserServer-AppFramework.suppressed.exp 占쏙옙체占쏙옙 占쏙옙占쏙옙占싹곤옙 占쌍쏙옙占싹댐옙.
    [231/232] UnrealMultiUserServer-TraceInsights.dll
       D:\ub\Engine\Intermediate\Build\Win64\UnrealMultiUserServer\Development\TraceInsights\UnrealMultiUserServer-TraceInsights.suppressed.lib 占쏙옙占싱브러占쏙옙 占쏙옙 D:\ub\Engine\Intermediate\Build\Win64\UnrealMultiUserServer\Development\TraceInsights\UnrealMultiUserServer-TraceInsights.suppressed.exp 占쏙옙체占쏙옙 占쏙옙占쏙옙占싹곤옙 占쌍쏙옙占싹댐옙.
    [232/232] UnrealMultiUserServer.target
  Total time in Parallel executor: 375.38 seconds
  Total execution time: 2038.04 seconds
