  Creating makefile for VirtualClubServer (no existing makefile)
  Parsing headers for VirtualClubServer
    Running UnrealHeaderTool "C:\VirtualClub\VirtualClub.uproject" "C:\VirtualClub\Intermediate\Build\Win64\VirtualClubServer\Development\VirtualClubServer.uhtmanifest" -LogCmds="loginit warning, logexit warning, logdatabase error" -Unattended -WarningsAsErrors -abslog="D:\ub\Engine\Programs\UnrealBuildTool\Log_UHT.txt"
  LogInit: Display: Loading text-based GConfig....
  Reflection code generated for VirtualClubServer in 17.4179197 seconds
  Building VirtualClubServer...
  Using Visual Studio 2019 14.29.30133 toolchain (C:\Program Files (x86)\Microsoft Visual Studio\2019\Community\VC\Tools\MSVC\14.29.30133) and Windows 10.0.18362.0 SDK (C:\Program Files (x86)\Windows Kits\10).
  Building 780 actions with 8 processes...
    [1/780] GPUSkinVertexFactory.ispc
    [2/780] BonePose.ispc
    [3/780] SkeletalMeshComponent.ispc
    [4/780] AnimationRuntime.ispc
    [5/780] KAggregateGeom.ispc
    [6/780] PBDSpringConstraints.ispc
    [7/780] NiagaraDataInterfaceVectorField.ispc
    [8/780] AnimEncoding_ConstantKeyLerp.ispc
    [9/780] PBDMinEvolution.ispc
    [10/780] PBDAxialSpringConstraints.ispc
    [11/780] AnimEncoding_VariableKeyLerp.ispc
    [12/780] PBDSphericalConstraint.ispc
    [13/780] TriangleMesh.ispc
    [14/780] AABB.ispc
    [15/780] PerParticleDampVelocity.ispc
    [16/780] AnimEncoding_PerTrackCompression.ispc
    [17/780] PBDLongRangeConstraints.ispc
    [18/780] VelocityField.ispc
    [19/780] PBDJointSolverGaussSeidel.ispc
    [20/780] GeometryCollectionSceneProxy.ispc
    [21/780] PerParticlePBDCollisionConstraint.ispc
    [22/780] ChaosClothingSimulation.ispc
    [23/780] GeometryCollectionComponent.ispc
    [24/780] VelocityField.ispc
    [25/780] KAggregateGeom.ispc
    [26/780] TriangleMesh.ispc
    [27/780] PerParticleDampVelocity.ispc
    [28/780] GPUSkinVertexFactory.ispc
    [29/780] BonePose.ispc
    [30/780] AnimEncoding_ConstantKeyLerp.ispc
    [31/780] SkeletalMeshComponent.ispc
    [32/780] PBDSpringConstraints.ispc
    [33/780] PBDSphericalConstraint.ispc
    [34/780] ChaosClothingSimulation.ispc
    [35/780] PBDJointSolverGaussSeidel.ispc
    [36/780] PBDLongRangeConstraints.ispc
    [37/780] PBDCollisionConstraints.ispc
    [38/780] NiagaraDataInterfaceVectorField.ispc
    [39/780] GeometryCollectionComponent.ispc
    [40/780] AnimationRuntime.ispc
    [41/780] AnimEncoding_VariableKeyLerp.ispc
    [42/780] AABB.ispc
    [43/780] PBDAxialSpringConstraints.ispc
    [44/780] GeometryCollectionSceneProxy.ispc
    [45/780] PerParticlePBDCollisionConstraint.ispc
    [46/780] PBDMinEvolution.ispc
    [47/780] SharedPCH.Core.ShadowErrors.cpp
    [48/780] SharedPCH.CoreUObject.ShadowErrors.cpp
    [49/780] PCH.ImageWrapper.cpp
    [50/780] PCH.Core.cpp
    [51/780] PCH.SteamVRInputDevice.cpp
    [52/780] PCH.OodleDataCompressionFormat.cpp
    [53/780] PCH.OodleNetworkHandlerComponent.cpp
    [54/780] PCH.CoreUObject.cpp
    [55/780] AnimEncoding_PerTrackCompression.ispc
    [56/780] PCH.OpenExrWrapper.cpp
    [57/780] c_loops.cc
    [58/780] container.cc
    [59/780] PCH.InstallBundleManager.cpp
    [60/780] SessionServiceMessages.gen.cpp
    [61/780] SharedPCH.Slate.ShadowErrors.cpp
    [62/780] Module.AvfMediaFactory.gen.cpp
    [63/780] SessionMessagesModule.cpp
    [64/780] Module.SessionServices.cpp
    [65/780] SessionMessages.init.gen.cpp
    [66/780] ProfilerMessages.init.gen.cpp
    [67/780] ProfilerServiceMessages.gen.cpp
    [68/780] Module.ChunkDownloader.cpp
    [69/780] ChaosCoreModule.cpp
    [70/780] Module.Voronoi.cpp
    [71/780] Module.DeveloperSettings.gen.cpp
    [72/780] Module.ImgMediaFactory.cpp
    [73/780] Module.TcpMessaging.gen.cpp
    [74/780] ProfilerMessagesModule.cpp
    [75/780] container_prd.cc
    [76/780] Module.ImgMediaFactory.gen.cpp
    [77/780] cell.cc
    [78/780] Module.VectorVM.gen.cpp
    [79/780] Module.TcpMessaging.cpp
    [80/780] Module.BuildPatchServices.gen.cpp
    [81/780] Module.VectorVM.cpp
    [82/780] Module.SlateCore.gen.cpp
    [83/780] Module.MeshDescription.gen.cpp
    [84/780] Module.SlateCore.3_of_3.cpp
    [85/780] Module.PacketHandler.gen.cpp
    [86/780] SharedPCH.Engine.ShadowErrors.cpp
    [87/780] Module.MeshDescription.cpp
    [88/780] ActorLayerUtilities.gen.cpp
    [89/780] PBDCollisionConstraints.ispc
    [90/780] VirtualClub.init.gen.cpp
    [91/780] ActorLayerUtilities.init.gen.cpp
    [92/780] Module.PacketHandler.cpp
    [93/780] ActorLayerUtilities.cpp
    [94/780] SharedPCH.Engine.NonOptimized.ShadowErrors.cpp
    [95/780] Module.ImgMedia.gen.cpp
    [96/780] Module.BuildPatchServices.3_of_3.cpp
    [97/780] Module.AndroidPermission.cpp
    [98/780] Module.UMG.gen.2_of_10.cpp
    [99/780] SharedPCH.Engine.RTTI.Exceptions.ShadowErrors.cpp
    [100/780] Module.ImgMediaEngine.cpp
    [101/780] Module.UMG.gen.3_of_10.cpp
    [102/780] Module.OnlineSubsystemUtils.gen.3_of_3.cpp
    [103/780] VirtualClubGameMode.gen.cpp
    [104/780] VirtualClub.cpp
    [105/780] MagicLeapSecureStorage.cpp
    [106/780] Module.SlateCore.1_of_3.cpp
    [107/780] Module.TaskGraph.cpp
    [108/780] Module.CinematicCamera.cpp
    [109/780] Module.ImgMedia.cpp
    [110/780] VirtualClubCharacter.cpp
    [111/780] VirtualClubGameMode.cpp
    [112/780] VirtualClubCharacter.gen.cpp
    [113/780] Module.FunctionalTesting.gen.cpp
    [114/780] Module.AppleImageUtils.gen.cpp
    [115/780] Module.OnlineSubsystemUtils.gen.2_of_3.cpp
    [116/780] Module.UMG.gen.10_of_10.cpp
    [117/780] Module.UMG.gen.1_of_10.cpp
    [118/780] VirtualClubHUD.cpp
    [119/780] Module.RealtimeProfiler.cpp
    [120/780] Module.CableComponent.cpp
    [121/780] Module.UMG.gen.6_of_10.cpp
    [122/780] Module.UMG.gen.4_of_10.cpp
    [123/780] Module.UMG.gen.5_of_10.cpp
    [124/780] Module.MediaCompositing.cpp
    [125/780] Module.UMG.gen.7_of_10.cpp
    [126/780] VirtualClubProjectile.cpp
    [127/780] Module.CableComponent.gen.cpp
    [128/780] Module.ArchVisCharacter.cpp
    [129/780] Module.UMG.gen.8_of_10.cpp
    [130/780] Module.ImgMediaEngine.gen.cpp
    [131/780] Module.ProfilerService.cpp
    [132/780] Module.AndroidPermission.gen.cpp
    [133/780] Module.FieldSystemEngine.cpp
    [134/780] Module.CustomMeshComponent.cpp
    [135/780] Module.AppleImageUtils.cpp
    [136/780] Module.UMG.gen.9_of_10.cpp
    [137/780] Module.MediaCompositing.gen.cpp
    [138/780] Module.MobilePatchingUtils.gen.cpp
    [139/780] InputDeviceModule.cpp
    [140/780] Module.CinematicCamera.gen.cpp
    [141/780] Module.ArchVisCharacter.gen.cpp
    [142/780] Module.LuminRuntimeSettings.cpp
    [143/780] Module.InteractiveToolsFramework.gen.3_of_3.cpp
    [144/780] Module.ChaosSolverEngine.gen.cpp
    [145/780] Module.InteractiveToolsFramework.gen.2_of_3.cpp
    [146/780] Module.InteractiveToolsFramework.gen.1_of_3.cpp
    [147/780] ReliabilityHandlerComponent.cpp
    [148/780] Module.AugmentedReality.gen.3_of_5.cpp
    [149/780] Module.AugmentedReality.gen.2_of_5.cpp
    [150/780] Module.OpenGLDrv.cpp
    [151/780] Module.InputCore.gen.cpp
    [152/780] Module.InteractiveToolsFramework.cpp
    [153/780] Module.GameplayTags.gen.cpp
    [154/780] Module.SynthBenchmark.cpp
    [155/780] Module.ApplicationCore.cpp
    [156/780] Module.D3D11RHI.cpp
    [157/780] Module.EditorAnalyticsSession.cpp
    [158/780] Module.ChaosSolverEngine.cpp
    [159/780] Module.AudioAnalyzer.gen.cpp
    [160/780] Module.Overlay.gen.cpp
    [161/780] Module.InputCore.cpp
    [162/780] Module.Overlay.cpp
    [163/780] Module.AnalyticsET.cpp
    [164/780] IPlatformFileSandboxWrapper.cpp
    [165/780] Module.GameplayTags.cpp
    [166/780] Module.Cbor.cpp
    [167/780] Module.Serialization.gen.cpp
    [168/780] Module.AugmentedReality.gen.1_of_5.cpp
    [169/780] Module.MRMesh.gen.cpp
    [170/780] Module.Serialization.cpp
    [171/780] Module.VulkanRHI.1_of_3.cpp
    [172/780] Module.LiveLinkMessageBusFramework.gen.cpp
    [173/780] Module.AudioAnalyzer.cpp
    [174/780] Module.SlateCore.2_of_3.cpp
    [175/780] Module.UMG.cpp
    [176/780] Module.AudioCaptureCore.cpp
    [177/780] Module.AugmentedReality.cpp
    [178/780] ImageCore.cpp
    [179/780] Module.LiveLinkMessageBusFramework.cpp
    [180/780] Module.AudioCaptureRtAudio.cpp
    [181/780] Module.Voice.cpp
    [182/780] Module.D3D12RHI.4_of_4.cpp
    [183/780] Module.LiveLinkInterface.gen.cpp
    [184/780] Module.PhysicsCore.gen.cpp
    [185/780] Module.LiveLinkInterface.cpp
    [186/780] Module.LuminRuntimeSettings.gen.cpp
    [187/780] Module.Settings.cpp
    [188/780] VirtualClubHUD.gen.cpp
    [189/780] Module.D3D12RHI.3_of_4.cpp
    [190/780] Module.D3D12RHI.2_of_4.cpp
    [191/780] Module.D3D12RHI.1_of_4.cpp
    [192/780] EngineServiceMessages.gen.cpp
    [193/780] Module.VulkanRHI.3_of_3.cpp
    [194/780] Module.SSL.cpp
    [195/780] Module.AudioMixerCore.cpp
    [196/780] Module.NonRealtimeAudioRenderer.cpp
    [197/780] Module.LocationServicesBPLibrary.gen.cpp
    [198/780] Module.LocationServicesBPLibrary.cpp
    [199/780] Module.OculusMR.gen.cpp
    [200/780] Module.MRMesh.cpp
    [201/780] Module.AudioCapture.gen.cpp
    [202/780] Module.AssetTags.gen.cpp
    [203/780] Module.AudioCapture.cpp
    [204/780] Module.UELibSampleRate.cpp
    [205/780] Module.Json.cpp
    [206/780] Module.SignalProcessing.cpp
    [207/780] Module.AssetTags.cpp
    [208/780] Module.VulkanRHI.2_of_3.cpp
    [209/780] Module.OculusMR.cpp
    [210/780] Module.Projects.cpp
    [211/780] v_base.cc
    [212/780] Module.GooglePAD.cpp
    [213/780] ExampleDeviceProfileSelectorModule.cpp
    [214/780] Module.ActorSequence.gen.cpp
    [215/780] Module.UdpMessaging.gen.cpp
    [216/780] Module.ActorSequence.cpp
    [217/780] pre_container.cc
    [218/780] unitcell.cc
    [219/780] Module.CustomMeshComponent.gen.cpp
    [220/780] VirtualClubProjectile.gen.cpp
    [221/780] Module.GooglePAD.gen.cpp
    [222/780] Module.OnlineSubsystemNull.cpp
    [223/780] Analytics.cpp
    [224/780] Module.AudioPlatformConfiguration.cpp
    [225/780] Module.AudioPlatformConfiguration.gen.cpp
    [226/780] Module.UdpMessaging.cpp
    [227/780] EngineMessagesModule.cpp
    [228/780] EngineMessages.init.gen.cpp
    [229/780] MessagingCommonModule.cpp
    [230/780] Module.HTTP.cpp
    [231/780] Module.OnlineSubsystemUtils.gen.1_of_3.cpp
    [232/780] NetCommonModule.cpp
    [233/780] Module.Sockets.cpp
    [234/780] Module.OculusInput.gen.cpp
    [235/780] Module.OculusHMD.gen.cpp
    [236/780] Module.OnlineSubsystem.cpp
    [237/780] Module.FieldSystemEngine.gen.cpp
    [238/780] Module.OculusInput.cpp
    [239/780] Module.MobilePatchingUtils.cpp
    [240/780] Module.PerfCounters.cpp
    [241/780] CrunchCompression.cpp
    [242/780] wall.cc
    [243/780] Module.HTTPServer.cpp
    [244/780] Module.NetCore.cpp
    [245/780] v_compute.cc
    [246/780] Module.Slate.1_of_5.cpp
    [247/780] Module.AudioMixer.gen.cpp
    [248/780] Module.Slate.2_of_5.cpp
    [249/780] Module.SoundFieldRendering.cpp
    [250/780] Module.AudioExtensions.gen.cpp
    [251/780] Module.AudioExtensions.cpp
    [252/780] Module.OnlineSubsystem.gen.cpp
    [253/780] Module.NetCore.gen.cpp
    [254/780] Module.MovieSceneTracks.gen.4_of_4.cpp
    [255/780] Module.MagicLeapLightEstimation.gen.cpp
    [256/780] Module.AudioSynesthesia.gen.cpp
    [257/780] Module.GameplayDebugger.gen.cpp
    [258/780] Module.Media.cpp
    [259/780] Module.AudioMixer.cpp
    [260/780] AISupportModule.cpp
    [261/780] Module.NetworkFile.cpp
    [262/780] Module.UObjectPlugin.gen.cpp
    [263/780] Module.AutomationUtils.gen.cpp
    [264/780] Module.PhysicsCore.cpp
    [265/780] Module.FacialAnimation.cpp
    [266/780] Module.FacialAnimation.gen.cpp
    [267/780] Module.OnlineSubsystemUtils.cpp
    [268/780] Module.BackChannel.cpp
    [269/780] MediaInfoModule.cpp
    [270/780] Module.MagicLeapARPin.cpp
    [271/780] Module.Paper2D.gen.cpp
    [272/780] Module.MediaUtils.cpp
    [273/780] Module.Messaging.cpp
    [274/780] Module.MagicLeapController.cpp
    [275/780] Module.PhysXVehicles.cpp
    [276/780] Module.OculusHMD.cpp
    [277/780] Module.GameplayDebugger.cpp
    [278/780] SignificanceManager.gen.cpp
    [279/780] SignificanceManager.init.gen.cpp
    [280/780] Module.JsonUtilities.gen.cpp
    [281/780] SignificanceManager.cpp
    [282/780] Module.EditorStyle.gen.cpp
    [283/780] Module.TakeMovieScene.gen.cpp
    [284/780] Module.UObjectPlugin.cpp
    [285/780] Module.AugmentedReality.gen.5_of_5.cpp
    [286/780] Module.BuildPatchServices.2_of_3.cpp
    [287/780] Module.AutomationUtils.cpp
    [288/780] Module.AssetRegistry.gen.cpp
    [289/780] Module.NavigationSystem.gen.2_of_2.cpp
    [290/780] Module.Networking.cpp
    [291/780] RuntimePhysXCooking.cpp
    [292/780] Module.PhysXVehicles.gen.cpp
    [293/780] Module.Renderer.11_of_17.cpp
    [294/780] Module.GeForceNOWWrapper.cpp
    [295/780] Module.MagicLeapEyeTracker.cpp
    [296/780] Module.MagicLeapEyeTracker.gen.cpp
    [297/780] Module.MessageLog.cpp
    [298/780] Module.SoundFields.gen.cpp
    [299/780] Module.LevelSequence.gen.cpp
    [300/780] Module.Renderer.10_of_17.cpp
    [301/780] Module.AssetRegistry.cpp
    [302/780] RSA.cpp
    [303/780] Module.PakFile.cpp
    [304/780] Module.LevelSequence.cpp
    [305/780] Module.PreLoadScreen.cpp
    [306/780] Module.NullDrv.cpp
    [307/780] Module.Renderer.16_of_17.cpp
    [308/780] Module.MagicLeapController.gen.cpp
    [309/780] Module.SlateReflector.cpp
    [310/780] Module.EditableMesh.gen.2_of_2.cpp
    [311/780] Module.AppFramework.cpp
    [312/780] Module.AugmentedReality.gen.4_of_5.cpp
    [313/780] Module.Paper2D.cpp
    [314/780] Module.GameplayTasks.cpp
    [315/780] NetworkReplayStreaming.cpp
    [316/780] Module.GameplayCameras.gen.cpp
    [317/780] Module.AIModule.1_of_4.cpp
    [318/780] Module.DatasmithContent.gen.cpp
    [319/780] Module.SteamVR.cpp
    [320/780] Module.DatasmithContent.cpp
    [321/780] Module.AvfMediaFactory.cpp
    [322/780] Module.MediaUtils.gen.cpp
    [323/780] Module.OpenXRHMD.cpp
    [324/780] Module.MediaAssets.cpp
    [325/780] Module.MediaAssets.gen.cpp
    [326/780] Module.GameplayTasks.gen.cpp
    [327/780] Module.Renderer.12_of_17.cpp
    [328/780] Module.MagicLeapAudio.gen.cpp
    [329/780] Module.SteamVR.gen.cpp
    [330/780] Module.Renderer.9_of_17.cpp
    [331/780] Module.GeometryCollectionTracks.cpp
    [332/780] Module.Renderer.14_of_17.cpp
    [333/780] Module.MagicLeapSharedWorld.cpp
    [334/780] Module.MagicLeapAudio.cpp
    [335/780] LightPropagationVolumeBlendable.gen.cpp
    [336/780] Module.MagicLeap.gen.cpp
    [337/780] Module.Launch.cpp
    [338/780] Module.ClothingSystemRuntimeCommon.gen.cpp
    [339/780] Module.HeadMountedDisplay.gen.cpp
    [340/780] Module.EyeTracker.cpp
    [341/780] Module.Renderer.13_of_17.cpp
    [342/780] Module.MagicLeapARPin.gen.cpp
    [343/780] Module.EyeTracker.gen.cpp
    [344/780] Module.GameplayCameras.cpp
    [345/780] Module.LiveLink.gen.cpp
    [346/780] Module.VariantManagerContent.cpp
    [347/780] Module.VariantManagerContent.gen.cpp
    [348/780] Module.OpenXRHandTracking.gen.cpp
    [349/780] Module.Renderer.15_of_17.cpp
    [350/780] Module.Slate.gen.cpp
    [351/780] Module.OpenXRHandTracking.cpp
    [352/780] Module.ClothSysRuntimeIntrfc.cpp
    [353/780] AutomationMessages.init.gen.cpp
    [354/780] Module.ClothSysRuntimeIntrfc.gen.cpp
    [355/780] OpenXRInput.cpp
    [356/780] AutomationWorkerMessages.gen.cpp
    [357/780] Module.DesktopPlatform.cpp
    [358/780] LightPropagationVolumeRuntime.init.gen.cpp
    [359/780] Module.SourceControl.gen.cpp
    [360/780] AutomationMessagesModule.cpp
    [361/780] Module.ClothingSystemRuntimeNv.cpp
    [362/780] Module.ClothingSystemRuntimeCommon.cpp
    [363/780] Module.SourceControl.cpp
    [364/780] Module.MagicLeapSharedWorld.gen.cpp
    [365/780] Module.Renderer.1_of_17.cpp
    [366/780] Module.ClothingSystemRuntimeNv.gen.cpp
    [367/780] Module.AutomationWorker.cpp
    [368/780] Module.LiveLink.cpp
    [369/780] Module.TemplateSequence.gen.cpp
    [370/780] Module.Navmesh.1_of_3.cpp
    [371/780] Module.OpenXRAR.cpp
    [372/780] Module.AnimationSharing.gen.cpp
    [373/780] Module.HeadMountedDisplay.cpp
    [374/780] MagicLeapARPinImplModule.cpp
    [375/780] Module.GeometryCache.cpp
    [376/780] Module.NavigationSystem.3_of_3.cpp
    [377/780] Module.NavigationSystem.gen.1_of_2.cpp
    [378/780] Module.LiveLinkComponents.gen.cpp
    [379/780] Module.JsonUtilities.cpp
    [380/780] Module.TakeMovieScene.cpp
    [381/780] Module.MagicLeap.cpp
    [382/780] Module.NavigationSystem.2_of_3.cpp
    [383/780] Module.LiveLinkMovieScene.gen.cpp
    [384/780] Module.LiveLinkMovieScene.cpp
    [385/780] Module.PropertyAccess.cpp
    [386/780] StreamingNetworkPlatformFile.cpp
    [387/780] Module.AnimationSharing.cpp
    [388/780] Module.Renderer.5_of_17.cpp
    [389/780] Module.EditorStyle.cpp
    [390/780] Module.Navmesh.2_of_3.cpp
    [391/780] Module.PropertyAccess.gen.cpp
    [392/780] Module.MagicLeapAR.gen.cpp
    [393/780] Module.Navmesh.3_of_3.cpp
    [394/780] Module.MagicLeapAR.cpp
    [395/780] Module.Renderer.4_of_17.cpp
    [396/780] LightPropagationVolumeRuntimeModule.cpp
    [397/780] Module.Localization.gen.cpp
    [398/780] Module.Renderer.7_of_17.cpp
    [399/780] Module.Renderer.6_of_17.cpp
    [400/780] CookedIterativeNetworkFile.cpp
    [401/780] Module.Renderer.8_of_17.cpp
    [402/780] Module.GeometryCacheTracks.cpp
    [403/780] Module.Localization.cpp
    [404/780] Module.LiveLinkComponents.cpp
    [405/780] Module.GeometryCache.gen.cpp
    [406/780] Module.AVIWriter.cpp
    [407/780] Module.GeometryCacheTracks.gen.cpp
    [408/780] EngineSettingsModule.cpp
    [409/780] Module.NavigationSystem.1_of_3.cpp
    [410/780] Module.Renderer.3_of_17.cpp
    [411/780] Module.MagicLeapPlanes.gen.cpp
    [412/780] Module.Synthesis.gen.4_of_5.cpp
    [413/780] Module.Synthesis.gen.3_of_5.cpp
    [414/780] Module.NiagaraShader.gen.cpp
    [415/780] Module.NiagaraVertexFactories.cpp
    [416/780] Module.ScreenShotComparisonTools.cpp
    [417/780] Module.Synthesis.gen.5_of_5.cpp
    [418/780] Module.TemplateSequence.cpp
    [419/780] Module.MagicLeapPrivileges.cpp
    [420/780] Module.RHI.cpp
    [421/780] Module.AnimGraphRuntime.gen.1_of_4.cpp
    [422/780] Module.AudioSynesthesiaCore.cpp
    [423/780] ConsoleSettings.gen.cpp
    [424/780] Module.PlatformCryptoOpenSSL.cpp
    [425/780] PhysXCooking.cpp
    [426/780] Advertising.cpp
    [427/780] Module.MSQS.gen.cpp
    [428/780] UnrealEdMessages.init.gen.cpp
    [429/780] Module.Synthesis.gen.2_of_5.cpp
    [430/780] Module.Renderer.2_of_17.cpp
    [431/780] Module.MagicLeapPlanes.cpp
    [432/780] Module.PlanarCut.cpp
    [433/780] Module.LiveCoding.cpp
    [434/780] Module.AnimGraphRuntime.gen.2_of_4.cpp
    [435/780] Module.AnimGraphRuntime.gen.3_of_4.cpp
    [436/780] Module.MovieScene.3_of_3.cpp
    [437/780] Module.MovieScene.gen.1_of_4.cpp
    [438/780] Module.LiveCoding.gen.cpp
    [439/780] Module.MovieScene.gen.2_of_4.cpp
    [440/780] Module.AnimationCore.cpp
    [441/780] RawMesh.cpp
    [442/780] Module.AnimationCore.gen.cpp
    [443/780] Module.AnimGraphRuntime.gen.4_of_4.cpp
    [444/780] Module.Synthesis.gen.1_of_5.cpp
    [445/780] Module.PropertyPath.cpp
    [446/780] Module.Slate.3_of_5.cpp
    [447/780] Module.MovieScene.gen.4_of_4.cpp
    [448/780] Module.MovieScene.gen.3_of_4.cpp
    [449/780] GameSessionSettings.gen.cpp
    [450/780] Module.NiagaraShader.cpp
    [451/780] GeneralEngineSettings.gen.cpp
    [452/780] Module.MagicLeapHandMeshing.gen.cpp
    [453/780] Module.MagicLeapHandMeshing.cpp
    [454/780] Module.NiagaraAnimNotifies.cpp
    [455/780] Module.MeshUtilitiesCommon.cpp
    [456/780] LibraryLoaderImpl.cpp
    [457/780] Module.Synthesis.cpp
    [458/780] HudSettings.gen.cpp
    [459/780] Module.DeveloperSettings.cpp
    [460/780] Module.WindowsMoviePlayer.cpp
    [461/780] Module.MovieSceneTracks.gen.1_of_4.cpp
    [462/780] Module.MagicLeapLightEstimation.cpp
    [463/780] Module.AnimGraphRuntime.cpp
    [464/780] GeneralProjectSettings.gen.cpp
    [465/780] PlatformCryptoTypes.cpp
    [466/780] GameNetworkManagerSettings.gen.cpp
    [467/780] Module.MagicLeapPrivileges.gen.cpp
    [468/780] EngineSettings.init.gen.cpp
    [469/780] PythonScriptPluginPreload.cpp
    [470/780] Module.NiagaraAnimNotifies.gen.cpp
    [471/780] CharacterAIModule.cpp
    [472/780] Module.MovieSceneTracks.gen.2_of_4.cpp
    [473/780] MagicLeapSecureStorage.gen.cpp
    [474/780] Module.MovieSceneTracks.gen.3_of_4.cpp
    [475/780] Module.BuildPatchServices.1_of_3.cpp
    [476/780] Module.MotoSynth.cpp
    [477/780] GameMapsSettings.gen.cpp
    [478/780] Module.AutomationController.gen.cpp
    [479/780] Module.FunctionalTesting.cpp
    [480/780] PlatformCrypto.cpp
    [481/780] MagicLeapSecureStorage.init.gen.cpp
    [482/780] Module.ScreenShotComparisonTools.gen.cpp
    [483/780] Plugin.cpp
    [484/780] Module.AudioSynesthesia.cpp
    [485/780] Module.PropertyPath.gen.cpp
    [486/780] Module.AIModule.2_of_4.cpp
    [487/780] FileServerMessages.gen.cpp
    [488/780] Module.MotoSynth.gen.cpp
    [489/780] Module.Foliage.gen.cpp
    [490/780] AssetEditorMessages.gen.cpp
    [491/780] Module.MoviePlayer.gen.cpp
    [492/780] Module.Foliage.cpp
    [493/780] Module.AutomationController.cpp
    [494/780] Module.MoviePlayer.cpp
    [495/780] Module.MeshConversion.cpp
    [496/780] Module.AIModule.gen.1_of_7.cpp
    [497/780] Module.MagicLeapHelperOpenGL.cpp
    [498/780] Module.AIModule.4_of_4.cpp
    [499/780] Module.RenderCore.3_of_3.cpp
    [500/780] Module.Landscape.2_of_4.cpp
    [501/780] Module.MagicLeapHandTracking.gen.cpp
    [502/780] Module.AIModule.3_of_4.cpp
    [503/780] Module.AIModule.gen.2_of_7.cpp
    [504/780] Module.ProceduralMeshComponent.gen.cpp
    [505/780] Module.Landscape.1_of_4.cpp
    [506/780] Module.Renderer.17_of_17.cpp
    [507/780] Module.Renderer.gen.cpp
    [508/780] Module.MovieScene.2_of_3.cpp
    [509/780] Module.StaticMeshDescription.gen.cpp
    [510/780] Module.MovieSceneCapture.cpp
    [511/780] Module.DynamicMesh.2_of_3.cpp
    [512/780] Module.Slate.4_of_5.cpp
    [513/780] Module.DynamicMesh.3_of_3.cpp
    [514/780] Module.AIModule.gen.3_of_7.cpp
    [515/780] OpenXREyeTracker.cpp
    [516/780] Module.GeometricObjects.cpp
    [517/780] Module.StaticMeshDescription.cpp
    [518/780] Module.RenderCore.1_of_3.cpp
    [519/780] Module.ChaosNiagara.cpp
    [520/780] Module.MovieSceneTracks.cpp
    [521/780] Module.MagicLeapHandTracking.cpp
    [522/780] Module.ImageWriteQueue.cpp
    [523/780] Module.ProceduralMeshComponent.cpp
    [524/780] Module.MovieSceneCapture.gen.cpp
    [525/780] Module.GeometryCollectionTracks.gen.cpp
    [526/780] Module.GeometryAlgorithms.cpp
    [527/780] UnrealEdMessagesModule.cpp
    [528/780] StreamingPauseRendering.cpp
    [529/780] SteamVRInput.cpp
    [530/780] Module.AIModule.gen.4_of_7.cpp
    [531/780] Module.RenderCore.2_of_3.cpp
    [532/780] Module.Slate.5_of_5.cpp
    [533/780] MagicLeapIdentity.gen.cpp
    [534/780] HttpNetworkReplayStreaming.cpp
    [535/780] MagicLeapIdentity.init.gen.cpp
    [536/780] MagicLeapIdentityTypes.gen.cpp
    [537/780] Module.DynamicMesh.1_of_3.cpp
    [538/780] Module.TimeManagement.gen.cpp
    [539/780] Module.MagicLeapImageTracker.gen.cpp
    [540/780] Module.MagicLeapImageTracker.cpp
    [541/780] Module.TimeManagement.cpp
    [542/780] Module.MSQS.cpp
    [543/780] Module.NiagaraCore.gen.cpp
    [544/780] Module.Landscape.gen.3_of_3.cpp
    [545/780] Module.Landscape.gen.1_of_3.cpp
    [546/780] LocalFileNetworkReplayStreaming.cpp
    [547/780] Module.AIModule.gen.5_of_7.cpp
    [548/780] Module.Landscape.4_of_4.cpp
    [549/780] Module.ImageWriteQueue.gen.cpp
    [550/780] MagicLeapIdentity.cpp
    [551/780] Module.Landscape.3_of_4.cpp
    [552/780] Module.NiagaraCore.cpp
    [553/780] Module.AIModule.gen.6_of_7.cpp
    [554/780] Module.AIModule.gen.7_of_7.cpp
    [555/780] NullNetworkReplayStreaming.cpp
    [556/780] Module.Landscape.gen.2_of_3.cpp
    [557/780] MagicLeapHelperVulkan.cpp
    [558/780] Module.CoreUObject.6_of_9.cpp
    [559/780] Module.Core.4_of_15.cpp
    [560/780] Module.MovieScene.1_of_3.cpp
    [561/780] Module.Core.6_of_15.cpp
    [562/780] Module.Core.2_of_15.cpp
    [563/780] Module.Core.5_of_15.cpp
    [564/780] Module.EditableMesh.gen.1_of_2.cpp
    [565/780] Module.ChaosNiagara.gen.cpp
    [566/780] BuildSettings.cpp
    [567/780] Module.CoreUObject.3_of_9.cpp
    [568/780] Module.CoreUObject.2_of_9.cpp
    [569/780] Module.Core.15_of_15.cpp
    [570/780] Module.CoreUObject.1_of_9.cpp
    [571/780] Module.Core.1_of_15.cpp
    [572/780] Module.TraceLog.cpp
    [573/780] Module.EditableMesh.cpp
    [574/780] Module.Core.8_of_15.cpp
    [575/780] Module.ImageWrapper.gen.cpp
    [576/780] Module.Core.9_of_15.cpp
    [577/780] Module.CoreUObject.7_of_9.cpp
    [578/780] Module.Core.14_of_15.cpp
    [579/780] Module.CoreUObject.gen.cpp
    [580/780] Module.Core.13_of_15.cpp
    [581/780] Module.Core.3_of_15.cpp
    [582/780] Module.Core.12_of_15.cpp
    [583/780] Default.rc2
    [584/780] Module.SteamVRInputDevice.gen.cpp
    [585/780] PCLaunch.rc
    [586/780] Module.CoreUObject.9_of_9.cpp
    [587/780] tbb12.dll
    [588/780] OpenImageDenoise.dll
    [590/780] xxhash.c
    [601/780] Module.OodleNetworkPlugin.gen.cpp
    [602/780] Module.Core.10_of_15.cpp
    [603/780] Module.Core.11_of_15.cpp
    [604/780] Module.Niagara.gen.1_of_9.cpp
    [605/780] Module.CoreUObject.4_of_9.cpp
    [606/780] Module.CoreUObject.8_of_9.cpp
    [607/780] Module.Niagara.5_of_9.cpp
    [608/780] Module.Niagara.3_of_9.cpp
    [609/780] Module.Niagara.2_of_9.cpp
    [610/780] Module.Niagara.7_of_9.cpp
    [611/780] Module.Niagara.gen.9_of_9.cpp
    [612/780] Module.Niagara.4_of_9.cpp
    [613/780] Module.Niagara.8_of_9.cpp
    [614/780] Module.Niagara.gen.3_of_9.cpp
    [615/780] Module.Niagara.gen.4_of_9.cpp
    [621/780] Module.Niagara.gen.8_of_9.cpp
    [628/780] Module.Niagara.gen.5_of_9.cpp
    [629/780] Module.Niagara.gen.2_of_9.cpp
    [630/780] Module.Niagara.gen.6_of_9.cpp
    [631/780] Module.Niagara.6_of_9.cpp
    [632/780] Module.Niagara.gen.7_of_9.cpp
    [635/780] Module.ChaosCloth.gen.cpp
    [636/780] Module.Niagara.1_of_9.cpp
    [637/780] Module.Niagara.9_of_9.cpp
    [638/780] Module.Chaos.3_of_5.cpp
    [639/780] LauncherChunkInstaller.cpp
    [640/780] Module.Chaos.2_of_5.cpp
    [641/780] Module.SlateReflector.gen.cpp
    [642/780] Module.ExrReaderGpu.cpp
    [643/780] Module.Chaos.5_of_5.cpp
    [644/780] Module.ChaosCloth.cpp
    [645/780] Module.GeometryCollectionEngine.gen.cpp
    [646/780] Module.InstallBundleManager.cpp
    [647/780] Module.SoundFields.cpp
    [648/780] Module.Core.7_of_15.cpp
    [649/780] OpenExrWrapper.cpp
    [650/780] Module.Chaos.4_of_5.cpp
    [651/780] OodleDataCompressionFormat.cpp
    [652/780] Module.CoreUObject.5_of_9.cpp
    [653/780] Module.ImageWrapper.cpp
    [654/780] Module.OodleNetworkPlugin.cpp
    [655/780] Module.Chaos.gen.cpp
    [656/780] PCH.Engine.cpp
    [657/780] Module.Engine.gen.22_of_71.cpp
    [658/780] Module.Engine.gen.39_of_71.cpp
    [659/780] Module.Engine.gen.71_of_71.cpp
    [660/780] Module.Engine.gen.56_of_71.cpp
    [661/780] Module.Engine.gen.32_of_71.cpp
    [662/780] Module.SteamVRInputDevice.cpp
    [663/780] Module.GeometryCollectionEngine.cpp
    [664/780] Module.Engine.gen.4_of_71.cpp
    [665/780] Module.Engine.gen.5_of_71.cpp
    [666/780] Module.Engine.30_of_48.cpp
    [667/780] Module.Engine.42_of_48.cpp
    [668/780] Module.Engine.gen.54_of_71.cpp
    [669/780] Module.Engine.43_of_48.cpp
    [670/780] Module.Chaos.1_of_5.cpp
    [671/780] Module.Engine.gen.53_of_71.cpp
    [672/780] Module.Engine.gen.16_of_71.cpp
    [673/780] Module.Engine.gen.55_of_71.cpp
    [674/780] Module.Engine.gen.17_of_71.cpp
    [675/780] Module.Engine.17_of_48.cpp
    [676/780] Module.Engine.gen.40_of_71.cpp
    [677/780] Module.Engine.gen.7_of_71.cpp
    [678/780] Module.Engine.gen.15_of_71.cpp
    [679/780] Module.Engine.gen.6_of_71.cpp
    [680/780] Module.Engine.gen.48_of_71.cpp
    [681/780] Module.Engine.gen.14_of_71.cpp
    [682/780] Module.Engine.gen.10_of_71.cpp
    [683/780] Module.Engine.19_of_48.cpp
    [684/780] Module.Engine.gen.31_of_71.cpp
    [685/780] Module.Engine.gen.41_of_71.cpp
    [686/780] Module.Engine.gen.24_of_71.cpp
    [687/780] Module.Engine.gen.11_of_71.cpp
    [688/780] Module.Engine.gen.42_of_71.cpp
    [689/780] Module.Engine.41_of_48.cpp
    [690/780] Module.Engine.8_of_48.cpp
    [691/780] Module.Engine.gen.51_of_71.cpp
    [692/780] Module.Engine.7_of_48.cpp
    [693/780] Module.Engine.gen.9_of_71.cpp
    [694/780] Module.Engine.gen.8_of_71.cpp
    [695/780] Module.Engine.gen.50_of_71.cpp
    [696/780] Module.Engine.37_of_48.cpp
    [697/780] Module.Engine.gen.30_of_71.cpp
    [698/780] Module.Engine.gen.52_of_71.cpp
    [699/780] Module.Engine.gen.23_of_71.cpp
    [700/780] Module.Engine.13_of_48.cpp
    [701/780] Module.Engine.18_of_48.cpp
    [702/780] Module.Engine.gen.38_of_71.cpp
    [703/780] Module.Engine.2_of_48.cpp
    [704/780] Module.Engine.gen.12_of_71.cpp
    [705/780] Module.Engine.gen.49_of_71.cpp
    [706/780] Module.Engine.gen.70_of_71.cpp
    [707/780] Module.Engine.gen.29_of_71.cpp
    [708/780] Module.Engine.gen.13_of_71.cpp
    [709/780] Module.Engine.12_of_48.cpp
    [710/780] Module.Engine.gen.37_of_71.cpp
    [711/780] Module.Engine.9_of_48.cpp
    [712/780] Module.Engine.gen.57_of_71.cpp
    [713/780] Module.Engine.16_of_48.cpp
    [714/780] Module.Engine.gen.19_of_71.cpp
    [715/780] Module.Engine.14_of_48.cpp
    [716/780] Module.Engine.gen.3_of_71.cpp
    [717/780] Module.Engine.gen.2_of_71.cpp
    [718/780] Module.Engine.gen.1_of_71.cpp
    [719/780] Module.Engine.44_of_48.cpp
    [720/780] Module.Engine.gen.28_of_71.cpp
    [721/780] Module.Engine.gen.34_of_71.cpp
    [722/780] Module.Engine.gen.45_of_71.cpp
    [723/780] Module.Engine.gen.35_of_71.cpp
    [724/780] Module.Engine.39_of_48.cpp
    [725/780] Module.Engine.20_of_48.cpp
    [726/780] Module.Engine.gen.59_of_71.cpp
    [727/780] Module.Engine.gen.60_of_71.cpp
    [728/780] Module.Engine.40_of_48.cpp
    [729/780] Module.Engine.gen.20_of_71.cpp
    [730/780] Module.Engine.46_of_48.cpp
    [731/780] Module.Engine.gen.27_of_71.cpp
    [732/780] Module.Engine.3_of_48.cpp
    [733/780] Module.Engine.27_of_48.cpp
    [734/780] Module.Engine.gen.26_of_71.cpp
    [735/780] Module.Engine.gen.25_of_71.cpp
    [736/780] Module.Engine.4_of_48.cpp
    [737/780] Module.Engine.gen.62_of_71.cpp
    [738/780] Module.Engine.gen.61_of_71.cpp
    [739/780] Module.Engine.gen.44_of_71.cpp
    [740/780] Module.Engine.gen.43_of_71.cpp
    [741/780] Module.Engine.15_of_48.cpp
    [742/780] Module.Engine.29_of_48.cpp
    [743/780] Module.Engine.28_of_48.cpp
    [744/780] Module.Engine.gen.58_of_71.cpp
    [745/780] Module.Engine.25_of_48.cpp
    [746/780] Module.Engine.48_of_48.cpp
    [747/780] Module.Engine.24_of_48.cpp
    [748/780] Module.Engine.gen.47_of_71.cpp
    [749/780] Module.Engine.33_of_48.cpp
    [750/780] Module.Engine.gen.18_of_71.cpp
    [751/780] Module.Engine.gen.63_of_71.cpp
    [752/780] Module.Engine.26_of_48.cpp
    [753/780] Module.Engine.gen.21_of_71.cpp
    [754/780] Module.Engine.31_of_48.cpp
    [755/780] Module.Engine.gen.68_of_71.cpp
    [756/780] Module.Engine.32_of_48.cpp
    [757/780] Module.Engine.23_of_48.cpp
    [758/780] Module.Engine.gen.69_of_71.cpp
    [759/780] Module.Engine.gen.67_of_71.cpp
    [760/780] Module.Engine.gen.36_of_71.cpp
    [761/780] Module.Engine.22_of_48.cpp
    [762/780] Module.Engine.5_of_48.cpp
    [763/780] Module.Engine.gen.65_of_71.cpp
    [764/780] Module.Engine.gen.64_of_71.cpp
    [765/780] Module.Engine.gen.46_of_71.cpp
    [766/780] Module.Engine.36_of_48.cpp
    [767/780] Module.Engine.47_of_48.cpp
    [768/780] Module.Engine.gen.33_of_71.cpp
    [769/780] Module.Engine.gen.66_of_71.cpp
    [770/780] Module.Engine.21_of_48.cpp
    [771/780] Module.Engine.1_of_48.cpp
    [772/780] Module.Engine.6_of_48.cpp
    [773/780] Module.Engine.35_of_48.cpp
    [774/780] Module.Engine.38_of_48.cpp
    [775/780] Module.Engine.45_of_48.cpp
    [776/780] Module.Engine.11_of_48.cpp
    [777/780] Module.Engine.10_of_48.cpp
    [778/780] Module.Engine.34_of_48.cpp
    [779/780] VirtualClubServer.exe
       C:\VirtualClub\Binaries\Win64\VirtualClubServer.lib 占쏙옙占싱브러占쏙옙 占쏙옙 C:\VirtualClub\Binaries\Win64\VirtualClubServer.exp 占쏙옙체占쏙옙 占쏙옙占쏙옙占싹곤옙 占쌍쏙옙占싹댐옙.
    [780/780] VirtualClubServer.target
  Total time in Parallel executor: 1888.64 seconds
  Total execution time: 1915.32 seconds
